#
# There is insufficient memory for the Java Runtime Environment to continue.
# Native memory allocation (malloc) failed to allocate 32744 bytes for ChunkPool::allocate
# Possible reasons:
#   The system is out of physical RAM or swap space
#   In 32 bit mode, the process size limit was hit
# Possible solutions:
#   Reduce memory load on the system
#   Increase physical memory or swap space
#   Check if swap backing store is full
#   Use 64 bit Java on a 64 bit OS
#   Decrease Java heap size (-Xmx/-Xms)
#   Decrease number of Java threads
#   Decrease Java thread stack sizes (-Xss)
#   Set larger code cache with -XX:ReservedCodeCacheSize=
# This output file may be truncated or incomplete.
#
#  Out of Memory Error (allocation.cpp:273), pid=205552, tid=0x00000000000320a4
#
# JRE version: OpenJDK Runtime Environment (8.0_76-b03) (build 1.8.0_76-release-b03)
# Java VM: OpenJDK 64-Bit Server VM (25.76-b03 mixed mode windows-amd64 compressed oops)
# Failed to write core dump. Minidumps are not enabled by default on client versions of Windows
#

---------------  T H R E A D  ---------------

Current thread (0x0000000014d4c800):  JavaThread "C1 CompilerThread2" daemon [_thread_in_native, id=204964, stack(0x0000000016940000,0x0000000016a40000)]

Stack: [0x0000000016940000,0x0000000016a40000]
[error occurred during error reporting (printing stack bounds), id 0xc0000005]

Native frames: (J=compiled Java code, j=interpreted, Vv=VM code, C=native code)


Current CompileTask:
C1:   4960  448   !   3       com.android.dx.cf.code.BytecodeArray::parseInstruction (2764 bytes)


---------------  P R O C E S S  ---------------

Java Threads: ( => current thread )
  0x000000001678d800 JavaThread "pool-1-thread-4" [_thread_new, id=205076, stack(0x0000000000000000,0x0000000000000000)]
  0x000000001678d000 JavaThread "pool-1-thread-3" [_thread_blocked, id=205264, stack(0x0000000016f40000,0x0000000017040000)]
  0x000000001678b800 JavaThread "pool-1-thread-2" [_thread_in_Java, id=205140, stack(0x0000000016e40000,0x0000000016f40000)]
  0x0000000016693800 JavaThread "pool-2-thread-1" [_thread_blocked, id=204864, stack(0x0000000016d40000,0x0000000016e40000)]
  0x0000000016692800 JavaThread "pool-1-thread-1" [_thread_in_vm, id=205644, stack(0x0000000016c40000,0x0000000016d40000)]
  0x0000000014d4d800 JavaThread "Service Thread" daemon [_thread_blocked, id=204688, stack(0x0000000016a40000,0x0000000016b40000)]
=>0x0000000014d4c800 JavaThread "C1 CompilerThread2" daemon [_thread_in_native, id=204964, stack(0x0000000016940000,0x0000000016a40000)]
  0x0000000014cee000 JavaThread "C2 CompilerThread1" daemon [_thread_blocked, id=205772, stack(0x0000000016440000,0x0000000016540000)]
  0x0000000014cec000 JavaThread "C2 CompilerThread0" daemon [_thread_blocked, id=204892, stack(0x0000000016340000,0x0000000016440000)]
  0x0000000014cea800 JavaThread "Attach Listener" daemon [_thread_blocked, id=205760, stack(0x0000000016240000,0x0000000016340000)]
  0x0000000014ce9800 JavaThread "Signal Dispatcher" daemon [_thread_blocked, id=205796, stack(0x0000000016140000,0x0000000016240000)]
  0x0000000014cd8800 JavaThread "Finalizer" daemon [_thread_blocked, id=205708, stack(0x0000000015f50000,0x0000000016050000)]
  0x00000000025ef800 JavaThread "Reference Handler" daemon [_thread_blocked, id=205088, stack(0x0000000015e50000,0x0000000015f50000)]
  0x0000000002500800 JavaThread "main" [_thread_blocked, id=205776, stack(0x0000000002390000,0x0000000002490000)]

Other Threads:
  0x0000000014cb5000 VMThread [stack: 0x0000000015d50000,0x0000000015e50000] [id=205792]
  0x000000001654b800 WatcherThread [stack: 0x0000000016b40000,0x0000000016c40000] [id=205000]

VM state:not at safepoint (normal execution)

VM Mutex/Monitor currently owned by a thread: None

Heap:
 PSYoungGen      total 52736K, used 10942K [0x00000000eab00000, 0x00000000ee580000, 0x0000000100000000)
  eden space 45568K, 24% used [0x00000000eab00000,0x00000000eb5afb78,0x00000000ed780000)
  from space 7168K, 0% used [0x00000000ede80000,0x00000000ede80000,0x00000000ee580000)
  to   space 7168K, 0% used [0x00000000ed780000,0x00000000ed780000,0x00000000ede80000)
 ParOldGen       total 120320K, used 0K [0x00000000c0000000, 0x00000000c7580000, 0x00000000eab00000)
  object space 120320K, 0% used [0x00000000c0000000,0x00000000c0000000,0x00000000c7580000)
 Metaspace       used 5014K, capacity 6096K, committed 6272K, reserved 1056768K
  class space    used 530K, capacity 584K, committed 640K, reserved 1048576K

Card table byte_map: [0x00000000119c0000,0x0000000011bd0000] byte_map_base: 0x00000000113c0000

Marking Bits: (ParMarkBitMap*) 0x0000000070de9d00
 Begin Bits: [0x0000000012130000, 0x0000000013130000)
 End Bits:   [0x0000000013130000, 0x0000000014130000)

Polling page: 0x0000000002490000

CodeCache: size=245760Kb used=2022Kb max_used=2034Kb free=243737Kb
 bounds [0x0000000002600000, 0x0000000002870000, 0x0000000011600000]
 total_blobs=713 nmethods=449 adapters=179
 compilation: enabled

Compilation events (10 events):
Event: 4.941 Thread 0x0000000014d4c800 nmethod 445 0x00000000027f6c10 code [0x00000000027f6dc0, 0x00000000027f74a8]
Event: 4.942 Thread 0x0000000014d4c800  446       1       com.android.dx.cf.code.ExecutionStack::size (5 bytes)
Event: 4.942 Thread 0x0000000014d4c800 nmethod 446 0x00000000027f9850 code [0x00000000027f99a0, 0x00000000027f9ab0]
Event: 4.942 Thread 0x0000000014d4c800  447       1       com.android.dx.rop.cst.CstMemberRef::getDefiningClass (5 bytes)
Event: 4.942 Thread 0x0000000014d4c800 nmethod 447 0x00000000027f9b10 code [0x00000000027f9c60, 0x00000000027f9d70]
Event: 4.942 Thread 0x0000000014d4c800  448   !   3       com.android.dx.cf.code.BytecodeArray::parseInstruction (2764 bytes)
Event: 4.943 Thread 0x0000000014cee000  451       4       com.android.dx.rop.type.Type::getCategory (36 bytes)
Event: 4.943 Thread 0x0000000014cee000 nmethod 451 0x00000000027fca50 code [0x00000000027fcb80, 0x00000000027fcbf8]
Event: 4.946 Thread 0x0000000014cec000  453       4       java.util.ArrayList$Itr::next (66 bytes)
Event: 4.948 Thread 0x0000000014cec000 nmethod 453 0x00000000027fb190 code [0x00000000027fb2e0, 0x00000000027fb3f8]

GC Heap History (0 events):
No events

Deoptimization events (1 events):
Event: 4.228 Thread 0x0000000002500800 Uncommon trap: reason=unstable_if action=reinterpret pc=0x0000000002749bd0 method=java.lang.String.indexOf(II)I @ 49

Internal exceptions (2 events):
Event: 1.809 Thread 0x0000000002500800 Exception <a 'java/lang/NoSuchMethodError': Method sun.misc.Unsafe.defineClass(Ljava/lang/String;[BII)Ljava/lang/Class; name or signature does not match> (0x00000000eab07cc0) thrown at [C:\src\android\AOSP-openjdk\external\jetbrains\jdk\hotspot\src\share\v§ÂOóü?
Event: 1.809 Thread 0x0000000002500800 Exception <a 'java/lang/NoSuchMethodError': Method sun.misc.Unsafe.prefetchRead(Ljava/lang/Object;J)V name or signature does not match> (0x00000000eab07fa8) thrown at [C:\src\android\AOSP-openjdk\external\jetbrains\jdk\hotspot\src\share\vm\prims\jni.cpp, l

Events (10 events):
Event: 4.927 loading class com/android/dx/rop/code/LocalVariableExtractor
Event: 4.927 loading class com/android/dx/rop/code/LocalVariableExtractor done
Event: 4.928 loading class com/android/dx/rop/code/LocalVariableInfo
Event: 4.928 loading class com/android/dx/rop/code/LocalVariableInfo done
Event: 4.928 loading class com/android/dx/dex/code/RopTranslator
Event: 4.928 loading class com/android/dx/dex/code/RopTranslator done
Event: 4.929 loading class com/android/dx/dex/code/RopTranslator$TranslationVisitor
Event: 4.929 loading class com/android/dx/dex/code/RopTranslator$TranslationVisitor done
Event: 4.930 loading class com/android/dx/dex/code/RopTranslator$LocalVariableAwareTranslationVisitor
Event: 4.930 loading class com/android/dx/dex/code/RopTranslator$LocalVariableAwareTranslationVisitor done


Dynamic libraries:
0x00007ff68a2a0000 - 0x00007ff68a2d1000 	D:\android-studio-ide-145.3070098-windows\android-studio\jre\bin\java.exe
0x00007ffaf3b80000 - 0x00007ffaf3d51000 	C:\WINDOWS\SYSTEM32\ntdll.dll
0x00007ffaf2f70000 - 0x00007ffaf301b000 	C:\WINDOWS\System32\KERNEL32.DLL
0x00007ffaf0e40000 - 0x00007ffaf105d000 	C:\WINDOWS\System32\KERNELBASE.dll
0x00007ffaf2e50000 - 0x00007ffaf2ef2000 	C:\WINDOWS\System32\ADVAPI32.dll
0x00007ffaf2a30000 - 0x00007ffaf2ace000 	C:\WINDOWS\System32\msvcrt.dll
0x00007ffaf1220000 - 0x00007ffaf1279000 	C:\WINDOWS\System32\sechost.dll
0x00007ffaf3a50000 - 0x00007ffaf3b71000 	C:\WINDOWS\System32\RPCRT4.dll
0x00007ffaf38c0000 - 0x00007ffaf3a25000 	C:\WINDOWS\System32\USER32.dll
0x00007ffaf0180000 - 0x00007ffaf019e000 	C:\WINDOWS\System32\win32u.dll
0x00007ffaf3880000 - 0x00007ffaf38b4000 	C:\WINDOWS\System32\GDI32.dll
0x00007ffaf0b50000 - 0x00007ffaf0cd2000 	C:\WINDOWS\System32\gdi32full.dll
0x00007ffadeb00000 - 0x00007ffaded79000 	C:\WINDOWS\WinSxS\amd64_microsoft.windows.common-controls_6595b64144ccf1df_6.0.14393.0_none_2d0f50fcbdb171b8\COMCTL32.dll
0x00007ffaf2b80000 - 0x00007ffaf2e47000 	C:\WINDOWS\System32\combase.dll
0x00007ffaf0ce0000 - 0x00007ffaf0dd5000 	C:\WINDOWS\System32\ucrtbase.dll
0x00007ffaf0110000 - 0x00007ffaf017a000 	C:\WINDOWS\System32\bcryptPrimitives.dll
0x00007ffaf3730000 - 0x00007ffaf375e000 	C:\WINDOWS\System32\IMM32.DLL
0x0000000070550000 - 0x0000000070622000 	D:\android-studio-ide-145.3070098-windows\android-studio\jre\jre\bin\msvcr100.dll
0x0000000070630000 - 0x0000000070e64000 	D:\android-studio-ide-145.3070098-windows\android-studio\jre\jre\bin\server\jvm.dll
0x00007ffaf2b70000 - 0x00007ffaf2b78000 	C:\WINDOWS\System32\PSAPI.DLL
0x00007ffadb5e0000 - 0x00007ffadb5e9000 	C:\WINDOWS\SYSTEM32\WSOCK32.dll
0x00007ffaf3090000 - 0x00007ffaf30fa000 	C:\WINDOWS\System32\WS2_32.dll
0x00007ffaee550000 - 0x00007ffaee573000 	C:\WINDOWS\SYSTEM32\WINMM.dll
0x00007ffaeb6d0000 - 0x00007ffaeb6da000 	C:\WINDOWS\SYSTEM32\VERSION.dll
0x00007ffaee480000 - 0x00007ffaee4ab000 	C:\WINDOWS\SYSTEM32\WINMMBASE.dll
0x00007ffaf0b00000 - 0x00007ffaf0b42000 	C:\WINDOWS\System32\cfgmgr32.dll
0x00007ffaecb20000 - 0x00007ffaecb2f000 	D:\android-studio-ide-145.3070098-windows\android-studio\jre\jre\bin\verify.dll
0x00007ffae48d0000 - 0x00007ffae48f9000 	D:\android-studio-ide-145.3070098-windows\android-studio\jre\jre\bin\java.dll
0x00007ffaea0e0000 - 0x00007ffaea0f6000 	D:\android-studio-ide-145.3070098-windows\android-studio\jre\jre\bin\zip.dll
0x00007ffaf1280000 - 0x00007ffaf2788000 	C:\WINDOWS\System32\SHELL32.dll
0x00007ffaf0420000 - 0x00007ffaf0afa000 	C:\WINDOWS\System32\windows.storage.dll
0x00007ffaf00b0000 - 0x00007ffaf00fc000 	C:\WINDOWS\System32\powrprof.dll
0x00007ffaf3760000 - 0x00007ffaf37b2000 	C:\WINDOWS\System32\shlwapi.dll
0x00007ffaf0100000 - 0x00007ffaf010f000 	C:\WINDOWS\System32\kernel.appcore.dll
0x00007ffaf01a0000 - 0x00007ffaf0249000 	C:\WINDOWS\System32\shcore.dll
0x00007ffaf0080000 - 0x00007ffaf0094000 	C:\WINDOWS\System32\profapi.dll

VM Arguments:
jvm_args: -Djava.awt.headless=true -Xmx1024M -Dfile.encoding=windows-1252 -Duser.country=US -Duser.language=en -Duser.variant 
java_command: com.android.dx.command.Main --dex --num-threads=4 --output D:\Timeraaa3\Timeraaa2\Timeraaa\Timeraaaa\app\build\intermediates\pre-dexed\release\com.github.orhanobut-dialogplus-v1.10_0b8a9623ff47e801918442136d274dd5ed741b56.jar D:\Timeraaa3\Timeraaa2\Timeraaa\Timeraaaa\app\build\intermediates\exploded-aar\com.github.orhanobut\dialogplus\v1.10\jars\classes.jar
java_class_path (initial): C:\Users\somai\AppData\Local\Android\Sdk\build-tools\24.0.1\lib\dx.jar
Launcher Type: SUN_STANDARD

Environment Variables:
PATH=C:\ProgramData\Oracle\Java\javapath;C:\WINDOWS\system32;C:\WINDOWS;C:\WINDOWS\System32\Wbem;C:\WINDOWS\System32\WindowsPowerShell\v1.0\;C:\Program Files (x86)\Common Files\lenovo\easyplussdk\bin;C:\Program Files (x86)\ATI Technologies\ATI.ACE\Core-Static;C:\Program Files\Git\cmd;C:\Program Files\AMI\DuOS\;C:\Users\somai\AppData\Local\Microsoft\WindowsApps;
USERNAME=somai
OS=Windows_NT
PROCESSOR_IDENTIFIER=AMD64 Family 21 Model 48 Stepping 1, AuthenticAMD



---------------  S Y S T E M  ---------------

OS: Windows 10.0 , 64 bit Build 14393 (10.0.14393.0)

CPU:total 4 (4 cores per cpu, 1 threads per core) family 21 model 48 stepping 1, cmov, cx8, fxsr, mmx, sse, sse2, sse3, ssse3, sse4.1, sse4.2, popcnt, avx, aes, clmul, mmxext, 3dnowpref, lzcnt, sse4a, tsc, tscinvbit, tscinv, bmi1

Memory: 4k page, physical 11480692k(2060372k free), swap 11480692k(3188k free)

vm_info: OpenJDK 64-Bit Server VM (25.76-b03) for windows-amd64 JRE (1.8.0_76-release-b03), built on Jun 29 2016 19:09:20 by "ralucas" with MS VC++ 10.0 (VS2010)

time: Mon Aug 22 20:46:48 2016
elapsed time: 4 seconds (0d 0h 0m 4s)

