#
# There is insufficient memory for the Java Runtime Environment to continue.
# Native memory allocation (malloc) failed to allocate 794096 bytes for Chunk::new
# Possible reasons:
#   The system is out of physical RAM or swap space
#   In 32 bit mode, the process size limit was hit
# Possible solutions:
#   Reduce memory load on the system
#   Increase physical memory or swap space
#   Check if swap backing store is full
#   Use 64 bit Java on a 64 bit OS
#   Decrease Java heap size (-Xmx/-Xms)
#   Decrease number of Java threads
#   Decrease Java thread stack sizes (-Xss)
#   Set larger code cache with -XX:ReservedCodeCacheSize=
# This output file may be truncated or incomplete.
#
#  Out of Memory Error (allocation.cpp:390), pid=204832, tid=0x00000000000323f8
#
# JRE version: OpenJDK Runtime Environment (8.0_76-b03) (build 1.8.0_76-release-b03)
# Java VM: OpenJDK 64-Bit Server VM (25.76-b03 mixed mode windows-amd64 compressed oops)
# Failed to write core dump. Minidumps are not enabled by default on client versions of Windows
#

---------------  T H R E A D  ---------------

Current thread (0x0000000014987000):  JavaThread "C2 CompilerThread1" daemon [_thread_in_native, id=205816, stack(0x0000000016070000,0x0000000016170000)]

Stack: [0x0000000016070000,0x0000000016170000]
[error occurred during error reporting (printing stack bounds), id 0xc0000005]

Native frames: (J=compiled Java code, j=interpreted, Vv=VM code, C=native code)


Current CompileTask:
C2:   7670 1988       4       com.android.dx.ssa.SsaConverter::placePhiFunctions (394 bytes)


---------------  P R O C E S S  ---------------

Java Threads: ( => current thread )
  0x000000001498e800 JavaThread "Service Thread" daemon [_thread_blocked, id=205260, stack(0x0000000016670000,0x0000000016770000)]
  0x000000001498a800 JavaThread "C1 CompilerThread2" daemon [_thread_blocked, id=205232, stack(0x0000000016170000,0x0000000016270000)]
=>0x0000000014987000 JavaThread "C2 CompilerThread1" daemon [_thread_in_native, id=205816, stack(0x0000000016070000,0x0000000016170000)]
  0x000000001492b800 JavaThread "C2 CompilerThread0" daemon [_thread_in_native, id=205392, stack(0x0000000015f70000,0x0000000016070000)]
  0x000000001492a000 JavaThread "Attach Listener" daemon [_thread_blocked, id=205256, stack(0x0000000015e70000,0x0000000015f70000)]
  0x0000000014929000 JavaThread "Signal Dispatcher" daemon [_thread_blocked, id=205228, stack(0x0000000015d70000,0x0000000015e70000)]
  0x0000000014918800 JavaThread "Finalizer" daemon [_thread_blocked, id=205180, stack(0x0000000015b80000,0x0000000015c80000)]
  0x000000000224f800 JavaThread "Reference Handler" daemon [_thread_blocked, id=205168, stack(0x0000000015a80000,0x0000000015b80000)]
  0x0000000002160800 JavaThread "main" [_thread_in_Java, id=205044, stack(0x0000000001f60000,0x0000000002060000)]

Other Threads:
  0x00000000148f4000 VMThread [stack: 0x0000000015980000,0x0000000015a80000] [id=205196]
  0x0000000016274800 WatcherThread [stack: 0x0000000016770000,0x0000000016870000] [id=205372]

VM state:not at safepoint (normal execution)

VM Mutex/Monitor currently owned by a thread: None

Heap:
 PSYoungGen      total 98304K, used 46635K [0x00000000eab00000, 0x00000000f8800000, 0x0000000100000000)
  eden space 91136K, 43% used [0x00000000eab00000,0x00000000ed18c6b0,0x00000000f0400000)
  from space 7168K, 99% used [0x00000000f0400000,0x00000000f0afe848,0x00000000f0b00000)
  to   space 22016K, 0% used [0x00000000f7280000,0x00000000f7280000,0x00000000f8800000)
 ParOldGen       total 120320K, used 32713K [0x00000000c0000000, 0x00000000c7580000, 0x00000000eab00000)
  object space 120320K, 27% used [0x00000000c0000000,0x00000000c1ff2568,0x00000000c7580000)
 Metaspace       used 6496K, capacity 7220K, committed 7296K, reserved 1056768K
  class space    used 602K, capacity 620K, committed 640K, reserved 1048576K

Card table byte_map: [0x0000000011620000,0x0000000011830000] byte_map_base: 0x0000000011020000

Marking Bits: (ParMarkBitMap*) 0x0000000070de9d00
 Begin Bits: [0x0000000011d90000, 0x0000000012d90000)
 End Bits:   [0x0000000012d90000, 0x0000000013d90000)

Polling page: 0x0000000001ef0000

CodeCache: size=245760Kb used=8979Kb max_used=8986Kb free=236780Kb
 bounds [0x0000000002260000, 0x0000000002b30000, 0x0000000011260000]
 total_blobs=2263 nmethods=1995 adapters=182
 compilation: enabled

Compilation events (10 events):
Event: 7.503 Thread 0x0000000014987000 nmethod 1971 0x0000000002b1f8d0 code [0x0000000002b1fe20, 0x0000000002b24670]
Event: 7.504 Thread 0x0000000014987000 1974       4       java.util.TreeMap::put (247 bytes)
Event: 7.516 Thread 0x0000000014987000 nmethod 1974 0x0000000002b1b190 code [0x0000000002b1b320, 0x0000000002b1bc38]
Event: 7.517 Thread 0x0000000014987000 1988       4       com.android.dx.ssa.SsaConverter::placePhiFunctions (394 bytes)
Event: 7.517 Thread 0x000000001498a800 2054 %     3       com.android.dx.dex.code.OutputFinisher::addConstants @ 47 (93 bytes)
Event: 7.518 Thread 0x000000001498a800 nmethod 2054% 0x0000000002b19650 code [0x0000000002b198a0, 0x0000000002b1aaf8]
Event: 7.518 Thread 0x000000001498a800 2055       3       com.android.dx.dex.code.OutputFinisher::addConstants (93 bytes)
Event: 7.519 Thread 0x000000001498a800 nmethod 2055 0x0000000002b1de90 code [0x0000000002b1e0e0, 0x0000000002b1f278]
Event: 7.632 Thread 0x000000001498a800 2057 %     3       com.android.dx.dex.code.StdCatchBuilder::hasAnyCatches @ 15 (57 bytes)
Event: 7.633 Thread 0x000000001498a800 nmethod 2057% 0x0000000002b1c990 code [0x0000000002b1cb80, 0x0000000002b1d8f8]

GC Heap History (10 events):
Event: 3.001 GC heap before
{Heap before GC invocations=1 (full 0):
 PSYoungGen      total 52736K, used 45568K [0x00000000eab00000, 0x00000000ee580000, 0x0000000100000000)
  eden space 45568K, 100% used [0x00000000eab00000,0x00000000ed780000,0x00000000ed780000)
  from space 7168K, 0% used [0x00000000ede80000,0x00000000ede80000,0x00000000ee580000)
  to   space 7168K, 0% used [0x00000000ed780000,0x00000000ed780000,0x00000000ede80000)
 ParOldGen       total 120320K, used 0K [0x00000000c0000000, 0x00000000c7580000, 0x00000000eab00000)
  object space 120320K, 0% used [0x00000000c0000000,0x00000000c0000000,0x00000000c7580000)
 Metaspace       used 6026K, capacity 7024K, committed 7296K, reserved 1056768K
  class space    used 576K, capacity 616K, committed 640K, reserved 1048576K
Event: 3.020 GC heap after
Heap after GC invocations=1 (full 0):
 PSYoungGen      total 52736K, used 7150K [0x00000000eab00000, 0x00000000ee580000, 0x0000000100000000)
  eden space 45568K, 0% used [0x00000000eab00000,0x00000000eab00000,0x00000000ed780000)
  from space 7168K, 99% used [0x00000000ed780000,0x00000000ede7bb18,0x00000000ede80000)
  to   space 7168K, 0% used [0x00000000ede80000,0x00000000ede80000,0x00000000ee580000)
 ParOldGen       total 120320K, used 658K [0x00000000c0000000, 0x00000000c7580000, 0x00000000eab00000)
  object space 120320K, 0% used [0x00000000c0000000,0x00000000c00a4bb0,0x00000000c7580000)
 Metaspace       used 6026K, capacity 7024K, committed 7296K, reserved 1056768K
  class space    used 576K, capacity 616K, committed 640K, reserved 1048576K
}
Event: 3.905 GC heap before
{Heap before GC invocations=2 (full 0):
 PSYoungGen      total 52736K, used 52718K [0x00000000eab00000, 0x00000000ee580000, 0x0000000100000000)
  eden space 45568K, 100% used [0x00000000eab00000,0x00000000ed780000,0x00000000ed780000)
  from space 7168K, 99% used [0x00000000ed780000,0x00000000ede7bb18,0x00000000ede80000)
  to   space 7168K, 0% used [0x00000000ede80000,0x00000000ede80000,0x00000000ee580000)
 ParOldGen       total 120320K, used 658K [0x00000000c0000000, 0x00000000c7580000, 0x00000000eab00000)
  object space 120320K, 0% used [0x00000000c0000000,0x00000000c00a4bb0,0x00000000c7580000)
 Metaspace       used 6188K, capacity 7088K, committed 7296K, reserved 1056768K
  class space    used 577K, capacity 616K, committed 640K, reserved 1048576K
Event: 3.933 GC heap after
Heap after GC invocations=2 (full 0):
 PSYoungGen      total 52736K, used 7147K [0x00000000eab00000, 0x00000000f1200000, 0x0000000100000000)
  eden space 45568K, 0% used [0x00000000eab00000,0x00000000eab00000,0x00000000ed780000)
  from space 7168K, 99% used [0x00000000ede80000,0x00000000ee57ade0,0x00000000ee580000)
  to   space 7168K, 0% used [0x00000000ed780000,0x00000000ed780000,0x00000000ede80000)
 ParOldGen       total 120320K, used 6430K [0x00000000c0000000, 0x00000000c7580000, 0x00000000eab00000)
  object space 120320K, 5% used [0x00000000c0000000,0x00000000c0647948,0x00000000c7580000)
 Metaspace       used 6188K, capacity 7088K, committed 7296K, reserved 1056768K
  class space    used 577K, capacity 616K, committed 640K, reserved 1048576K
}
Event: 4.716 GC heap before
{Heap before GC invocations=3 (full 0):
 PSYoungGen      total 52736K, used 52715K [0x00000000eab00000, 0x00000000f1200000, 0x0000000100000000)
  eden space 45568K, 100% used [0x00000000eab00000,0x00000000ed780000,0x00000000ed780000)
  from space 7168K, 99% used [0x00000000ede80000,0x00000000ee57ade0,0x00000000ee580000)
  to   space 7168K, 0% used [0x00000000ed780000,0x00000000ed780000,0x00000000ede80000)
 ParOldGen       total 120320K, used 6430K [0x00000000c0000000, 0x00000000c7580000, 0x00000000eab00000)
  object space 120320K, 5% used [0x00000000c0000000,0x00000000c0647948,0x00000000c7580000)
 Metaspace       used 6229K, capacity 7152K, committed 7296K, reserved 1056768K
  class space    used 577K, capacity 616K, committed 640K, reserved 1048576K
Event: 4.753 GC heap after
Heap after GC invocations=3 (full 0):
 PSYoungGen      total 52736K, used 7147K [0x00000000eab00000, 0x00000000f1200000, 0x0000000100000000)
  eden space 45568K, 0% used [0x00000000eab00000,0x00000000eab00000,0x00000000ed780000)
  from space 7168K, 99% used [0x00000000ed780000,0x00000000ede7ac70,0x00000000ede80000)
  to   space 7168K, 0% used [0x00000000f0b00000,0x00000000f0b00000,0x00000000f1200000)
 ParOldGen       total 120320K, used 13052K [0x00000000c0000000, 0x00000000c7580000, 0x00000000eab00000)
  object space 120320K, 10% used [0x00000000c0000000,0x00000000c0cbf390,0x00000000c7580000)
 Metaspace       used 6229K, capacity 7152K, committed 7296K, reserved 1056768K
  class space    used 577K, capacity 616K, committed 640K, reserved 1048576K
}
Event: 5.300 GC heap before
{Heap before GC invocations=4 (full 0):
 PSYoungGen      total 52736K, used 52715K [0x00000000eab00000, 0x00000000f1200000, 0x0000000100000000)
  eden space 45568K, 100% used [0x00000000eab00000,0x00000000ed780000,0x00000000ed780000)
  from space 7168K, 99% used [0x00000000ed780000,0x00000000ede7ac70,0x00000000ede80000)
  to   space 7168K, 0% used [0x00000000f0b00000,0x00000000f0b00000,0x00000000f1200000)
 ParOldGen       total 120320K, used 13052K [0x00000000c0000000, 0x00000000c7580000, 0x00000000eab00000)
  object space 120320K, 10% used [0x00000000c0000000,0x00000000c0cbf390,0x00000000c7580000)
 Metaspace       used 6332K, capacity 7152K, committed 7296K, reserved 1056768K
  class space    used 595K, capacity 616K, committed 640K, reserved 1048576K
Event: 5.352 GC heap after
Heap after GC invocations=4 (full 0):
 PSYoungGen      total 98304K, used 7143K [0x00000000eab00000, 0x00000000f1200000, 0x0000000100000000)
  eden space 91136K, 0% used [0x00000000eab00000,0x00000000eab00000,0x00000000f0400000)
  from space 7168K, 99% used [0x00000000f0b00000,0x00000000f11f9d28,0x00000000f1200000)
  to   space 7168K, 0% used [0x00000000f0400000,0x00000000f0400000,0x00000000f0b00000)
 ParOldGen       total 120320K, used 19378K [0x00000000c0000000, 0x00000000c7580000, 0x00000000eab00000)
  object space 120320K, 16% used [0x00000000c0000000,0x00000000c12ec8b0,0x00000000c7580000)
 Metaspace       used 6332K, capacity 7152K, committed 7296K, reserved 1056768K
  class space    used 595K, capacity 616K, committed 640K, reserved 1048576K
}
Event: 6.533 GC heap before
{Heap before GC invocations=5 (full 0):
 PSYoungGen      total 98304K, used 98279K [0x00000000eab00000, 0x00000000f1200000, 0x0000000100000000)
  eden space 91136K, 100% used [0x00000000eab00000,0x00000000f0400000,0x00000000f0400000)
  from space 7168K, 99% used [0x00000000f0b00000,0x00000000f11f9d28,0x00000000f1200000)
  to   space 7168K, 0% used [0x00000000f0400000,0x00000000f0400000,0x00000000f0b00000)
 ParOldGen       total 120320K, used 19378K [0x00000000c0000000, 0x00000000c7580000, 0x00000000eab00000)
  object space 120320K, 16% used [0x00000000c0000000,0x00000000c12ec8b0,0x00000000c7580000)
 Metaspace       used 6400K, capacity 7152K, committed 7296K, reserved 1056768K
  class space    used 595K, capacity 616K, committed 640K, reserved 1048576K
Event: 6.763 GC heap after
Heap after GC invocations=5 (full 0):
 PSYoungGen      total 98304K, used 7162K [0x00000000eab00000, 0x00000000f8800000, 0x0000000100000000)
  eden space 91136K, 0% used [0x00000000eab00000,0x00000000eab00000,0x00000000f0400000)
  from space 7168K, 99% used [0x00000000f0400000,0x00000000f0afe848,0x00000000f0b00000)
  to   space 22016K, 0% used [0x00000000f7280000,0x00000000f7280000,0x00000000f8800000)
 ParOldGen       total 120320K, used 32713K [0x00000000c0000000, 0x00000000c7580000, 0x00000000eab00000)
  object space 120320K, 27% used [0x00000000c0000000,0x00000000c1ff2568,0x00000000c7580000)
 Metaspace       used 6400K, capacity 7152K, committed 7296K, reserved 1056768K
  class space    used 595K, capacity 616K, committed 640K, reserved 1048576K
}

Deoptimization events (10 events):
Event: 5.863 Thread 0x0000000016507000 Uncommon trap: reason=unstable_if action=reinterpret pc=0x00000000029cdb48 method=com.android.dx.rop.code.DexTranslationAdvice.hasConstantOperation(Lcom/android/dx/rop/code/Rop;Lcom/android/dx/rop/code/RegisterSpec;Lcom/android/dx/rop/code/RegisterSpec;)Z yPÌ>1@
Event: 6.048 Thread 0x0000000016507000 Uncommon trap: reason=unstable_if action=reinterpret pc=0x00000000029159ac method=java.util.HashMap.resize()[Ljava/util/HashMap$Node; @ 206
Event: 6.076 Thread 0x0000000016501800 Uncommon trap: reason=bimorphic action=maybe_recompile pc=0x0000000002827034 method=com.android.dx.ssa.SCCP.simulatePhi(Lcom/android/dx/ssa/PhiInsn;)V @ 124
Event: 6.316 Thread 0x0000000016501800 Uncommon trap: reason=bimorphic action=maybe_recompile pc=0x0000000002827034 method=com.android.dx.ssa.SCCP.simulatePhi(Lcom/android/dx/ssa/PhiInsn;)V @ 124
Event: 6.370 Thread 0x0000000002160800 Uncommon trap: reason=unstable_if action=reinterpret pc=0x000000000286f6c8 method=com.android.dx.rop.cst.CstNat.equals(Ljava/lang/Object;)Z @ 25
Event: 6.493 Thread 0x00000000164fe000 Uncommon trap: reason=unstable_if action=reinterpret pc=0x00000000029fa84c method=com.android.dx.ssa.SCCP.simulateBranch(Lcom/android/dx/ssa/SsaInsn;)V @ 548
Event: 7.398 Thread 0x0000000002160800 Uncommon trap: reason=class_check action=maybe_recompile pc=0x00000000026f2b04 method=java.util.Arrays.hashCode([Ljava/lang/Object;)I @ 43
Event: 7.398 Thread 0x0000000002160800 Uncommon trap: reason=class_check action=maybe_recompile pc=0x00000000026f2b04 method=java.util.Arrays.hashCode([Ljava/lang/Object;)I @ 43
Event: 7.398 Thread 0x0000000002160800 Uncommon trap: reason=class_check action=maybe_recompile pc=0x00000000026f2b04 method=java.util.Arrays.hashCode([Ljava/lang/Object;)I @ 43
Event: 7.398 Thread 0x0000000002160800 Uncommon trap: reason=class_check action=maybe_recompile pc=0x00000000026f2b04 method=java.util.Arrays.hashCode([Ljava/lang/Object;)I @ 43

Internal exceptions (5 events):
Event: 0.349 Thread 0x0000000002160800 Exception <a 'java/lang/NoSuchMethodError': Method sun.misc.Unsafe.defineClass(Ljava/lang/String;[BII)Ljava/lang/Class; name or signature does not match> (0x00000000eab07cc0) thrown at [C:\src\android\AOSP-openjdk\external\jetbrains\jdk\hotspot\src\share\v€ &\÷?
Event: 0.349 Thread 0x0000000002160800 Exception <a 'java/lang/NoSuchMethodError': Method sun.misc.Unsafe.prefetchRead(Ljava/lang/Object;J)V name or signature does not match> (0x00000000eab07fa8) thrown at [C:\src\android\AOSP-openjdk\external\jetbrains\jdk\hotspot\src\share\vm\prims\jni.cpp, l—ë›qY@
Event: 4.837 Thread 0x0000000016506000 Exception <a 'java/lang/ArrayIndexOutOfBoundsException': 18> (0x00000000ebcc3f60) thrown at [C:\src\android\AOSP-openjdk\external\jetbrains\jdk\hotspot\src\share\vm\interpreter\interpreterRuntime.cpp, line 366]
Event: 4.838 Thread 0x0000000016506000 Exception <a 'java/lang/ArrayIndexOutOfBoundsException': 145> (0x00000000ebcc5ae0) thrown at [C:\src\android\AOSP-openjdk\external\jetbrains\jdk\hotspot\src\share\vm\interpreter\interpreterRuntime.cpp, line 366]
Event: 4.839 Thread 0x0000000016506000 Exception <a 'java/lang/ArrayIndexOutOfBoundsException'> (0x00000000ebcc6dc8) thrown at [C:\src\android\AOSP-openjdk\external\jetbrains\jdk\hotspot\src\share\vm\runtime\sharedRuntime.cpp, line 605]

Events (10 events):
Event: 7.398 Thread 0x0000000002160800 Uncommon trap: trap_request=0xffffffde fr.pc=0x00000000026f2b04
Event: 7.398 Thread 0x0000000002160800 DEOPT PACKING pc=0x00000000026f2b04 sp=0x000000000205ed00
Event: 7.398 Thread 0x0000000002160800 DEOPT UNPACKING pc=0x00000000022a556a sp=0x000000000205ec30 mode 2
Event: 7.400 loading class com/android/dx/rop/cst/Zeroes
Event: 7.400 loading class com/android/dx/rop/cst/Zeroes done
Event: 7.431 loading class com/android/dx/dex/file/CatchStructs
Event: 7.431 loading class com/android/dx/dex/file/CatchStructs done
Event: 7.461 Thread 0x0000000016501800 Thread exited: 0x0000000016501800
Event: 7.489 Thread 0x0000000002160800 DEOPT PACKING pc=0x0000000002b13254 sp=0x000000000205ee10
Event: 7.490 Thread 0x0000000002160800 DEOPT UNPACKING pc=0x00000000022a71bf sp=0x000000000205eba0 mode 0


Dynamic libraries:
0x00007ff68a2a0000 - 0x00007ff68a2d1000 	D:\android-studio-ide-145.3070098-windows\android-studio\jre\bin\java.exe
0x00007ffaf3b80000 - 0x00007ffaf3d51000 	C:\WINDOWS\SYSTEM32\ntdll.dll
0x00007ffaf2f70000 - 0x00007ffaf301b000 	C:\WINDOWS\System32\KERNEL32.DLL
0x00007ffaf0e40000 - 0x00007ffaf105d000 	C:\WINDOWS\System32\KERNELBASE.dll
0x00007ffaf2e50000 - 0x00007ffaf2ef2000 	C:\WINDOWS\System32\ADVAPI32.dll
0x00007ffaf2a30000 - 0x00007ffaf2ace000 	C:\WINDOWS\System32\msvcrt.dll
0x00007ffaf1220000 - 0x00007ffaf1279000 	C:\WINDOWS\System32\sechost.dll
0x00007ffaf3a50000 - 0x00007ffaf3b71000 	C:\WINDOWS\System32\RPCRT4.dll
0x00007ffaf38c0000 - 0x00007ffaf3a25000 	C:\WINDOWS\System32\USER32.dll
0x00007ffaf0180000 - 0x00007ffaf019e000 	C:\WINDOWS\System32\win32u.dll
0x00007ffaf3880000 - 0x00007ffaf38b4000 	C:\WINDOWS\System32\GDI32.dll
0x00007ffaf0b50000 - 0x00007ffaf0cd2000 	C:\WINDOWS\System32\gdi32full.dll
0x00007ffadeb00000 - 0x00007ffaded79000 	C:\WINDOWS\WinSxS\amd64_microsoft.windows.common-controls_6595b64144ccf1df_6.0.14393.0_none_2d0f50fcbdb171b8\COMCTL32.dll
0x00007ffaf2b80000 - 0x00007ffaf2e47000 	C:\WINDOWS\System32\combase.dll
0x00007ffaf0ce0000 - 0x00007ffaf0dd5000 	C:\WINDOWS\System32\ucrtbase.dll
0x00007ffaf0110000 - 0x00007ffaf017a000 	C:\WINDOWS\System32\bcryptPrimitives.dll
0x00007ffaf3730000 - 0x00007ffaf375e000 	C:\WINDOWS\System32\IMM32.DLL
0x0000000070550000 - 0x0000000070622000 	D:\android-studio-ide-145.3070098-windows\android-studio\jre\jre\bin\msvcr100.dll
0x0000000070630000 - 0x0000000070e64000 	D:\android-studio-ide-145.3070098-windows\android-studio\jre\jre\bin\server\jvm.dll
0x00007ffaf2b70000 - 0x00007ffaf2b78000 	C:\WINDOWS\System32\PSAPI.DLL
0x00007ffadb5e0000 - 0x00007ffadb5e9000 	C:\WINDOWS\SYSTEM32\WSOCK32.dll
0x00007ffaf3090000 - 0x00007ffaf30fa000 	C:\WINDOWS\System32\WS2_32.dll
0x00007ffaee550000 - 0x00007ffaee573000 	C:\WINDOWS\SYSTEM32\WINMM.dll
0x00007ffaeb6d0000 - 0x00007ffaeb6da000 	C:\WINDOWS\SYSTEM32\VERSION.dll
0x00007ffaee480000 - 0x00007ffaee4ab000 	C:\WINDOWS\SYSTEM32\WINMMBASE.dll
0x00007ffaf0b00000 - 0x00007ffaf0b42000 	C:\WINDOWS\System32\cfgmgr32.dll
0x00007ffaecb20000 - 0x00007ffaecb2f000 	D:\android-studio-ide-145.3070098-windows\android-studio\jre\jre\bin\verify.dll
0x00007ffae48d0000 - 0x00007ffae48f9000 	D:\android-studio-ide-145.3070098-windows\android-studio\jre\jre\bin\java.dll
0x00007ffaea0e0000 - 0x00007ffaea0f6000 	D:\android-studio-ide-145.3070098-windows\android-studio\jre\jre\bin\zip.dll
0x00007ffaf1280000 - 0x00007ffaf2788000 	C:\WINDOWS\System32\SHELL32.dll
0x00007ffaf0420000 - 0x00007ffaf0afa000 	C:\WINDOWS\System32\windows.storage.dll
0x00007ffaf00b0000 - 0x00007ffaf00fc000 	C:\WINDOWS\System32\powrprof.dll
0x00007ffaf3760000 - 0x00007ffaf37b2000 	C:\WINDOWS\System32\shlwapi.dll
0x00007ffaf0100000 - 0x00007ffaf010f000 	C:\WINDOWS\System32\kernel.appcore.dll
0x00007ffaf01a0000 - 0x00007ffaf0249000 	C:\WINDOWS\System32\shcore.dll
0x00007ffaf0080000 - 0x00007ffaf0094000 	C:\WINDOWS\System32\profapi.dll

VM Arguments:
jvm_args: -Djava.awt.headless=true -Xmx1024M -Dfile.encoding=windows-1252 -Duser.country=US -Duser.language=en -Duser.variant 
java_command: com.android.dx.command.Main --dex --num-threads=4 --output D:\Timeraaa3\Timeraaa2\Timeraaa\Timeraaaa\app\build\intermediates\pre-dexed\release\com.android.support-appcompat-v7-23.0.1_f46e044418487985b044e5fe18ad68d502b966fb.jar D:\Timeraaa3\Timeraaa2\Timeraaa\Timeraaaa\app\build\intermediates\exploded-aar\com.android.support\appcompat-v7\23.0.1\jars\classes.jar
java_class_path (initial): C:\Users\somai\AppData\Local\Android\Sdk\build-tools\24.0.1\lib\dx.jar
Launcher Type: SUN_STANDARD

Environment Variables:
PATH=C:\ProgramData\Oracle\Java\javapath;C:\WINDOWS\system32;C:\WINDOWS;C:\WINDOWS\System32\Wbem;C:\WINDOWS\System32\WindowsPowerShell\v1.0\;C:\Program Files (x86)\Common Files\lenovo\easyplussdk\bin;C:\Program Files (x86)\ATI Technologies\ATI.ACE\Core-Static;C:\Program Files\Git\cmd;C:\Program Files\AMI\DuOS\;C:\Users\somai\AppData\Local\Microsoft\WindowsApps;
USERNAME=somai
OS=Windows_NT
PROCESSOR_IDENTIFIER=AMD64 Family 21 Model 48 Stepping 1, AuthenticAMD



---------------  S Y S T E M  ---------------

OS: Windows 10.0 , 64 bit Build 14393 (10.0.14393.0)

CPU:total 4 (4 cores per cpu, 1 threads per core) family 21 model 48 stepping 1, cmov, cx8, fxsr, mmx, sse, sse2, sse3, ssse3, sse4.1, sse4.2, popcnt, avx, aes, clmul, mmxext, 3dnowpref, lzcnt, sse4a, tsc, tscinvbit, tscinv, bmi1

Memory: 4k page, physical 11480692k(2066168k free), swap 11480692k(5252k free)

vm_info: OpenJDK 64-Bit Server VM (25.76-b03) for windows-amd64 JRE (1.8.0_76-release-b03), built on Jun 29 2016 19:09:20 by "ralucas" with MS VC++ 10.0 (VS2010)

time: Mon Aug 22 20:46:47 2016
elapsed time: 7 seconds (0d 0h 0m 7s)

