#
# There is insufficient memory for the Java Runtime Environment to continue.
# Native memory allocation (malloc) failed to allocate 633936 bytes for Chunk::new
# Possible reasons:
#   The system is out of physical RAM or swap space
#   In 32 bit mode, the process size limit was hit
# Possible solutions:
#   Reduce memory load on the system
#   Increase physical memory or swap space
#   Check if swap backing store is full
#   Use 64 bit Java on a 64 bit OS
#   Decrease Java heap size (-Xmx/-Xms)
#   Decrease number of Java threads
#   Decrease Java thread stack sizes (-Xss)
#   Set larger code cache with -XX:ReservedCodeCacheSize=
# This output file may be truncated or incomplete.
#
#  Out of Memory Error (allocation.cpp:390), pid=313700, tid=0x000000000004c8c8
#
# JRE version: OpenJDK Runtime Environment (8.0_76-b03) (build 1.8.0_76-release-b03)
# Java VM: OpenJDK 64-Bit Server VM (25.76-b03 mixed mode windows-amd64 compressed oops)
# Failed to write core dump. Minidumps are not enabled by default on client versions of Windows
#

---------------  T H R E A D  ---------------

Current thread (0x00000000152ba800):  JavaThread "C2 CompilerThread0" daemon [_thread_in_native, id=313544, stack(0x0000000016900000,0x0000000016a00000)]

Stack: [0x0000000016900000,0x0000000016a00000]
[error occurred during error reporting (printing stack bounds), id 0xc0000005]

Native frames: (J=compiled Java code, j=interpreted, Vv=VM code, C=native code)


Current CompileTask:
C2:   4609 1529       4       com.android.dx.rop.code.Rops::ropFor (771 bytes)


---------------  P R O C E S S  ---------------

Java Threads: ( => current thread )
  0x0000000016e61800 JavaThread "pool-1-thread-4" [_thread_blocked, id=314028, stack(0x0000000017600000,0x0000000017700000)]
  0x0000000016e60800 JavaThread "pool-1-thread-3" [_thread_in_Java, id=313420, stack(0x0000000017500000,0x0000000017600000)]
  0x0000000016e5b800 JavaThread "pool-1-thread-2" [_thread_blocked, id=313980, stack(0x0000000017400000,0x0000000017500000)]
  0x0000000016dde000 JavaThread "pool-2-thread-1" [_thread_blocked, id=313560, stack(0x0000000017300000,0x0000000017400000)]
  0x0000000016ddd800 JavaThread "pool-1-thread-1" [_thread_blocked, id=314120, stack(0x0000000017200000,0x0000000017300000)]
  0x0000000016c13000 JavaThread "Service Thread" daemon [_thread_blocked, id=312592, stack(0x0000000017000000,0x0000000017100000)]
  0x00000000152c0800 JavaThread "C1 CompilerThread2" daemon [_thread_blocked, id=313512, stack(0x0000000016b00000,0x0000000016c00000)]
  0x00000000152bd000 JavaThread "C2 CompilerThread1" daemon [_thread_in_native, id=313724, stack(0x0000000016a00000,0x0000000016b00000)]
=>0x00000000152ba800 JavaThread "C2 CompilerThread0" daemon [_thread_in_native, id=313544, stack(0x0000000016900000,0x0000000016a00000)]
  0x00000000152b9000 JavaThread "Attach Listener" daemon [_thread_blocked, id=313644, stack(0x0000000016800000,0x0000000016900000)]
  0x00000000152b8000 JavaThread "Signal Dispatcher" daemon [_thread_blocked, id=313480, stack(0x0000000016700000,0x0000000016800000)]
  0x00000000152a8800 JavaThread "Finalizer" daemon [_thread_blocked, id=280132, stack(0x0000000016510000,0x0000000016610000)]
  0x0000000002bdf800 JavaThread "Reference Handler" daemon [_thread_blocked, id=314260, stack(0x0000000016410000,0x0000000016510000)]
  0x0000000002af0800 JavaThread "main" [_thread_blocked, id=314092, stack(0x00000000029f0000,0x0000000002af0000)]

Other Threads:
  0x0000000015284000 VMThread [stack: 0x0000000016310000,0x0000000016410000] [id=313380]
  0x0000000016c15000 WatcherThread [stack: 0x0000000017100000,0x0000000017200000] [id=314044]

VM state:not at safepoint (normal execution)

VM Mutex/Monitor currently owned by a thread: None

Heap:
 PSYoungGen      total 52736K, used 37597K [0x00000000eab00000, 0x00000000ee580000, 0x0000000100000000)
  eden space 45568K, 66% used [0x00000000eab00000,0x00000000ec8bd3f0,0x00000000ed780000)
  from space 7168K, 99% used [0x00000000ed780000,0x00000000ede7a088,0x00000000ede80000)
  to   space 7168K, 0% used [0x00000000ede80000,0x00000000ede80000,0x00000000ee580000)
 ParOldGen       total 120320K, used 1153K [0x00000000c0000000, 0x00000000c7580000, 0x00000000eab00000)
  object space 120320K, 0% used [0x00000000c0000000,0x00000000c01207c8,0x00000000c7580000)
 Metaspace       used 6086K, capacity 7024K, committed 7296K, reserved 1056768K
  class space    used 569K, capacity 616K, committed 640K, reserved 1048576K

Card table byte_map: [0x0000000011fb0000,0x00000000121c0000] byte_map_base: 0x00000000119b0000

Marking Bits: (ParMarkBitMap*) 0x0000000070de9d00
 Begin Bits: [0x0000000012720000, 0x0000000013720000)
 End Bits:   [0x0000000013720000, 0x0000000014720000)

Polling page: 0x0000000000d40000

CodeCache: size=245760Kb used=6784Kb max_used=6795Kb free=238975Kb
 bounds [0x0000000002bf0000, 0x00000000032a0000, 0x0000000011bf0000]
 total_blobs=1824 nmethods=1556 adapters=182
 compilation: enabled

Compilation events (10 events):
Event: 4.556 Thread 0x00000000152c0800 nmethod 1565 0x000000000327ad90 code [0x000000000327af20, 0x000000000327b318]
Event: 4.556 Thread 0x00000000152c0800 1566       3       java.util.concurrent.locks.AbstractQueuedSynchronizer::compareAndSetState (13 bytes)
Event: 4.556 Thread 0x00000000152c0800 nmethod 1566 0x000000000324c410 code [0x000000000324c560, 0x000000000324c6d0]
Event: 4.559 Thread 0x00000000152c0800 1567       3       com.android.dx.cf.iface.StdFieldList::get (9 bytes)
Event: 4.560 Thread 0x00000000152c0800 nmethod 1567 0x000000000327a850 code [0x000000000327a9c0, 0x000000000327acc8]
Event: 4.560 Thread 0x00000000152c0800 1568       3       com.android.dx.dex.file.EncodedField::<init> (25 bytes)
Event: 4.560 Thread 0x00000000152c0800 nmethod 1568 0x000000000327a250 code [0x000000000327a3e0, 0x000000000327a708]
Event: 4.560 Thread 0x00000000152bd000 1569       4       com.android.dx.rop.cst.CstString::compareTo0 (15 bytes)
Event: 4.561 Thread 0x00000000152bd000 nmethod 1569 0x0000000003279e90 code [0x0000000003279fe0, 0x000000000327a158]
Event: 4.561 Thread 0x00000000152bd000 1570   !   4       com.android.dx.cf.code.BytecodeArray::parseInstruction (2764 bytes)

GC Heap History (2 events):
Event: 3.289 GC heap before
{Heap before GC invocations=1 (full 0):
 PSYoungGen      total 52736K, used 45568K [0x00000000eab00000, 0x00000000ee580000, 0x0000000100000000)
  eden space 45568K, 100% used [0x00000000eab00000,0x00000000ed780000,0x00000000ed780000)
  from space 7168K, 0% used [0x00000000ede80000,0x00000000ede80000,0x00000000ee580000)
  to   space 7168K, 0% used [0x00000000ed780000,0x00000000ed780000,0x00000000ede80000)
 ParOldGen       total 120320K, used 0K [0x00000000c0000000, 0x00000000c7580000, 0x00000000eab00000)
  object space 120320K, 0% used [0x00000000c0000000,0x00000000c0000000,0x00000000c7580000)
 Metaspace       used 6019K, capacity 7024K, committed 7296K, reserved 1056768K
  class space    used 568K, capacity 616K, committed 640K, reserved 1048576K
Event: 3.422 GC heap after
Heap after GC invocations=1 (full 0):
 PSYoungGen      total 52736K, used 7144K [0x00000000eab00000, 0x00000000ee580000, 0x0000000100000000)
  eden space 45568K, 0% used [0x00000000eab00000,0x00000000eab00000,0x00000000ed780000)
  from space 7168K, 99% used [0x00000000ed780000,0x00000000ede7a088,0x00000000ede80000)
  to   space 7168K, 0% used [0x00000000ede80000,0x00000000ede80000,0x00000000ee580000)
 ParOldGen       total 120320K, used 1153K [0x00000000c0000000, 0x00000000c7580000, 0x00000000eab00000)
  object space 120320K, 0% used [0x00000000c0000000,0x00000000c01207c8,0x00000000c7580000)
 Metaspace       used 6019K, capacity 7024K, committed 7296K, reserved 1056768K
  class space    used 568K, capacity 616K, committed 640K, reserved 1048576K
}

Deoptimization events (10 events):
Event: 3.465 Thread 0x0000000016e61800 Uncommon trap: reason=unstable_if action=reinterpret pc=0x0000000002f9d89c method=com.android.dx.rop.cst.Constant.compareTo(Lcom/android/dx/rop/cst/Constant;)I @ 12
Event: 3.492 Thread 0x0000000016e61800 Uncommon trap: reason=unstable_if action=reinterpret pc=0x000000000308a7f0 method=com.android.dx.cf.code.BytecodeArray.parseInstruction(ILcom/android/dx/cf/code/BytecodeArray$Visitor;)I @ 1198
Event: 3.660 Thread 0x0000000002af0800 Uncommon trap: reason=unstable_if action=reinterpret pc=0x0000000002e12d5c method=java.lang.String.<init>([CII)V @ 18
Event: 3.664 Thread 0x0000000016e60800 Uncommon trap: reason=unloaded action=reinterpret pc=0x0000000003176bf4 method=com.android.dx.ssa.LiteralOpUpgrader$1.visitNonMoveInsn(Lcom/android/dx/ssa/NormalSsaInsn;)V @ 72
Event: 3.664 Thread 0x0000000002af0800 Uncommon trap: reason=unstable_if action=reinterpret pc=0x0000000002df1f3c method=java.lang.String.<init>([CII)V @ 18
Event: 3.705 Thread 0x0000000016ddd800 Uncommon trap: reason=bimorphic action=maybe_recompile pc=0x0000000002e6e944 method=java.util.HashMap.getNode(ILjava/lang/Object;)Ljava/util/HashMap$Node; @ 126
Event: 3.705 Thread 0x0000000016ddd800 Uncommon trap: reason=bimorphic action=maybe_recompile pc=0x0000000002e6e944 method=java.util.HashMap.getNode(ILjava/lang/Object;)Ljava/util/HashMap$Node; @ 126
Event: 3.727 Thread 0x0000000002af0800 Uncommon trap: reason=unstable_if action=reinterpret pc=0x00000000030f32cc method=com.android.dx.ssa.MoveParamCombiner$1.visitNonMoveInsn(Lcom/android/dx/ssa/NormalSsaInsn;)V @ 27
Event: 4.194 Thread 0x0000000016e61800 Uncommon trap: reason=unstable_if action=reinterpret pc=0x00000000030cb5a0 method=com.android.dx.ssa.SCCP.simulateBranch(Lcom/android/dx/ssa/SsaInsn;)V @ 548
Event: 4.214 Thread 0x0000000016e61800 Uncommon trap: reason=bimorphic action=maybe_recompile pc=0x00000000032520e4 method=com.android.dx.cf.code.RopperMachine.run(Lcom/android/dx/cf/code/Frame;II)V @ 988

Internal exceptions (3 events):
Event: 0.107 Thread 0x0000000002af0800 Exception <a 'java/lang/NoSuchMethodError': Method sun.misc.Unsafe.defineClass(Ljava/lang/String;[BII)Ljava/lang/Class; name or signature does not match> (0x00000000eab07cc0) thrown at [C:\src\android\AOSP-openjdk\external\jetbrains\jdk\hotspot\src\share\vú—m∞_ª?
Event: 0.107 Thread 0x0000000002af0800 Exception <a 'java/lang/NoSuchMethodError': Method sun.misc.Unsafe.prefetchRead(Ljava/lang/Object;J)V name or signature does not match> (0x00000000eab07fa8) thrown at [C:\src\android\AOSP-openjdk\external\jetbrains\jdk\hotspot\src\share\vm\prims\jni.cpp, lIå¡d•@
Event: 2.331 Thread 0x0000000016e61800 Implicit null exception at 0x0000000002f69c22 to 0x0000000002f69d12

Events (10 events):
Event: 3.727 Thread 0x0000000002af0800 DEOPT PACKING pc=0x00000000030f32cc sp=0x0000000002aee030
Event: 3.727 Thread 0x0000000002af0800 DEOPT UNPACKING pc=0x0000000002c3556a sp=0x0000000002aedf88 mode 2
Event: 4.194 Thread 0x0000000016e61800 Uncommon trap: trap_request=0xffffff65 fr.pc=0x00000000030cb5a0
Event: 4.194 Thread 0x0000000016e61800 DEOPT PACKING pc=0x00000000030cb5a0 sp=0x00000000176fe5a0
Event: 4.194 Thread 0x0000000016e61800 DEOPT UNPACKING pc=0x0000000002c3556a sp=0x00000000176fe578 mode 2
Event: 4.214 Thread 0x0000000016e61800 Uncommon trap: trap_request=0xffffffc6 fr.pc=0x00000000032520e4
Event: 4.214 Thread 0x0000000016e61800 DEOPT PACKING pc=0x00000000032520e4 sp=0x00000000176fdf50
Event: 4.214 Thread 0x0000000016e61800 DEOPT UNPACKING pc=0x0000000002c3556a sp=0x00000000176fdef8 mode 2
Event: 4.245 Executing VM operation: EnableBiasedLocking
Event: 4.300 Executing VM operation: EnableBiasedLocking done


Dynamic libraries:
0x00007ff699d90000 - 0x00007ff699dc1000 	D:\android-studio-ide-145.3200535-windows\android-studio\jre\bin\java.exe
0x00007ffaf3b80000 - 0x00007ffaf3d51000 	C:\WINDOWS\SYSTEM32\ntdll.dll
0x00007ffaf2f70000 - 0x00007ffaf301b000 	C:\WINDOWS\System32\KERNEL32.DLL
0x00007ffaf0e40000 - 0x00007ffaf105d000 	C:\WINDOWS\System32\KERNELBASE.dll
0x00007ffaf2e50000 - 0x00007ffaf2ef2000 	C:\WINDOWS\System32\ADVAPI32.dll
0x00007ffaf2a30000 - 0x00007ffaf2ace000 	C:\WINDOWS\System32\msvcrt.dll
0x00007ffaf1220000 - 0x00007ffaf1279000 	C:\WINDOWS\System32\sechost.dll
0x00007ffaf3a50000 - 0x00007ffaf3b71000 	C:\WINDOWS\System32\RPCRT4.dll
0x00007ffaf38c0000 - 0x00007ffaf3a25000 	C:\WINDOWS\System32\USER32.dll
0x00007ffaf0180000 - 0x00007ffaf019e000 	C:\WINDOWS\System32\win32u.dll
0x00007ffaf3880000 - 0x00007ffaf38b4000 	C:\WINDOWS\System32\GDI32.dll
0x00007ffaf0b50000 - 0x00007ffaf0cd2000 	C:\WINDOWS\System32\gdi32full.dll
0x00007ffadeb00000 - 0x00007ffaded79000 	C:\WINDOWS\WinSxS\amd64_microsoft.windows.common-controls_6595b64144ccf1df_6.0.14393.0_none_2d0f50fcbdb171b8\COMCTL32.dll
0x00007ffaf2b80000 - 0x00007ffaf2e47000 	C:\WINDOWS\System32\combase.dll
0x00007ffaf0ce0000 - 0x00007ffaf0dd5000 	C:\WINDOWS\System32\ucrtbase.dll
0x00007ffaf0110000 - 0x00007ffaf017a000 	C:\WINDOWS\System32\bcryptPrimitives.dll
0x00007ffaf3730000 - 0x00007ffaf375e000 	C:\WINDOWS\System32\IMM32.DLL
0x0000000071ea0000 - 0x0000000071f72000 	D:\android-studio-ide-145.3200535-windows\android-studio\jre\jre\bin\msvcr100.dll
0x0000000070630000 - 0x0000000070e64000 	D:\android-studio-ide-145.3200535-windows\android-studio\jre\jre\bin\server\jvm.dll
0x00007ffaf2b70000 - 0x00007ffaf2b78000 	C:\WINDOWS\System32\PSAPI.DLL
0x00007ffadb5e0000 - 0x00007ffadb5e9000 	C:\WINDOWS\SYSTEM32\WSOCK32.dll
0x00007ffaf3090000 - 0x00007ffaf30fa000 	C:\WINDOWS\System32\WS2_32.dll
0x00007ffaee550000 - 0x00007ffaee573000 	C:\WINDOWS\SYSTEM32\WINMM.dll
0x00007ffaeb6d0000 - 0x00007ffaeb6da000 	C:\WINDOWS\SYSTEM32\VERSION.dll
0x00007ffaee480000 - 0x00007ffaee4ab000 	C:\WINDOWS\SYSTEM32\WINMMBASE.dll
0x00007ffaf0b00000 - 0x00007ffaf0b42000 	C:\WINDOWS\System32\cfgmgr32.dll
0x00007ffaecb20000 - 0x00007ffaecb2f000 	D:\android-studio-ide-145.3200535-windows\android-studio\jre\jre\bin\verify.dll
0x00007ffae88f0000 - 0x00007ffae8919000 	D:\android-studio-ide-145.3200535-windows\android-studio\jre\jre\bin\java.dll
0x00007ffaea0e0000 - 0x00007ffaea0f6000 	D:\android-studio-ide-145.3200535-windows\android-studio\jre\jre\bin\zip.dll
0x00007ffaf1280000 - 0x00007ffaf2788000 	C:\WINDOWS\System32\SHELL32.dll
0x00007ffaf0420000 - 0x00007ffaf0afa000 	C:\WINDOWS\System32\windows.storage.dll
0x00007ffaf00b0000 - 0x00007ffaf00fc000 	C:\WINDOWS\System32\powrprof.dll
0x00007ffaf3760000 - 0x00007ffaf37b2000 	C:\WINDOWS\System32\shlwapi.dll
0x00007ffaf0100000 - 0x00007ffaf010f000 	C:\WINDOWS\System32\kernel.appcore.dll
0x00007ffaf01a0000 - 0x00007ffaf0249000 	C:\WINDOWS\System32\shcore.dll
0x00007ffaf0080000 - 0x00007ffaf0094000 	C:\WINDOWS\System32\profapi.dll

VM Arguments:
jvm_args: -Djava.awt.headless=true -Xmx1024M -Dfile.encoding=windows-1252 -Duser.country=US -Duser.language=en -Duser.variant 
java_command: com.android.dx.command.Main --dex --num-threads=4 --output D:\Timeraaa3\Timeraaa2\Timeraaa\Timeraaaa\app\build\intermediates\pre-dexed\release\com.google.android.gms-play-services-measurement-8.1.0_1646c79239885d40103505b4dba60c363af3efab.jar D:\Timeraaa3\Timeraaa2\Timeraaa\Timeraaaa\app\build\intermediates\exploded-aar\com.google.android.gms\play-services-measurement\8.1.0\jars\classes.jar
java_class_path (initial): C:\Users\somai\AppData\Local\Android\Sdk\build-tools\24.0.1\lib\dx.jar
Launcher Type: SUN_STANDARD

Environment Variables:
PATH=C:\ProgramData\Oracle\Java\javapath;C:\WINDOWS\system32;C:\WINDOWS;C:\WINDOWS\System32\Wbem;C:\WINDOWS\System32\WindowsPowerShell\v1.0\;C:\Program Files (x86)\Common Files\lenovo\easyplussdk\bin;C:\Program Files (x86)\ATI Technologies\ATI.ACE\Core-Static;C:\Program Files\Git\cmd;C:\Program Files\AMI\DuOS\;C:\Users\somai\AppData\Local\Microsoft\WindowsApps;
USERNAME=somai
OS=Windows_NT
PROCESSOR_IDENTIFIER=AMD64 Family 21 Model 48 Stepping 1, AuthenticAMD



---------------  S Y S T E M  ---------------

OS: Windows 10.0 , 64 bit Build 14393 (10.0.14393.0)

CPU:total 4 (4 cores per cpu, 1 threads per core) family 21 model 48 stepping 1, cmov, cx8, fxsr, mmx, sse, sse2, sse3, ssse3, sse4.1, sse4.2, popcnt, avx, aes, clmul, mmxext, 3dnowpref, lzcnt, sse4a, tsc, tscinvbit, tscinv, bmi1

Memory: 4k page, physical 11480692k(2008716k free), swap 11480692k(5232k free)

vm_info: OpenJDK 64-Bit Server VM (25.76-b03) for windows-amd64 JRE (1.8.0_76-release-b03), built on Jun 29 2016 19:09:20 by "ralucas" with MS VC++ 10.0 (VS2010)

time: Tue Aug 23 00:10:47 2016
elapsed time: 4 seconds (0d 0h 0m 4s)

