#
# There is insufficient memory for the Java Runtime Environment to continue.
# Native memory allocation (malloc) failed to allocate 65024 bytes for Chunk::new
# Possible reasons:
#   The system is out of physical RAM or swap space
#   In 32 bit mode, the process size limit was hit
# Possible solutions:
#   Reduce memory load on the system
#   Increase physical memory or swap space
#   Check if swap backing store is full
#   Use 64 bit Java on a 64 bit OS
#   Decrease Java heap size (-Xmx/-Xms)
#   Decrease number of Java threads
#   Decrease Java thread stack sizes (-Xss)
#   Set larger code cache with -XX:ReservedCodeCacheSize=
# This output file may be truncated or incomplete.
#
#  Out of Memory Error (allocation.cpp:390), pid=135132, tid=0x0000000000003edc
#
# JRE version: OpenJDK Runtime Environment (8.0_76-b03) (build 1.8.0_76-release-b03)
# Java VM: OpenJDK 64-Bit Server VM (25.76-b03 mixed mode windows-amd64 compressed oops)
# Failed to write core dump. Minidumps are not enabled by default on client versions of Windows
#

---------------  T H R E A D  ---------------

Current thread (0x000000001566e000):  JavaThread "C2 CompilerThread1" daemon [_thread_in_native, id=16092, stack(0x0000000016db0000,0x0000000016eb0000)]

Stack: [0x0000000016db0000,0x0000000016eb0000]
[error occurred during error reporting (printing stack bounds), id 0xc0000005]

Native frames: (J=compiled Java code, j=interpreted, Vv=VM code, C=native code)


Current CompileTask:
C2:   1780 1174   !   4       com.android.dx.cf.code.BytecodeArray::parseInstruction (2764 bytes)


---------------  P R O C E S S  ---------------

Java Threads: ( => current thread )
  0x0000000017124000 JavaThread "pool-1-thread-4" [_thread_in_Java, id=114020, stack(0x00000000179b0000,0x0000000017ab0000)]
  0x0000000017122800 JavaThread "pool-1-thread-3" [_thread_in_vm, id=122528, stack(0x00000000178b0000,0x00000000179b0000)]
  0x0000000017122000 JavaThread "pool-1-thread-2" [_thread_in_Java, id=133996, stack(0x00000000177b0000,0x00000000178b0000)]
  0x00000000170a4800 JavaThread "pool-2-thread-1" [_thread_blocked, id=128364, stack(0x00000000176b0000,0x00000000177b0000)]
  0x00000000170a3800 JavaThread "pool-1-thread-1" [_thread_in_Java, id=133428, stack(0x00000000175b0000,0x00000000176b0000)]
  0x00000000156ce000 JavaThread "Service Thread" daemon [_thread_blocked, id=134120, stack(0x00000000173b0000,0x00000000174b0000)]
  0x00000000156ca000 JavaThread "C1 CompilerThread2" daemon [_thread_in_native, id=133460, stack(0x00000000172b0000,0x00000000173b0000)]
=>0x000000001566e000 JavaThread "C2 CompilerThread1" daemon [_thread_in_native, id=16092, stack(0x0000000016db0000,0x0000000016eb0000)]
  0x000000001566b000 JavaThread "C2 CompilerThread0" daemon [_thread_in_native, id=134828, stack(0x0000000016cb0000,0x0000000016db0000)]
  0x0000000015669000 JavaThread "Attach Listener" daemon [_thread_blocked, id=5952, stack(0x0000000016bb0000,0x0000000016cb0000)]
  0x0000000015668000 JavaThread "Signal Dispatcher" daemon [_thread_blocked, id=127104, stack(0x0000000016ab0000,0x0000000016bb0000)]
  0x0000000015658800 JavaThread "Finalizer" daemon [_thread_blocked, id=133804, stack(0x00000000168c0000,0x00000000169c0000)]
  0x0000000002f8f000 JavaThread "Reference Handler" daemon [_thread_blocked, id=124060, stack(0x00000000167c0000,0x00000000168c0000)]
  0x0000000002ea0800 JavaThread "main" [_thread_in_vm, id=130124, stack(0x0000000002da0000,0x0000000002ea0000)]

Other Threads:
  0x0000000015634800 VMThread [stack: 0x00000000166c0000,0x00000000167c0000] [id=105904]
  0x0000000016eb5800 WatcherThread [stack: 0x00000000174b0000,0x00000000175b0000] [id=134956]

VM state:not at safepoint (normal execution)

VM Mutex/Monitor currently owned by a thread:  ([mutex/lock_event])
[0x0000000002d9b8d0] AdapterHandlerLibrary_lock - owner thread: 0x0000000002ea0800

Heap:
 PSYoungGen      total 52736K, used 35809K [0x00000000eab00000, 0x00000000ee580000, 0x0000000100000000)
  eden space 45568K, 78% used [0x00000000eab00000,0x00000000ecdf85e0,0x00000000ed780000)
  from space 7168K, 0% used [0x00000000ede80000,0x00000000ede80000,0x00000000ee580000)
  to   space 7168K, 0% used [0x00000000ed780000,0x00000000ed780000,0x00000000ede80000)
 ParOldGen       total 120320K, used 0K [0x00000000c0000000, 0x00000000c7580000, 0x00000000eab00000)
  object space 120320K, 0% used [0x00000000c0000000,0x00000000c0000000,0x00000000c7580000)
 Metaspace       used 5877K, capacity 6896K, committed 7040K, reserved 1056768K
  class space    used 568K, capacity 616K, committed 640K, reserved 1048576K

Card table byte_map: [0x0000000012360000,0x0000000012570000] byte_map_base: 0x0000000011d60000

Marking Bits: (ParMarkBitMap*) 0x0000000070de9d00
 Begin Bits: [0x0000000012ad0000, 0x0000000013ad0000)
 End Bits:   [0x0000000013ad0000, 0x0000000014ad0000)

Polling page: 0x0000000002cb0000

CodeCache: size=245760Kb used=4804Kb max_used=4814Kb free=240956Kb
 bounds [0x0000000002fa0000, 0x0000000003460000, 0x0000000011fa0000]
 total_blobs=1460 nmethods=1193 adapters=182
 compilation: enabled

Compilation events (10 events):
Event: 1.745 Thread 0x000000001566e000 1174   !   4       com.android.dx.cf.code.BytecodeArray::parseInstruction (2764 bytes)
Event: 1.751 Thread 0x000000001566b000 nmethod 1157 0x0000000003455850 code [0x0000000003455da0, 0x0000000003458870]
Event: 1.751 Thread 0x000000001566b000 1158       4       java.lang.AbstractStringBuilder::expandCapacity (50 bytes)
Event: 1.754 Thread 0x000000001566b000 nmethod 1158 0x0000000003446990 code [0x0000000003446ae0, 0x0000000003446d18]
Event: 1.754 Thread 0x000000001566b000 1159       4       java.lang.String::startsWith (7 bytes)
Event: 1.756 Thread 0x000000001566b000 nmethod 1159 0x0000000003446550 code [0x00000000034466a0, 0x0000000003446818]
Event: 1.757 Thread 0x000000001566b000 1195       4       com.android.dx.ssa.SsaBasicBlock::forEachInsn (37 bytes)
Event: 1.772 Thread 0x00000000156ca000 1197       3       com.android.dx.ssa.PhiInsn::accept (8 bytes)
Event: 1.772 Thread 0x00000000156ca000 nmethod 1197 0x00000000034460d0 code [0x0000000003446240, 0x0000000003446468]
Event: 1.774 Thread 0x00000000156ca000 1200       3       com.android.dx.ssa.ConstCollector::getConstsSortedByCountUse (386 bytes)

GC Heap History (0 events):
No events

Deoptimization events (10 events):
Event: 1.246 Thread 0x0000000017122000 Uncommon trap: reason=null_assert action=make_not_entrant pc=0x00000000031a4164 method=com.android.dx.rop.code.RegisterSpec$ForComparison.equals(Ljava/lang/Object;)Z @ 27
Event: 1.320 Thread 0x0000000002ea0800 Uncommon trap: reason=unstable_if action=reinterpret pc=0x00000000031a7620 method=java.util.HashMap.getNode(ILjava/lang/Object;)Ljava/util/HashMap$Node; @ 129
Event: 1.644 Thread 0x0000000017122000 Uncommon trap: reason=unstable_if action=reinterpret pc=0x0000000003382efc method=com.android.dx.util.IntList.binarysearch(I)I @ 105
Event: 1.644 Thread 0x0000000017122000 Uncommon trap: reason=null_check action=make_not_entrant pc=0x00000000032afce0 method=com.android.dx.rop.type.Type.equals(Ljava/lang/Object;)Z @ 8
Event: 1.658 Thread 0x0000000017122800 Uncommon trap: reason=class_check action=maybe_recompile pc=0x00000000033de89c method=com.android.dx.ssa.NormalSsaInsn.accept(Lcom/android/dx/ssa/SsaInsn$Visitor;)V @ 9
Event: 1.658 Thread 0x0000000017122800 Uncommon trap: reason=class_check action=maybe_recompile pc=0x0000000003222a30 method=com.android.dx.ssa.NormalSsaInsn.accept(Lcom/android/dx/ssa/SsaInsn$Visitor;)V @ 9
Event: 1.658 Thread 0x0000000017122800 Uncommon trap: reason=class_check action=maybe_recompile pc=0x00000000033de89c method=com.android.dx.ssa.NormalSsaInsn.accept(Lcom/android/dx/ssa/SsaInsn$Visitor;)V @ 9
Event: 1.660 Thread 0x0000000017122800 Uncommon trap: reason=class_check action=maybe_recompile pc=0x00000000033de89c method=com.android.dx.ssa.NormalSsaInsn.accept(Lcom/android/dx/ssa/SsaInsn$Visitor;)V @ 9
Event: 1.722 Thread 0x0000000002ea0800 Uncommon trap: reason=unstable_if action=reinterpret pc=0x00000000033f82dc method=com.android.dx.rop.cst.Constant.compareTo(Lcom/android/dx/rop/cst/Constant;)I @ 12
Event: 1.725 Thread 0x0000000002ea0800 Uncommon trap: reason=class_check action=maybe_recompile pc=0x0000000003243c94 method=com.android.dx.ssa.NormalSsaInsn.accept(Lcom/android/dx/ssa/SsaInsn$Visitor;)V @ 9

Internal exceptions (3 events):
Event: 0.135 Thread 0x0000000002ea0800 Exception <a 'java/lang/NoSuchMethodError': Method sun.misc.Unsafe.defineClass(Ljava/lang/String;[BII)Ljava/lang/Class; name or signature does not match> (0x00000000eab07cc0) thrown at [C:\src\android\AOSP-openjdk\external\jetbrains\jdk\hotspot\src\share\v¿q¦b>Á?
Event: 0.135 Thread 0x0000000002ea0800 Exception <a 'java/lang/NoSuchMethodError': Method sun.misc.Unsafe.prefetchRead(Ljava/lang/Object;J)V name or signature does not match> (0x00000000eab07fa8) thrown at [C:\src\android\AOSP-openjdk\external\jetbrains\jdk\hotspot\src\share\vm\prims\jni.cpp, l4’ Mú?
Event: 1.644 Thread 0x0000000017122000 Implicit null exception at 0x00000000032afbe2 to 0x00000000032afcd2

Events (10 events):
Event: 1.658 Thread 0x0000000017122800 DEOPT UNPACKING pc=0x0000000002fe556a sp=0x00000000179ae6c0 mode 2
Event: 1.660 Thread 0x0000000017122800 Uncommon trap: trap_request=0xffffffde fr.pc=0x00000000033de89c
Event: 1.660 Thread 0x0000000017122800 DEOPT PACKING pc=0x00000000033de89c sp=0x00000000179ae740
Event: 1.660 Thread 0x0000000017122800 DEOPT UNPACKING pc=0x0000000002fe556a sp=0x00000000179ae660 mode 2
Event: 1.722 Thread 0x0000000002ea0800 Uncommon trap: trap_request=0xffffff65 fr.pc=0x00000000033f82dc
Event: 1.722 Thread 0x0000000002ea0800 DEOPT PACKING pc=0x00000000033f82dc sp=0x0000000002e9e3f0
Event: 1.722 Thread 0x0000000002ea0800 DEOPT UNPACKING pc=0x0000000002fe556a sp=0x0000000002e9e390 mode 2
Event: 1.725 Thread 0x0000000002ea0800 Uncommon trap: trap_request=0xffffffde fr.pc=0x0000000003243c94
Event: 1.725 Thread 0x0000000002ea0800 DEOPT PACKING pc=0x0000000003243c94 sp=0x0000000002e9e6a0
Event: 1.725 Thread 0x0000000002ea0800 DEOPT UNPACKING pc=0x0000000002fe556a sp=0x0000000002e9e5f0 mode 2


Dynamic libraries:
0x00007ff68f2c0000 - 0x00007ff68f2f1000 	D:\android-studio\jre\bin\java.exe
0x00007ffaf3b80000 - 0x00007ffaf3d51000 	C:\WINDOWS\SYSTEM32\ntdll.dll
0x00007ffaf2f70000 - 0x00007ffaf301b000 	C:\WINDOWS\System32\KERNEL32.DLL
0x00007ffaf0e40000 - 0x00007ffaf105d000 	C:\WINDOWS\System32\KERNELBASE.dll
0x00007ffaf2e50000 - 0x00007ffaf2ef2000 	C:\WINDOWS\System32\ADVAPI32.dll
0x00007ffaf2a30000 - 0x00007ffaf2ace000 	C:\WINDOWS\System32\msvcrt.dll
0x00007ffaf1220000 - 0x00007ffaf1279000 	C:\WINDOWS\System32\sechost.dll
0x00007ffaf3a50000 - 0x00007ffaf3b71000 	C:\WINDOWS\System32\RPCRT4.dll
0x00007ffaf38c0000 - 0x00007ffaf3a25000 	C:\WINDOWS\System32\USER32.dll
0x00007ffaf0180000 - 0x00007ffaf019e000 	C:\WINDOWS\System32\win32u.dll
0x00007ffaf3880000 - 0x00007ffaf38b4000 	C:\WINDOWS\System32\GDI32.dll
0x00007ffaf0b50000 - 0x00007ffaf0cd2000 	C:\WINDOWS\System32\gdi32full.dll
0x00007ffadeb00000 - 0x00007ffaded79000 	C:\WINDOWS\WinSxS\amd64_microsoft.windows.common-controls_6595b64144ccf1df_6.0.14393.0_none_2d0f50fcbdb171b8\COMCTL32.dll
0x00007ffaf2b80000 - 0x00007ffaf2e47000 	C:\WINDOWS\System32\combase.dll
0x00007ffaf0ce0000 - 0x00007ffaf0dd5000 	C:\WINDOWS\System32\ucrtbase.dll
0x00007ffaf0110000 - 0x00007ffaf017a000 	C:\WINDOWS\System32\bcryptPrimitives.dll
0x00007ffaf3730000 - 0x00007ffaf375e000 	C:\WINDOWS\System32\IMM32.DLL
0x0000000070550000 - 0x0000000070622000 	D:\android-studio\jre\jre\bin\msvcr100.dll
0x0000000070630000 - 0x0000000070e64000 	D:\android-studio\jre\jre\bin\server\jvm.dll
0x00007ffaf2b70000 - 0x00007ffaf2b78000 	C:\WINDOWS\System32\PSAPI.DLL
0x00007ffadb5e0000 - 0x00007ffadb5e9000 	C:\WINDOWS\SYSTEM32\WSOCK32.dll
0x00007ffaf3090000 - 0x00007ffaf30fa000 	C:\WINDOWS\System32\WS2_32.dll
0x00007ffaee550000 - 0x00007ffaee573000 	C:\WINDOWS\SYSTEM32\WINMM.dll
0x00007ffaeb6d0000 - 0x00007ffaeb6da000 	C:\WINDOWS\SYSTEM32\VERSION.dll
0x00007ffaee480000 - 0x00007ffaee4ab000 	C:\WINDOWS\SYSTEM32\WINMMBASE.dll
0x00007ffaf0b00000 - 0x00007ffaf0b42000 	C:\WINDOWS\System32\cfgmgr32.dll
0x00007ffaecb20000 - 0x00007ffaecb2f000 	D:\android-studio\jre\jre\bin\verify.dll
0x00007ffad9db0000 - 0x00007ffad9dd9000 	D:\android-studio\jre\jre\bin\java.dll
0x00007ffadc820000 - 0x00007ffadc836000 	D:\android-studio\jre\jre\bin\zip.dll
0x00007ffaf1280000 - 0x00007ffaf2788000 	C:\WINDOWS\System32\SHELL32.dll
0x00007ffaf0420000 - 0x00007ffaf0afa000 	C:\WINDOWS\System32\windows.storage.dll
0x00007ffaf00b0000 - 0x00007ffaf00fc000 	C:\WINDOWS\System32\powrprof.dll
0x00007ffaf3760000 - 0x00007ffaf37b2000 	C:\WINDOWS\System32\shlwapi.dll
0x00007ffaf0100000 - 0x00007ffaf010f000 	C:\WINDOWS\System32\kernel.appcore.dll
0x00007ffaf01a0000 - 0x00007ffaf0249000 	C:\WINDOWS\System32\shcore.dll
0x00007ffaf0080000 - 0x00007ffaf0094000 	C:\WINDOWS\System32\profapi.dll

VM Arguments:
jvm_args: -Djava.awt.headless=true -Xmx1024M -Dfile.encoding=windows-1252 -Duser.country=US -Duser.language=en -Duser.variant 
java_command: com.android.dx.command.Main --dex --num-threads=4 --output D:\Timeraaa3\Timeraaa2\Timeraaa\Timeraaaa\app\build\intermediates\pre-dexed\release\com.google.android.gms-play-services-measurement-8.1.0_1646c79239885d40103505b4dba60c363af3efab.jar D:\Timeraaa3\Timeraaa2\Timeraaa\Timeraaaa\app\build\intermediates\exploded-aar\com.google.android.gms\play-services-measurement\8.1.0\jars\classes.jar
java_class_path (initial): C:\Users\somai\AppData\Local\Android\Sdk\build-tools\24.0.1\lib\dx.jar
Launcher Type: SUN_STANDARD

Environment Variables:
PATH=C:\ProgramData\Oracle\Java\javapath;C:\WINDOWS\system32;C:\WINDOWS;C:\WINDOWS\System32\Wbem;C:\WINDOWS\System32\WindowsPowerShell\v1.0\;C:\Program Files (x86)\Common Files\lenovo\easyplussdk\bin;C:\Program Files (x86)\ATI Technologies\ATI.ACE\Core-Static;C:\Program Files\Git\cmd;C:\Program Files\AMI\DuOS\;C:\Users\somai\AppData\Local\Microsoft\WindowsApps;
USERNAME=somai
OS=Windows_NT
PROCESSOR_IDENTIFIER=AMD64 Family 21 Model 48 Stepping 1, AuthenticAMD



---------------  S Y S T E M  ---------------

OS: Windows 10.0 , 64 bit Build 14393 (10.0.14393.0)

CPU:total 4 (4 cores per cpu, 1 threads per core) family 21 model 48 stepping 1, cmov, cx8, fxsr, mmx, sse, sse2, sse3, ssse3, sse4.1, sse4.2, popcnt, avx, aes, clmul, mmxext, 3dnowpref, lzcnt, sse4a, tsc, tscinvbit, tscinv, bmi1

Memory: 4k page, physical 11480692k(2108068k free), swap 11480692k(4124k free)

vm_info: OpenJDK 64-Bit Server VM (25.76-b03) for windows-amd64 JRE (1.8.0_76-release-b03), built on Jun 29 2016 19:09:20 by "ralucas" with MS VC++ 10.0 (VS2010)

time: Sun Aug 21 15:24:15 2016
elapsed time: 1 seconds (0d 0h 0m 1s)

