#
# There is insufficient memory for the Java Runtime Environment to continue.
# Native memory allocation (malloc) failed to allocate 273936 bytes for Chunk::new
# Possible reasons:
#   The system is out of physical RAM or swap space
#   In 32 bit mode, the process size limit was hit
# Possible solutions:
#   Reduce memory load on the system
#   Increase physical memory or swap space
#   Check if swap backing store is full
#   Use 64 bit Java on a 64 bit OS
#   Decrease Java heap size (-Xmx/-Xms)
#   Decrease number of Java threads
#   Decrease Java thread stack sizes (-Xss)
#   Set larger code cache with -XX:ReservedCodeCacheSize=
# This output file may be truncated or incomplete.
#
#  Out of Memory Error (allocation.cpp:390), pid=9280, tid=0x00000000000024ac
#
# JRE version: OpenJDK Runtime Environment (8.0_76-b03) (build 1.8.0_76-release-b03)
# Java VM: OpenJDK 64-Bit Server VM (25.76-b03 mixed mode windows-amd64 compressed oops)
# Failed to write core dump. Minidumps are not enabled by default on client versions of Windows
#

---------------  T H R E A D  ---------------

Current thread (0x000000001579b000):  JavaThread "C2 CompilerThread0" daemon [_thread_in_native, id=9388, stack(0x0000000016cf0000,0x0000000016df0000)]

Stack: [0x0000000016cf0000,0x0000000016df0000]
[error occurred during error reporting (printing stack bounds), id 0xc0000005]

Native frames: (J=compiled Java code, j=interpreted, Vv=VM code, C=native code)


Current CompileTask:
C2:   1380  826       4       com.android.dx.ssa.NormalSsaInsn::accept (25 bytes)


---------------  P R O C E S S  ---------------

Java Threads: ( => current thread )
  0x00000000171b6800 JavaThread "pool-1-thread-4" [_thread_in_Java, id=1288, stack(0x00000000179f0000,0x0000000017af0000)]
  0x00000000171b5800 JavaThread "pool-1-thread-3" [_thread_in_Java, id=3496, stack(0x00000000178f0000,0x00000000179f0000)]
  0x000000001719f800 JavaThread "pool-1-thread-2" [_thread_in_Java, id=5532, stack(0x00000000177f0000,0x00000000178f0000)]
  0x000000001719c000 JavaThread "pool-2-thread-1" [_thread_blocked, id=2504, stack(0x00000000176f0000,0x00000000177f0000)]
  0x000000001719b000 JavaThread "pool-1-thread-1" [_thread_in_Java, id=4668, stack(0x00000000175f0000,0x00000000176f0000)]
  0x00000000157fe000 JavaThread "Service Thread" daemon [_thread_blocked, id=128508, stack(0x00000000173f0000,0x00000000174f0000)]
  0x00000000157f7000 JavaThread "C1 CompilerThread2" daemon [_thread_blocked, id=1680, stack(0x0000000016ef0000,0x0000000016ff0000)]
  0x000000001579e000 JavaThread "C2 CompilerThread1" daemon [_thread_in_native, id=135012, stack(0x0000000016df0000,0x0000000016ef0000)]
=>0x000000001579b000 JavaThread "C2 CompilerThread0" daemon [_thread_in_native, id=9388, stack(0x0000000016cf0000,0x0000000016df0000)]
  0x0000000015799000 JavaThread "Attach Listener" daemon [_thread_blocked, id=17684, stack(0x0000000016bf0000,0x0000000016cf0000)]
  0x0000000015798000 JavaThread "Signal Dispatcher" daemon [_thread_blocked, id=17688, stack(0x0000000016af0000,0x0000000016bf0000)]
  0x0000000015788800 JavaThread "Finalizer" daemon [_thread_blocked, id=9976, stack(0x00000000169f0000,0x0000000016af0000)]
  0x00000000030bf000 JavaThread "Reference Handler" daemon [_thread_blocked, id=17668, stack(0x00000000168f0000,0x00000000169f0000)]
  0x0000000002fd0800 JavaThread "main" [_thread_in_Java, id=128128, stack(0x0000000002dd0000,0x0000000002ed0000)]

Other Threads:
  0x0000000015764800 VMThread [stack: 0x00000000167f0000,0x00000000168f0000] [id=17680]
  0x0000000016ff3800 WatcherThread [stack: 0x00000000174f0000,0x00000000175f0000] [id=134644]

VM state:not at safepoint (normal execution)

VM Mutex/Monitor currently owned by a thread: None

Heap:
 PSYoungGen      total 52736K, used 20966K [0x00000000eab00000, 0x00000000ee580000, 0x0000000100000000)
  eden space 45568K, 46% used [0x00000000eab00000,0x00000000ebf79b68,0x00000000ed780000)
  from space 7168K, 0% used [0x00000000ede80000,0x00000000ede80000,0x00000000ee580000)
  to   space 7168K, 0% used [0x00000000ed780000,0x00000000ed780000,0x00000000ede80000)
 ParOldGen       total 120320K, used 0K [0x00000000c0000000, 0x00000000c7580000, 0x00000000eab00000)
  object space 120320K, 0% used [0x00000000c0000000,0x00000000c0000000,0x00000000c7580000)
 Metaspace       used 5748K, capacity 6768K, committed 7040K, reserved 1056768K
  class space    used 568K, capacity 616K, committed 640K, reserved 1048576K

Card table byte_map: [0x0000000012490000,0x00000000126a0000] byte_map_base: 0x0000000011e90000

Marking Bits: (ParMarkBitMap*) 0x0000000070de9d00
 Begin Bits: [0x0000000012c00000, 0x0000000013c00000)
 End Bits:   [0x0000000013c00000, 0x0000000014c00000)

Polling page: 0x0000000002d50000

CodeCache: size=245760Kb used=3675Kb max_used=3675Kb free=242084Kb
 bounds [0x00000000030d0000, 0x0000000003470000, 0x00000000120d0000]
 total_blobs=1161 nmethods=894 adapters=182
 compilation: enabled

Compilation events (10 events):
Event: 1.335 Thread 0x00000000157f7000  887       1       com.android.dx.cf.code.Ropper::access$100 (5 bytes)
Event: 1.335 Thread 0x00000000157f7000 nmethod 887 0x00000000034681d0 code [0x0000000003468320, 0x0000000003468410]
Event: 1.335 Thread 0x00000000157f7000  885       1       com.android.dx.cf.iface.StdMember::getNat (5 bytes)
Event: 1.335 Thread 0x00000000157f7000 nmethod 885 0x0000000003468490 code [0x00000000034685e0, 0x00000000034686f0]
Event: 1.335 Thread 0x00000000157f7000  891       1       com.android.dx.ssa.BasicRegisterMapper::getNewRegisterCount (5 bytes)
Event: 1.335 Thread 0x00000000157f7000 nmethod 891 0x0000000003468750 code [0x00000000034688a0, 0x00000000034689b0]
Event: 1.335 Thread 0x00000000157f7000  892       1       com.android.dx.rop.code.BasicBlockList$RegCountVisitor::getRegCount (5 bytes)
Event: 1.335 Thread 0x00000000157f7000 nmethod 892 0x0000000003468a10 code [0x0000000003468b60, 0x0000000003468c70]
Event: 1.335 Thread 0x00000000157f7000  879       1       java.util.concurrent.atomic.AtomicInteger::get (5 bytes)
Event: 1.335 Thread 0x00000000157f7000 nmethod 879 0x0000000003468cd0 code [0x0000000003468e20, 0x0000000003468f30]

GC Heap History (0 events):
No events

Deoptimization events (9 events):
Event: 0.288 Thread 0x0000000002fd0800 Uncommon trap: reason=unstable_if action=reinterpret pc=0x0000000003208fd0 method=java.lang.String.indexOf(II)I @ 49
Event: 0.979 Thread 0x00000000171b5800 Uncommon trap: reason=unstable_if action=reinterpret pc=0x00000000033677f4 method=java.util.BitSet.ensureCapacity(I)V @ 6
Event: 0.980 Thread 0x00000000171b5800 Uncommon trap: reason=unstable_if action=reinterpret pc=0x0000000003302530 method=java.util.BitSet.nextSetBit(I)I @ 87
Event: 1.211 Thread 0x00000000171b5800 Uncommon trap: reason=class_check action=maybe_recompile pc=0x0000000003375f70 method=com.android.dx.ssa.NormalSsaInsn.accept(Lcom/android/dx/ssa/SsaInsn$Visitor;)V @ 9
Event: 1.247 Thread 0x0000000002fd0800 Uncommon trap: reason=class_check action=maybe_recompile pc=0x0000000003375f70 method=com.android.dx.ssa.NormalSsaInsn.accept(Lcom/android/dx/ssa/SsaInsn$Visitor;)V @ 9
Event: 1.247 Thread 0x0000000002fd0800 Uncommon trap: reason=class_check action=maybe_recompile pc=0x0000000003375f70 method=com.android.dx.ssa.NormalSsaInsn.accept(Lcom/android/dx/ssa/SsaInsn$Visitor;)V @ 9
Event: 1.247 Thread 0x0000000002fd0800 Uncommon trap: reason=class_check action=maybe_recompile pc=0x0000000003375f70 method=com.android.dx.ssa.NormalSsaInsn.accept(Lcom/android/dx/ssa/SsaInsn$Visitor;)V @ 9
Event: 1.316 Thread 0x00000000171b6800 Uncommon trap: reason=unstable_if action=reinterpret pc=0x00000000033ec30c method=com.android.dx.rop.code.RegisterSpecSet.put(Lcom/android/dx/rop/code/RegisterSpec;)V @ 77
Event: 1.316 Thread 0x00000000171b6800 Uncommon trap: reason=unstable_if action=reinterpret pc=0x0000000003421d4c method=com.android.dx.rop.code.RegisterSpecSet.put(Lcom/android/dx/rop/code/RegisterSpec;)V @ 77

Internal exceptions (2 events):
Event: 0.046 Thread 0x0000000002fd0800 Exception <a 'java/lang/NoSuchMethodError': Method sun.misc.Unsafe.defineClass(Ljava/lang/String;[BII)Ljava/lang/Class; name or signature does not match> (0x00000000eab07cc0) thrown at [C:\src\android\AOSP-openjdk\external\jetbrains\jdk\hotspot\src\share\vÐãls´§?
Event: 0.046 Thread 0x0000000002fd0800 Exception <a 'java/lang/NoSuchMethodError': Method sun.misc.Unsafe.prefetchRead(Ljava/lang/Object;J)V name or signature does not match> (0x00000000eab07fa8) thrown at [C:\src\android\AOSP-openjdk\external\jetbrains\jdk\hotspot\src\share\vm\prims\jni.cpp, l

Events (10 events):
Event: 1.248 Thread 0x0000000002fd0800 DEOPT PACKING pc=0x0000000003375f70 sp=0x0000000002ecdcc0
Event: 1.248 Thread 0x0000000002fd0800 DEOPT UNPACKING pc=0x000000000311556a sp=0x0000000002ecdc50 mode 2
Event: 1.312 loading class com/android/dx/cf/code/BytecodeArray$ConstantParserVisitor
Event: 1.312 loading class com/android/dx/cf/code/BytecodeArray$ConstantParserVisitor done
Event: 1.316 Thread 0x00000000171b6800 Uncommon trap: trap_request=0xffffff65 fr.pc=0x00000000033ec30c
Event: 1.316 Thread 0x00000000171b6800 DEOPT PACKING pc=0x00000000033ec30c sp=0x0000000017aee830
Event: 1.316 Thread 0x00000000171b6800 DEOPT UNPACKING pc=0x000000000311556a sp=0x0000000017aee7b8 mode 2
Event: 1.316 Thread 0x00000000171b6800 Uncommon trap: trap_request=0xffffff65 fr.pc=0x0000000003421d4c
Event: 1.316 Thread 0x00000000171b6800 DEOPT PACKING pc=0x0000000003421d4c sp=0x0000000017aee820
Event: 1.316 Thread 0x00000000171b6800 DEOPT UNPACKING pc=0x000000000311556a sp=0x0000000017aee740 mode 2


Dynamic libraries:
0x00007ff68f2c0000 - 0x00007ff68f2f1000 	D:\android-studio\jre\bin\java.exe
0x00007ffaf3b80000 - 0x00007ffaf3d51000 	C:\WINDOWS\SYSTEM32\ntdll.dll
0x00007ffaf2f70000 - 0x00007ffaf301b000 	C:\WINDOWS\System32\KERNEL32.DLL
0x00007ffaf0e40000 - 0x00007ffaf105d000 	C:\WINDOWS\System32\KERNELBASE.dll
0x00007ffaf2e50000 - 0x00007ffaf2ef2000 	C:\WINDOWS\System32\ADVAPI32.dll
0x00007ffaf2a30000 - 0x00007ffaf2ace000 	C:\WINDOWS\System32\msvcrt.dll
0x00007ffaf1220000 - 0x00007ffaf1279000 	C:\WINDOWS\System32\sechost.dll
0x00007ffaf3a50000 - 0x00007ffaf3b71000 	C:\WINDOWS\System32\RPCRT4.dll
0x00007ffaf38c0000 - 0x00007ffaf3a25000 	C:\WINDOWS\System32\USER32.dll
0x00007ffaf0180000 - 0x00007ffaf019e000 	C:\WINDOWS\System32\win32u.dll
0x00007ffaf3880000 - 0x00007ffaf38b4000 	C:\WINDOWS\System32\GDI32.dll
0x00007ffaf0b50000 - 0x00007ffaf0cd2000 	C:\WINDOWS\System32\gdi32full.dll
0x00007ffadeb00000 - 0x00007ffaded79000 	C:\WINDOWS\WinSxS\amd64_microsoft.windows.common-controls_6595b64144ccf1df_6.0.14393.0_none_2d0f50fcbdb171b8\COMCTL32.dll
0x00007ffaf2b80000 - 0x00007ffaf2e47000 	C:\WINDOWS\System32\combase.dll
0x00007ffaf0ce0000 - 0x00007ffaf0dd5000 	C:\WINDOWS\System32\ucrtbase.dll
0x00007ffaf0110000 - 0x00007ffaf017a000 	C:\WINDOWS\System32\bcryptPrimitives.dll
0x00007ffaf3730000 - 0x00007ffaf375e000 	C:\WINDOWS\System32\IMM32.DLL
0x0000000070550000 - 0x0000000070622000 	D:\android-studio\jre\jre\bin\msvcr100.dll
0x0000000070630000 - 0x0000000070e64000 	D:\android-studio\jre\jre\bin\server\jvm.dll
0x00007ffaf2b70000 - 0x00007ffaf2b78000 	C:\WINDOWS\System32\PSAPI.DLL
0x00007ffadb5e0000 - 0x00007ffadb5e9000 	C:\WINDOWS\SYSTEM32\WSOCK32.dll
0x00007ffaf3090000 - 0x00007ffaf30fa000 	C:\WINDOWS\System32\WS2_32.dll
0x00007ffaee550000 - 0x00007ffaee573000 	C:\WINDOWS\SYSTEM32\WINMM.dll
0x00007ffaeb6d0000 - 0x00007ffaeb6da000 	C:\WINDOWS\SYSTEM32\VERSION.dll
0x00007ffaee480000 - 0x00007ffaee4ab000 	C:\WINDOWS\SYSTEM32\WINMMBASE.dll
0x00007ffaf0b00000 - 0x00007ffaf0b42000 	C:\WINDOWS\System32\cfgmgr32.dll
0x00007ffaecb20000 - 0x00007ffaecb2f000 	D:\android-studio\jre\jre\bin\verify.dll
0x00007ffad9db0000 - 0x00007ffad9dd9000 	D:\android-studio\jre\jre\bin\java.dll
0x00007ffadc820000 - 0x00007ffadc836000 	D:\android-studio\jre\jre\bin\zip.dll
0x00007ffaf1280000 - 0x00007ffaf2788000 	C:\WINDOWS\System32\SHELL32.dll
0x00007ffaf0420000 - 0x00007ffaf0afa000 	C:\WINDOWS\System32\windows.storage.dll
0x00007ffaf00b0000 - 0x00007ffaf00fc000 	C:\WINDOWS\System32\powrprof.dll
0x00007ffaf3760000 - 0x00007ffaf37b2000 	C:\WINDOWS\System32\shlwapi.dll
0x00007ffaf0100000 - 0x00007ffaf010f000 	C:\WINDOWS\System32\kernel.appcore.dll
0x00007ffaf01a0000 - 0x00007ffaf0249000 	C:\WINDOWS\System32\shcore.dll
0x00007ffaf0080000 - 0x00007ffaf0094000 	C:\WINDOWS\System32\profapi.dll

VM Arguments:
jvm_args: -Djava.awt.headless=true -Xmx1024M -Dfile.encoding=windows-1252 -Duser.country=US -Duser.language=en -Duser.variant 
java_command: com.android.dx.command.Main --dex --num-threads=4 --output D:\Timeraaa3\Timeraaa2\Timeraaa\Timeraaaa\app\build\intermediates\pre-dexed\release\library-2.4.0_836c6b72721cf85af97c8a7f3db2f08ff0fbf4ef.jar C:\Users\somai\.gradle\caches\modules-2\files-2.1\com.nineoldandroids\library\2.4.0\e9b63380f3a242dbdbf103a2355ad7e43bad17cb\library-2.4.0.jar
java_class_path (initial): C:\Users\somai\AppData\Local\Android\Sdk\build-tools\24.0.1\lib\dx.jar
Launcher Type: SUN_STANDARD

Environment Variables:
PATH=C:\ProgramData\Oracle\Java\javapath;C:\WINDOWS\system32;C:\WINDOWS;C:\WINDOWS\System32\Wbem;C:\WINDOWS\System32\WindowsPowerShell\v1.0\;C:\Program Files (x86)\Common Files\lenovo\easyplussdk\bin;C:\Program Files (x86)\ATI Technologies\ATI.ACE\Core-Static;C:\Program Files\Git\cmd;C:\Program Files\AMI\DuOS\;C:\Users\somai\AppData\Local\Microsoft\WindowsApps;
USERNAME=somai
OS=Windows_NT
PROCESSOR_IDENTIFIER=AMD64 Family 21 Model 48 Stepping 1, AuthenticAMD



---------------  S Y S T E M  ---------------

OS: Windows 10.0 , 64 bit Build 14393 (10.0.14393.0)

CPU:total 4 (4 cores per cpu, 1 threads per core) family 21 model 48 stepping 1, cmov, cx8, fxsr, mmx, sse, sse2, sse3, ssse3, sse4.1, sse4.2, popcnt, avx, aes, clmul, mmxext, 3dnowpref, lzcnt, sse4a, tsc, tscinvbit, tscinv, bmi1

Memory: 4k page, physical 11480692k(2310420k free), swap 11480692k(5240k free)

vm_info: OpenJDK 64-Bit Server VM (25.76-b03) for windows-amd64 JRE (1.8.0_76-release-b03), built on Jun 29 2016 19:09:20 by "ralucas" with MS VC++ 10.0 (VS2010)

time: Sun Aug 21 15:24:09 2016
elapsed time: 1 seconds (0d 0h 0m 1s)

