#
# There is insufficient memory for the Java Runtime Environment to continue.
# Native memory allocation (malloc) failed to allocate 32744 bytes for ChunkPool::allocate
# Possible reasons:
#   The system is out of physical RAM or swap space
#   In 32 bit mode, the process size limit was hit
# Possible solutions:
#   Reduce memory load on the system
#   Increase physical memory or swap space
#   Check if swap backing store is full
#   Use 64 bit Java on a 64 bit OS
#   Decrease Java heap size (-Xmx/-Xms)
#   Decrease number of Java threads
#   Decrease Java thread stack sizes (-Xss)
#   Set larger code cache with -XX:ReservedCodeCacheSize=
# This output file may be truncated or incomplete.
#
#  Out of Memory Error (allocation.cpp:273), pid=4792, tid=0x000000000001db14
#
# JRE version: OpenJDK Runtime Environment (8.0_76-b03) (build 1.8.0_76-release-b03)
# Java VM: OpenJDK 64-Bit Server VM (25.76-b03 mixed mode windows-amd64 compressed oops)
# Failed to write core dump. Minidumps are not enabled by default on client versions of Windows
#

---------------  T H R E A D  ---------------

Current thread (0x00000000157be000):  JavaThread "C2 CompilerThread1" daemon [_thread_in_native, id=121620, stack(0x0000000016f10000,0x0000000017010000)]

Stack: [0x0000000016f10000,0x0000000017010000]
[error occurred during error reporting (printing stack bounds), id 0xc0000005]

Native frames: (J=compiled Java code, j=interpreted, Vv=VM code, C=native code)


Current CompileTask:
C2:   1010  153       4       com.android.dx.cf.direct.ClassPathOpener::compareClassNames (42 bytes)


---------------  P R O C E S S  ---------------

Java Threads: ( => current thread )
  0x000000001581a800 JavaThread "Service Thread" daemon [_thread_blocked, id=135128, stack(0x0000000017510000,0x0000000017610000)]
  0x0000000015816800 JavaThread "C1 CompilerThread2" daemon [_thread_blocked, id=100796, stack(0x0000000017010000,0x0000000017110000)]
=>0x00000000157be000 JavaThread "C2 CompilerThread1" daemon [_thread_in_native, id=121620, stack(0x0000000016f10000,0x0000000017010000)]
  0x00000000157ba800 JavaThread "C2 CompilerThread0" daemon [_thread_in_native, id=132280, stack(0x0000000016e10000,0x0000000016f10000)]
  0x00000000157b8800 JavaThread "Attach Listener" daemon [_thread_blocked, id=128176, stack(0x0000000016d10000,0x0000000016e10000)]
  0x00000000157b7800 JavaThread "Signal Dispatcher" daemon [_thread_blocked, id=107060, stack(0x0000000016c10000,0x0000000016d10000)]
  0x00000000157a8800 JavaThread "Finalizer" daemon [_thread_blocked, id=99812, stack(0x0000000016a20000,0x0000000016b20000)]
  0x0000000015787000 JavaThread "Reference Handler" daemon [_thread_blocked, id=134848, stack(0x0000000016920000,0x0000000016a20000)]
  0x0000000002ff0800 JavaThread "main" [_thread_blocked, id=134208, stack(0x0000000002ea0000,0x0000000002fa0000)]

Other Threads:
  0x0000000015784800 VMThread [stack: 0x0000000016820000,0x0000000016920000] [id=131692]
  0x000000001581c800 WatcherThread [stack: 0x0000000017610000,0x0000000017710000] [id=2912]

VM state:not at safepoint (normal execution)

VM Mutex/Monitor currently owned by a thread: None

Heap:
 PSYoungGen      total 52736K, used 17322K [0x00000000eab00000, 0x00000000ee580000, 0x0000000100000000)
  eden space 45568K, 38% used [0x00000000eab00000,0x00000000ebbea8b0,0x00000000ed780000)
  from space 7168K, 0% used [0x00000000ede80000,0x00000000ede80000,0x00000000ee580000)
  to   space 7168K, 0% used [0x00000000ed780000,0x00000000ed780000,0x00000000ede80000)
 ParOldGen       total 120320K, used 0K [0x00000000c0000000, 0x00000000c7580000, 0x00000000eab00000)
  object space 120320K, 0% used [0x00000000c0000000,0x00000000c0000000,0x00000000c7580000)
 Metaspace       used 3360K, capacity 4720K, committed 4864K, reserved 1056768K
  class space    used 353K, capacity 424K, committed 512K, reserved 1048576K

Card table byte_map: [0x00000000124b0000,0x00000000126c0000] byte_map_base: 0x0000000011eb0000

Marking Bits: (ParMarkBitMap*) 0x0000000070de9d00
 Begin Bits: [0x0000000012c20000, 0x0000000013c20000)
 End Bits:   [0x0000000013c20000, 0x0000000014c20000)

Polling page: 0x0000000001300000

CodeCache: size=245760Kb used=1410Kb max_used=1416Kb free=244350Kb
 bounds [0x00000000030f0000, 0x0000000003360000, 0x00000000120f0000]
 total_blobs=397 nmethods=156 adapters=156
 compilation: enabled

Compilation events (10 events):
Event: 0.865 Thread 0x00000000157be000 nmethod 148 0x000000000324bed0 code [0x000000000324c040, 0x000000000324c3d8]
Event: 0.865 Thread 0x00000000157be000  149       4       java.util.regex.Matcher::quoteReplacement (82 bytes)
Event: 0.867 Thread 0x00000000157ba800 nmethod 141 0x0000000003250590 code [0x0000000003250740, 0x00000000032514f8]
Event: 0.871 Thread 0x00000000157be000 nmethod 149 0x000000000324e690 code [0x000000000324e7e0, 0x000000000324ea38]
Event: 0.879 Thread 0x00000000157ba800  150       4       java.util.regex.Matcher::replaceAll (59 bytes)
Event: 0.891 Thread 0x00000000157ba800 nmethod 150 0x000000000324d710 code [0x000000000324d880, 0x000000000324de78]
Event: 0.962 Thread 0x00000000157be000  151       4       java.util.regex.Matcher::find (69 bytes)
Event: 0.967 Thread 0x00000000157ba800  152       4       com.android.dx.cf.direct.ClassPathOpener$3::compare (13 bytes)
Event: 0.973 Thread 0x00000000157be000 nmethod 151 0x000000000324f790 code [0x000000000324f900, 0x000000000324ff18]
Event: 0.973 Thread 0x00000000157be000  153       4       com.android.dx.cf.direct.ClassPathOpener::compareClassNames (42 bytes)

GC Heap History (0 events):
No events

Deoptimization events (0 events):
No events

Internal exceptions (2 events):
Event: 0.225 Thread 0x0000000002ff0800 Exception <a 'java/lang/NoSuchMethodError': Method sun.misc.Unsafe.defineClass(Ljava/lang/String;[BII)Ljava/lang/Class; name or signature does not match> (0x00000000eab07cc0) thrown at [C:\src\android\AOSP-openjdk\external\jetbrains\jdk\hotspot\src\share\ve7ﬂªé‹Ã?
Event: 0.225 Thread 0x0000000002ff0800 Exception <a 'java/lang/NoSuchMethodError': Method sun.misc.Unsafe.prefetchRead(Ljava/lang/Object;J)V name or signature does not match> (0x00000000eab07fa8) thrown at [C:\src\android\AOSP-openjdk\external\jetbrains\jdk\hotspot\src\share\vm\prims\jni.cpp, l

Events (10 events):
Event: 0.849 Thread 0x0000000002ff0800 DEOPT PACKING pc=0x000000000320ef65 sp=0x0000000002f9ee00
Event: 0.849 Thread 0x0000000002ff0800 DEOPT UNPACKING pc=0x00000000031371bf sp=0x0000000002f9eb10 mode 0
Event: 0.851 Thread 0x0000000002ff0800 DEOPT PACKING pc=0x000000000320ef32 sp=0x0000000002f9ef10
Event: 0.851 Thread 0x0000000002ff0800 DEOPT UNPACKING pc=0x00000000031371bf sp=0x0000000002f9ec10 mode 0
Event: 0.852 Thread 0x0000000002ff0800 DEOPT PACKING pc=0x000000000320ef32 sp=0x0000000002f9ef10
Event: 0.852 Thread 0x0000000002ff0800 DEOPT UNPACKING pc=0x00000000031371bf sp=0x0000000002f9ec10 mode 0
Event: 0.852 Thread 0x0000000002ff0800 DEOPT PACKING pc=0x000000000320ef32 sp=0x0000000002f9ee00
Event: 0.852 Thread 0x0000000002ff0800 DEOPT UNPACKING pc=0x00000000031371bf sp=0x0000000002f9eb00 mode 0
Event: 0.853 Thread 0x0000000002ff0800 DEOPT PACKING pc=0x000000000320ef32 sp=0x0000000002f9ef10
Event: 0.853 Thread 0x0000000002ff0800 DEOPT UNPACKING pc=0x00000000031371bf sp=0x0000000002f9ec10 mode 0


Dynamic libraries:
0x00007ff68f2c0000 - 0x00007ff68f2f1000 	D:\android-studio\jre\bin\java.exe
0x00007ffaf3b80000 - 0x00007ffaf3d51000 	C:\WINDOWS\SYSTEM32\ntdll.dll
0x00007ffaf2f70000 - 0x00007ffaf301b000 	C:\WINDOWS\System32\KERNEL32.DLL
0x00007ffaf0e40000 - 0x00007ffaf105d000 	C:\WINDOWS\System32\KERNELBASE.dll
0x00007ffaf2e50000 - 0x00007ffaf2ef2000 	C:\WINDOWS\System32\ADVAPI32.dll
0x00007ffaf2a30000 - 0x00007ffaf2ace000 	C:\WINDOWS\System32\msvcrt.dll
0x00007ffaf1220000 - 0x00007ffaf1279000 	C:\WINDOWS\System32\sechost.dll
0x00007ffaf3a50000 - 0x00007ffaf3b71000 	C:\WINDOWS\System32\RPCRT4.dll
0x00007ffaf38c0000 - 0x00007ffaf3a25000 	C:\WINDOWS\System32\USER32.dll
0x00007ffaf0180000 - 0x00007ffaf019e000 	C:\WINDOWS\System32\win32u.dll
0x00007ffaf3880000 - 0x00007ffaf38b4000 	C:\WINDOWS\System32\GDI32.dll
0x00007ffaf0b50000 - 0x00007ffaf0cd2000 	C:\WINDOWS\System32\gdi32full.dll
0x00007ffadeb00000 - 0x00007ffaded79000 	C:\WINDOWS\WinSxS\amd64_microsoft.windows.common-controls_6595b64144ccf1df_6.0.14393.0_none_2d0f50fcbdb171b8\COMCTL32.dll
0x00007ffaf2b80000 - 0x00007ffaf2e47000 	C:\WINDOWS\System32\combase.dll
0x00007ffaf0ce0000 - 0x00007ffaf0dd5000 	C:\WINDOWS\System32\ucrtbase.dll
0x00007ffaf0110000 - 0x00007ffaf017a000 	C:\WINDOWS\System32\bcryptPrimitives.dll
0x00007ffaf3730000 - 0x00007ffaf375e000 	C:\WINDOWS\System32\IMM32.DLL
0x0000000070550000 - 0x0000000070622000 	D:\android-studio\jre\jre\bin\msvcr100.dll
0x0000000070630000 - 0x0000000070e64000 	D:\android-studio\jre\jre\bin\server\jvm.dll
0x00007ffaf2b70000 - 0x00007ffaf2b78000 	C:\WINDOWS\System32\PSAPI.DLL
0x00007ffadb5e0000 - 0x00007ffadb5e9000 	C:\WINDOWS\SYSTEM32\WSOCK32.dll
0x00007ffaf3090000 - 0x00007ffaf30fa000 	C:\WINDOWS\System32\WS2_32.dll
0x00007ffaee550000 - 0x00007ffaee573000 	C:\WINDOWS\SYSTEM32\WINMM.dll
0x00007ffaeb6d0000 - 0x00007ffaeb6da000 	C:\WINDOWS\SYSTEM32\VERSION.dll
0x00007ffaee480000 - 0x00007ffaee4ab000 	C:\WINDOWS\SYSTEM32\WINMMBASE.dll
0x00007ffaf0b00000 - 0x00007ffaf0b42000 	C:\WINDOWS\System32\cfgmgr32.dll
0x00007ffaecb20000 - 0x00007ffaecb2f000 	D:\android-studio\jre\jre\bin\verify.dll
0x00007ffad9db0000 - 0x00007ffad9dd9000 	D:\android-studio\jre\jre\bin\java.dll
0x00007ffadc820000 - 0x00007ffadc836000 	D:\android-studio\jre\jre\bin\zip.dll
0x00007ffaf1280000 - 0x00007ffaf2788000 	C:\WINDOWS\System32\SHELL32.dll
0x00007ffaf0420000 - 0x00007ffaf0afa000 	C:\WINDOWS\System32\windows.storage.dll
0x00007ffaf00b0000 - 0x00007ffaf00fc000 	C:\WINDOWS\System32\powrprof.dll
0x00007ffaf3760000 - 0x00007ffaf37b2000 	C:\WINDOWS\System32\shlwapi.dll
0x00007ffaf0100000 - 0x00007ffaf010f000 	C:\WINDOWS\System32\kernel.appcore.dll
0x00007ffaf01a0000 - 0x00007ffaf0249000 	C:\WINDOWS\System32\shcore.dll
0x00007ffaf0080000 - 0x00007ffaf0094000 	C:\WINDOWS\System32\profapi.dll

VM Arguments:
jvm_args: -Djava.awt.headless=true -Xmx1024M -Dfile.encoding=windows-1252 -Duser.country=US -Duser.language=en -Duser.variant 
java_command: com.android.dx.command.Main --dex --num-threads=4 --output D:\Timeraaa3\Timeraaa2\Timeraaa\Timeraaaa\app\build\intermediates\pre-dexed\release\com.google.android.gms-play-services-basement-8.1.0_073545b89300530eb99626beb808143f2b758f55.jar D:\Timeraaa3\Timeraaa2\Timeraaa\Timeraaaa\app\build\intermediates\exploded-aar\com.google.android.gms\play-services-basement\8.1.0\jars\classes.jar
java_class_path (initial): C:\Users\somai\AppData\Local\Android\Sdk\build-tools\24.0.1\lib\dx.jar
Launcher Type: SUN_STANDARD

Environment Variables:
PATH=C:\ProgramData\Oracle\Java\javapath;C:\WINDOWS\system32;C:\WINDOWS;C:\WINDOWS\System32\Wbem;C:\WINDOWS\System32\WindowsPowerShell\v1.0\;C:\Program Files (x86)\Common Files\lenovo\easyplussdk\bin;C:\Program Files (x86)\ATI Technologies\ATI.ACE\Core-Static;C:\Program Files\Git\cmd;C:\Program Files\AMI\DuOS\;C:\Users\somai\AppData\Local\Microsoft\WindowsApps;
USERNAME=somai
OS=Windows_NT
PROCESSOR_IDENTIFIER=AMD64 Family 21 Model 48 Stepping 1, AuthenticAMD



---------------  S Y S T E M  ---------------

OS: Windows 10.0 , 64 bit Build 14393 (10.0.14393.0)

CPU:total 4 (4 cores per cpu, 1 threads per core) family 21 model 48 stepping 1, cmov, cx8, fxsr, mmx, sse, sse2, sse3, ssse3, sse4.1, sse4.2, popcnt, avx, aes, clmul, mmxext, 3dnowpref, lzcnt, sse4a, tsc, tscinvbit, tscinv, bmi1

Memory: 4k page, physical 11480692k(2153756k free), swap 11480692k(8308k free)

vm_info: OpenJDK 64-Bit Server VM (25.76-b03) for windows-amd64 JRE (1.8.0_76-release-b03), built on Jun 29 2016 19:09:20 by "ralucas" with MS VC++ 10.0 (VS2010)

time: Sun Aug 21 15:24:14 2016
elapsed time: 1 seconds (0d 0h 0m 1s)

