#
# There is insufficient memory for the Java Runtime Environment to continue.
# Native memory allocation (malloc) failed to allocate 354576 bytes for Chunk::new
# Possible reasons:
#   The system is out of physical RAM or swap space
#   In 32 bit mode, the process size limit was hit
# Possible solutions:
#   Reduce memory load on the system
#   Increase physical memory or swap space
#   Check if swap backing store is full
#   Use 64 bit Java on a 64 bit OS
#   Decrease Java heap size (-Xmx/-Xms)
#   Decrease number of Java threads
#   Decrease Java thread stack sizes (-Xss)
#   Set larger code cache with -XX:ReservedCodeCacheSize=
# This output file may be truncated or incomplete.
#
#  Out of Memory Error (allocation.cpp:390), pid=306996, tid=0x000000000004afcc
#
# JRE version: OpenJDK Runtime Environment (8.0_76-b03) (build 1.8.0_76-release-b03)
# Java VM: OpenJDK 64-Bit Server VM (25.76-b03 mixed mode windows-amd64 compressed oops)
# Failed to write core dump. Minidumps are not enabled by default on client versions of Windows
#

---------------  T H R E A D  ---------------

Current thread (0x000000001582e800):  JavaThread "C2 CompilerThread0" daemon [_thread_in_native, id=307148, stack(0x0000000016e90000,0x0000000016f90000)]

Stack: [0x0000000016e90000,0x0000000016f90000]
[error occurred during error reporting (printing stack bounds), id 0xc0000005]

Native frames: (J=compiled Java code, j=interpreted, Vv=VM code, C=native code)


Current CompileTask:
C2:    819  595       4       com.android.dx.merge.IndexMap$EncodedValueTransformer::transform (495 bytes)


---------------  P R O C E S S  ---------------

Java Threads: ( => current thread )
  0x000000001588e800 JavaThread "Service Thread" daemon [_thread_blocked, id=307132, stack(0x0000000017590000,0x0000000017690000)]
  0x0000000015834000 JavaThread "C1 CompilerThread2" daemon [_thread_blocked, id=307156, stack(0x0000000017090000,0x0000000017190000)]
  0x0000000015830800 JavaThread "C2 CompilerThread1" daemon [_thread_in_native, id=306204, stack(0x0000000016f90000,0x0000000017090000)]
=>0x000000001582e800 JavaThread "C2 CompilerThread0" daemon [_thread_in_native, id=307148, stack(0x0000000016e90000,0x0000000016f90000)]
  0x000000001582d800 JavaThread "Attach Listener" daemon [_thread_blocked, id=305668, stack(0x0000000016d90000,0x0000000016e90000)]
  0x000000001582c800 JavaThread "Signal Dispatcher" daemon [_thread_blocked, id=307124, stack(0x0000000016c90000,0x0000000016d90000)]
  0x0000000015818000 JavaThread "Finalizer" daemon [_thread_blocked, id=306216, stack(0x0000000016aa0000,0x0000000016ba0000)]
  0x0000000003153800 JavaThread "Reference Handler" daemon [_thread_blocked, id=306196, stack(0x00000000169a0000,0x0000000016aa0000)]
  0x000000000305e800 JavaThread "main" [_thread_in_vm, id=307068, stack(0x0000000002e80000,0x0000000002f80000)]

Other Threads:
  0x00000000157f4000 VMThread [stack: 0x00000000168a0000,0x00000000169a0000] [id=307092]
  0x00000000171b6000 WatcherThread [stack: 0x0000000017690000,0x0000000017790000] [id=307164]

VM state:not at safepoint (normal execution)

VM Mutex/Monitor currently owned by a thread: None

Heap:
 PSYoungGen      total 52736K, used 25650K [0x00000000eab00000, 0x00000000f1200000, 0x0000000100000000)
  eden space 45568K, 40% used [0x00000000eab00000,0x00000000ebd0f880,0x00000000ed780000)
  from space 7168K, 99% used [0x00000000ed780000,0x00000000ede7d100,0x00000000ede80000)
  to   space 7168K, 0% used [0x00000000f0b00000,0x00000000f0b00000,0x00000000f1200000)
 ParOldGen       total 120320K, used 15990K [0x00000000c0000000, 0x00000000c7580000, 0x00000000eab00000)
  object space 120320K, 13% used [0x00000000c0000000,0x00000000c0f9da98,0x00000000c7580000)
 Metaspace       used 3962K, capacity 5072K, committed 5376K, reserved 1056768K
  class space    used 405K, capacity 456K, committed 512K, reserved 1048576K

Card table byte_map: [0x0000000012520000,0x0000000012730000] byte_map_base: 0x0000000011f20000

Marking Bits: (ParMarkBitMap*) 0x0000000070de9d00
 Begin Bits: [0x0000000012c90000, 0x0000000013c90000)
 End Bits:   [0x0000000013c90000, 0x0000000014c90000)

Polling page: 0x0000000001200000

CodeCache: size=245760Kb used=2465Kb max_used=2465Kb free=243294Kb
 bounds [0x0000000003160000, 0x00000000033d0000, 0x0000000012160000]
 total_blobs=848 nmethods=596 adapters=167
 compilation: enabled

Compilation events (10 events):
Event: 0.798 Thread 0x000000001582e800 nmethod 597 0x00000000033c6710 code [0x00000000033c6880, 0x00000000033c6f78]
Event: 0.798 Thread 0x000000001582e800  591       4       com.android.dex.EncodedValueReader::checkType (43 bytes)
Event: 0.801 Thread 0x000000001582e800 nmethod 591 0x00000000033c60d0 code [0x00000000033c6220, 0x00000000033c6418]
Event: 0.801 Thread 0x000000001582e800  595       4       com.android.dx.merge.IndexMap$EncodedValueTransformer::transform (495 bytes)
Event: 0.804 Thread 0x0000000015834000  602       3       com.android.dex.Annotation::compareTo (9 bytes)
Event: 0.804 Thread 0x0000000015834000 nmethod 602 0x00000000033be810 code [0x00000000033be980, 0x00000000033bed68]
Event: 0.804 Thread 0x0000000015834000  603       3       com.android.dex.EncodedValue::compareTo (76 bytes)
Event: 0.805 Thread 0x0000000015834000 nmethod 603 0x00000000033be190 code [0x00000000033be300, 0x00000000033be670]
Event: 0.806 Thread 0x0000000015834000  604       3       java.util.ComparableTimSort::mergeLo (656 bytes)
Event: 0.809 Thread 0x0000000015834000 nmethod 604 0x00000000033ca890 code [0x00000000033cabe0, 0x00000000033cd058]

GC Heap History (2 events):
Event: 0.591 GC heap before
{Heap before GC invocations=1 (full 0):
 PSYoungGen      total 52736K, used 45568K [0x00000000eab00000, 0x00000000ee580000, 0x0000000100000000)
  eden space 45568K, 100% used [0x00000000eab00000,0x00000000ed780000,0x00000000ed780000)
  from space 7168K, 0% used [0x00000000ede80000,0x00000000ede80000,0x00000000ee580000)
  to   space 7168K, 0% used [0x00000000ed780000,0x00000000ed780000,0x00000000ede80000)
 ParOldGen       total 120320K, used 0K [0x00000000c0000000, 0x00000000c7580000, 0x00000000eab00000)
  object space 120320K, 0% used [0x00000000c0000000,0x00000000c0000000,0x00000000c7580000)
 Metaspace       used 3807K, capacity 4944K, committed 5120K, reserved 1056768K
  class space    used 397K, capacity 456K, committed 512K, reserved 1048576K
Event: 0.611 GC heap after
Heap after GC invocations=1 (full 0):
 PSYoungGen      total 52736K, used 7156K [0x00000000eab00000, 0x00000000f1200000, 0x0000000100000000)
  eden space 45568K, 0% used [0x00000000eab00000,0x00000000eab00000,0x00000000ed780000)
  from space 7168K, 99% used [0x00000000ed780000,0x00000000ede7d100,0x00000000ede80000)
  to   space 7168K, 0% used [0x00000000f0b00000,0x00000000f0b00000,0x00000000f1200000)
 ParOldGen       total 120320K, used 15990K [0x00000000c0000000, 0x00000000c7580000, 0x00000000eab00000)
  object space 120320K, 13% used [0x00000000c0000000,0x00000000c0f9da98,0x00000000c7580000)
 Metaspace       used 3807K, capacity 4944K, committed 5120K, reserved 1056768K
  class space    used 397K, capacity 456K, committed 512K, reserved 1048576K
}

Deoptimization events (10 events):
Event: 0.755 Thread 0x000000000305e800 Uncommon trap: reason=class_check action=maybe_recompile pc=0x00000000033183b4 method=com.android.dex.Leb128.readUnsignedLeb128(Lcom/android/dex/util/ByteInput;)I @ 5
Event: 0.755 Thread 0x000000000305e800 Uncommon trap: reason=predicate action=maybe_recompile pc=0x000000000331fd48 method=com.android.dex.Leb128.writeUnsignedLeb128(Lcom/android/dex/util/ByteOutput;I)V @ 9
Event: 0.755 Thread 0x000000000305e800 Uncommon trap: reason=class_check action=maybe_recompile pc=0x00000000033183b4 method=com.android.dex.Leb128.readUnsignedLeb128(Lcom/android/dex/util/ByteInput;)I @ 5
Event: 0.756 Thread 0x000000000305e800 Uncommon trap: reason=class_check action=maybe_recompile pc=0x00000000033183b4 method=com.android.dex.Leb128.readUnsignedLeb128(Lcom/android/dex/util/ByteInput;)I @ 5
Event: 0.803 Thread 0x000000000305e800 Uncommon trap: reason=unstable_if action=reinterpret pc=0x00000000033c6d68 method=com.android.dex.EncodedValueCodec.writeUnsignedIntegralValue(Lcom/android/dex/util/ByteOutput;IJ)V @ 11
Event: 0.803 Thread 0x000000000305e800 Uncommon trap: reason=class_check action=maybe_recompile pc=0x000000000336065c method=com.android.dx.merge.DexMerger$IdMerger$UnsortedValue.compareTo(Lcom/android/dx/merge/DexMerger$IdMerger$UnsortedValue;)I @ 8
Event: 0.803 Thread 0x000000000305e800 Uncommon trap: reason=class_check action=maybe_recompile pc=0x000000000336065c method=com.android.dx.merge.DexMerger$IdMerger$UnsortedValue.compareTo(Lcom/android/dx/merge/DexMerger$IdMerger$UnsortedValue;)I @ 8
Event: 0.803 Thread 0x000000000305e800 Uncommon trap: reason=class_check action=maybe_recompile pc=0x000000000336065c method=com.android.dx.merge.DexMerger$IdMerger$UnsortedValue.compareTo(Lcom/android/dx/merge/DexMerger$IdMerger$UnsortedValue;)I @ 8
Event: 0.803 Thread 0x000000000305e800 Uncommon trap: reason=class_check action=maybe_recompile pc=0x000000000336065c method=com.android.dx.merge.DexMerger$IdMerger$UnsortedValue.compareTo(Lcom/android/dx/merge/DexMerger$IdMerger$UnsortedValue;)I @ 8
Event: 0.803 Thread 0x000000000305e800 Uncommon trap: reason=class_check action=maybe_recompile pc=0x000000000336e978 method=com.android.dx.merge.DexMerger$IdMerger$UnsortedValue.compareTo(Lcom/android/dx/merge/DexMerger$IdMerger$UnsortedValue;)I @ 8

Internal exceptions (2 events):
Event: 0.034 Thread 0x000000000305e800 Exception <a 'java/lang/NoSuchMethodError': Method sun.misc.Unsafe.defineClass(Ljava/lang/String;[BII)Ljava/lang/Class; name or signature does not match> (0x00000000eab07cc0) thrown at [C:\src\android\AOSP-openjdk\external\jetbrains\jdk\hotspot\src\share\v†çè-˘ë°?
Event: 0.034 Thread 0x000000000305e800 Exception <a 'java/lang/NoSuchMethodError': Method sun.misc.Unsafe.prefetchRead(Ljava/lang/Object;J)V name or signature does not match> (0x00000000eab07fa8) thrown at [C:\src\android\AOSP-openjdk\external\jetbrains\jdk\hotspot\src\share\vm\prims\jni.cpp, l

Events (10 events):
Event: 0.803 Thread 0x000000000305e800 DEOPT UNPACKING pc=0x00000000031a556a sp=0x0000000002f7eec0 mode 2
Event: 0.803 Thread 0x000000000305e800 Uncommon trap: trap_request=0xffffffde fr.pc=0x000000000336065c
Event: 0.803 Thread 0x000000000305e800 DEOPT PACKING pc=0x000000000336065c sp=0x0000000002f7efa0
Event: 0.803 Thread 0x000000000305e800 DEOPT UNPACKING pc=0x00000000031a556a sp=0x0000000002f7eee0 mode 2
Event: 0.803 Thread 0x000000000305e800 Uncommon trap: trap_request=0xffffffde fr.pc=0x000000000336065c
Event: 0.803 Thread 0x000000000305e800 DEOPT PACKING pc=0x000000000336065c sp=0x0000000002f7efa0
Event: 0.803 Thread 0x000000000305e800 DEOPT UNPACKING pc=0x00000000031a556a sp=0x0000000002f7eee0 mode 2
Event: 0.803 Thread 0x000000000305e800 Uncommon trap: trap_request=0xffffffde fr.pc=0x000000000336e978
Event: 0.803 Thread 0x000000000305e800 DEOPT PACKING pc=0x000000000336e978 sp=0x0000000002f7ef20
Event: 0.803 Thread 0x000000000305e800 DEOPT UNPACKING pc=0x00000000031a556a sp=0x0000000002f7eed0 mode 2


Dynamic libraries:
0x00007ff699d90000 - 0x00007ff699dc1000 	D:\android-studio-ide-145.3200535-windows\android-studio\jre\bin\java.exe
0x00007ffaf3b80000 - 0x00007ffaf3d51000 	C:\WINDOWS\SYSTEM32\ntdll.dll
0x00007ffaf2f70000 - 0x00007ffaf301b000 	C:\WINDOWS\System32\KERNEL32.DLL
0x00007ffaf0e40000 - 0x00007ffaf105d000 	C:\WINDOWS\System32\KERNELBASE.dll
0x00007ffaf2e50000 - 0x00007ffaf2ef2000 	C:\WINDOWS\System32\ADVAPI32.dll
0x00007ffaf2a30000 - 0x00007ffaf2ace000 	C:\WINDOWS\System32\msvcrt.dll
0x00007ffaf1220000 - 0x00007ffaf1279000 	C:\WINDOWS\System32\sechost.dll
0x00007ffaf3a50000 - 0x00007ffaf3b71000 	C:\WINDOWS\System32\RPCRT4.dll
0x00007ffaf38c0000 - 0x00007ffaf3a25000 	C:\WINDOWS\System32\USER32.dll
0x00007ffaf0180000 - 0x00007ffaf019e000 	C:\WINDOWS\System32\win32u.dll
0x00007ffaf3880000 - 0x00007ffaf38b4000 	C:\WINDOWS\System32\GDI32.dll
0x00007ffaf0b50000 - 0x00007ffaf0cd2000 	C:\WINDOWS\System32\gdi32full.dll
0x00007ffadeb00000 - 0x00007ffaded79000 	C:\WINDOWS\WinSxS\amd64_microsoft.windows.common-controls_6595b64144ccf1df_6.0.14393.0_none_2d0f50fcbdb171b8\COMCTL32.dll
0x00007ffaf2b80000 - 0x00007ffaf2e47000 	C:\WINDOWS\System32\combase.dll
0x00007ffaf0ce0000 - 0x00007ffaf0dd5000 	C:\WINDOWS\System32\ucrtbase.dll
0x00007ffaf0110000 - 0x00007ffaf017a000 	C:\WINDOWS\System32\bcryptPrimitives.dll
0x00007ffaf3730000 - 0x00007ffaf375e000 	C:\WINDOWS\System32\IMM32.DLL
0x0000000070550000 - 0x0000000070622000 	D:\android-studio-ide-145.3200535-windows\android-studio\jre\jre\bin\msvcr100.dll
0x0000000070630000 - 0x0000000070e64000 	D:\android-studio-ide-145.3200535-windows\android-studio\jre\jre\bin\server\jvm.dll
0x00007ffaf2b70000 - 0x00007ffaf2b78000 	C:\WINDOWS\System32\PSAPI.DLL
0x00007ffaeb6d0000 - 0x00007ffaeb6da000 	C:\WINDOWS\SYSTEM32\VERSION.dll
0x00007ffadb5e0000 - 0x00007ffadb5e9000 	C:\WINDOWS\SYSTEM32\WSOCK32.dll
0x00007ffaee550000 - 0x00007ffaee573000 	C:\WINDOWS\SYSTEM32\WINMM.dll
0x00007ffaf3090000 - 0x00007ffaf30fa000 	C:\WINDOWS\System32\WS2_32.dll
0x00007ffaee480000 - 0x00007ffaee4ab000 	C:\WINDOWS\SYSTEM32\WINMMBASE.dll
0x00007ffaf0b00000 - 0x00007ffaf0b42000 	C:\WINDOWS\System32\cfgmgr32.dll
0x00007ffaecb20000 - 0x00007ffaecb2f000 	D:\android-studio-ide-145.3200535-windows\android-studio\jre\jre\bin\verify.dll
0x00007ffae88f0000 - 0x00007ffae8919000 	D:\android-studio-ide-145.3200535-windows\android-studio\jre\jre\bin\java.dll
0x00007ffaea0e0000 - 0x00007ffaea0f6000 	D:\android-studio-ide-145.3200535-windows\android-studio\jre\jre\bin\zip.dll
0x00007ffaf1280000 - 0x00007ffaf2788000 	C:\WINDOWS\System32\SHELL32.dll
0x00007ffaf0420000 - 0x00007ffaf0afa000 	C:\WINDOWS\System32\windows.storage.dll
0x00007ffaf00b0000 - 0x00007ffaf00fc000 	C:\WINDOWS\System32\powrprof.dll
0x00007ffaf3760000 - 0x00007ffaf37b2000 	C:\WINDOWS\System32\shlwapi.dll
0x00007ffaf0100000 - 0x00007ffaf010f000 	C:\WINDOWS\System32\kernel.appcore.dll
0x00007ffaf01a0000 - 0x00007ffaf0249000 	C:\WINDOWS\System32\shcore.dll
0x00007ffaf0080000 - 0x00007ffaf0094000 	C:\WINDOWS\System32\profapi.dll

VM Arguments:
jvm_args: -Djava.awt.headless=true -Xmx1024M -Dfile.encoding=windows-1252 -Duser.country=US -Duser.language=en -Duser.variant 
java_command: com.android.dx.command.Main --dex --num-threads=4 --output D:\Timeraaa3\Timeraaa2\Timeraaa\Timeraaaa\app\build\intermediates\transforms\dex\release\folders\1000\1f\main D:\Timeraaa3\Timeraaa2\Timeraaa\Timeraaaa\app\build\intermediates\pre-dexed\release\com.github.orhanobut-dialogplus-v1.10_0b8a9623ff47e801918442136d274dd5ed741b56.jar D:\Timeraaa3\Timeraaa2\Timeraaa\Timeraaaa\app\build\intermediates\pre-dexed\release\com.google.android.gms-play-services-measurement-8.1.0_1646c79239885d40103505b4dba60c363af3efab.jar D:\Timeraaa3\Timeraaa2\Timeraaa\Timeraaaa\app\build\intermediates\pre-dexed\release\com.android.support-appcompat-v7-23.0.1_f46e044418487985b044e5fe18ad68d502b966fb.jar D:\Timeraaa3\Timeraaa2\Timeraaa\Timeraaaa\app\build\intermediates\pre-dexed\release\internal_impl-23.0.1_27218bce83afc97e7a0a5cff5e8f717f9b427edd.jar D:\Timeraaa3\Timeraaa2\Timeraaa\Timeraaaa\app\build\intermediates\pre-dexed\release\com.google.android.gms-play-services-basement-8.1.0_073545b89300530eb99626beb808143f2b758f55.jar D:\Timeraaa3\Timeraaa2\Timeraaa\Timeraaaa\app\build\intermediates\pre-dexed\release\constraint-layout-solver-1.0.0-alpha1_6268080858b270433672fd82764e7ed59820939d.jar D:\Timeraaa3\Timeraaa2\Timeraaa\Timeraaaa\app\build\intermediates\pre-dexed\release\com.android.support.constraint-constraint-layout-1.0.0-alpha1_9d3edae6ef30d8c0915b11d7c8a64abf56f54d0c.jar D:\Timeraaa3\Timeraaa2\Timeraaa\Timeraaaa\app\build\intermediates\pre-dexed\release\release_4f44c9b685b1be89bcad4a7b8833cfbd4547555b.jar D:\Timeraaa3\Timeraaa2\Timeraaa\Timeraaaa\app\build\intermediates\pre-dexed\release\com.android.support-support-v4-23.0.1_cf9d9a9c45126298a2d10b273cf95767f8fd17bc.jar D:\Timeraaa3\Timeraaa2\Timeraaa\Timeraaaa\app\build\intermediates\pre-dexed\release\com.android.support-design-23.0.1_7ae656da0d68ab34267ada6941659287b46867eb.jar D:\Timeraaa3\Timeraaa2\Timeraaa\Timeraaaa\app\build\intermediates\pre-dexed\release\com.google.android.gms-play-services-analytics-8.1.0_bb
java_class_path (initial): C:\Users\somai\AppData\Local\Android\Sdk\build-tools\24.0.1\lib\dx.jar
Launcher Type: SUN_STANDARD

Environment Variables:
PATH=C:\ProgramData\Oracle\Java\javapath;C:\WINDOWS\system32;C:\WINDOWS;C:\WINDOWS\System32\Wbem;C:\WINDOWS\System32\WindowsPowerShell\v1.0\;C:\Program Files (x86)\Common Files\lenovo\easyplussdk\bin;C:\Program Files (x86)\ATI Technologies\ATI.ACE\Core-Static;C:\Program Files\Git\cmd;C:\Program Files\AMI\DuOS\;C:\Users\somai\AppData\Local\Microsoft\WindowsApps;
USERNAME=somai
OS=Windows_NT
PROCESSOR_IDENTIFIER=AMD64 Family 21 Model 48 Stepping 1, AuthenticAMD



---------------  S Y S T E M  ---------------

OS: Windows 10.0 , 64 bit Build 14393 (10.0.14393.0)

CPU:total 4 (4 cores per cpu, 1 threads per core) family 21 model 48 stepping 1, cmov, cx8, fxsr, mmx, sse, sse2, sse3, ssse3, sse4.1, sse4.2, popcnt, avx, aes, clmul, mmxext, 3dnowpref, lzcnt, sse4a, tsc, tscinvbit, tscinv, bmi1

Memory: 4k page, physical 11480692k(1732236k free), swap 11480692k(5244k free)

vm_info: OpenJDK 64-Bit Server VM (25.76-b03) for windows-amd64 JRE (1.8.0_76-release-b03), built on Jun 29 2016 19:09:20 by "ralucas" with MS VC++ 10.0 (VS2010)

time: Tue Aug 23 00:06:08 2016
elapsed time: 0 seconds (0d 0h 0m 0s)

