#
# There is insufficient memory for the Java Runtime Environment to continue.
# Native memory allocation (malloc) failed to allocate 1816656 bytes for Chunk::new
# Possible reasons:
#   The system is out of physical RAM or swap space
#   In 32 bit mode, the process size limit was hit
# Possible solutions:
#   Reduce memory load on the system
#   Increase physical memory or swap space
#   Check if swap backing store is full
#   Use 64 bit Java on a 64 bit OS
#   Decrease Java heap size (-Xmx/-Xms)
#   Decrease number of Java threads
#   Decrease Java thread stack sizes (-Xss)
#   Set larger code cache with -XX:ReservedCodeCacheSize=
# This output file may be truncated or incomplete.
#
#  Out of Memory Error (allocation.cpp:390), pid=210880, tid=0x0000000000033868
#
# JRE version: OpenJDK Runtime Environment (8.0_76-b03) (build 1.8.0_76-release-b03)
# Java VM: OpenJDK 64-Bit Server VM (25.76-b03 mixed mode windows-amd64 compressed oops)
# Failed to write core dump. Minidumps are not enabled by default on client versions of Windows
#

---------------  T H R E A D  ---------------

Current thread (0x0000000014f2b800):  JavaThread "C2 CompilerThread0" daemon [_thread_in_native, id=211048, stack(0x00000000165a0000,0x00000000166a0000)]

Stack: [0x00000000165a0000,0x00000000166a0000]
[error occurred during error reporting (printing stack bounds), id 0xc0000005]

Native frames: (J=compiled Java code, j=interpreted, Vv=VM code, C=native code)


Current CompileTask:
C2:   5879 1892   !   4       com.android.dx.cf.code.Ropper::processBlock (1101 bytes)


---------------  P R O C E S S  ---------------

Java Threads: ( => current thread )
  0x0000000016fa9800 JavaThread "pool-1-thread-4" [_thread_in_Java, id=213000, stack(0x0000000017aa0000,0x0000000017ba0000)]
  0x0000000016fa4800 JavaThread "pool-1-thread-3" [_thread_in_Java, id=211020, stack(0x00000000179a0000,0x0000000017aa0000)]
  0x0000000016fa4000 JavaThread "pool-1-thread-2" [_thread_in_Java, id=209380, stack(0x00000000178a0000,0x00000000179a0000)]
  0x0000000016bf2000 JavaThread "pool-2-thread-1" [_thread_blocked, id=210672, stack(0x00000000177a0000,0x00000000178a0000)]
  0x0000000016bf0800 JavaThread "pool-1-thread-1" [_thread_in_vm, id=210664, stack(0x00000000176a0000,0x00000000177a0000)]
  0x00000000168a2800 JavaThread "Service Thread" daemon [_thread_blocked, id=210484, stack(0x0000000016ca0000,0x0000000016da0000)]
  0x0000000014f87000 JavaThread "C1 CompilerThread2" daemon [_thread_in_native, id=210520, stack(0x00000000167a0000,0x00000000168a0000)]
  0x0000000014f2d800 JavaThread "C2 CompilerThread1" daemon [_thread_in_native, id=210820, stack(0x00000000166a0000,0x00000000167a0000)]
=>0x0000000014f2b800 JavaThread "C2 CompilerThread0" daemon [_thread_in_native, id=211048, stack(0x00000000165a0000,0x00000000166a0000)]
  0x0000000014f2a000 JavaThread "Attach Listener" daemon [_thread_blocked, id=210908, stack(0x00000000164a0000,0x00000000165a0000)]
  0x0000000014f29000 JavaThread "Signal Dispatcher" daemon [_thread_blocked, id=212452, stack(0x00000000163a0000,0x00000000164a0000)]
  0x0000000014f18800 JavaThread "Finalizer" daemon [_thread_blocked, id=183292, stack(0x00000000161b0000,0x00000000162b0000)]
  0x000000000284f800 JavaThread "Reference Handler" daemon [_thread_blocked, id=210996, stack(0x00000000160b0000,0x00000000161b0000)]
  0x0000000002760800 JavaThread "main" [_thread_in_vm, id=212856, stack(0x0000000002630000,0x0000000002730000)]

Other Threads:
  0x0000000014ef3800 VMThread [stack: 0x0000000015fb0000,0x00000000160b0000] [id=212900]
  0x00000000168a4800 WatcherThread [stack: 0x0000000016da0000,0x0000000016ea0000] [id=210716]

VM state:not at safepoint (normal execution)

VM Mutex/Monitor currently owned by a thread: None

Heap:
 PSYoungGen      total 98304K, used 63145K [0x00000000eab00000, 0x00000000f1200000, 0x0000000100000000)
  eden space 91136K, 61% used [0x00000000eab00000,0x00000000ee1b23f8,0x00000000f0400000)
  from space 7168K, 99% used [0x00000000f0400000,0x00000000f0af8028,0x00000000f0b00000)
  to   space 7168K, 0% used [0x00000000f0b00000,0x00000000f0b00000,0x00000000f1200000)
 ParOldGen       total 120320K, used 16488K [0x00000000c0000000, 0x00000000c7580000, 0x00000000eab00000)
  object space 120320K, 13% used [0x00000000c0000000,0x00000000c101a238,0x00000000c7580000)
 Metaspace       used 6388K, capacity 7152K, committed 7296K, reserved 1056768K
  class space    used 590K, capacity 616K, committed 640K, reserved 1048576K

Card table byte_map: [0x0000000011c20000,0x0000000011e30000] byte_map_base: 0x0000000011620000

Marking Bits: (ParMarkBitMap*) 0x0000000070de9d00
 Begin Bits: [0x0000000012390000, 0x0000000013390000)
 End Bits:   [0x0000000013390000, 0x0000000014390000)

Polling page: 0x0000000000dd0000

CodeCache: size=245760Kb used=8151Kb max_used=8151Kb free=237608Kb
 bounds [0x0000000002860000, 0x0000000003060000, 0x0000000011860000]
 total_blobs=2193 nmethods=1925 adapters=182
 compilation: enabled

Compilation events (10 events):
Event: 5.842 Thread 0x0000000014f87000 nmethod 1957 0x0000000003046890 code [0x0000000003046be0, 0x0000000003047948]
Event: 5.844 Thread 0x0000000014f87000 1958       2       com.android.dx.cf.attrib.InnerClassList::<init> (6 bytes)
Event: 5.844 Thread 0x0000000014f87000 nmethod 1958 0x0000000003048790 code [0x0000000003048900, 0x0000000003048a68]
Event: 5.855 Thread 0x0000000014f87000 1959   !   2       com.android.dx.cf.attrib.AttInnerClasses::<init> (43 bytes)
Event: 5.856 Thread 0x0000000014f87000 nmethod 1959 0x0000000003048b10 code [0x0000000003048ca0, 0x0000000003048fb8]
Event: 5.856 Thread 0x0000000014f87000 1960       2       com.android.dx.cf.attrib.AttInnerClasses::byteLength (14 bytes)
Event: 5.856 Thread 0x0000000014f87000 nmethod 1960 0x00000000030491d0 code [0x0000000003049320, 0x0000000003049490]
Event: 5.862 Thread 0x0000000014f87000 1961   !   2       com.android.dx.cf.code.BytecodeArray::parseInstruction (2764 bytes)
Event: 5.872 Thread 0x0000000014f87000 nmethod 1961 0x0000000003049550 code [0x000000000304a480, 0x00000000030509a8]
Event: 5.872 Thread 0x0000000014f87000 1963   !   2       com.android.dx.cf.code.RopperMachine::run (1550 bytes)

GC Heap History (6 events):
Event: 3.410 GC heap before
{Heap before GC invocations=1 (full 0):
 PSYoungGen      total 52736K, used 45568K [0x00000000eab00000, 0x00000000ee580000, 0x0000000100000000)
  eden space 45568K, 100% used [0x00000000eab00000,0x00000000ed780000,0x00000000ed780000)
  from space 7168K, 0% used [0x00000000ede80000,0x00000000ede80000,0x00000000ee580000)
  to   space 7168K, 0% used [0x00000000ed780000,0x00000000ed780000,0x00000000ede80000)
 ParOldGen       total 120320K, used 0K [0x00000000c0000000, 0x00000000c7580000, 0x00000000eab00000)
  object space 120320K, 0% used [0x00000000c0000000,0x00000000c0000000,0x00000000c7580000)
 Metaspace       used 5958K, capacity 6896K, committed 7040K, reserved 1056768K
  class space    used 571K, capacity 616K, committed 640K, reserved 1048576K
Event: 3.499 GC heap after
Heap after GC invocations=1 (full 0):
 PSYoungGen      total 52736K, used 6177K [0x00000000eab00000, 0x00000000f1200000, 0x0000000100000000)
  eden space 45568K, 0% used [0x00000000eab00000,0x00000000eab00000,0x00000000ed780000)
  from space 7168K, 86% used [0x00000000ed780000,0x00000000edd88760,0x00000000ede80000)
  to   space 7168K, 0% used [0x00000000f0b00000,0x00000000f0b00000,0x00000000f1200000)
 ParOldGen       total 120320K, used 8K [0x00000000c0000000, 0x00000000c7580000, 0x00000000eab00000)
  object space 120320K, 0% used [0x00000000c0000000,0x00000000c0002000,0x00000000c7580000)
 Metaspace       used 5958K, capacity 6896K, committed 7040K, reserved 1056768K
  class space    used 571K, capacity 616K, committed 640K, reserved 1048576K
}
Event: 4.329 GC heap before
{Heap before GC invocations=2 (full 0):
 PSYoungGen      total 52736K, used 51745K [0x00000000eab00000, 0x00000000f1200000, 0x0000000100000000)
  eden space 45568K, 100% used [0x00000000eab00000,0x00000000ed780000,0x00000000ed780000)
  from space 7168K, 86% used [0x00000000ed780000,0x00000000edd88760,0x00000000ede80000)
  to   space 7168K, 0% used [0x00000000f0b00000,0x00000000f0b00000,0x00000000f1200000)
 ParOldGen       total 120320K, used 8K [0x00000000c0000000, 0x00000000c7580000, 0x00000000eab00000)
  object space 120320K, 0% used [0x00000000c0000000,0x00000000c0002000,0x00000000c7580000)
 Metaspace       used 6158K, capacity 7088K, committed 7296K, reserved 1056768K
  class space    used 571K, capacity 616K, committed 640K, reserved 1048576K
Event: 4.362 GC heap after
Heap after GC invocations=2 (full 0):
 PSYoungGen      total 98304K, used 7146K [0x00000000eab00000, 0x00000000f1200000, 0x0000000100000000)
  eden space 91136K, 0% used [0x00000000eab00000,0x00000000eab00000,0x00000000f0400000)
  from space 7168K, 99% used [0x00000000f0b00000,0x00000000f11faab8,0x00000000f1200000)
  to   space 7168K, 0% used [0x00000000f0400000,0x00000000f0400000,0x00000000f0b00000)
 ParOldGen       total 120320K, used 3994K [0x00000000c0000000, 0x00000000c7580000, 0x00000000eab00000)
  object space 120320K, 3% used [0x00000000c0000000,0x00000000c03e6960,0x00000000c7580000)
 Metaspace       used 6158K, capacity 7088K, committed 7296K, reserved 1056768K
  class space    used 571K, capacity 616K, committed 640K, reserved 1048576K
}
Event: 5.444 GC heap before
{Heap before GC invocations=3 (full 0):
 PSYoungGen      total 98304K, used 98282K [0x00000000eab00000, 0x00000000f1200000, 0x0000000100000000)
  eden space 91136K, 100% used [0x00000000eab00000,0x00000000f0400000,0x00000000f0400000)
  from space 7168K, 99% used [0x00000000f0b00000,0x00000000f11faab8,0x00000000f1200000)
  to   space 7168K, 0% used [0x00000000f0400000,0x00000000f0400000,0x00000000f0b00000)
 ParOldGen       total 120320K, used 3994K [0x00000000c0000000, 0x00000000c7580000, 0x00000000eab00000)
  object space 120320K, 3% used [0x00000000c0000000,0x00000000c03e6960,0x00000000c7580000)
 Metaspace       used 6361K, capacity 7152K, committed 7296K, reserved 1056768K
  class space    used 590K, capacity 616K, committed 640K, reserved 1048576K
Event: 5.495 GC heap after
Heap after GC invocations=3 (full 0):
 PSYoungGen      total 98304K, used 7136K [0x00000000eab00000, 0x00000000f1200000, 0x0000000100000000)
  eden space 91136K, 0% used [0x00000000eab00000,0x00000000eab00000,0x00000000f0400000)
  from space 7168K, 99% used [0x00000000f0400000,0x00000000f0af8028,0x00000000f0b00000)
  to   space 7168K, 0% used [0x00000000f0b00000,0x00000000f0b00000,0x00000000f1200000)
 ParOldGen       total 120320K, used 16488K [0x00000000c0000000, 0x00000000c7580000, 0x00000000eab00000)
  object space 120320K, 13% used [0x00000000c0000000,0x00000000c101a238,0x00000000c7580000)
 Metaspace       used 6361K, capacity 7152K, committed 7296K, reserved 1056768K
  class space    used 590K, capacity 616K, committed 640K, reserved 1048576K
}

Deoptimization events (10 events):
Event: 4.836 Thread 0x0000000016bf0800 Uncommon trap: reason=class_check action=maybe_recompile pc=0x0000000002d5cb3c method=java.util.HashMap.putVal(ILjava/lang/Object;Ljava/lang/Object;ZZ)Ljava/lang/Object; @ 203
Event: 4.836 Thread 0x0000000016bf0800 Uncommon trap: reason=class_check action=maybe_recompile pc=0x0000000002d5cb3c method=java.util.HashMap.putVal(ILjava/lang/Object;Ljava/lang/Object;ZZ)Ljava/lang/Object; @ 203
Event: 4.837 Thread 0x0000000016bf0800 Uncommon trap: reason=class_check action=maybe_recompile pc=0x0000000002d5cb3c method=java.util.HashMap.putVal(ILjava/lang/Object;Ljava/lang/Object;ZZ)Ljava/lang/Object; @ 203
Event: 4.851 Thread 0x0000000016fa4800 Uncommon trap: reason=class_check action=maybe_recompile pc=0x0000000002df7130 method=com.android.dx.ssa.SCCP.simulateBranch(Lcom/android/dx/ssa/SsaInsn;)V @ 145
Event: 5.520 Thread 0x0000000016fa4000 Uncommon trap: reason=class_check action=maybe_recompile pc=0x0000000002df7130 method=com.android.dx.ssa.SCCP.simulateBranch(Lcom/android/dx/ssa/SsaInsn;)V @ 145
Event: 5.624 Thread 0x0000000016fa4800 Uncommon trap: reason=unstable_if action=reinterpret pc=0x0000000002f92f7c method=java.util.HashMap.putVal(ILjava/lang/Object;Ljava/lang/Object;ZZ)Ljava/lang/Object; @ 109
Event: 5.631 Thread 0x0000000016bf0800 Uncommon trap: reason=class_check action=maybe_recompile pc=0x0000000002df7130 method=com.android.dx.ssa.SCCP.simulateBranch(Lcom/android/dx/ssa/SsaInsn;)V @ 145
Event: 5.761 Thread 0x0000000016bf0800 Uncommon trap: reason=unstable_if action=reinterpret pc=0x0000000002e3f28c method=com.android.dx.ssa.MoveParamCombiner$1.visitNonMoveInsn(Lcom/android/dx/ssa/NormalSsaInsn;)V @ 27
Event: 5.861 Thread 0x0000000002760800 Uncommon trap: reason=unstable_if action=reinterpret pc=0x0000000002fc5774 method=com.android.dx.cf.code.ByteCatchList.typeNotFound(Lcom/android/dx/cf/code/ByteCatchList$Item;[Lcom/android/dx/cf/code/ByteCatchList$Item;I)Z @ 34
Event: 5.865 Thread 0x0000000002760800 Uncommon trap: reason=unstable_if action=reinterpret pc=0x0000000003028f40 method=com.android.dx.rop.code.DexTranslationAdvice.hasConstantOperation(Lcom/android/dx/rop/code/Rop;Lcom/android/dx/rop/code/RegisterSpec;Lcom/android/dx/rop/code/RegisterSpec;)Z ª]2áX@

Internal exceptions (5 events):
Event: 0.182 Thread 0x0000000002760800 Exception <a 'java/lang/NoSuchMethodError': Method sun.misc.Unsafe.defineClass(Ljava/lang/String;[BII)Ljava/lang/Class; name or signature does not match> (0x00000000eab07cc0) thrown at [C:\src\android\AOSP-openjdk\external\jetbrains\jdk\hotspot\src\share\vôöÚp«?
Event: 0.183 Thread 0x0000000002760800 Exception <a 'java/lang/NoSuchMethodError': Method sun.misc.Unsafe.prefetchRead(Ljava/lang/Object;J)V name or signature does not match> (0x00000000eab07fa8) thrown at [C:\src\android\AOSP-openjdk\external\jetbrains\jdk\hotspot\src\share\vm\prims\jni.cpp, lSÇ¢•fè@
Event: 4.640 Thread 0x0000000002760800 Exception <a 'java/lang/ArrayIndexOutOfBoundsException': 18> (0x00000000ebb1fb88) thrown at [C:\src\android\AOSP-openjdk\external\jetbrains\jdk\hotspot\src\share\vm\interpreter\interpreterRuntime.cpp, line 366]
Event: 4.641 Thread 0x0000000002760800 Exception <a 'java/lang/ArrayIndexOutOfBoundsException': 145> (0x00000000ebb21708) thrown at [C:\src\android\AOSP-openjdk\external\jetbrains\jdk\hotspot\src\share\vm\interpreter\interpreterRuntime.cpp, line 366]
Event: 4.648 Thread 0x0000000002760800 Exception <a 'java/lang/ArrayIndexOutOfBoundsException'> (0x00000000ebb229f0) thrown at [C:\src\android\AOSP-openjdk\external\jetbrains\jdk\hotspot\src\share\vm\runtime\sharedRuntime.cpp, line 605]

Events (10 events):
Event: 5.631 Thread 0x0000000016bf0800 DEOPT UNPACKING pc=0x00000000028a556a sp=0x000000001779e568 mode 2
Event: 5.761 Thread 0x0000000016bf0800 Uncommon trap: trap_request=0xffffff65 fr.pc=0x0000000002e3f28c
Event: 5.761 Thread 0x0000000016bf0800 DEOPT PACKING pc=0x0000000002e3f28c sp=0x000000001779e650
Event: 5.761 Thread 0x0000000016bf0800 DEOPT UNPACKING pc=0x00000000028a556a sp=0x000000001779e5a8 mode 2
Event: 5.861 Thread 0x0000000002760800 Uncommon trap: trap_request=0xffffff65 fr.pc=0x0000000002fc5774
Event: 5.861 Thread 0x0000000002760800 DEOPT PACKING pc=0x0000000002fc5774 sp=0x000000000272e580
Event: 5.861 Thread 0x0000000002760800 DEOPT UNPACKING pc=0x00000000028a556a sp=0x000000000272e348 mode 2
Event: 5.865 Thread 0x0000000002760800 Uncommon trap: trap_request=0xffffff65 fr.pc=0x0000000003028f40
Event: 5.865 Thread 0x0000000002760800 DEOPT PACKING pc=0x0000000003028f40 sp=0x000000000272e110
Event: 5.865 Thread 0x0000000002760800 DEOPT UNPACKING pc=0x00000000028a556a sp=0x000000000272e030 mode 2


Dynamic libraries:
0x00007ff68a2a0000 - 0x00007ff68a2d1000 	D:\android-studio-ide-145.3070098-windows\android-studio\jre\bin\java.exe
0x00007ffaf3b80000 - 0x00007ffaf3d51000 	C:\WINDOWS\SYSTEM32\ntdll.dll
0x00007ffaf2f70000 - 0x00007ffaf301b000 	C:\WINDOWS\System32\KERNEL32.DLL
0x00007ffaf0e40000 - 0x00007ffaf105d000 	C:\WINDOWS\System32\KERNELBASE.dll
0x00007ffaf2e50000 - 0x00007ffaf2ef2000 	C:\WINDOWS\System32\ADVAPI32.dll
0x00007ffaf2a30000 - 0x00007ffaf2ace000 	C:\WINDOWS\System32\msvcrt.dll
0x00007ffaf1220000 - 0x00007ffaf1279000 	C:\WINDOWS\System32\sechost.dll
0x00007ffaf3a50000 - 0x00007ffaf3b71000 	C:\WINDOWS\System32\RPCRT4.dll
0x00007ffaf38c0000 - 0x00007ffaf3a25000 	C:\WINDOWS\System32\USER32.dll
0x00007ffaf0180000 - 0x00007ffaf019e000 	C:\WINDOWS\System32\win32u.dll
0x00007ffaf3880000 - 0x00007ffaf38b4000 	C:\WINDOWS\System32\GDI32.dll
0x00007ffaf0b50000 - 0x00007ffaf0cd2000 	C:\WINDOWS\System32\gdi32full.dll
0x00007ffadeb00000 - 0x00007ffaded79000 	C:\WINDOWS\WinSxS\amd64_microsoft.windows.common-controls_6595b64144ccf1df_6.0.14393.0_none_2d0f50fcbdb171b8\COMCTL32.dll
0x00007ffaf2b80000 - 0x00007ffaf2e47000 	C:\WINDOWS\System32\combase.dll
0x00007ffaf0ce0000 - 0x00007ffaf0dd5000 	C:\WINDOWS\System32\ucrtbase.dll
0x00007ffaf0110000 - 0x00007ffaf017a000 	C:\WINDOWS\System32\bcryptPrimitives.dll
0x00007ffaf3730000 - 0x00007ffaf375e000 	C:\WINDOWS\System32\IMM32.DLL
0x0000000070550000 - 0x0000000070622000 	D:\android-studio-ide-145.3070098-windows\android-studio\jre\jre\bin\msvcr100.dll
0x0000000070630000 - 0x0000000070e64000 	D:\android-studio-ide-145.3070098-windows\android-studio\jre\jre\bin\server\jvm.dll
0x00007ffaf2b70000 - 0x00007ffaf2b78000 	C:\WINDOWS\System32\PSAPI.DLL
0x00007ffadb5e0000 - 0x00007ffadb5e9000 	C:\WINDOWS\SYSTEM32\WSOCK32.dll
0x00007ffaf3090000 - 0x00007ffaf30fa000 	C:\WINDOWS\System32\WS2_32.dll
0x00007ffaee550000 - 0x00007ffaee573000 	C:\WINDOWS\SYSTEM32\WINMM.dll
0x00007ffaeb6d0000 - 0x00007ffaeb6da000 	C:\WINDOWS\SYSTEM32\VERSION.dll
0x00007ffaee480000 - 0x00007ffaee4ab000 	C:\WINDOWS\SYSTEM32\WINMMBASE.dll
0x00007ffaf0b00000 - 0x00007ffaf0b42000 	C:\WINDOWS\System32\cfgmgr32.dll
0x00007ffaecb20000 - 0x00007ffaecb2f000 	D:\android-studio-ide-145.3070098-windows\android-studio\jre\jre\bin\verify.dll
0x00007ffae48d0000 - 0x00007ffae48f9000 	D:\android-studio-ide-145.3070098-windows\android-studio\jre\jre\bin\java.dll
0x00007ffaea0e0000 - 0x00007ffaea0f6000 	D:\android-studio-ide-145.3070098-windows\android-studio\jre\jre\bin\zip.dll
0x00007ffaf1280000 - 0x00007ffaf2788000 	C:\WINDOWS\System32\SHELL32.dll
0x00007ffaf0420000 - 0x00007ffaf0afa000 	C:\WINDOWS\System32\windows.storage.dll
0x00007ffaf00b0000 - 0x00007ffaf00fc000 	C:\WINDOWS\System32\powrprof.dll
0x00007ffaf3760000 - 0x00007ffaf37b2000 	C:\WINDOWS\System32\shlwapi.dll
0x00007ffaf0100000 - 0x00007ffaf010f000 	C:\WINDOWS\System32\kernel.appcore.dll
0x00007ffaf01a0000 - 0x00007ffaf0249000 	C:\WINDOWS\System32\shcore.dll
0x00007ffaf0080000 - 0x00007ffaf0094000 	C:\WINDOWS\System32\profapi.dll

VM Arguments:
jvm_args: -Djava.awt.headless=true -Xmx1024M -Dfile.encoding=windows-1252 -Duser.country=US -Duser.language=en -Duser.variant 
java_command: com.android.dx.command.Main --dex --num-threads=4 --output D:\Timeraaa3\Timeraaa2\Timeraaa\Timeraaaa\app\build\intermediates\pre-dexed\release\com.google.android.gms-play-services-ads-8.1.0_e2e6ebc8a4fcec020b8c8d4ab84b1fbe21501294.jar D:\Timeraaa3\Timeraaa2\Timeraaa\Timeraaaa\app\build\intermediates\exploded-aar\com.google.android.gms\play-services-ads\8.1.0\jars\classes.jar
java_class_path (initial): C:\Users\somai\AppData\Local\Android\Sdk\build-tools\24.0.1\lib\dx.jar
Launcher Type: SUN_STANDARD

Environment Variables:
PATH=C:\ProgramData\Oracle\Java\javapath;C:\WINDOWS\system32;C:\WINDOWS;C:\WINDOWS\System32\Wbem;C:\WINDOWS\System32\WindowsPowerShell\v1.0\;C:\Program Files (x86)\Common Files\lenovo\easyplussdk\bin;C:\Program Files (x86)\ATI Technologies\ATI.ACE\Core-Static;C:\Program Files\Git\cmd;C:\Program Files\AMI\DuOS\;C:\Users\somai\AppData\Local\Microsoft\WindowsApps;
USERNAME=somai
OS=Windows_NT
PROCESSOR_IDENTIFIER=AMD64 Family 21 Model 48 Stepping 1, AuthenticAMD



---------------  S Y S T E M  ---------------

OS: Windows 10.0 , 64 bit Build 14393 (10.0.14393.0)

CPU:total 4 (4 cores per cpu, 1 threads per core) family 21 model 48 stepping 1, cmov, cx8, fxsr, mmx, sse, sse2, sse3, ssse3, sse4.1, sse4.2, popcnt, avx, aes, clmul, mmxext, 3dnowpref, lzcnt, sse4a, tsc, tscinvbit, tscinv, bmi1

Memory: 4k page, physical 11480692k(2205872k free), swap 11480692k(6892k free)

vm_info: OpenJDK 64-Bit Server VM (25.76-b03) for windows-amd64 JRE (1.8.0_76-release-b03), built on Jun 29 2016 19:09:20 by "ralucas" with MS VC++ 10.0 (VS2010)

time: Mon Aug 22 20:51:22 2016
elapsed time: 5 seconds (0d 0h 0m 5s)

