#
# There is insufficient memory for the Java Runtime Environment to continue.
# Native memory allocation (malloc) failed to allocate 79216 bytes for Chunk::new
# Possible reasons:
#   The system is out of physical RAM or swap space
#   In 32 bit mode, the process size limit was hit
# Possible solutions:
#   Reduce memory load on the system
#   Increase physical memory or swap space
#   Check if swap backing store is full
#   Use 64 bit Java on a 64 bit OS
#   Decrease Java heap size (-Xmx/-Xms)
#   Decrease number of Java threads
#   Decrease Java thread stack sizes (-Xss)
#   Set larger code cache with -XX:ReservedCodeCacheSize=
# This output file may be truncated or incomplete.
#
#  Out of Memory Error (allocation.cpp:390), pid=213108, tid=0x0000000000034268
#
# JRE version: OpenJDK Runtime Environment (8.0_76-b03) (build 1.8.0_76-release-b03)
# Java VM: OpenJDK 64-Bit Server VM (25.76-b03 mixed mode windows-amd64 compressed oops)
# Failed to write core dump. Minidumps are not enabled by default on client versions of Windows
#

---------------  T H R E A D  ---------------

Current thread (0x00000000148bb800):  JavaThread "C2 CompilerThread0" daemon [_thread_in_native, id=213608, stack(0x0000000015f00000,0x0000000016000000)]

Stack: [0x0000000015f00000,0x0000000016000000]
[error occurred during error reporting (printing stack bounds), id 0xc0000005]

Native frames: (J=compiled Java code, j=interpreted, Vv=VM code, C=native code)


Current CompileTask:
C2:   2533 1387   !   4       com.android.dx.cf.cst.ConstantPoolParser::parse0 (731 bytes)


---------------  P R O C E S S  ---------------

Java Threads: ( => current thread )
  0x0000000016462000 JavaThread "pool-1-thread-4" [_thread_in_Java, id=213724, stack(0x0000000017400000,0x0000000017500000)]
  0x0000000016461800 JavaThread "pool-1-thread-3" [_thread_in_Java, id=213740, stack(0x0000000017300000,0x0000000017400000)]
  0x0000000016949000 JavaThread "pool-1-thread-2" [_thread_blocked, id=213716, stack(0x0000000017200000,0x0000000017300000)]
  0x0000000016947000 JavaThread "pool-2-thread-1" [_thread_blocked, id=213700, stack(0x0000000017100000,0x0000000017200000)]
  0x0000000016440000 JavaThread "pool-1-thread-1" [_thread_blocked, id=213712, stack(0x0000000017000000,0x0000000017100000)]
  0x000000001491e000 JavaThread "Service Thread" daemon [_thread_blocked, id=213628, stack(0x0000000016600000,0x0000000016700000)]
  0x000000001491a000 JavaThread "C1 CompilerThread2" daemon [_thread_blocked, id=213672, stack(0x0000000016100000,0x0000000016200000)]
  0x00000000148bd800 JavaThread "C2 CompilerThread1" daemon [_thread_in_native, id=213584, stack(0x0000000016000000,0x0000000016100000)]
=>0x00000000148bb800 JavaThread "C2 CompilerThread0" daemon [_thread_in_native, id=213608, stack(0x0000000015f00000,0x0000000016000000)]
  0x00000000148ba000 JavaThread "Attach Listener" daemon [_thread_blocked, id=213560, stack(0x0000000015e00000,0x0000000015f00000)]
  0x00000000148b8800 JavaThread "Signal Dispatcher" daemon [_thread_blocked, id=213572, stack(0x0000000015d00000,0x0000000015e00000)]
  0x00000000148a8800 JavaThread "Finalizer" daemon [_thread_blocked, id=213580, stack(0x0000000015b10000,0x0000000015c10000)]
  0x00000000021df800 JavaThread "Reference Handler" daemon [_thread_blocked, id=213468, stack(0x0000000015a10000,0x0000000015b10000)]
  0x00000000020f0800 JavaThread "main" [_thread_in_Java, id=213384, stack(0x0000000001f90000,0x0000000002090000)]

Other Threads:
  0x0000000014883800 VMThread [stack: 0x0000000015910000,0x0000000015a10000] [id=213452]
  0x0000000016204800 WatcherThread [stack: 0x0000000016700000,0x0000000016800000] [id=213612]

VM state:not at safepoint (normal execution)

VM Mutex/Monitor currently owned by a thread: None

Heap:
 PSYoungGen      total 52736K, used 14400K [0x00000000eab00000, 0x00000000f1200000, 0x0000000100000000)
  eden space 45568K, 17% used [0x00000000eab00000,0x00000000eb2e2f88,0x00000000ed780000)
  from space 7168K, 88% used [0x00000000ed780000,0x00000000eddad1a8,0x00000000ede80000)
  to   space 7168K, 0% used [0x00000000f0b00000,0x00000000f0b00000,0x00000000f1200000)
 ParOldGen       total 120320K, used 24K [0x00000000c0000000, 0x00000000c7580000, 0x00000000eab00000)
  object space 120320K, 0% used [0x00000000c0000000,0x00000000c0006000,0x00000000c7580000)
 Metaspace       used 6035K, capacity 6960K, committed 7040K, reserved 1056768K
  class space    used 571K, capacity 616K, committed 640K, reserved 1048576K

Card table byte_map: [0x00000000115b0000,0x00000000117c0000] byte_map_base: 0x0000000010fb0000

Marking Bits: (ParMarkBitMap*) 0x0000000070de9d00
 Begin Bits: [0x0000000011d20000, 0x0000000012d20000)
 End Bits:   [0x0000000012d20000, 0x0000000013d20000)

Polling page: 0x0000000000500000

CodeCache: size=245760Kb used=5508Kb max_used=5508Kb free=240252Kb
 bounds [0x00000000021f0000, 0x0000000002760000, 0x00000000111f0000]
 total_blobs=1669 nmethods=1402 adapters=182
 compilation: enabled

Compilation events (10 events):
Event: 2.512 Thread 0x000000001491a000 1402       3       com.android.dx.cf.direct.MemberListParser::parseIfNecessary (12 bytes)
Event: 2.512 Thread 0x000000001491a000 nmethod 1402 0x0000000002753cd0 code [0x0000000002753e40, 0x0000000002754008]
Event: 2.515 Thread 0x000000001491a000 1403       3       java.util.concurrent.locks.ReentrantLock::unlock (10 bytes)
Event: 2.515 Thread 0x000000001491a000 nmethod 1403 0x0000000002754090 code [0x0000000002754220, 0x0000000002754618]
Event: 2.519 Thread 0x000000001491a000 1404       1       com.android.dx.rop.code.Insn$BaseVisitor::visitThrowingCstInsn (1 bytes)
Event: 2.519 Thread 0x000000001491a000 nmethod 1404 0x0000000002754750 code [0x00000000027548a0, 0x00000000027549b0]
Event: 2.521 Thread 0x000000001491a000 1405       3       com.android.dx.ssa.ConstCollector$2::map (28 bytes)
Event: 2.521 Thread 0x000000001491a000 nmethod 1405 0x0000000002754a10 code [0x0000000002754b80, 0x0000000002754fa8]
Event: 2.525 Thread 0x000000001491a000 1406       3       com.android.dx.cf.direct.DirectClassFile::getThisClass (9 bytes)
Event: 2.526 Thread 0x000000001491a000 nmethod 1406 0x00000000027550d0 code [0x0000000002755240, 0x0000000002755488]

GC Heap History (2 events):
Event: 2.373 GC heap before
{Heap before GC invocations=1 (full 0):
 PSYoungGen      total 52736K, used 45568K [0x00000000eab00000, 0x00000000ee580000, 0x0000000100000000)
  eden space 45568K, 100% used [0x00000000eab00000,0x00000000ed780000,0x00000000ed780000)
  from space 7168K, 0% used [0x00000000ede80000,0x00000000ede80000,0x00000000ee580000)
  to   space 7168K, 0% used [0x00000000ed780000,0x00000000ed780000,0x00000000ede80000)
 ParOldGen       total 120320K, used 0K [0x00000000c0000000, 0x00000000c7580000, 0x00000000eab00000)
  object space 120320K, 0% used [0x00000000c0000000,0x00000000c0000000,0x00000000c7580000)
 Metaspace       used 5988K, capacity 6960K, committed 7040K, reserved 1056768K
  class space    used 571K, capacity 616K, committed 640K, reserved 1048576K
Event: 2.413 GC heap after
Heap after GC invocations=1 (full 0):
 PSYoungGen      total 52736K, used 6324K [0x00000000eab00000, 0x00000000f1200000, 0x0000000100000000)
  eden space 45568K, 0% used [0x00000000eab00000,0x00000000eab00000,0x00000000ed780000)
  from space 7168K, 88% used [0x00000000ed780000,0x00000000eddad1a8,0x00000000ede80000)
  to   space 7168K, 0% used [0x00000000f0b00000,0x00000000f0b00000,0x00000000f1200000)
 ParOldGen       total 120320K, used 24K [0x00000000c0000000, 0x00000000c7580000, 0x00000000eab00000)
  object space 120320K, 0% used [0x00000000c0000000,0x00000000c0006000,0x00000000c7580000)
 Metaspace       used 5988K, capacity 6960K, committed 7040K, reserved 1056768K
  class space    used 571K, capacity 616K, committed 640K, reserved 1048576K
}

Deoptimization events (9 events):
Event: 0.933 Thread 0x00000000020f0800 Uncommon trap: reason=unstable_if action=reinterpret pc=0x00000000023428d0 method=java.lang.String.indexOf(II)I @ 49
Event: 1.679 Thread 0x0000000016949000 Uncommon trap: reason=class_check action=maybe_recompile pc=0x0000000002434918 method=com.android.dx.rop.type.Type.equals(Ljava/lang/Object;)Z @ 8
Event: 1.679 Thread 0x0000000016949000 Uncommon trap: reason=class_check action=maybe_recompile pc=0x0000000002434918 method=com.android.dx.rop.type.Type.equals(Ljava/lang/Object;)Z @ 8
Event: 1.679 Thread 0x0000000016949000 Uncommon trap: reason=unstable_if action=reinterpret pc=0x00000000024348d0 method=com.android.dx.rop.code.RegisterSpec.equals(ILcom/android/dx/rop/type/TypeBearer;Lcom/android/dx/rop/code/LocalItem;)Z @ 16
Event: 1.702 Thread 0x0000000016462000 Uncommon trap: reason=unstable_if action=reinterpret pc=0x0000000002437270 method=java.util.BitSet.nextSetBit(I)I @ 87
Event: 2.010 Thread 0x0000000016462000 Uncommon trap: reason=unloaded action=reinterpret pc=0x00000000024d994c method=com.android.dx.ssa.SsaRenamer$BlockRenamer.visitMoveInsn(Lcom/android/dx/ssa/NormalSsaInsn;)V @ 208
Event: 2.010 Thread 0x0000000016462000 Uncommon trap: reason=unstable_if action=reinterpret pc=0x0000000002553ba8 method=com.android.dx.ssa.NormalSsaInsn.getLocalAssignment()Lcom/android/dx/rop/code/RegisterSpec; @ 12
Event: 2.010 Thread 0x0000000016462000 Uncommon trap: reason=unstable_if action=reinterpret pc=0x0000000002531430 method=com.android.dx.ssa.NormalSsaInsn.getLocalAssignment()Lcom/android/dx/rop/code/RegisterSpec; @ 12
Event: 2.424 Thread 0x0000000016440000 Uncommon trap: reason=unstable_if action=reinterpret pc=0x00000000026b491c method=com.android.dx.ssa.SsaMethod.updateOneDefinition(Lcom/android/dx/ssa/SsaInsn;Lcom/android/dx/rop/code/RegisterSpec;)V @ 4

Internal exceptions (2 events):
Event: 0.118 Thread 0x00000000020f0800 Exception <a 'java/lang/NoSuchMethodError': Method sun.misc.Unsafe.defineClass(Ljava/lang/String;[BII)Ljava/lang/Class; name or signature does not match> (0x00000000eab07cc0) thrown at [C:\src\android\AOSP-openjdk\external\jetbrains\jdk\hotspot\src\share\v£•|Hô(¾?
Event: 0.118 Thread 0x00000000020f0800 Exception <a 'java/lang/NoSuchMethodError': Method sun.misc.Unsafe.prefetchRead(Ljava/lang/Object;J)V name or signature does not match> (0x00000000eab07fa8) thrown at [C:\src\android\AOSP-openjdk\external\jetbrains\jdk\hotspot\src\share\vm\prims\jni.cpp, l

Events (10 events):
Event: 2.158 loading class com/android/dx/cf/code/BytecodeArray$ConstantParserVisitor done
Event: 2.328 Executing VM operation: ForceSafepoint
Event: 2.328 Executing VM operation: ForceSafepoint done
Event: 2.373 Executing VM operation: ParallelGCFailedAllocation
Event: 2.413 Executing VM operation: ParallelGCFailedAllocation done
Event: 2.423 loading class com/android/dx/rop/code/RegOps
Event: 2.423 loading class com/android/dx/rop/code/RegOps done
Event: 2.424 Thread 0x0000000016440000 Uncommon trap: trap_request=0xffffff65 fr.pc=0x00000000026b491c
Event: 2.424 Thread 0x0000000016440000 DEOPT PACKING pc=0x00000000026b491c sp=0x00000000170feba0
Event: 2.424 Thread 0x0000000016440000 DEOPT UNPACKING pc=0x000000000223556a sp=0x00000000170feb48 mode 2


Dynamic libraries:
0x00007ff68a2a0000 - 0x00007ff68a2d1000 	D:\android-studio-ide-145.3070098-windows\android-studio\jre\bin\java.exe
0x00007ffaf3b80000 - 0x00007ffaf3d51000 	C:\WINDOWS\SYSTEM32\ntdll.dll
0x00007ffaf2f70000 - 0x00007ffaf301b000 	C:\WINDOWS\System32\KERNEL32.DLL
0x00007ffaf0e40000 - 0x00007ffaf105d000 	C:\WINDOWS\System32\KERNELBASE.dll
0x00007ffaf2e50000 - 0x00007ffaf2ef2000 	C:\WINDOWS\System32\ADVAPI32.dll
0x00007ffaf2a30000 - 0x00007ffaf2ace000 	C:\WINDOWS\System32\msvcrt.dll
0x00007ffaf1220000 - 0x00007ffaf1279000 	C:\WINDOWS\System32\sechost.dll
0x00007ffaf3a50000 - 0x00007ffaf3b71000 	C:\WINDOWS\System32\RPCRT4.dll
0x00007ffaf38c0000 - 0x00007ffaf3a25000 	C:\WINDOWS\System32\USER32.dll
0x00007ffaf0180000 - 0x00007ffaf019e000 	C:\WINDOWS\System32\win32u.dll
0x00007ffaf3880000 - 0x00007ffaf38b4000 	C:\WINDOWS\System32\GDI32.dll
0x00007ffaf0b50000 - 0x00007ffaf0cd2000 	C:\WINDOWS\System32\gdi32full.dll
0x00007ffadeb00000 - 0x00007ffaded79000 	C:\WINDOWS\WinSxS\amd64_microsoft.windows.common-controls_6595b64144ccf1df_6.0.14393.0_none_2d0f50fcbdb171b8\COMCTL32.dll
0x00007ffaf2b80000 - 0x00007ffaf2e47000 	C:\WINDOWS\System32\combase.dll
0x00007ffaf0ce0000 - 0x00007ffaf0dd5000 	C:\WINDOWS\System32\ucrtbase.dll
0x00007ffaf0110000 - 0x00007ffaf017a000 	C:\WINDOWS\System32\bcryptPrimitives.dll
0x00007ffaf3730000 - 0x00007ffaf375e000 	C:\WINDOWS\System32\IMM32.DLL
0x0000000070550000 - 0x0000000070622000 	D:\android-studio-ide-145.3070098-windows\android-studio\jre\jre\bin\msvcr100.dll
0x0000000070630000 - 0x0000000070e64000 	D:\android-studio-ide-145.3070098-windows\android-studio\jre\jre\bin\server\jvm.dll
0x00007ffaf2b70000 - 0x00007ffaf2b78000 	C:\WINDOWS\System32\PSAPI.DLL
0x00007ffadb5e0000 - 0x00007ffadb5e9000 	C:\WINDOWS\SYSTEM32\WSOCK32.dll
0x00007ffaf3090000 - 0x00007ffaf30fa000 	C:\WINDOWS\System32\WS2_32.dll
0x00007ffaee550000 - 0x00007ffaee573000 	C:\WINDOWS\SYSTEM32\WINMM.dll
0x00007ffaeb6d0000 - 0x00007ffaeb6da000 	C:\WINDOWS\SYSTEM32\VERSION.dll
0x00007ffaee480000 - 0x00007ffaee4ab000 	C:\WINDOWS\SYSTEM32\WINMMBASE.dll
0x00007ffaf0b00000 - 0x00007ffaf0b42000 	C:\WINDOWS\System32\cfgmgr32.dll
0x00007ffaecb20000 - 0x00007ffaecb2f000 	D:\android-studio-ide-145.3070098-windows\android-studio\jre\jre\bin\verify.dll
0x00007ffae48d0000 - 0x00007ffae48f9000 	D:\android-studio-ide-145.3070098-windows\android-studio\jre\jre\bin\java.dll
0x00007ffaea0e0000 - 0x00007ffaea0f6000 	D:\android-studio-ide-145.3070098-windows\android-studio\jre\jre\bin\zip.dll
0x00007ffaf1280000 - 0x00007ffaf2788000 	C:\WINDOWS\System32\SHELL32.dll
0x00007ffaf0420000 - 0x00007ffaf0afa000 	C:\WINDOWS\System32\windows.storage.dll
0x00007ffaf00b0000 - 0x00007ffaf00fc000 	C:\WINDOWS\System32\powrprof.dll
0x00007ffaf3760000 - 0x00007ffaf37b2000 	C:\WINDOWS\System32\shlwapi.dll
0x00007ffaf0100000 - 0x00007ffaf010f000 	C:\WINDOWS\System32\kernel.appcore.dll
0x00007ffaf01a0000 - 0x00007ffaf0249000 	C:\WINDOWS\System32\shcore.dll
0x00007ffaf0080000 - 0x00007ffaf0094000 	C:\WINDOWS\System32\profapi.dll

VM Arguments:
jvm_args: -Djava.awt.headless=true -Xmx1024M -Dfile.encoding=windows-1252 -Duser.country=US -Duser.language=en -Duser.variant 
java_command: com.android.dx.command.Main --dex --num-threads=4 --output D:\Timeraaa3\Timeraaa2\Timeraaa\Timeraaaa\app\build\intermediates\pre-dexed\release\com.google.android.gms-play-services-basement-8.1.0_073545b89300530eb99626beb808143f2b758f55.jar D:\Timeraaa3\Timeraaa2\Timeraaa\Timeraaaa\app\build\intermediates\exploded-aar\com.google.android.gms\play-services-basement\8.1.0\jars\classes.jar
java_class_path (initial): C:\Users\somai\AppData\Local\Android\Sdk\build-tools\24.0.1\lib\dx.jar
Launcher Type: SUN_STANDARD

Environment Variables:
PATH=C:\ProgramData\Oracle\Java\javapath;C:\WINDOWS\system32;C:\WINDOWS;C:\WINDOWS\System32\Wbem;C:\WINDOWS\System32\WindowsPowerShell\v1.0\;C:\Program Files (x86)\Common Files\lenovo\easyplussdk\bin;C:\Program Files (x86)\ATI Technologies\ATI.ACE\Core-Static;C:\Program Files\Git\cmd;C:\Program Files\AMI\DuOS\;C:\Users\somai\AppData\Local\Microsoft\WindowsApps;
USERNAME=somai
OS=Windows_NT
PROCESSOR_IDENTIFIER=AMD64 Family 21 Model 48 Stepping 1, AuthenticAMD



---------------  S Y S T E M  ---------------

OS: Windows 10.0 , 64 bit Build 14393 (10.0.14393.0)

CPU:total 4 (4 cores per cpu, 1 threads per core) family 21 model 48 stepping 1, cmov, cx8, fxsr, mmx, sse, sse2, sse3, ssse3, sse4.1, sse4.2, popcnt, avx, aes, clmul, mmxext, 3dnowpref, lzcnt, sse4a, tsc, tscinvbit, tscinv, bmi1

Memory: 4k page, physical 11480692k(2247160k free), swap 11480692k(5176k free)

vm_info: OpenJDK 64-Bit Server VM (25.76-b03) for windows-amd64 JRE (1.8.0_76-release-b03), built on Jun 29 2016 19:09:20 by "ralucas" with MS VC++ 10.0 (VS2010)

time: Mon Aug 22 20:51:25 2016
elapsed time: 2 seconds (0d 0h 0m 2s)

