#
# There is insufficient memory for the Java Runtime Environment to continue.
# Native memory allocation (malloc) failed to allocate 131088 bytes for Chunk::new
# Possible reasons:
#   The system is out of physical RAM or swap space
#   In 32 bit mode, the process size limit was hit
# Possible solutions:
#   Reduce memory load on the system
#   Increase physical memory or swap space
#   Check if swap backing store is full
#   Use 64 bit Java on a 64 bit OS
#   Decrease Java heap size (-Xmx/-Xms)
#   Decrease number of Java threads
#   Decrease Java thread stack sizes (-Xss)
#   Set larger code cache with -XX:ReservedCodeCacheSize=
# This output file may be truncated or incomplete.
#
#  Out of Memory Error (allocation.cpp:390), pid=7248, tid=0x00000000000076e0
#
# JRE version: OpenJDK Runtime Environment (8.0_76-b03) (build 1.8.0_76-release-b03)
# Java VM: OpenJDK 64-Bit Server VM (25.76-b03 mixed mode windows-amd64 compressed oops)
# Failed to write core dump. Minidumps are not enabled by default on client versions of Windows
#

---------------  T H R E A D  ---------------

Current thread (0x000000001520b000):  JavaThread "C2 CompilerThread0" daemon [_thread_in_native, id=30432, stack(0x0000000016780000,0x0000000016880000)]

Stack: [0x0000000016780000,0x0000000016880000]
[error occurred during error reporting (printing stack bounds), id 0xc0000005]

Native frames: (J=compiled Java code, j=interpreted, Vv=VM code, C=native code)


Current CompileTask:
C2:  14575 2555 %     4       com.android.dx.dex.code.LocalList::make @ 16 (102 bytes)


---------------  P R O C E S S  ---------------

Java Threads: ( => current thread )
  0x0000000015215000 JavaThread "Service Thread" daemon [_thread_blocked, id=21292, stack(0x0000000016a80000,0x0000000016b80000)]
  0x0000000015211000 JavaThread "C1 CompilerThread2" daemon [_thread_blocked, id=30376, stack(0x0000000016980000,0x0000000016a80000)]
  0x000000001520e000 JavaThread "C2 CompilerThread1" daemon [_thread_in_native, id=27096, stack(0x0000000016880000,0x0000000016980000)]
=>0x000000001520b000 JavaThread "C2 CompilerThread0" daemon [_thread_in_native, id=30432, stack(0x0000000016780000,0x0000000016880000)]
  0x0000000015209000 JavaThread "Attach Listener" daemon [_thread_blocked, id=31336, stack(0x0000000016680000,0x0000000016780000)]
  0x0000000015208000 JavaThread "Signal Dispatcher" daemon [_thread_blocked, id=32524, stack(0x0000000016580000,0x0000000016680000)]
  0x00000000151f8800 JavaThread "Finalizer" daemon [_thread_blocked, id=26984, stack(0x0000000016480000,0x0000000016580000)]
  0x0000000002b2f000 JavaThread "Reference Handler" daemon [_thread_blocked, id=28932, stack(0x0000000016380000,0x0000000016480000)]
  0x0000000002a40800 JavaThread "main" [_thread_in_Java, id=24280, stack(0x0000000002680000,0x0000000002780000)]

Other Threads:
  0x00000000151d4800 VMThread [stack: 0x0000000016280000,0x0000000016380000] [id=8648]
  0x0000000015217800 WatcherThread [stack: 0x0000000016b80000,0x0000000016c80000] [id=7112]

VM state:not at safepoint (normal execution)

VM Mutex/Monitor currently owned by a thread: None

Heap:
 PSYoungGen      total 98304K, used 39380K [0x00000000eab00000, 0x00000000f1200000, 0x0000000100000000)
  eden space 91136K, 35% used [0x00000000eab00000,0x00000000eca7a4b0,0x00000000f0400000)
  from space 7168K, 99% used [0x00000000f0400000,0x00000000f0afacf0,0x00000000f0b00000)
  to   space 7168K, 0% used [0x00000000f0b00000,0x00000000f0b00000,0x00000000f1200000)
 ParOldGen       total 120320K, used 60251K [0x00000000c0000000, 0x00000000c7580000, 0x00000000eab00000)
  object space 120320K, 50% used [0x00000000c0000000,0x00000000c3ad6e48,0x00000000c7580000)
 Metaspace       used 6786K, capacity 7478K, committed 7552K, reserved 1056768K
  class space    used 614K, capacity 622K, committed 640K, reserved 1048576K

Card table byte_map: [0x0000000011f00000,0x0000000012110000] byte_map_base: 0x0000000011900000

Marking Bits: (ParMarkBitMap*) 0x000000006f299d00
 Begin Bits: [0x0000000012670000, 0x0000000013670000)
 End Bits:   [0x0000000013670000, 0x0000000014670000)

Polling page: 0x0000000000ea0000

CodeCache: size=245760Kb used=10938Kb max_used=10950Kb free=234821Kb
 bounds [0x0000000002b40000, 0x0000000003600000, 0x0000000011b40000]
 total_blobs=2753 nmethods=2485 adapters=182
 compilation: enabled

Compilation events (10 events):
Event: 14.341 Thread 0x000000001520b000 nmethod 2550 0x00000000035f2110 code [0x00000000035f2400, 0x00000000035f49a0]
Event: 14.341 Thread 0x000000001520b000 2552       4       com.android.dx.rop.code.RegisterSpec::matchesVariable (68 bytes)
Event: 14.345 Thread 0x000000001520b000 nmethod 2552 0x00000000035ee650 code [0x00000000035ee7a0, 0x00000000035eec18]
Event: 14.345 Thread 0x000000001520b000 2560       4       com.android.dx.dex.code.PositionList::make (224 bytes)
Event: 14.360 Thread 0x000000001520b000 nmethod 2560 0x00000000035ef1d0 code [0x00000000035ef360, 0x00000000035efb98]
Event: 14.360 Thread 0x000000001520b000 2563       4       com.android.dx.dex.code.OutputFinisher::calculateReservedCount (122 bytes)
Event: 14.370 Thread 0x000000001520b000 nmethod 2563 0x00000000035f06d0 code [0x00000000035f08a0, 0x00000000035f1170]
Event: 14.370 Thread 0x000000001520b000 2554 %     4       com.android.dx.dex.code.DalvInsnList::makeImmutable @ 18 (51 bytes)
Event: 14.378 Thread 0x000000001520b000 nmethod 2554% 0x00000000035fa150 code [0x00000000035fa2c0, 0x00000000035fa7d8]
Event: 14.378 Thread 0x000000001520b000 2555 %     4       com.android.dx.dex.code.LocalList::make @ 16 (102 bytes)

GC Heap History (10 events):
Event: 5.218 GC heap before
{Heap before GC invocations=3 (full 0):
 PSYoungGen      total 52736K, used 52719K [0x00000000eab00000, 0x00000000f1200000, 0x0000000100000000)
  eden space 45568K, 100% used [0x00000000eab00000,0x00000000ed780000,0x00000000ed780000)
  from space 7168K, 99% used [0x00000000ede80000,0x00000000ee57be78,0x00000000ee580000)
  to   space 7168K, 0% used [0x00000000ed780000,0x00000000ed780000,0x00000000ede80000)
 ParOldGen       total 120320K, used 5495K [0x00000000c0000000, 0x00000000c7580000, 0x00000000eab00000)
  object space 120320K, 4% used [0x00000000c0000000,0x00000000c055df90,0x00000000c7580000)
 Metaspace       used 6209K, capacity 7152K, committed 7296K, reserved 1056768K
  class space    used 576K, capacity 616K, committed 640K, reserved 1048576K
Event: 5.286 GC heap after
Heap after GC invocations=3 (full 0):
 PSYoungGen      total 52736K, used 7146K [0x00000000eab00000, 0x00000000f1200000, 0x0000000100000000)
  eden space 45568K, 0% used [0x00000000eab00000,0x00000000eab00000,0x00000000ed780000)
  from space 7168K, 99% used [0x00000000ed780000,0x00000000ede7aab8,0x00000000ede80000)
  to   space 7168K, 0% used [0x00000000f0b00000,0x00000000f0b00000,0x00000000f1200000)
 ParOldGen       total 120320K, used 11488K [0x00000000c0000000, 0x00000000c7580000, 0x00000000eab00000)
  object space 120320K, 9% used [0x00000000c0000000,0x00000000c0b38050,0x00000000c7580000)
 Metaspace       used 6209K, capacity 7152K, committed 7296K, reserved 1056768K
  class space    used 576K, capacity 616K, committed 640K, reserved 1048576K
}
Event: 6.024 GC heap before
{Heap before GC invocations=4 (full 0):
 PSYoungGen      total 52736K, used 52714K [0x00000000eab00000, 0x00000000f1200000, 0x0000000100000000)
  eden space 45568K, 100% used [0x00000000eab00000,0x00000000ed780000,0x00000000ed780000)
  from space 7168K, 99% used [0x00000000ed780000,0x00000000ede7aab8,0x00000000ede80000)
  to   space 7168K, 0% used [0x00000000f0b00000,0x00000000f0b00000,0x00000000f1200000)
 ParOldGen       total 120320K, used 11488K [0x00000000c0000000, 0x00000000c7580000, 0x00000000eab00000)
  object space 120320K, 9% used [0x00000000c0000000,0x00000000c0b38050,0x00000000c7580000)
 Metaspace       used 6287K, capacity 7152K, committed 7296K, reserved 1056768K
  class space    used 576K, capacity 616K, committed 640K, reserved 1048576K
Event: 6.158 GC heap after
Heap after GC invocations=4 (full 0):
 PSYoungGen      total 98304K, used 7146K [0x00000000eab00000, 0x00000000f1200000, 0x0000000100000000)
  eden space 91136K, 0% used [0x00000000eab00000,0x00000000eab00000,0x00000000f0400000)
  from space 7168K, 99% used [0x00000000f0b00000,0x00000000f11fab48,0x00000000f1200000)
  to   space 7168K, 0% used [0x00000000f0400000,0x00000000f0400000,0x00000000f0b00000)
 ParOldGen       total 120320K, used 18539K [0x00000000c0000000, 0x00000000c7580000, 0x00000000eab00000)
  object space 120320K, 15% used [0x00000000c0000000,0x00000000c121aec8,0x00000000c7580000)
 Metaspace       used 6287K, capacity 7152K, committed 7296K, reserved 1056768K
  class space    used 576K, capacity 616K, committed 640K, reserved 1048576K
}
Event: 7.135 GC heap before
{Heap before GC invocations=5 (full 0):
 PSYoungGen      total 98304K, used 98282K [0x00000000eab00000, 0x00000000f1200000, 0x0000000100000000)
  eden space 91136K, 100% used [0x00000000eab00000,0x00000000f0400000,0x00000000f0400000)
  from space 7168K, 99% used [0x00000000f0b00000,0x00000000f11fab48,0x00000000f1200000)
  to   space 7168K, 0% used [0x00000000f0400000,0x00000000f0400000,0x00000000f0b00000)
 ParOldGen       total 120320K, used 18539K [0x00000000c0000000, 0x00000000c7580000, 0x00000000eab00000)
  object space 120320K, 15% used [0x00000000c0000000,0x00000000c121aec8,0x00000000c7580000)
 Metaspace       used 6363K, capacity 7216K, committed 7296K, reserved 1056768K
  class space    used 576K, capacity 616K, committed 640K, reserved 1048576K
Event: 7.227 GC heap after
Heap after GC invocations=5 (full 0):
 PSYoungGen      total 98304K, used 7161K [0x00000000eab00000, 0x00000000f1200000, 0x0000000100000000)
  eden space 91136K, 0% used [0x00000000eab00000,0x00000000eab00000,0x00000000f0400000)
  from space 7168K, 99% used [0x00000000f0400000,0x00000000f0afe5a8,0x00000000f0b00000)
  to   space 7168K, 0% used [0x00000000f0b00000,0x00000000f0b00000,0x00000000f1200000)
 ParOldGen       total 120320K, used 33100K [0x00000000c0000000, 0x00000000c7580000, 0x00000000eab00000)
  object space 120320K, 27% used [0x00000000c0000000,0x00000000c2053298,0x00000000c7580000)
 Metaspace       used 6363K, capacity 7216K, committed 7296K, reserved 1056768K
  class space    used 576K, capacity 616K, committed 640K, reserved 1048576K
}
Event: 7.836 GC heap before
{Heap before GC invocations=6 (full 0):
 PSYoungGen      total 98304K, used 98297K [0x00000000eab00000, 0x00000000f1200000, 0x0000000100000000)
  eden space 91136K, 100% used [0x00000000eab00000,0x00000000f0400000,0x00000000f0400000)
  from space 7168K, 99% used [0x00000000f0400000,0x00000000f0afe5a8,0x00000000f0b00000)
  to   space 7168K, 0% used [0x00000000f0b00000,0x00000000f0b00000,0x00000000f1200000)
 ParOldGen       total 120320K, used 33100K [0x00000000c0000000, 0x00000000c7580000, 0x00000000eab00000)
  object space 120320K, 27% used [0x00000000c0000000,0x00000000c2053298,0x00000000c7580000)
 Metaspace       used 6377K, capacity 7216K, committed 7296K, reserved 1056768K
  class space    used 576K, capacity 616K, committed 640K, reserved 1048576K
Event: 7.962 GC heap after
Heap after GC invocations=6 (full 0):
 PSYoungGen      total 98304K, used 7144K [0x00000000eab00000, 0x00000000f1200000, 0x0000000100000000)
  eden space 91136K, 0% used [0x00000000eab00000,0x00000000eab00000,0x00000000f0400000)
  from space 7168K, 99% used [0x00000000f0b00000,0x00000000f11fa048,0x00000000f1200000)
  to   space 7168K, 0% used [0x00000000f0400000,0x00000000f0400000,0x00000000f0b00000)
 ParOldGen       total 120320K, used 46723K [0x00000000c0000000, 0x00000000c7580000, 0x00000000eab00000)
  object space 120320K, 38% used [0x00000000c0000000,0x00000000c2da0f10,0x00000000c7580000)
 Metaspace       used 6377K, capacity 7216K, committed 7296K, reserved 1056768K
  class space    used 576K, capacity 616K, committed 640K, reserved 1048576K
}
Event: 8.614 GC heap before
{Heap before GC invocations=7 (full 0):
 PSYoungGen      total 98304K, used 98280K [0x00000000eab00000, 0x00000000f1200000, 0x0000000100000000)
  eden space 91136K, 100% used [0x00000000eab00000,0x00000000f0400000,0x00000000f0400000)
  from space 7168K, 99% used [0x00000000f0b00000,0x00000000f11fa048,0x00000000f1200000)
  to   space 7168K, 0% used [0x00000000f0400000,0x00000000f0400000,0x00000000f0b00000)
 ParOldGen       total 120320K, used 46723K [0x00000000c0000000, 0x00000000c7580000, 0x00000000eab00000)
  object space 120320K, 38% used [0x00000000c0000000,0x00000000c2da0f10,0x00000000c7580000)
 Metaspace       used 6477K, capacity 7216K, committed 7296K, reserved 1056768K
  class space    used 595K, capacity 616K, committed 640K, reserved 1048576K
Event: 9.235 GC heap after
Heap after GC invocations=7 (full 0):
 PSYoungGen      total 98304K, used 7147K [0x00000000eab00000, 0x00000000f1200000, 0x0000000100000000)
  eden space 91136K, 0% used [0x00000000eab00000,0x00000000eab00000,0x00000000f0400000)
  from space 7168K, 99% used [0x00000000f0400000,0x00000000f0afacf0,0x00000000f0b00000)
  to   space 7168K, 0% used [0x00000000f0b00000,0x00000000f0b00000,0x00000000f1200000)
 ParOldGen       total 120320K, used 60251K [0x00000000c0000000, 0x00000000c7580000, 0x00000000eab00000)
  object space 120320K, 50% used [0x00000000c0000000,0x00000000c3ad6e48,0x00000000c7580000)
 Metaspace       used 6477K, capacity 7216K, committed 7296K, reserved 1056768K
  class space    used 595K, capacity 616K, committed 640K, reserved 1048576K
}

Deoptimization events (10 events):
Event: 13.391 Thread 0x0000000002a40800 Uncommon trap: reason=speculate_class_check action=maybe_recompile pc=0x0000000002ef6928 method=com.android.dx.util.FixedSizeList.equals(Ljava/lang/Object;)Z @ 25
Event: 13.391 Thread 0x0000000002a40800 Uncommon trap: reason=class_check action=maybe_recompile pc=0x0000000002ef4c6c method=java.util.Arrays.equals([Ljava/lang/Object;[Ljava/lang/Object;)Z @ 62
Event: 13.391 Thread 0x0000000002a40800 Uncommon trap: reason=speculate_class_check action=maybe_recompile pc=0x0000000002ef6928 method=com.android.dx.util.FixedSizeList.equals(Ljava/lang/Object;)Z @ 25
Event: 13.391 Thread 0x0000000002a40800 Uncommon trap: reason=unstable_if action=reinterpret pc=0x0000000002ef4c48 method=java.util.Arrays.equals([Ljava/lang/Object;[Ljava/lang/Object;)Z @ 23
Event: 13.391 Thread 0x0000000002a40800 Uncommon trap: reason=speculate_class_check action=maybe_recompile pc=0x0000000002ef6928 method=com.android.dx.util.FixedSizeList.equals(Ljava/lang/Object;)Z @ 25
Event: 13.391 Thread 0x0000000002a40800 Uncommon trap: reason=unstable_if action=reinterpret pc=0x000000000345ea18 method=java.util.TreeMap.put(Ljava/lang/Object;Ljava/lang/Object;)Ljava/lang/Object; @ 163
Event: 13.671 Thread 0x0000000002a40800 Uncommon trap: reason=unstable_if action=reinterpret pc=0x000000000357bc80 method=com.android.dx.dex.code.OutputFinisher.findOpcodeForInsn(Lcom/android/dx/dex/code/DalvInsn;Lcom/android/dx/dex/code/Dop;)Lcom/android/dx/dex/code/Dop; @ 1
Event: 13.797 Thread 0x0000000002a40800 Uncommon trap: reason=unstable_if action=reinterpret pc=0x000000000358f594 method=com.android.dx.rop.code.RegisterSpec.matchesVariable(Lcom/android/dx/rop/code/RegisterSpec;)Z @ 59
Event: 14.122 Thread 0x0000000002a40800 Uncommon trap: reason=unstable_if action=reinterpret pc=0x00000000035c650c method=com.android.dx.dex.code.OutputFinisher.align64bits([Lcom/android/dx/dex/code/Dop;)V @ 172
Event: 14.328 Thread 0x0000000002a40800 Uncommon trap: reason=unstable_if action=reinterpret pc=0x000000000359db3c method=com.android.dx.dex.code.LocalList$MakeState.snapshot(ILcom/android/dx/rop/code/RegisterSpecSet;)V @ 86

Internal exceptions (7 events):
Event: 0.117 Thread 0x0000000002a40800 Exception <a 'java/lang/NoSuchMethodError': Method sun.misc.Unsafe.defineClass(Ljava/lang/String;[BII)Ljava/lang/Class; name or signature does not match> (0x00000000eab07cc0) thrown at [C:\src\android\AOSP-openjdk\external\jetbrains\jdk\hotspot\src\share\vEsq½Ûó½?
Event: 0.117 Thread 0x0000000002a40800 Exception <a 'java/lang/NoSuchMethodError': Method sun.misc.Unsafe.prefetchRead(Ljava/lang/Object;J)V name or signature does not match> (0x00000000eab07fa8) thrown at [C:\src\android\AOSP-openjdk\external\jetbrains\jdk\hotspot\src\share\vm\prims\jni.cpp, lx¤‡Äz<@
Event: 4.309 Thread 0x0000000016ed2000 Implicit null exception at 0x00000000031186d4 to 0x000000000311ab41
Event: 6.472 Thread 0x0000000016ecb000 Implicit null exception at 0x00000000031987fb to 0x0000000003199c7d
Event: 8.240 Thread 0x0000000016ed2000 Exception <a 'java/lang/ArrayIndexOutOfBoundsException': 18> (0x00000000ed3930e8) thrown at [C:\src\android\AOSP-openjdk\external\jetbrains\jdk\hotspot\src\share\vm\interpreter\interpreterRuntime.cpp, line 366]
Event: 8.241 Thread 0x0000000016ed2000 Exception <a 'java/lang/ArrayIndexOutOfBoundsException': 145> (0x00000000ed394c68) thrown at [C:\src\android\AOSP-openjdk\external\jetbrains\jdk\hotspot\src\share\vm\interpreter\interpreterRuntime.cpp, line 366]
Event: 8.243 Thread 0x0000000016ed2000 Exception <a 'java/lang/ArrayIndexOutOfBoundsException'> (0x00000000ed395f50) thrown at [C:\src\android\AOSP-openjdk\external\jetbrains\jdk\hotspot\src\share\vm\runtime\sharedRuntime.cpp, line 605]

Events (10 events):
Event: 14.325 Thread 0x0000000002a40800 DEOPT UNPACKING pc=0x0000000002b871bf sp=0x000000000277eb30 mode 0
Event: 14.325 Thread 0x0000000002a40800 DEOPT PACKING pc=0x00000000035673e6 sp=0x000000000277ecc0
Event: 14.325 Thread 0x0000000002a40800 DEOPT UNPACKING pc=0x0000000002b871bf sp=0x000000000277ea88 mode 0
Event: 14.325 Thread 0x0000000002a40800 DEOPT PACKING pc=0x00000000035d1563 sp=0x000000000277ecc0
Event: 14.325 Thread 0x0000000002a40800 DEOPT UNPACKING pc=0x0000000002b871bf sp=0x000000000277ea10 mode 0
Event: 14.326 Thread 0x0000000002a40800 DEOPT PACKING pc=0x000000000356e45e sp=0x000000000277ec00
Event: 14.326 Thread 0x0000000002a40800 DEOPT UNPACKING pc=0x0000000002b871bf sp=0x000000000277e958 mode 0
Event: 14.328 Thread 0x0000000002a40800 Uncommon trap: trap_request=0xffffff65 fr.pc=0x000000000359db3c
Event: 14.328 Thread 0x0000000002a40800 DEOPT PACKING pc=0x000000000359db3c sp=0x000000000277ecb0
Event: 14.328 Thread 0x0000000002a40800 DEOPT UNPACKING pc=0x0000000002b8556a sp=0x000000000277eca0 mode 2


Dynamic libraries:
0x00007ff792200000 - 0x00007ff792231000 	D:\android-studio\jre\bin\java.exe
0x00007ffadf1f0000 - 0x00007ffadf3c1000 	C:\WINDOWS\SYSTEM32\ntdll.dll
0x00007ffadc900000 - 0x00007ffadc9ab000 	C:\WINDOWS\System32\KERNEL32.DLL
0x00007ffadbcf0000 - 0x00007ffadbf0d000 	C:\WINDOWS\System32\KERNELBASE.dll
0x00007ffadec60000 - 0x00007ffaded02000 	C:\WINDOWS\System32\ADVAPI32.dll
0x00007ffade8d0000 - 0x00007ffade96e000 	C:\WINDOWS\System32\msvcrt.dll
0x00007ffade990000 - 0x00007ffade9e9000 	C:\WINDOWS\System32\sechost.dll
0x00007ffadf050000 - 0x00007ffadf171000 	C:\WINDOWS\System32\RPCRT4.dll
0x00007ffadeaf0000 - 0x00007ffadec55000 	C:\WINDOWS\System32\USER32.dll
0x00007ffadbcd0000 - 0x00007ffadbcee000 	C:\WINDOWS\System32\win32u.dll
0x00007ffadc780000 - 0x00007ffadc7b4000 	C:\WINDOWS\System32\GDI32.dll
0x00007ffadbf10000 - 0x00007ffadc092000 	C:\WINDOWS\System32\gdi32full.dll
0x00007ffac9fe0000 - 0x00007ffaca259000 	C:\WINDOWS\WinSxS\amd64_microsoft.windows.common-controls_6595b64144ccf1df_6.0.14393.0_none_2d0f50fcbdb171b8\COMCTL32.dll
0x00007ffaded10000 - 0x00007ffadefd7000 	C:\WINDOWS\System32\combase.dll
0x00007ffadba20000 - 0x00007ffadbb15000 	C:\WINDOWS\System32\ucrtbase.dll
0x00007ffadb780000 - 0x00007ffadb7ea000 	C:\WINDOWS\System32\bcryptPrimitives.dll
0x00007ffadea60000 - 0x00007ffadea8e000 	C:\WINDOWS\System32\IMM32.DLL
0x000000006ea00000 - 0x000000006ead2000 	D:\android-studio\jre\jre\bin\msvcr100.dll
0x000000006eae0000 - 0x000000006f314000 	D:\android-studio\jre\jre\bin\server\jvm.dll
0x00007ffadcb50000 - 0x00007ffadcb58000 	C:\WINDOWS\System32\PSAPI.DLL
0x00007ffac2b70000 - 0x00007ffac2b79000 	C:\WINDOWS\SYSTEM32\WSOCK32.dll
0x00007ffadf180000 - 0x00007ffadf1ea000 	C:\WINDOWS\System32\WS2_32.dll
0x00007ffad99c0000 - 0x00007ffad99e3000 	C:\WINDOWS\SYSTEM32\WINMM.dll
0x00007ffad58f0000 - 0x00007ffad58fa000 	C:\WINDOWS\SYSTEM32\VERSION.dll
0x00007ffad9810000 - 0x00007ffad983b000 	C:\WINDOWS\SYSTEM32\WINMMBASE.dll
0x00007ffadbc80000 - 0x00007ffadbcc2000 	C:\WINDOWS\System32\cfgmgr32.dll
0x00007ffad4e20000 - 0x00007ffad4e2f000 	D:\android-studio\jre\jre\bin\verify.dll
0x00007ffad3e40000 - 0x00007ffad3e69000 	D:\android-studio\jre\jre\bin\java.dll
0x00007ffad2200000 - 0x00007ffad2216000 	D:\android-studio\jre\jre\bin\zip.dll
0x00007ffadcb60000 - 0x00007ffade068000 	C:\WINDOWS\System32\SHELL32.dll
0x00007ffadc0a0000 - 0x00007ffadc77a000 	C:\WINDOWS\System32\windows.storage.dll
0x00007ffadb700000 - 0x00007ffadb74c000 	C:\WINDOWS\System32\powrprof.dll
0x00007ffadefe0000 - 0x00007ffadf032000 	C:\WINDOWS\System32\shlwapi.dll
0x00007ffadb750000 - 0x00007ffadb75f000 	C:\WINDOWS\System32\kernel.appcore.dll
0x00007ffadbb20000 - 0x00007ffadbbc9000 	C:\WINDOWS\System32\shcore.dll
0x00007ffadb760000 - 0x00007ffadb774000 	C:\WINDOWS\System32\profapi.dll

VM Arguments:
jvm_args: -Djava.awt.headless=true -Xmx1024M -Dfile.encoding=windows-1252 -Duser.country=US -Duser.language=en -Duser.variant 
java_command: com.android.dx.command.Main --dex --num-threads=4 --output D:\Timeraaa3\Timeraaa2\Timeraaa\Timeraaaa\app\build\intermediates\pre-dexed\release\com.android.support-support-v4-23.0.1_cf9d9a9c45126298a2d10b273cf95767f8fd17bc.jar D:\Timeraaa3\Timeraaa2\Timeraaa\Timeraaaa\app\build\intermediates\exploded-aar\com.android.support\support-v4\23.0.1\jars\classes.jar
java_class_path (initial): C:\Users\somai\AppData\Local\Android\Sdk\build-tools\24.0.1\lib\dx.jar
Launcher Type: SUN_STANDARD

Environment Variables:
PATH=C:\ProgramData\Oracle\Java\javapath;C:\WINDOWS\system32;C:\WINDOWS;C:\WINDOWS\System32\Wbem;C:\WINDOWS\System32\WindowsPowerShell\v1.0\;C:\Program Files (x86)\Common Files\lenovo\easyplussdk\bin;C:\Program Files (x86)\ATI Technologies\ATI.ACE\Core-Static;C:\Program Files\Git\cmd;C:\Program Files\AMI\DuOS\;C:\Users\somai\AppData\Local\Microsoft\WindowsApps;
USERNAME=somai
OS=Windows_NT
PROCESSOR_IDENTIFIER=AMD64 Family 21 Model 48 Stepping 1, AuthenticAMD



---------------  S Y S T E M  ---------------

OS: Windows 10.0 , 64 bit Build 14393 (10.0.14393.0)

CPU:total 4 (4 cores per cpu, 1 threads per core) family 21 model 48 stepping 1, cmov, cx8, fxsr, mmx, sse, sse2, sse3, ssse3, sse4.1, sse4.2, popcnt, avx, aes, clmul, mmxext, 3dnowpref, lzcnt, sse4a, tsc, tscinvbit, tscinv, bmi1

Memory: 4k page, physical 11480692k(1587404k free), swap 11480692k(5272k free)

vm_info: OpenJDK 64-Bit Server VM (25.76-b03) for windows-amd64 JRE (1.8.0_76-release-b03), built on Jun 29 2016 19:09:20 by "ralucas" with MS VC++ 10.0 (VS2010)

time: Mon Aug 15 19:26:51 2016
elapsed time: 14 seconds (0d 0h 0m 14s)

