#
# There is insufficient memory for the Java Runtime Environment to continue.
# Native memory allocation (malloc) failed to allocate 337296 bytes for Chunk::new
# Possible reasons:
#   The system is out of physical RAM or swap space
#   In 32 bit mode, the process size limit was hit
# Possible solutions:
#   Reduce memory load on the system
#   Increase physical memory or swap space
#   Check if swap backing store is full
#   Use 64 bit Java on a 64 bit OS
#   Decrease Java heap size (-Xmx/-Xms)
#   Decrease number of Java threads
#   Decrease Java thread stack sizes (-Xss)
#   Set larger code cache with -XX:ReservedCodeCacheSize=
# This output file may be truncated or incomplete.
#
#  Out of Memory Error (allocation.cpp:390), pid=313788, tid=0x000000000004c874
#
# JRE version: OpenJDK Runtime Environment (8.0_76-b03) (build 1.8.0_76-release-b03)
# Java VM: OpenJDK 64-Bit Server VM (25.76-b03 mixed mode windows-amd64 compressed oops)
# Failed to write core dump. Minidumps are not enabled by default on client versions of Windows
#

---------------  T H R E A D  ---------------

Current thread (0x0000000014e9d800):  JavaThread "C2 CompilerThread1" daemon [_thread_in_native, id=313460, stack(0x00000000165e0000,0x00000000166e0000)]

Stack: [0x00000000165e0000,0x00000000166e0000]
[error occurred during error reporting (printing stack bounds), id 0xc0000005]

Native frames: (J=compiled Java code, j=interpreted, Vv=VM code, C=native code)


Current CompileTask:
C2:   4687 1657   !   4       com.android.dx.cf.code.BytecodeArray::parseInstruction (2764 bytes)


---------------  P R O C E S S  ---------------

Java Threads: ( => current thread )
  0x0000000016eed000 JavaThread "pool-1-thread-4" [_thread_blocked, id=314232, stack(0x00000000179e0000,0x0000000017ae0000)]
  0x0000000016eec000 JavaThread "pool-1-thread-3" [_thread_blocked, id=314356, stack(0x00000000178e0000,0x00000000179e0000)]
  0x0000000016ffd800 JavaThread "pool-1-thread-2" [_thread_blocked, id=314324, stack(0x00000000177e0000,0x00000000178e0000)]
  0x0000000016fde800 JavaThread "pool-2-thread-1" [_thread_blocked, id=314252, stack(0x00000000176e0000,0x00000000177e0000)]
  0x0000000016fde000 JavaThread "pool-1-thread-1" [_thread_blocked, id=314248, stack(0x00000000175e0000,0x00000000176e0000)]
  0x0000000014efd800 JavaThread "Service Thread" daemon [_thread_blocked, id=313640, stack(0x0000000016be0000,0x0000000016ce0000)]
  0x0000000014efa000 JavaThread "C1 CompilerThread2" daemon [_thread_blocked, id=313536, stack(0x00000000166e0000,0x00000000167e0000)]
=>0x0000000014e9d800 JavaThread "C2 CompilerThread1" daemon [_thread_in_native, id=313460, stack(0x00000000165e0000,0x00000000166e0000)]
  0x0000000014e9b800 JavaThread "C2 CompilerThread0" daemon [_thread_in_native, id=314364, stack(0x00000000164e0000,0x00000000165e0000)]
  0x0000000014e9a000 JavaThread "Attach Listener" daemon [_thread_blocked, id=314352, stack(0x00000000163e0000,0x00000000164e0000)]
  0x0000000014e98800 JavaThread "Signal Dispatcher" daemon [_thread_blocked, id=314316, stack(0x00000000162e0000,0x00000000163e0000)]
  0x0000000014e88800 JavaThread "Finalizer" daemon [_thread_blocked, id=313836, stack(0x00000000160f0000,0x00000000161f0000)]
  0x00000000027bf800 JavaThread "Reference Handler" daemon [_thread_blocked, id=314336, stack(0x0000000015ff0000,0x00000000160f0000)]
  0x00000000026d0800 JavaThread "main" [_thread_blocked, id=314016, stack(0x0000000002500000,0x0000000002600000)]

Other Threads:
  0x0000000014e63800 VMThread [stack: 0x0000000015ef0000,0x0000000015ff0000] [id=314116]
  0x0000000014efe800 WatcherThread [stack: 0x0000000016ce0000,0x0000000016de0000] [id=313716]

VM state:not at safepoint (normal execution)

VM Mutex/Monitor currently owned by a thread: None

Heap:
 PSYoungGen      total 52736K, used 10160K [0x00000000eab00000, 0x00000000ee580000, 0x0000000100000000)
  eden space 45568K, 6% used [0x00000000eab00000,0x00000000eaded818,0x00000000ed780000)
  from space 7168K, 99% used [0x00000000ede80000,0x00000000ee57eaa8,0x00000000ee580000)
  to   space 7168K, 0% used [0x00000000ed780000,0x00000000ed780000,0x00000000ede80000)
 ParOldGen       total 120320K, used 4520K [0x00000000c0000000, 0x00000000c7580000, 0x00000000eab00000)
  object space 120320K, 3% used [0x00000000c0000000,0x00000000c046a068,0x00000000c7580000)
 Metaspace       used 6168K, capacity 7088K, committed 7296K, reserved 1056768K
  class space    used 571K, capacity 616K, committed 640K, reserved 1048576K

Card table byte_map: [0x0000000011b90000,0x0000000011da0000] byte_map_base: 0x0000000011590000

Marking Bits: (ParMarkBitMap*) 0x0000000070de9d00
 Begin Bits: [0x0000000012300000, 0x0000000013300000)
 End Bits:   [0x0000000013300000, 0x0000000014300000)

Polling page: 0x0000000000d70000

CodeCache: size=245760Kb used=7257Kb max_used=7257Kb free=238502Kb
 bounds [0x00000000027d0000, 0x0000000002ef0000, 0x00000000117d0000]
 total_blobs=1946 nmethods=1679 adapters=182
 compilation: enabled

Compilation events (10 events):
Event: 4.401 Thread 0x0000000014efa000 1694       2       java.lang.System$2::invokeFinalize (5 bytes)
Event: 4.401 Thread 0x0000000014efa000 nmethod 1694 0x0000000002eb7150 code [0x0000000002eb72c0, 0x0000000002eb7448]
Event: 4.401 Thread 0x0000000014efa000 1695       2       java.lang.ref.Reference::clear (6 bytes)
Event: 4.401 Thread 0x0000000014efa000 nmethod 1695 0x0000000002eeaad0 code [0x0000000002eeac20, 0x0000000002eead90]
Event: 4.630 Thread 0x0000000014efa000 1696       2       java.util.Arrays::copyOf (19 bytes)
Event: 4.630 Thread 0x0000000014efa000 nmethod 1696 0x0000000002eeae10 code [0x0000000002eeaf80, 0x0000000002eeb1e8]
Event: 4.630 Thread 0x0000000014efa000 1697   !   2       com.android.dx.rop.code.RegisterSpecSet::remove (30 bytes)
Event: 4.630 Thread 0x0000000014efa000 nmethod 1697 0x0000000002eeb2d0 code [0x0000000002eeb440, 0x0000000002eeb6a8]
Event: 4.644 Thread 0x0000000014efa000 1698       1       com.android.dx.dex.file.ClassDefItem::getThisClass (5 bytes)
Event: 4.644 Thread 0x0000000014efa000 nmethod 1698 0x0000000002eb6e90 code [0x0000000002eb6fe0, 0x0000000002eb70f0]

GC Heap History (4 events):
Event: 2.521 GC heap before
{Heap before GC invocations=1 (full 0):
 PSYoungGen      total 52736K, used 45568K [0x00000000eab00000, 0x00000000ee580000, 0x0000000100000000)
  eden space 45568K, 100% used [0x00000000eab00000,0x00000000ed780000,0x00000000ed780000)
  from space 7168K, 0% used [0x00000000ede80000,0x00000000ede80000,0x00000000ee580000)
  to   space 7168K, 0% used [0x00000000ed780000,0x00000000ed780000,0x00000000ede80000)
 ParOldGen       total 120320K, used 0K [0x00000000c0000000, 0x00000000c7580000, 0x00000000eab00000)
  object space 120320K, 0% used [0x00000000c0000000,0x00000000c0000000,0x00000000c7580000)
 Metaspace       used 5987K, capacity 6960K, committed 7040K, reserved 1056768K
  class space    used 571K, capacity 616K, committed 640K, reserved 1048576K
Event: 2.684 GC heap after
Heap after GC invocations=1 (full 0):
 PSYoungGen      total 52736K, used 6721K [0x00000000eab00000, 0x00000000ee580000, 0x0000000100000000)
  eden space 45568K, 0% used [0x00000000eab00000,0x00000000eab00000,0x00000000ed780000)
  from space 7168K, 93% used [0x00000000ed780000,0x00000000ede107f8,0x00000000ede80000)
  to   space 7168K, 0% used [0x00000000ede80000,0x00000000ede80000,0x00000000ee580000)
 ParOldGen       total 120320K, used 16K [0x00000000c0000000, 0x00000000c7580000, 0x00000000eab00000)
  object space 120320K, 0% used [0x00000000c0000000,0x00000000c0004000,0x00000000c7580000)
 Metaspace       used 5987K, capacity 6960K, committed 7040K, reserved 1056768K
  class space    used 571K, capacity 616K, committed 640K, reserved 1048576K
}
Event: 4.338 GC heap before
{Heap before GC invocations=2 (full 0):
 PSYoungGen      total 52736K, used 52289K [0x00000000eab00000, 0x00000000ee580000, 0x0000000100000000)
  eden space 45568K, 100% used [0x00000000eab00000,0x00000000ed780000,0x00000000ed780000)
  from space 7168K, 93% used [0x00000000ed780000,0x00000000ede107f8,0x00000000ede80000)
  to   space 7168K, 0% used [0x00000000ede80000,0x00000000ede80000,0x00000000ee580000)
 ParOldGen       total 120320K, used 16K [0x00000000c0000000, 0x00000000c7580000, 0x00000000eab00000)
  object space 120320K, 0% used [0x00000000c0000000,0x00000000c0004000,0x00000000c7580000)
 Metaspace       used 6167K, capacity 7088K, committed 7296K, reserved 1056768K
  class space    used 571K, capacity 616K, committed 640K, reserved 1048576K
Event: 4.389 GC heap after
Heap after GC invocations=2 (full 0):
 PSYoungGen      total 52736K, used 7162K [0x00000000eab00000, 0x00000000ee580000, 0x0000000100000000)
  eden space 45568K, 0% used [0x00000000eab00000,0x00000000eab00000,0x00000000ed780000)
  from space 7168K, 99% used [0x00000000ede80000,0x00000000ee57eaa8,0x00000000ee580000)
  to   space 7168K, 0% used [0x00000000ed780000,0x00000000ed780000,0x00000000ede80000)
 ParOldGen       total 120320K, used 4520K [0x00000000c0000000, 0x00000000c7580000, 0x00000000eab00000)
  object space 120320K, 3% used [0x00000000c0000000,0x00000000c046a068,0x00000000c7580000)
 Metaspace       used 6167K, capacity 7088K, committed 7296K, reserved 1056768K
  class space    used 571K, capacity 616K, committed 640K, reserved 1048576K
}

Deoptimization events (10 events):
Event: 2.780 Thread 0x0000000016ffd800 Uncommon trap: reason=uninitialized action=reinterpret pc=0x0000000002d07010 method=com.android.dx.cf.code.BytecodeArray.parseInstruction(ILcom/android/dx/cf/code/BytecodeArray$Visitor;)I @ 999
Event: 2.854 Thread 0x0000000016ffd800 Uncommon trap: reason=bimorphic action=maybe_recompile pc=0x0000000002a8af14 method=java.util.HashMap.getNode(ILjava/lang/Object;)Ljava/util/HashMap$Node; @ 126
Event: 2.864 Thread 0x0000000016eec000 Uncommon trap: reason=bimorphic action=maybe_recompile pc=0x0000000002a8af14 method=java.util.HashMap.getNode(ILjava/lang/Object;)Ljava/util/HashMap$Node; @ 126
Event: 3.288 Thread 0x00000000026d0800 Uncommon trap: reason=bimorphic action=maybe_recompile pc=0x0000000002dce1c4 method=com.android.dx.ssa.LiteralOpUpgrader.tryReplacingWithConstant(Lcom/android/dx/ssa/NormalSsaInsn;)Z @ 62
Event: 4.106 Thread 0x0000000016ffd800 Uncommon trap: reason=unstable_if action=reinterpret pc=0x0000000002e41f14 method=com.android.dx.cf.code.RopperMachine.run(Lcom/android/dx/cf/code/Frame;II)V @ 1250
Event: 4.163 Thread 0x0000000016ffd800 Uncommon trap: reason=null_check action=make_not_entrant pc=0x0000000002c68ae0 method=com.android.dx.rop.type.Type.equals(Ljava/lang/Object;)Z @ 8
Event: 4.163 Thread 0x0000000016ffd800 Uncommon trap: reason=unstable_if action=reinterpret pc=0x0000000002dd3d98 method=com.android.dx.cf.code.Merger.mergeType(Lcom/android/dx/rop/type/TypeBearer;Lcom/android/dx/rop/type/TypeBearer;)Lcom/android/dx/rop/type/TypeBearer; @ 15
Event: 4.197 Thread 0x0000000016ffd800 Uncommon trap: reason=unstable_if action=reinterpret pc=0x0000000002dcb7dc method=com.android.dx.ssa.SsaInsn.getLocalAssignment()Lcom/android/dx/rop/code/RegisterSpec; @ 14
Event: 4.197 Thread 0x0000000016ffd800 Uncommon trap: reason=unstable_if action=reinterpret pc=0x0000000002dcce08 method=com.android.dx.ssa.SsaMethod.isRegALocal(Lcom/android/dx/rop/code/RegisterSpec;)Z @ 80
Event: 4.198 Thread 0x0000000016ffd800 Uncommon trap: reason=unstable_if action=reinterpret pc=0x0000000002ddb0bc method=com.android.dx.ssa.SsaInsn.getLocalAssignment()Lcom/android/dx/rop/code/RegisterSpec; @ 14

Internal exceptions (3 events):
Event: 0.147 Thread 0x00000000026d0800 Exception <a 'java/lang/NoSuchMethodError': Method sun.misc.Unsafe.defineClass(Ljava/lang/String;[BII)Ljava/lang/Class; name or signature does not match> (0x00000000eab07cc0) thrown at [C:\src\android\AOSP-openjdk\external\jetbrains\jdk\hotspot\src\share\v"ÎûíßâÂ?
Event: 0.148 Thread 0x00000000026d0800 Exception <a 'java/lang/NoSuchMethodError': Method sun.misc.Unsafe.prefetchRead(Ljava/lang/Object;J)V name or signature does not match> (0x00000000eab07fa8) thrown at [C:\src\android\AOSP-openjdk\external\jetbrains\jdk\hotspot\src\share\vm\prims\jni.cpp, lõËuRD§@
Event: 4.163 Thread 0x0000000016ffd800 Implicit null exception at 0x0000000002c689e2 to 0x0000000002c68ad2

Events (10 events):
Event: 4.197 Thread 0x0000000016ffd800 DEOPT PACKING pc=0x0000000002dcb7dc sp=0x00000000178de740
Event: 4.197 Thread 0x0000000016ffd800 DEOPT UNPACKING pc=0x000000000281556a sp=0x00000000178de688 mode 2
Event: 4.197 Thread 0x0000000016ffd800 Uncommon trap: trap_request=0xffffff65 fr.pc=0x0000000002dcce08
Event: 4.197 Thread 0x0000000016ffd800 DEOPT PACKING pc=0x0000000002dcce08 sp=0x00000000178de6c0
Event: 4.197 Thread 0x0000000016ffd800 DEOPT UNPACKING pc=0x000000000281556a sp=0x00000000178de5e8 mode 2
Event: 4.198 Thread 0x0000000016ffd800 Uncommon trap: trap_request=0xffffff65 fr.pc=0x0000000002ddb0bc
Event: 4.198 Thread 0x0000000016ffd800 DEOPT PACKING pc=0x0000000002ddb0bc sp=0x00000000178de5d0
Event: 4.198 Thread 0x0000000016ffd800 DEOPT UNPACKING pc=0x000000000281556a sp=0x00000000178de568 mode 2
Event: 4.261 Executing VM operation: ParallelGCFailedAllocation
Event: 4.389 Executing VM operation: ParallelGCFailedAllocation done


Dynamic libraries:
0x00007ff699d90000 - 0x00007ff699dc1000 	D:\android-studio-ide-145.3200535-windows\android-studio\jre\bin\java.exe
0x00007ffaf3b80000 - 0x00007ffaf3d51000 	C:\WINDOWS\SYSTEM32\ntdll.dll
0x00007ffaf2f70000 - 0x00007ffaf301b000 	C:\WINDOWS\System32\KERNEL32.DLL
0x00007ffaf0e40000 - 0x00007ffaf105d000 	C:\WINDOWS\System32\KERNELBASE.dll
0x00007ffaf2e50000 - 0x00007ffaf2ef2000 	C:\WINDOWS\System32\ADVAPI32.dll
0x00007ffaf2a30000 - 0x00007ffaf2ace000 	C:\WINDOWS\System32\msvcrt.dll
0x00007ffaf1220000 - 0x00007ffaf1279000 	C:\WINDOWS\System32\sechost.dll
0x00007ffaf3a50000 - 0x00007ffaf3b71000 	C:\WINDOWS\System32\RPCRT4.dll
0x00007ffaf38c0000 - 0x00007ffaf3a25000 	C:\WINDOWS\System32\USER32.dll
0x00007ffaf0180000 - 0x00007ffaf019e000 	C:\WINDOWS\System32\win32u.dll
0x00007ffaf3880000 - 0x00007ffaf38b4000 	C:\WINDOWS\System32\GDI32.dll
0x00007ffaf0b50000 - 0x00007ffaf0cd2000 	C:\WINDOWS\System32\gdi32full.dll
0x00007ffadeb00000 - 0x00007ffaded79000 	C:\WINDOWS\WinSxS\amd64_microsoft.windows.common-controls_6595b64144ccf1df_6.0.14393.0_none_2d0f50fcbdb171b8\COMCTL32.dll
0x00007ffaf2b80000 - 0x00007ffaf2e47000 	C:\WINDOWS\System32\combase.dll
0x00007ffaf0ce0000 - 0x00007ffaf0dd5000 	C:\WINDOWS\System32\ucrtbase.dll
0x00007ffaf0110000 - 0x00007ffaf017a000 	C:\WINDOWS\System32\bcryptPrimitives.dll
0x00007ffaf3730000 - 0x00007ffaf375e000 	C:\WINDOWS\System32\IMM32.DLL
0x0000000071ea0000 - 0x0000000071f72000 	D:\android-studio-ide-145.3200535-windows\android-studio\jre\jre\bin\msvcr100.dll
0x0000000070630000 - 0x0000000070e64000 	D:\android-studio-ide-145.3200535-windows\android-studio\jre\jre\bin\server\jvm.dll
0x00007ffaf2b70000 - 0x00007ffaf2b78000 	C:\WINDOWS\System32\PSAPI.DLL
0x00007ffadb5e0000 - 0x00007ffadb5e9000 	C:\WINDOWS\SYSTEM32\WSOCK32.dll
0x00007ffaf3090000 - 0x00007ffaf30fa000 	C:\WINDOWS\System32\WS2_32.dll
0x00007ffaee550000 - 0x00007ffaee573000 	C:\WINDOWS\SYSTEM32\WINMM.dll
0x00007ffaeb6d0000 - 0x00007ffaeb6da000 	C:\WINDOWS\SYSTEM32\VERSION.dll
0x00007ffaee480000 - 0x00007ffaee4ab000 	C:\WINDOWS\SYSTEM32\WINMMBASE.dll
0x00007ffaf0b00000 - 0x00007ffaf0b42000 	C:\WINDOWS\System32\cfgmgr32.dll
0x00007ffaecb20000 - 0x00007ffaecb2f000 	D:\android-studio-ide-145.3200535-windows\android-studio\jre\jre\bin\verify.dll
0x00007ffae88f0000 - 0x00007ffae8919000 	D:\android-studio-ide-145.3200535-windows\android-studio\jre\jre\bin\java.dll
0x00007ffaea0e0000 - 0x00007ffaea0f6000 	D:\android-studio-ide-145.3200535-windows\android-studio\jre\jre\bin\zip.dll
0x00007ffaf1280000 - 0x00007ffaf2788000 	C:\WINDOWS\System32\SHELL32.dll
0x00007ffaf0420000 - 0x00007ffaf0afa000 	C:\WINDOWS\System32\windows.storage.dll
0x00007ffaf00b0000 - 0x00007ffaf00fc000 	C:\WINDOWS\System32\powrprof.dll
0x00007ffaf3760000 - 0x00007ffaf37b2000 	C:\WINDOWS\System32\shlwapi.dll
0x00007ffaf0100000 - 0x00007ffaf010f000 	C:\WINDOWS\System32\kernel.appcore.dll
0x00007ffaf01a0000 - 0x00007ffaf0249000 	C:\WINDOWS\System32\shcore.dll
0x00007ffaf0080000 - 0x00007ffaf0094000 	C:\WINDOWS\System32\profapi.dll

VM Arguments:
jvm_args: -Djava.awt.headless=true -Xmx1024M -Dfile.encoding=windows-1252 -Duser.country=US -Duser.language=en -Duser.variant 
java_command: com.android.dx.command.Main --dex --num-threads=4 --output D:\Timeraaa3\Timeraaa2\Timeraaa\Timeraaaa\app\build\intermediates\pre-dexed\release\com.google.android.gms-play-services-basement-8.1.0_073545b89300530eb99626beb808143f2b758f55.jar D:\Timeraaa3\Timeraaa2\Timeraaa\Timeraaaa\app\build\intermediates\exploded-aar\com.google.android.gms\play-services-basement\8.1.0\jars\classes.jar
java_class_path (initial): C:\Users\somai\AppData\Local\Android\Sdk\build-tools\24.0.1\lib\dx.jar
Launcher Type: SUN_STANDARD

Environment Variables:
PATH=C:\ProgramData\Oracle\Java\javapath;C:\WINDOWS\system32;C:\WINDOWS;C:\WINDOWS\System32\Wbem;C:\WINDOWS\System32\WindowsPowerShell\v1.0\;C:\Program Files (x86)\Common Files\lenovo\easyplussdk\bin;C:\Program Files (x86)\ATI Technologies\ATI.ACE\Core-Static;C:\Program Files\Git\cmd;C:\Program Files\AMI\DuOS\;C:\Users\somai\AppData\Local\Microsoft\WindowsApps;
USERNAME=somai
OS=Windows_NT
PROCESSOR_IDENTIFIER=AMD64 Family 21 Model 48 Stepping 1, AuthenticAMD



---------------  S Y S T E M  ---------------

OS: Windows 10.0 , 64 bit Build 14393 (10.0.14393.0)

CPU:total 4 (4 cores per cpu, 1 threads per core) family 21 model 48 stepping 1, cmov, cx8, fxsr, mmx, sse, sse2, sse3, ssse3, sse4.1, sse4.2, popcnt, avx, aes, clmul, mmxext, 3dnowpref, lzcnt, sse4a, tsc, tscinvbit, tscinv, bmi1

Memory: 4k page, physical 11480692k(2008724k free), swap 11480692k(5244k free)

vm_info: OpenJDK 64-Bit Server VM (25.76-b03) for windows-amd64 JRE (1.8.0_76-release-b03), built on Jun 29 2016 19:09:20 by "ralucas" with MS VC++ 10.0 (VS2010)

time: Tue Aug 23 00:10:47 2016
elapsed time: 4 seconds (0d 0h 0m 4s)

