#
# There is insufficient memory for the Java Runtime Environment to continue.
# Native memory allocation (malloc) failed to allocate 841536 bytes for Chunk::new
# Possible reasons:
#   The system is out of physical RAM or swap space
#   In 32 bit mode, the process size limit was hit
# Possible solutions:
#   Reduce memory load on the system
#   Increase physical memory or swap space
#   Check if swap backing store is full
#   Use 64 bit Java on a 64 bit OS
#   Decrease Java heap size (-Xmx/-Xms)
#   Decrease number of Java threads
#   Decrease Java thread stack sizes (-Xss)
#   Set larger code cache with -XX:ReservedCodeCacheSize=
# This output file may be truncated or incomplete.
#
#  Out of Memory Error (allocation.cpp:390), pid=311556, tid=0x000000000004c62c
#
# JRE version: OpenJDK Runtime Environment (8.0_76-b03) (build 1.8.0_76-release-b03)
# Java VM: OpenJDK 64-Bit Server VM (25.76-b03 mixed mode windows-amd64 compressed oops)
# Failed to write core dump. Minidumps are not enabled by default on client versions of Windows
#

---------------  T H R E A D  ---------------

Current thread (0x000000001568b800):  JavaThread "C2 CompilerThread0" daemon [_thread_in_native, id=312876, stack(0x0000000016cd0000,0x0000000016dd0000)]

Stack: [0x0000000016cd0000,0x0000000016dd0000]
[error occurred during error reporting (printing stack bounds), id 0xc0000005]

Native frames: (J=compiled Java code, j=interpreted, Vv=VM code, C=native code)


Current CompileTask:
C2:   5008 1787   !   4       com.android.dx.cf.code.BytecodeArray::parseInstruction (2764 bytes)


---------------  P R O C E S S  ---------------

Java Threads: ( => current thread )
  0x000000001712f800 JavaThread "pool-1-thread-1" [_thread_in_vm, id=313200, stack(0x00000000175d0000,0x00000000176d0000)]
  0x0000000016eda800 JavaThread "Service Thread" daemon [_thread_blocked, id=312900, stack(0x00000000173d0000,0x00000000174d0000)]
  0x0000000016ed8800 JavaThread "C1 CompilerThread2" daemon [_thread_in_vm, id=312892, stack(0x00000000172d0000,0x00000000173d0000)]
  0x00000000156e4000 JavaThread "C2 CompilerThread1" daemon [_thread_in_native, id=312868, stack(0x0000000016dd0000,0x0000000016ed0000)]
=>0x000000001568b800 JavaThread "C2 CompilerThread0" daemon [_thread_in_native, id=312876, stack(0x0000000016cd0000,0x0000000016dd0000)]
  0x000000001568a000 JavaThread "Attach Listener" daemon [_thread_blocked, id=312860, stack(0x0000000016bd0000,0x0000000016cd0000)]
  0x0000000015689000 JavaThread "Signal Dispatcher" daemon [_thread_blocked, id=312852, stack(0x0000000016ad0000,0x0000000016bd0000)]
  0x0000000015678800 JavaThread "Finalizer" daemon [_thread_blocked, id=312640, stack(0x00000000168e0000,0x00000000169e0000)]
  0x0000000002faf800 JavaThread "Reference Handler" daemon [_thread_blocked, id=312604, stack(0x00000000167e0000,0x00000000168e0000)]
  0x0000000002ec0800 JavaThread "main" [_thread_in_Java, id=312380, stack(0x0000000002d50000,0x0000000002e50000)]

Other Threads:
  0x0000000015654000 VMThread [stack: 0x00000000166e0000,0x00000000167e0000] [id=312496]
  0x0000000016edc800 WatcherThread [stack: 0x00000000174d0000,0x00000000175d0000] [id=312908]

VM state:not at safepoint (normal execution)

VM Mutex/Monitor currently owned by a thread: None

Heap:
 PSYoungGen      total 98304K, used 31975K [0x00000000eab00000, 0x00000000f1200000, 0x0000000100000000)
  eden space 91136K, 27% used [0x00000000eab00000,0x00000000ec3401b8,0x00000000f0400000)
  from space 7168K, 99% used [0x00000000f0b00000,0x00000000f11f9c98,0x00000000f1200000)
  to   space 7168K, 0% used [0x00000000f0400000,0x00000000f0400000,0x00000000f0b00000)
 ParOldGen       total 120320K, used 5585K [0x00000000c0000000, 0x00000000c7580000, 0x00000000eab00000)
  object space 120320K, 4% used [0x00000000c0000000,0x00000000c0574610,0x00000000c7580000)
 Metaspace       used 6321K, capacity 7152K, committed 7296K, reserved 1056768K
  class space    used 580K, capacity 616K, committed 640K, reserved 1048576K

Card table byte_map: [0x0000000012380000,0x0000000012590000] byte_map_base: 0x0000000011d80000

Marking Bits: (ParMarkBitMap*) 0x0000000070de9d00
 Begin Bits: [0x0000000012af0000, 0x0000000013af0000)
 End Bits:   [0x0000000013af0000, 0x0000000014af0000)

Polling page: 0x00000000015c0000

CodeCache: size=245760Kb used=7996Kb max_used=7996Kb free=237763Kb
 bounds [0x0000000002fc0000, 0x00000000037a0000, 0x0000000011fc0000]
 total_blobs=2092 nmethods=1824 adapters=182
 compilation: enabled

Compilation events (10 events):
Event: 5.003 Thread 0x0000000016ed8800 nmethod 1835 0x000000000378d090 code [0x000000000378d4c0, 0x000000000378fdb8]
Event: 5.005 Thread 0x0000000016ed8800 1836       3       java.util.ComparableTimSort::binarySort (223 bytes)
Event: 5.005 Thread 0x0000000016ed8800 nmethod 1836 0x0000000003790fd0 code [0x00000000037911c0, 0x0000000003791c98]
Event: 5.005 Thread 0x0000000016ed8800 1837       3       com.android.dx.dex.file.AnnotationSetItem::hashCode (8 bytes)
Event: 5.005 Thread 0x0000000016ed8800 nmethod 1837 0x0000000003792110 code [0x0000000003792280, 0x0000000003792568]
Event: 5.005 Thread 0x0000000016ed8800 1839       2       java.util.HashMap::getNode (148 bytes)
Event: 5.006 Thread 0x0000000016ed8800 nmethod 1839 0x0000000003792690 code [0x0000000003792820, 0x0000000003792be8]
Event: 5.006 Thread 0x0000000016ed8800 1838       3       com.android.dx.rop.annotation.Annotations::hashCode (8 bytes)
Event: 5.006 Thread 0x0000000016ed8800 nmethod 1838 0x0000000003792e50 code [0x0000000003792fc0, 0x00000000037931c8]
Event: 5.006 Thread 0x0000000016ed8800 1840       2       java.util.HashMap::putVal (300 bytes)

GC Heap History (4 events):
Event: 2.637 GC heap before
{Heap before GC invocations=1 (full 0):
 PSYoungGen      total 52736K, used 45568K [0x00000000eab00000, 0x00000000ee580000, 0x0000000100000000)
  eden space 45568K, 100% used [0x00000000eab00000,0x00000000ed780000,0x00000000ed780000)
  from space 7168K, 0% used [0x00000000ede80000,0x00000000ede80000,0x00000000ee580000)
  to   space 7168K, 0% used [0x00000000ed780000,0x00000000ed780000,0x00000000ede80000)
 ParOldGen       total 120320K, used 0K [0x00000000c0000000, 0x00000000c7580000, 0x00000000eab00000)
  object space 120320K, 0% used [0x00000000c0000000,0x00000000c0000000,0x00000000c7580000)
 Metaspace       used 6061K, capacity 7024K, committed 7296K, reserved 1056768K
  class space    used 572K, capacity 616K, committed 640K, reserved 1048576K
Event: 2.842 GC heap after
Heap after GC invocations=1 (full 0):
 PSYoungGen      total 52736K, used 7152K [0x00000000eab00000, 0x00000000f1200000, 0x0000000100000000)
  eden space 45568K, 0% used [0x00000000eab00000,0x00000000eab00000,0x00000000ed780000)
  from space 7168K, 99% used [0x00000000ed780000,0x00000000ede7c380,0x00000000ede80000)
  to   space 7168K, 0% used [0x00000000f0b00000,0x00000000f0b00000,0x00000000f1200000)
 ParOldGen       total 120320K, used 215K [0x00000000c0000000, 0x00000000c7580000, 0x00000000eab00000)
  object space 120320K, 0% used [0x00000000c0000000,0x00000000c0035df0,0x00000000c7580000)
 Metaspace       used 6061K, capacity 7024K, committed 7296K, reserved 1056768K
  class space    used 572K, capacity 616K, committed 640K, reserved 1048576K
}
Event: 4.449 GC heap before
{Heap before GC invocations=2 (full 0):
 PSYoungGen      total 52736K, used 52720K [0x00000000eab00000, 0x00000000f1200000, 0x0000000100000000)
  eden space 45568K, 100% used [0x00000000eab00000,0x00000000ed780000,0x00000000ed780000)
  from space 7168K, 99% used [0x00000000ed780000,0x00000000ede7c380,0x00000000ede80000)
  to   space 7168K, 0% used [0x00000000f0b00000,0x00000000f0b00000,0x00000000f1200000)
 ParOldGen       total 120320K, used 215K [0x00000000c0000000, 0x00000000c7580000, 0x00000000eab00000)
  object space 120320K, 0% used [0x00000000c0000000,0x00000000c0035df0,0x00000000c7580000)
 Metaspace       used 6210K, capacity 7088K, committed 7296K, reserved 1056768K
  class space    used 576K, capacity 616K, committed 640K, reserved 1048576K
Event: 4.473 GC heap after
Heap after GC invocations=2 (full 0):
 PSYoungGen      total 98304K, used 7143K [0x00000000eab00000, 0x00000000f1200000, 0x0000000100000000)
  eden space 91136K, 0% used [0x00000000eab00000,0x00000000eab00000,0x00000000f0400000)
  from space 7168K, 99% used [0x00000000f0b00000,0x00000000f11f9c98,0x00000000f1200000)
  to   space 7168K, 0% used [0x00000000f0400000,0x00000000f0400000,0x00000000f0b00000)
 ParOldGen       total 120320K, used 5585K [0x00000000c0000000, 0x00000000c7580000, 0x00000000eab00000)
  object space 120320K, 4% used [0x00000000c0000000,0x00000000c0574610,0x00000000c7580000)
 Metaspace       used 6210K, capacity 7088K, committed 7296K, reserved 1056768K
  class space    used 576K, capacity 616K, committed 640K, reserved 1048576K
}

Deoptimization events (10 events):
Event: 4.992 Thread 0x0000000002ec0800 Uncommon trap: reason=class_check action=maybe_recompile pc=0x00000000034f0144 method=java.util.Arrays.hashCode([Ljava/lang/Object;)I @ 43
Event: 4.992 Thread 0x0000000002ec0800 Uncommon trap: reason=class_check action=maybe_recompile pc=0x00000000034ed0b0 method=java.util.Arrays.hashCode([Ljava/lang/Object;)I @ 43
Event: 4.992 Thread 0x0000000002ec0800 Uncommon trap: reason=bimorphic action=maybe_recompile pc=0x0000000003275d48 method=java.util.HashMap.getNode(ILjava/lang/Object;)Ljava/util/HashMap$Node; @ 126
Event: 4.995 Thread 0x0000000002ec0800 Uncommon trap: reason=bimorphic action=maybe_recompile pc=0x0000000003275d48 method=java.util.HashMap.getNode(ILjava/lang/Object;)Ljava/util/HashMap$Node; @ 126
Event: 5.005 Thread 0x0000000002ec0800 Uncommon trap: reason=bimorphic action=maybe_recompile pc=0x0000000003275d48 method=java.util.HashMap.getNode(ILjava/lang/Object;)Ljava/util/HashMap$Node; @ 126
Event: 5.005 Thread 0x0000000002ec0800 Uncommon trap: reason=bimorphic action=maybe_recompile pc=0x0000000003275d48 method=java.util.HashMap.getNode(ILjava/lang/Object;)Ljava/util/HashMap$Node; @ 126
Event: 5.005 Thread 0x0000000002ec0800 Uncommon trap: reason=class_check action=maybe_recompile pc=0x00000000033fe858 method=java.util.HashMap.putVal(ILjava/lang/Object;Ljava/lang/Object;ZZ)Ljava/lang/Object; @ 203
Event: 5.005 Thread 0x0000000002ec0800 Uncommon trap: reason=class_check action=maybe_recompile pc=0x00000000033fe858 method=java.util.HashMap.putVal(ILjava/lang/Object;Ljava/lang/Object;ZZ)Ljava/lang/Object; @ 203
Event: 5.006 Thread 0x0000000002ec0800 Uncommon trap: reason=class_check action=maybe_recompile pc=0x00000000033fe858 method=java.util.HashMap.putVal(ILjava/lang/Object;Ljava/lang/Object;ZZ)Ljava/lang/Object; @ 203
Event: 5.006 Thread 0x0000000002ec0800 Uncommon trap: reason=class_check action=maybe_recompile pc=0x00000000033fe858 method=java.util.HashMap.putVal(ILjava/lang/Object;Ljava/lang/Object;ZZ)Ljava/lang/Object; @ 203

Internal exceptions (3 events):
Event: 0.059 Thread 0x0000000002ec0800 Exception <a 'java/lang/NoSuchMethodError': Method sun.misc.Unsafe.defineClass(Ljava/lang/String;[BII)Ljava/lang/Class; name or signature does not match> (0x00000000eab07cc0) thrown at [C:\src\android\AOSP-openjdk\external\jetbrains\jdk\hotspot\src\share\v{ç}í)®?
Event: 0.059 Thread 0x0000000002ec0800 Exception <a 'java/lang/NoSuchMethodError': Method sun.misc.Unsafe.prefetchRead(Ljava/lang/Object;J)V name or signature does not match> (0x00000000eab07fa8) thrown at [C:\src\android\AOSP-openjdk\external\jetbrains\jdk\hotspot\src\share\vm\prims\jni.cpp, l•ˆ™ºxþ?
Event: 1.904 Thread 0x0000000017151000 Implicit null exception at 0x0000000003467da2 to 0x0000000003467e92

Events (10 events):
Event: 5.005 Thread 0x0000000002ec0800 DEOPT UNPACKING pc=0x000000000300556a sp=0x0000000002e4efa8 mode 2
Event: 5.005 Thread 0x0000000002ec0800 Uncommon trap: trap_request=0xffffffde fr.pc=0x00000000033fe858
Event: 5.005 Thread 0x0000000002ec0800 DEOPT PACKING pc=0x00000000033fe858 sp=0x0000000002e4f030
Event: 5.005 Thread 0x0000000002ec0800 DEOPT UNPACKING pc=0x000000000300556a sp=0x0000000002e4efa8 mode 2
Event: 5.006 Thread 0x0000000002ec0800 Uncommon trap: trap_request=0xffffffde fr.pc=0x00000000033fe858
Event: 5.006 Thread 0x0000000002ec0800 DEOPT PACKING pc=0x00000000033fe858 sp=0x0000000002e4f030
Event: 5.006 Thread 0x0000000002ec0800 DEOPT UNPACKING pc=0x000000000300556a sp=0x0000000002e4efa8 mode 2
Event: 5.006 Thread 0x0000000002ec0800 Uncommon trap: trap_request=0xffffffde fr.pc=0x00000000033fe858
Event: 5.006 Thread 0x0000000002ec0800 DEOPT PACKING pc=0x00000000033fe858 sp=0x0000000002e4f030
Event: 5.006 Thread 0x0000000002ec0800 DEOPT UNPACKING pc=0x000000000300556a sp=0x0000000002e4efa8 mode 2


Dynamic libraries:
0x00007ff699d90000 - 0x00007ff699dc1000 	D:\android-studio-ide-145.3200535-windows\android-studio\jre\bin\java.exe
0x00007ffaf3b80000 - 0x00007ffaf3d51000 	C:\WINDOWS\SYSTEM32\ntdll.dll
0x00007ffaf2f70000 - 0x00007ffaf301b000 	C:\WINDOWS\System32\KERNEL32.DLL
0x00007ffaf0e40000 - 0x00007ffaf105d000 	C:\WINDOWS\System32\KERNELBASE.dll
0x00007ffaf2e50000 - 0x00007ffaf2ef2000 	C:\WINDOWS\System32\ADVAPI32.dll
0x00007ffaf2a30000 - 0x00007ffaf2ace000 	C:\WINDOWS\System32\msvcrt.dll
0x00007ffaf1220000 - 0x00007ffaf1279000 	C:\WINDOWS\System32\sechost.dll
0x00007ffaf3a50000 - 0x00007ffaf3b71000 	C:\WINDOWS\System32\RPCRT4.dll
0x00007ffaf38c0000 - 0x00007ffaf3a25000 	C:\WINDOWS\System32\USER32.dll
0x00007ffaf0180000 - 0x00007ffaf019e000 	C:\WINDOWS\System32\win32u.dll
0x00007ffaf3880000 - 0x00007ffaf38b4000 	C:\WINDOWS\System32\GDI32.dll
0x00007ffaf0b50000 - 0x00007ffaf0cd2000 	C:\WINDOWS\System32\gdi32full.dll
0x00007ffadeb00000 - 0x00007ffaded79000 	C:\WINDOWS\WinSxS\amd64_microsoft.windows.common-controls_6595b64144ccf1df_6.0.14393.0_none_2d0f50fcbdb171b8\COMCTL32.dll
0x00007ffaf2b80000 - 0x00007ffaf2e47000 	C:\WINDOWS\System32\combase.dll
0x00007ffaf0ce0000 - 0x00007ffaf0dd5000 	C:\WINDOWS\System32\ucrtbase.dll
0x00007ffaf0110000 - 0x00007ffaf017a000 	C:\WINDOWS\System32\bcryptPrimitives.dll
0x00007ffaf3730000 - 0x00007ffaf375e000 	C:\WINDOWS\System32\IMM32.DLL
0x0000000071ea0000 - 0x0000000071f72000 	D:\android-studio-ide-145.3200535-windows\android-studio\jre\jre\bin\msvcr100.dll
0x0000000070630000 - 0x0000000070e64000 	D:\android-studio-ide-145.3200535-windows\android-studio\jre\jre\bin\server\jvm.dll
0x00007ffaf2b70000 - 0x00007ffaf2b78000 	C:\WINDOWS\System32\PSAPI.DLL
0x00007ffadb5e0000 - 0x00007ffadb5e9000 	C:\WINDOWS\SYSTEM32\WSOCK32.dll
0x00007ffaf3090000 - 0x00007ffaf30fa000 	C:\WINDOWS\System32\WS2_32.dll
0x00007ffaee550000 - 0x00007ffaee573000 	C:\WINDOWS\SYSTEM32\WINMM.dll
0x00007ffaeb6d0000 - 0x00007ffaeb6da000 	C:\WINDOWS\SYSTEM32\VERSION.dll
0x00007ffaee480000 - 0x00007ffaee4ab000 	C:\WINDOWS\SYSTEM32\winmmbase.dll
0x00007ffaf0b00000 - 0x00007ffaf0b42000 	C:\WINDOWS\System32\cfgmgr32.dll
0x00007ffaecb20000 - 0x00007ffaecb2f000 	D:\android-studio-ide-145.3200535-windows\android-studio\jre\jre\bin\verify.dll
0x00007ffae88f0000 - 0x00007ffae8919000 	D:\android-studio-ide-145.3200535-windows\android-studio\jre\jre\bin\java.dll
0x00007ffaea0e0000 - 0x00007ffaea0f6000 	D:\android-studio-ide-145.3200535-windows\android-studio\jre\jre\bin\zip.dll
0x00007ffaf1280000 - 0x00007ffaf2788000 	C:\WINDOWS\System32\SHELL32.dll
0x00007ffaf0420000 - 0x00007ffaf0afa000 	C:\WINDOWS\System32\windows.storage.dll
0x00007ffaf00b0000 - 0x00007ffaf00fc000 	C:\WINDOWS\System32\powrprof.dll
0x00007ffaf3760000 - 0x00007ffaf37b2000 	C:\WINDOWS\System32\shlwapi.dll
0x00007ffaf0100000 - 0x00007ffaf010f000 	C:\WINDOWS\System32\kernel.appcore.dll
0x00007ffaf01a0000 - 0x00007ffaf0249000 	C:\WINDOWS\System32\shcore.dll
0x00007ffaf0080000 - 0x00007ffaf0094000 	C:\WINDOWS\System32\profapi.dll

VM Arguments:
jvm_args: -Djava.awt.headless=true -Xmx1024M -Dfile.encoding=windows-1252 -Duser.country=US -Duser.language=en -Duser.variant 
java_command: com.android.dx.command.Main --dex --num-threads=4 --output D:\Timeraaa3\Timeraaa2\Timeraaa\Timeraaaa\app\build\intermediates\pre-dexed\release\internal_impl-23.0.1_27218bce83afc97e7a0a5cff5e8f717f9b427edd.jar D:\Timeraaa3\Timeraaa2\Timeraaa\Timeraaaa\app\build\intermediates\exploded-aar\com.android.support\support-v4\23.0.1\jars\libs\internal_impl-23.0.1.jar
java_class_path (initial): C:\Users\somai\AppData\Local\Android\Sdk\build-tools\24.0.1\lib\dx.jar
Launcher Type: SUN_STANDARD

Environment Variables:
PATH=C:\ProgramData\Oracle\Java\javapath;C:\WINDOWS\system32;C:\WINDOWS;C:\WINDOWS\System32\Wbem;C:\WINDOWS\System32\WindowsPowerShell\v1.0\;C:\Program Files (x86)\Common Files\lenovo\easyplussdk\bin;C:\Program Files (x86)\ATI Technologies\ATI.ACE\Core-Static;C:\Program Files\Git\cmd;C:\Program Files\AMI\DuOS\;C:\Users\somai\AppData\Local\Microsoft\WindowsApps;
USERNAME=somai
OS=Windows_NT
PROCESSOR_IDENTIFIER=AMD64 Family 21 Model 48 Stepping 1, AuthenticAMD



---------------  S Y S T E M  ---------------

OS: Windows 10.0 , 64 bit Build 14393 (10.0.14393.0)

CPU:total 4 (4 cores per cpu, 1 threads per core) family 21 model 48 stepping 1, cmov, cx8, fxsr, mmx, sse, sse2, sse3, ssse3, sse4.1, sse4.2, popcnt, avx, aes, clmul, mmxext, 3dnowpref, lzcnt, sse4a, tsc, tscinvbit, tscinv, bmi1

Memory: 4k page, physical 11480692k(2043636k free), swap 11480692k(4216k free)

vm_info: OpenJDK 64-Bit Server VM (25.76-b03) for windows-amd64 JRE (1.8.0_76-release-b03), built on Jun 29 2016 19:09:20 by "ralucas" with MS VC++ 10.0 (VS2010)

time: Tue Aug 23 00:10:34 2016
elapsed time: 5 seconds (0d 0h 0m 5s)

