#
# There is insufficient memory for the Java Runtime Environment to continue.
# Native memory allocation (malloc) failed to allocate 327312 bytes for Chunk::new
# Possible reasons:
#   The system is out of physical RAM or swap space
#   In 32 bit mode, the process size limit was hit
# Possible solutions:
#   Reduce memory load on the system
#   Increase physical memory or swap space
#   Check if swap backing store is full
#   Use 64 bit Java on a 64 bit OS
#   Decrease Java heap size (-Xmx/-Xms)
#   Decrease number of Java threads
#   Decrease Java thread stack sizes (-Xss)
#   Set larger code cache with -XX:ReservedCodeCacheSize=
# This output file may be truncated or incomplete.
#
#  Out of Memory Error (allocation.cpp:390), pid=310212, tid=0x000000000004d310
#
# JRE version: OpenJDK Runtime Environment (8.0_76-b03) (build 1.8.0_76-release-b03)
# Java VM: OpenJDK 64-Bit Server VM (25.76-b03 mixed mode windows-amd64 compressed oops)
# Failed to write core dump. Minidumps are not enabled by default on client versions of Windows
#

---------------  T H R E A D  ---------------

Current thread (0x000000001512c800):  JavaThread "C2 CompilerThread0" daemon [_thread_in_native, id=316176, stack(0x0000000016790000,0x0000000016890000)]

Stack: [0x0000000016790000,0x0000000016890000]
[error occurred during error reporting (printing stack bounds), id 0xc0000005]

Native frames: (J=compiled Java code, j=interpreted, Vv=VM code, C=native code)


Current CompileTask:
C2:  12161 1903       4       com.android.dx.rop.code.Rops::ropFor (771 bytes)


---------------  P R O C E S S  ---------------

Java Threads: ( => current thread )
  0x0000000016d28800 JavaThread "pool-2-thread-4" [_thread_blocked, id=316260, stack(0x0000000017c90000,0x0000000017d90000)]
  0x0000000016d24000 JavaThread "pool-2-thread-3" [_thread_blocked, id=316404, stack(0x0000000017b90000,0x0000000017c90000)]
  0x0000000017289800 JavaThread "pool-2-thread-2" [_thread_blocked, id=317120, stack(0x0000000017a90000,0x0000000017b90000)]
  0x0000000017289000 JavaThread "pool-3-thread-1" [_thread_blocked, id=316348, stack(0x0000000017990000,0x0000000017a90000)]
  0x0000000017288000 JavaThread "pool-2-thread-1" [_thread_blocked, id=316780, stack(0x0000000017890000,0x0000000017990000)]
  0x0000000016ab8800 JavaThread "Service Thread" daemon [_thread_blocked, id=315400, stack(0x0000000016e90000,0x0000000016f90000)]
  0x0000000015134800 JavaThread "C1 CompilerThread2" daemon [_thread_blocked, id=315520, stack(0x0000000016990000,0x0000000016a90000)]
  0x0000000015131000 JavaThread "C2 CompilerThread1" daemon [_thread_in_native, id=316896, stack(0x0000000016890000,0x0000000016990000)]
=>0x000000001512c800 JavaThread "C2 CompilerThread0" daemon [_thread_in_native, id=316176, stack(0x0000000016790000,0x0000000016890000)]
  0x000000001512b000 JavaThread "Attach Listener" daemon [_thread_blocked, id=316036, stack(0x0000000016690000,0x0000000016790000)]
  0x000000001512a000 JavaThread "Signal Dispatcher" daemon [_thread_blocked, id=316888, stack(0x0000000016590000,0x0000000016690000)]
  0x0000000015118800 JavaThread "Finalizer" daemon [_thread_blocked, id=316904, stack(0x00000000163a0000,0x00000000164a0000)]
  0x0000000002a00800 JavaThread "Reference Handler" daemon [_thread_blocked, id=309788, stack(0x00000000162a0000,0x00000000163a0000)]
  0x0000000002910800 JavaThread "main" [_thread_in_Java, id=315764, stack(0x00000000027e0000,0x00000000028e0000)]

Other Threads:
  0x00000000150f4000 VMThread [stack: 0x00000000161a0000,0x00000000162a0000] [id=315972]
  0x000000001518c000 WatcherThread [stack: 0x0000000016f90000,0x0000000017090000] [id=316292]

VM state:not at safepoint (normal execution)

VM Mutex/Monitor currently owned by a thread: None

Heap:
 PSYoungGen      total 189440K, used 3486K [0x00000000eab00000, 0x00000000f6b00000, 0x0000000100000000)
  eden space 182272K, 1% used [0x00000000eab00000,0x00000000eae67ac0,0x00000000f5d00000)
  from space 7168K, 0% used [0x00000000f5d00000,0x00000000f5d00000,0x00000000f6400000)
  to   space 7168K, 0% used [0x00000000f6400000,0x00000000f6400000,0x00000000f6b00000)
 ParOldGen       total 206336K, used 97144K [0x00000000c0000000, 0x00000000cc980000, 0x00000000eab00000)
  object space 206336K, 47% used [0x00000000c0000000,0x00000000c5ede2b0,0x00000000cc980000)
 Metaspace       used 6532K, capacity 7216K, committed 7296K, reserved 1056768K
  class space    used 596K, capacity 616K, committed 640K, reserved 1048576K

Card table byte_map: [0x0000000011e00000,0x0000000012010000] byte_map_base: 0x0000000011800000

Marking Bits: (ParMarkBitMap*) 0x0000000070de9d00
 Begin Bits: [0x0000000012570000, 0x0000000013570000)
 End Bits:   [0x0000000013570000, 0x0000000014570000)

Polling page: 0x00000000028e0000

CodeCache: size=245760Kb used=10799Kb max_used=10817Kb free=234960Kb
 bounds [0x0000000002a40000, 0x00000000034e0000, 0x0000000011a40000]
 total_blobs=2467 nmethods=2198 adapters=183
 compilation: enabled

Compilation events (10 events):
Event: 10.088 Thread 0x000000001512c800 nmethod 2134 0x00000000034ce4d0 code [0x00000000034cea60, 0x00000000034d48b8]
Event: 10.089 Thread 0x000000001512c800 1797       4       com.android.dx.ssa.back.LivenessAnalyzer::<init> (55 bytes)
Event: 10.096 Thread 0x000000001512c800 nmethod 1797 0x00000000034ac990 code [0x00000000034acb00, 0x00000000034ace78]
Event: 10.096 Thread 0x000000001512c800 1767       4       java.lang.StringBuilder::append (8 bytes)
Event: 10.101 Thread 0x000000001512c800 nmethod 1767 0x00000000034a72d0 code [0x00000000034a7420, 0x00000000034a77b8]
Event: 10.101 Thread 0x000000001512c800 1917       4       com.android.dx.ssa.back.SsaToRop::convertBasicBlock (126 bytes)
Event: 10.132 Thread 0x000000001512c800 nmethod 1917 0x00000000034cb550 code [0x00000000034cb760, 0x00000000034cc9e8]
Event: 10.132 Thread 0x000000001512c800 1815       4       com.android.dx.rop.code.SourcePosition::<init> (50 bytes)
Event: 10.133 Thread 0x000000001512c800 nmethod 1815 0x00000000032ade90 code [0x00000000032adfc0, 0x00000000032ae078]
Event: 10.133 Thread 0x000000001512c800 1903       4       com.android.dx.rop.code.Rops::ropFor (771 bytes)

GC Heap History (10 events):
Event: 3.936 GC heap before
{Heap before GC invocations=4 (full 0):
 PSYoungGen      total 98304K, used 98296K [0x00000000eab00000, 0x00000000f6b00000, 0x0000000100000000)
  eden space 91136K, 100% used [0x00000000eab00000,0x00000000f0400000,0x00000000f0400000)
  from space 7168K, 99% used [0x00000000f0400000,0x00000000f0afe020,0x00000000f0b00000)
  to   space 7168K, 0% used [0x00000000f6400000,0x00000000f6400000,0x00000000f6b00000)
 ParOldGen       total 120320K, used 10892K [0x00000000c0000000, 0x00000000c7580000, 0x00000000eab00000)
  object space 120320K, 9% used [0x00000000c0000000,0x00000000c0aa30f0,0x00000000c7580000)
 Metaspace       used 6382K, capacity 7152K, committed 7296K, reserved 1056768K
  class space    used 596K, capacity 616K, committed 640K, reserved 1048576K
Event: 4.054 GC heap after
Heap after GC invocations=4 (full 0):
 PSYoungGen      total 189440K, used 7147K [0x00000000eab00000, 0x00000000f6b00000, 0x0000000100000000)
  eden space 182272K, 0% used [0x00000000eab00000,0x00000000eab00000,0x00000000f5d00000)
  from space 7168K, 99% used [0x00000000f6400000,0x00000000f6afacd0,0x00000000f6b00000)
  to   space 7168K, 0% used [0x00000000f5d00000,0x00000000f5d00000,0x00000000f6400000)
 ParOldGen       total 120320K, used 24445K [0x00000000c0000000, 0x00000000c7580000, 0x00000000eab00000)
  object space 120320K, 20% used [0x00000000c0000000,0x00000000c17df7a0,0x00000000c7580000)
 Metaspace       used 6382K, capacity 7152K, committed 7296K, reserved 1056768K
  class space    used 596K, capacity 616K, committed 640K, reserved 1048576K
}
Event: 5.749 GC heap before
{Heap before GC invocations=5 (full 0):
 PSYoungGen      total 189440K, used 189419K [0x00000000eab00000, 0x00000000f6b00000, 0x0000000100000000)
  eden space 182272K, 100% used [0x00000000eab00000,0x00000000f5d00000,0x00000000f5d00000)
  from space 7168K, 99% used [0x00000000f6400000,0x00000000f6afacd0,0x00000000f6b00000)
  to   space 7168K, 0% used [0x00000000f5d00000,0x00000000f5d00000,0x00000000f6400000)
 ParOldGen       total 120320K, used 24445K [0x00000000c0000000, 0x00000000c7580000, 0x00000000eab00000)
  object space 120320K, 20% used [0x00000000c0000000,0x00000000c17df7a0,0x00000000c7580000)
 Metaspace       used 6497K, capacity 7216K, committed 7296K, reserved 1056768K
  class space    used 596K, capacity 616K, committed 640K, reserved 1048576K
Event: 5.877 GC heap after
Heap after GC invocations=5 (full 0):
 PSYoungGen      total 189440K, used 7140K [0x00000000eab00000, 0x00000000f6b00000, 0x0000000100000000)
  eden space 182272K, 0% used [0x00000000eab00000,0x00000000eab00000,0x00000000f5d00000)
  from space 7168K, 99% used [0x00000000f5d00000,0x00000000f63f9050,0x00000000f6400000)
  to   space 7168K, 0% used [0x00000000f6400000,0x00000000f6400000,0x00000000f6b00000)
 ParOldGen       total 120320K, used 51742K [0x00000000c0000000, 0x00000000c7580000, 0x00000000eab00000)
  object space 120320K, 43% used [0x00000000c0000000,0x00000000c32878d8,0x00000000c7580000)
 Metaspace       used 6497K, capacity 7216K, committed 7296K, reserved 1056768K
  class space    used 596K, capacity 616K, committed 640K, reserved 1048576K
}
Event: 7.057 GC heap before
{Heap before GC invocations=6 (full 0):
 PSYoungGen      total 189440K, used 189412K [0x00000000eab00000, 0x00000000f6b00000, 0x0000000100000000)
  eden space 182272K, 100% used [0x00000000eab00000,0x00000000f5d00000,0x00000000f5d00000)
  from space 7168K, 99% used [0x00000000f5d00000,0x00000000f63f9050,0x00000000f6400000)
  to   space 7168K, 0% used [0x00000000f6400000,0x00000000f6400000,0x00000000f6b00000)
 ParOldGen       total 120320K, used 51742K [0x00000000c0000000, 0x00000000c7580000, 0x00000000eab00000)
  object space 120320K, 43% used [0x00000000c0000000,0x00000000c32878d8,0x00000000c7580000)
 Metaspace       used 6517K, capacity 7216K, committed 7296K, reserved 1056768K
  class space    used 596K, capacity 616K, committed 640K, reserved 1048576K
Event: 7.171 GC heap after
Heap after GC invocations=6 (full 0):
 PSYoungGen      total 189440K, used 7165K [0x00000000eab00000, 0x00000000f6b00000, 0x0000000100000000)
  eden space 182272K, 0% used [0x00000000eab00000,0x00000000eab00000,0x00000000f5d00000)
  from space 7168K, 99% used [0x00000000f6400000,0x00000000f6aff440,0x00000000f6b00000)
  to   space 7168K, 0% used [0x00000000f5d00000,0x00000000f5d00000,0x00000000f6400000)
 ParOldGen       total 120320K, used 73467K [0x00000000c0000000, 0x00000000c7580000, 0x00000000eab00000)
  object space 120320K, 61% used [0x00000000c0000000,0x00000000c47bede8,0x00000000c7580000)
 Metaspace       used 6517K, capacity 7216K, committed 7296K, reserved 1056768K
  class space    used 596K, capacity 616K, committed 640K, reserved 1048576K
}
Event: 8.549 GC heap before
{Heap before GC invocations=7 (full 0):
 PSYoungGen      total 189440K, used 189437K [0x00000000eab00000, 0x00000000f6b00000, 0x0000000100000000)
  eden space 182272K, 100% used [0x00000000eab00000,0x00000000f5d00000,0x00000000f5d00000)
  from space 7168K, 99% used [0x00000000f6400000,0x00000000f6aff440,0x00000000f6b00000)
  to   space 7168K, 0% used [0x00000000f5d00000,0x00000000f5d00000,0x00000000f6400000)
 ParOldGen       total 120320K, used 73467K [0x00000000c0000000, 0x00000000c7580000, 0x00000000eab00000)
  object space 120320K, 61% used [0x00000000c0000000,0x00000000c47bede8,0x00000000c7580000)
 Metaspace       used 6531K, capacity 7216K, committed 7296K, reserved 1056768K
  class space    used 596K, capacity 616K, committed 640K, reserved 1048576K
Event: 8.673 GC heap after
Heap after GC invocations=7 (full 0):
 PSYoungGen      total 189440K, used 7150K [0x00000000eab00000, 0x00000000f6b00000, 0x0000000100000000)
  eden space 182272K, 0% used [0x00000000eab00000,0x00000000eab00000,0x00000000f5d00000)
  from space 7168K, 99% used [0x00000000f5d00000,0x00000000f63fba20,0x00000000f6400000)
  to   space 7168K, 0% used [0x00000000f6400000,0x00000000f6400000,0x00000000f6b00000)
 ParOldGen       total 120320K, used 94261K [0x00000000c0000000, 0x00000000c7580000, 0x00000000eab00000)
  object space 120320K, 78% used [0x00000000c0000000,0x00000000c5c0d500,0x00000000c7580000)
 Metaspace       used 6531K, capacity 7216K, committed 7296K, reserved 1056768K
  class space    used 596K, capacity 616K, committed 640K, reserved 1048576K
}
Event: 8.673 GC heap before
{Heap before GC invocations=8 (full 1):
 PSYoungGen      total 189440K, used 7150K [0x00000000eab00000, 0x00000000f6b00000, 0x0000000100000000)
  eden space 182272K, 0% used [0x00000000eab00000,0x00000000eab00000,0x00000000f5d00000)
  from space 7168K, 99% used [0x00000000f5d00000,0x00000000f63fba20,0x00000000f6400000)
  to   space 7168K, 0% used [0x00000000f6400000,0x00000000f6400000,0x00000000f6b00000)
 ParOldGen       total 120320K, used 94261K [0x00000000c0000000, 0x00000000c7580000, 0x00000000eab00000)
  object space 120320K, 78% used [0x00000000c0000000,0x00000000c5c0d500,0x00000000c7580000)
 Metaspace       used 6531K, capacity 7216K, committed 7296K, reserved 1056768K
  class space    used 596K, capacity 616K, committed 640K, reserved 1048576K
Event: 9.793 GC heap after
Heap after GC invocations=8 (full 1):
 PSYoungGen      total 189440K, used 0K [0x00000000eab00000, 0x00000000f6b00000, 0x0000000100000000)
  eden space 182272K, 0% used [0x00000000eab00000,0x00000000eab00000,0x00000000f5d00000)
  from space 7168K, 0% used [0x00000000f5d00000,0x00000000f5d00000,0x00000000f6400000)
  to   space 7168K, 0% used [0x00000000f6400000,0x00000000f6400000,0x00000000f6b00000)
 ParOldGen       total 206336K, used 97144K [0x00000000c0000000, 0x00000000cc980000, 0x00000000eab00000)
  object space 206336K, 47% used [0x00000000c0000000,0x00000000c5ede2b0,0x00000000cc980000)
 Metaspace       used 6531K, capacity 7216K, committed 7296K, reserved 1056768K
  class space    used 596K, capacity 616K, committed 640K, reserved 1048576K
}

Deoptimization events (10 events):
Event: 6.254 Thread 0x0000000017288000 Uncommon trap: reason=bimorphic action=maybe_recompile pc=0x000000000332fef0 method=com.android.dx.cf.code.BytecodeArray.parseInstruction(ILcom/android/dx/cf/code/BytecodeArray$Visitor;)I @ 1597
Event: 6.577 Thread 0x0000000016d24000 Uncommon trap: reason=null_check action=make_not_entrant pc=0x0000000003397c74 method=com.android.dx.cf.code.Ropper$CatchInfo.getSetup(Lcom/android/dx/rop/type/Type;)Lcom/android/dx/cf/code/Ropper$ExceptionHandlerSetup; @ 10
Event: 7.385 Thread 0x0000000016d28800 Uncommon trap: reason=bimorphic action=maybe_recompile pc=0x00000000033e25a0 method=com.android.dx.cf.code.BytecodeArray.parseInstruction(ILcom/android/dx/cf/code/BytecodeArray$Visitor;)I @ 2484
Event: 7.389 Thread 0x0000000016d28800 Uncommon trap: reason=bimorphic action=maybe_recompile pc=0x00000000033e25a0 method=com.android.dx.cf.code.BytecodeArray.parseInstruction(ILcom/android/dx/cf/code/BytecodeArray$Visitor;)I @ 2484
Event: 7.613 Thread 0x0000000016d28800 Uncommon trap: reason=unstable_if action=reinterpret pc=0x00000000033be2dc method=com.android.dx.cf.code.RopperMachine.run(Lcom/android/dx/cf/code/Frame;II)V @ 356
Event: 7.730 Thread 0x0000000016d24000 Uncommon trap: reason=class_check action=maybe_recompile pc=0x00000000033fa368 method=com.android.dx.ssa.back.FirstFitLocalCombiningAllocator.findNextUnreservedRopReg(IILcom/android/dx/ssa/back/FirstFitLocalCombiningAllocator$Alignment;)I @ 60
Event: 8.069 Thread 0x0000000016d28800 Uncommon trap: reason=unstable_if action=reinterpret pc=0x0000000003441d78 method=com.android.dx.cf.code.Merger.mergeType(Lcom/android/dx/rop/type/TypeBearer;Lcom/android/dx/rop/type/TypeBearer;)Lcom/android/dx/rop/type/TypeBearer; @ 52
Event: 8.155 Thread 0x0000000016d24000 Uncommon trap: reason=class_check action=maybe_recompile pc=0x00000000033fa368 method=com.android.dx.ssa.back.FirstFitLocalCombiningAllocator.findNextUnreservedRopReg(IILcom/android/dx/ssa/back/FirstFitLocalCombiningAllocator$Alignment;)I @ 60
Event: 8.155 Thread 0x0000000016d24000 Uncommon trap: reason=class_check action=maybe_recompile pc=0x00000000033fa368 method=com.android.dx.ssa.back.FirstFitLocalCombiningAllocator.findNextUnreservedRopReg(IILcom/android/dx/ssa/back/FirstFitLocalCombiningAllocator$Alignment;)I @ 60
Event: 8.155 Thread 0x0000000016d24000 Uncommon trap: reason=class_check action=maybe_recompile pc=0x00000000033fa368 method=com.android.dx.ssa.back.FirstFitLocalCombiningAllocator.findNextUnreservedRopReg(IILcom/android/dx/ssa/back/FirstFitLocalCombiningAllocator$Alignment;)I @ 60

Internal exceptions (9 events):
Event: 0.040 Thread 0x0000000002910800 Exception <a 'java/lang/NoSuchMethodError': Method sun.misc.Unsafe.defineClass(Ljava/lang/String;[BII)Ljava/lang/Class; name or signature does not match> (0x00000000eab07cc0) thrown at [C:\src\android\AOSP-openjdk\external\jetbrains\jdk\hotspot\src\share\vê<Žå»¤?
Event: 0.040 Thread 0x0000000002910800 Exception <a 'java/lang/NoSuchMethodError': Method sun.misc.Unsafe.prefetchRead(Ljava/lang/Object;J)V name or signature does not match> (0x00000000eab07fa8) thrown at [C:\src\android\AOSP-openjdk\external\jetbrains\jdk\hotspot\src\share\vm\prims\jni.cpp, lòÌ¡÷»õ?
Event: 1.316 Thread 0x0000000017289800 Implicit null exception at 0x0000000002df14e2 to 0x0000000002df15e1
Event: 1.921 Thread 0x0000000017289800 Implicit null exception at 0x0000000002e0824e to 0x0000000002e0a535
Event: 2.034 Thread 0x0000000002910800 Implicit null exception at 0x0000000002dfbe17 to 0x0000000002dfdf15
Event: 2.356 Thread 0x0000000016d24000 Exception <a 'java/lang/ArrayIndexOutOfBoundsException': 18> (0x00000000ee172ef0) thrown at [C:\src\android\AOSP-openjdk\external\jetbrains\jdk\hotspot\src\share\vm\interpreter\interpreterRuntime.cpp, line 366]
Event: 2.358 Thread 0x0000000016d24000 Exception <a 'java/lang/ArrayIndexOutOfBoundsException'> (0x00000000ee174a70) thrown at [C:\src\android\AOSP-openjdk\external\jetbrains\jdk\hotspot\src\share\vm\runtime\sharedRuntime.cpp, line 605]
Event: 2.363 Thread 0x0000000016d24000 Exception <a 'java/lang/ArrayIndexOutOfBoundsException'> (0x00000000ee175d58) thrown at [C:\src\android\AOSP-openjdk\external\jetbrains\jdk\hotspot\src\share\vm\runtime\sharedRuntime.cpp, line 605]
Event: 6.577 Thread 0x0000000016d24000 Implicit null exception at 0x000000000339009c to 0x0000000003397c49

Events (10 events):
Event: 8.202 Thread 0x0000000016d28800 DEOPT PACKING pc=0x0000000002e3b6fd sp=0x0000000017d8ecf0
Event: 8.202 Thread 0x0000000016d28800 DEOPT UNPACKING pc=0x0000000002a871bf sp=0x0000000017d8ea90 mode 0
Event: 8.212 Thread 0x0000000016d24000 DEOPT PACKING pc=0x0000000002ed6e49 sp=0x0000000017c8e630
Event: 8.212 Thread 0x0000000016d24000 DEOPT UNPACKING pc=0x0000000002a871bf sp=0x0000000017c8e460 mode 0
Event: 8.251 Thread 0x0000000017289800 DEOPT PACKING pc=0x0000000002ed7218 sp=0x0000000017b8e9e0
Event: 8.251 Thread 0x0000000017289800 DEOPT UNPACKING pc=0x0000000002a871bf sp=0x0000000017b8e810 mode 0
Event: 8.370 Thread 0x0000000016d24000 DEOPT PACKING pc=0x0000000002ed6e49 sp=0x0000000017c8e630
Event: 8.370 Thread 0x0000000016d24000 DEOPT UNPACKING pc=0x0000000002a871bf sp=0x0000000017c8e460 mode 0
Event: 8.548 Executing VM operation: ParallelGCFailedAllocation
Event: 9.793 Executing VM operation: ParallelGCFailedAllocation done


Dynamic libraries:
0x00007ff699d90000 - 0x00007ff699dc1000 	D:\android-studio-ide-145.3200535-windows\android-studio\jre\bin\java.exe
0x00007ffaf3b80000 - 0x00007ffaf3d51000 	C:\WINDOWS\SYSTEM32\ntdll.dll
0x00007ffaf2f70000 - 0x00007ffaf301b000 	C:\WINDOWS\System32\KERNEL32.DLL
0x00007ffaf0e40000 - 0x00007ffaf105d000 	C:\WINDOWS\System32\KERNELBASE.dll
0x00007ffaf2e50000 - 0x00007ffaf2ef2000 	C:\WINDOWS\System32\ADVAPI32.dll
0x00007ffaf2a30000 - 0x00007ffaf2ace000 	C:\WINDOWS\System32\msvcrt.dll
0x00007ffaf1220000 - 0x00007ffaf1279000 	C:\WINDOWS\System32\sechost.dll
0x00007ffaf3a50000 - 0x00007ffaf3b71000 	C:\WINDOWS\System32\RPCRT4.dll
0x00007ffaf38c0000 - 0x00007ffaf3a25000 	C:\WINDOWS\System32\USER32.dll
0x00007ffaf0180000 - 0x00007ffaf019e000 	C:\WINDOWS\System32\win32u.dll
0x00007ffaf3880000 - 0x00007ffaf38b4000 	C:\WINDOWS\System32\GDI32.dll
0x00007ffaf0b50000 - 0x00007ffaf0cd2000 	C:\WINDOWS\System32\gdi32full.dll
0x00007ffadeb00000 - 0x00007ffaded79000 	C:\WINDOWS\WinSxS\amd64_microsoft.windows.common-controls_6595b64144ccf1df_6.0.14393.0_none_2d0f50fcbdb171b8\COMCTL32.dll
0x00007ffaf2b80000 - 0x00007ffaf2e47000 	C:\WINDOWS\System32\combase.dll
0x00007ffaf0ce0000 - 0x00007ffaf0dd5000 	C:\WINDOWS\System32\ucrtbase.dll
0x00007ffaf0110000 - 0x00007ffaf017a000 	C:\WINDOWS\System32\bcryptPrimitives.dll
0x00007ffaf3730000 - 0x00007ffaf375e000 	C:\WINDOWS\System32\IMM32.DLL
0x0000000071ea0000 - 0x0000000071f72000 	D:\android-studio-ide-145.3200535-windows\android-studio\jre\jre\bin\msvcr100.dll
0x0000000070630000 - 0x0000000070e64000 	D:\android-studio-ide-145.3200535-windows\android-studio\jre\jre\bin\server\jvm.dll
0x00007ffaf2b70000 - 0x00007ffaf2b78000 	C:\WINDOWS\System32\PSAPI.DLL
0x00007ffadb5e0000 - 0x00007ffadb5e9000 	C:\WINDOWS\SYSTEM32\WSOCK32.dll
0x00007ffaf3090000 - 0x00007ffaf30fa000 	C:\WINDOWS\System32\WS2_32.dll
0x00007ffaee550000 - 0x00007ffaee573000 	C:\WINDOWS\SYSTEM32\WINMM.dll
0x00007ffaeb6d0000 - 0x00007ffaeb6da000 	C:\WINDOWS\SYSTEM32\VERSION.dll
0x00007ffaee480000 - 0x00007ffaee4ab000 	C:\WINDOWS\SYSTEM32\WINMMBASE.dll
0x00007ffaf0b00000 - 0x00007ffaf0b42000 	C:\WINDOWS\System32\cfgmgr32.dll
0x00007ffaecb20000 - 0x00007ffaecb2f000 	D:\android-studio-ide-145.3200535-windows\android-studio\jre\jre\bin\verify.dll
0x00007ffae88f0000 - 0x00007ffae8919000 	D:\android-studio-ide-145.3200535-windows\android-studio\jre\jre\bin\java.dll
0x00007ffaea0e0000 - 0x00007ffaea0f6000 	D:\android-studio-ide-145.3200535-windows\android-studio\jre\jre\bin\zip.dll
0x00007ffaf1280000 - 0x00007ffaf2788000 	C:\WINDOWS\System32\SHELL32.dll
0x00007ffaf0420000 - 0x00007ffaf0afa000 	C:\WINDOWS\System32\windows.storage.dll
0x00007ffaf00b0000 - 0x00007ffaf00fc000 	C:\WINDOWS\System32\powrprof.dll
0x00007ffaf3760000 - 0x00007ffaf37b2000 	C:\WINDOWS\System32\shlwapi.dll
0x00007ffaf0100000 - 0x00007ffaf010f000 	C:\WINDOWS\System32\kernel.appcore.dll
0x00007ffaf01a0000 - 0x00007ffaf0249000 	C:\WINDOWS\System32\shcore.dll
0x00007ffaf0080000 - 0x00007ffaf0094000 	C:\WINDOWS\System32\profapi.dll

VM Arguments:
jvm_args: -Djava.awt.headless=true -Xmx1024M -Dfile.encoding=windows-1252 -Duser.country=US -Duser.language=en -Duser.variant 
java_command: com.android.dx.command.Main --dex --num-threads=4 --multi-dex --main-dex-list D:\Timeraaa3\Timeraaa2\Timeraaa\Timeraaaa\app\build\intermediates\multi-dex\release\maindexlist.txt --output D:\Timeraaa3\Timeraaa2\Timeraaa\Timeraaaa\app\build\intermediates\transforms\dex\release\folders\1000\1f\main D:\Timeraaa3\Timeraaa2\Timeraaa\Timeraaaa\app\build\intermediates\transforms\jarMerging\release\jars\1\1f\combined.jar
java_class_path (initial): C:\Users\somai\AppData\Local\Android\Sdk\build-tools\24.0.1\lib\dx.jar
Launcher Type: SUN_STANDARD

Environment Variables:
PATH=C:\ProgramData\Oracle\Java\javapath;C:\WINDOWS\system32;C:\WINDOWS;C:\WINDOWS\System32\Wbem;C:\WINDOWS\System32\WindowsPowerShell\v1.0\;C:\Program Files (x86)\Common Files\lenovo\easyplussdk\bin;C:\Program Files (x86)\ATI Technologies\ATI.ACE\Core-Static;C:\Program Files\Git\cmd;C:\Program Files\AMI\DuOS\;C:\Users\somai\AppData\Local\Microsoft\WindowsApps;
USERNAME=somai
OS=Windows_NT
PROCESSOR_IDENTIFIER=AMD64 Family 21 Model 48 Stepping 1, AuthenticAMD



---------------  S Y S T E M  ---------------

OS: Windows 10.0 , 64 bit Build 14393 (10.0.14393.0)

CPU:total 4 (4 cores per cpu, 1 threads per core) family 21 model 48 stepping 1, cmov, cx8, fxsr, mmx, sse, sse2, sse3, ssse3, sse4.1, sse4.2, popcnt, avx, aes, clmul, mmxext, 3dnowpref, lzcnt, sse4a, tsc, tscinvbit, tscinv, bmi1

Memory: 4k page, physical 11480692k(1879876k free), swap 11480692k(475724k free)

vm_info: OpenJDK 64-Bit Server VM (25.76-b03) for windows-amd64 JRE (1.8.0_76-release-b03), built on Jun 29 2016 19:09:20 by "ralucas" with MS VC++ 10.0 (VS2010)

time: Tue Aug 23 00:15:09 2016
elapsed time: 12 seconds (0d 0h 0m 12s)

