#
# There is insufficient memory for the Java Runtime Environment to continue.
# Native memory allocation (malloc) failed to allocate 1640496 bytes for Chunk::new
# Possible reasons:
#   The system is out of physical RAM or swap space
#   In 32 bit mode, the process size limit was hit
# Possible solutions:
#   Reduce memory load on the system
#   Increase physical memory or swap space
#   Check if swap backing store is full
#   Use 64 bit Java on a 64 bit OS
#   Decrease Java heap size (-Xmx/-Xms)
#   Decrease number of Java threads
#   Decrease Java thread stack sizes (-Xss)
#   Set larger code cache with -XX:ReservedCodeCacheSize=
# This output file may be truncated or incomplete.
#
#  Out of Memory Error (allocation.cpp:390), pid=211652, tid=0x0000000000033590
#
# JRE version: OpenJDK Runtime Environment (8.0_76-b03) (build 1.8.0_76-release-b03)
# Java VM: OpenJDK 64-Bit Server VM (25.76-b03 mixed mode windows-amd64 compressed oops)
# Failed to write core dump. Minidumps are not enabled by default on client versions of Windows
#

---------------  T H R E A D  ---------------

Current thread (0x0000000014bfc800):  JavaThread "C2 CompilerThread1" daemon [_thread_in_native, id=210320, stack(0x0000000016300000,0x0000000016400000)]

Stack: [0x0000000016300000,0x0000000016400000]
[error occurred during error reporting (printing stack bounds), id 0xc0000005]

Native frames: (J=compiled Java code, j=interpreted, Vv=VM code, C=native code)


Current CompileTask:
C2:   8550 1985       4       com.android.dx.cf.code.Simulator$SimVisitor::visitConstant (332 bytes)


---------------  P R O C E S S  ---------------

Java Threads: ( => current thread )
  0x00000000167db000 JavaThread "pool-1-thread-4" [_thread_in_Java, id=195232, stack(0x0000000017700000,0x0000000017800000)]
  0x00000000167da000 JavaThread "pool-1-thread-3" [_thread_in_Java, id=198316, stack(0x0000000017600000,0x0000000017700000)]
  0x0000000016c76000 JavaThread "pool-1-thread-2" [_thread_in_Java, id=209508, stack(0x0000000017500000,0x0000000017600000)]
  0x0000000016751000 JavaThread "pool-2-thread-1" [_thread_blocked, id=210236, stack(0x0000000017400000,0x0000000017500000)]
  0x000000001674d800 JavaThread "pool-1-thread-1" [_thread_in_Java, id=210272, stack(0x0000000017300000,0x0000000017400000)]
  0x0000000016502800 JavaThread "Service Thread" daemon [_thread_blocked, id=211572, stack(0x0000000016900000,0x0000000016a00000)]
  0x0000000014c08000 JavaThread "C1 CompilerThread2" daemon [_thread_blocked, id=209900, stack(0x0000000016400000,0x0000000016500000)]
=>0x0000000014bfc800 JavaThread "C2 CompilerThread1" daemon [_thread_in_native, id=210320, stack(0x0000000016300000,0x0000000016400000)]
  0x0000000014bac800 JavaThread "C2 CompilerThread0" daemon [_thread_in_native, id=171412, stack(0x0000000016200000,0x0000000016300000)]
  0x0000000014bab000 JavaThread "Attach Listener" daemon [_thread_blocked, id=211600, stack(0x0000000016100000,0x0000000016200000)]
  0x0000000014baa000 JavaThread "Signal Dispatcher" daemon [_thread_blocked, id=207776, stack(0x0000000016000000,0x0000000016100000)]
  0x0000000014b98800 JavaThread "Finalizer" daemon [_thread_blocked, id=211680, stack(0x0000000015e10000,0x0000000015f10000)]
  0x00000000024cf800 JavaThread "Reference Handler" daemon [_thread_blocked, id=211604, stack(0x0000000015d10000,0x0000000015e10000)]
  0x00000000023e0800 JavaThread "main" [_thread_in_Java, id=211872, stack(0x00000000022e0000,0x00000000023e0000)]

Other Threads:
  0x0000000014b75000 VMThread [stack: 0x0000000015c10000,0x0000000015d10000] [id=209516]
  0x0000000016504000 WatcherThread [stack: 0x0000000016a00000,0x0000000016b00000] [id=211636]

VM state:not at safepoint (normal execution)

VM Mutex/Monitor currently owned by a thread: None

Heap:
 PSYoungGen      total 98304K, used 86725K [0x00000000eab00000, 0x00000000f1200000, 0x0000000100000000)
  eden space 91136K, 87% used [0x00000000eab00000,0x00000000ef8b97b0,0x00000000f0400000)
  from space 7168K, 99% used [0x00000000f0b00000,0x00000000f11f8048,0x00000000f1200000)
  to   space 7168K, 0% used [0x00000000f0400000,0x00000000f0400000,0x00000000f0b00000)
 ParOldGen       total 120320K, used 16525K [0x00000000c0000000, 0x00000000c7580000, 0x00000000eab00000)
  object space 120320K, 13% used [0x00000000c0000000,0x00000000c1023568,0x00000000c7580000)
 Metaspace       used 6417K, capacity 7152K, committed 7296K, reserved 1058816K
  class space    used 590K, capacity 616K, committed 640K, reserved 1048576K

Card table byte_map: [0x00000000118a0000,0x0000000011ab0000] byte_map_base: 0x00000000112a0000

Marking Bits: (ParMarkBitMap*) 0x0000000070de9d00
 Begin Bits: [0x0000000012010000, 0x0000000013010000)
 End Bits:   [0x0000000013010000, 0x0000000014010000)

Polling page: 0x00000000021f0000

CodeCache: size=245760Kb used=8136Kb max_used=8160Kb free=237623Kb
 bounds [0x00000000024e0000, 0x0000000002cf0000, 0x00000000114e0000]
 total_blobs=2214 nmethods=1946 adapters=182
 compilation: enabled

Compilation events (10 events):
Event: 7.767 Thread 0x0000000014bfc800 nmethod 1981 0x0000000002cabb10 code [0x0000000002cabc60, 0x0000000002cabe78]
Event: 7.767 Thread 0x0000000014bfc800 1982       4       com.android.dx.cf.code.Simulator$SimVisitor::visitLocal (329 bytes)
Event: 8.040 Thread 0x0000000014bfc800 nmethod 1982 0x0000000002cd1090 code [0x0000000002cd1720, 0x0000000002cd7c10]
Event: 8.041 Thread 0x0000000014bfc800 1993 %     4       com.android.dx.cf.code.BasicBlocker::getBlockList @ 66 (208 bytes)
Event: 8.042 Thread 0x0000000014c08000 1996       2       com.android.dx.rop.code.Rops::opOr (21 bytes)
Event: 8.042 Thread 0x0000000014c08000 nmethod 1996 0x0000000002cab750 code [0x0000000002cab8c0, 0x0000000002caba68]
Event: 8.084 Thread 0x0000000014bfc800 nmethod 1993% 0x0000000002ccb6d0 code [0x0000000002ccb8e0, 0x0000000002cccd78]
Event: 8.084 Thread 0x0000000014bfc800 1991       4       com.android.dx.cf.code.LocalVariableList::pcAndIndexToLocal (51 bytes)
Event: 8.087 Thread 0x0000000014bfc800 nmethod 1991 0x0000000002cc1ed0 code [0x0000000002cc2020, 0x0000000002cc21b8]
Event: 8.087 Thread 0x0000000014bfc800 1985       4       com.android.dx.cf.code.Simulator$SimVisitor::visitConstant (332 bytes)

GC Heap History (8 events):
Event: 4.559 GC heap before
{Heap before GC invocations=1 (full 0):
 PSYoungGen      total 52736K, used 45568K [0x00000000eab00000, 0x00000000ee580000, 0x0000000100000000)
  eden space 45568K, 100% used [0x00000000eab00000,0x00000000ed780000,0x00000000ed780000)
  from space 7168K, 0% used [0x00000000ede80000,0x00000000ede80000,0x00000000ee580000)
  to   space 7168K, 0% used [0x00000000ed780000,0x00000000ed780000,0x00000000ede80000)
 ParOldGen       total 120320K, used 0K [0x00000000c0000000, 0x00000000c7580000, 0x00000000eab00000)
  object space 120320K, 0% used [0x00000000c0000000,0x00000000c0000000,0x00000000c7580000)
 Metaspace       used 5917K, capacity 6896K, committed 7040K, reserved 1058816K
  class space    used 571K, capacity 616K, committed 640K, reserved 1048576K
Event: 4.573 GC heap after
Heap after GC invocations=1 (full 0):
 PSYoungGen      total 52736K, used 6290K [0x00000000eab00000, 0x00000000ee580000, 0x0000000100000000)
  eden space 45568K, 0% used [0x00000000eab00000,0x00000000eab00000,0x00000000ed780000)
  from space 7168K, 87% used [0x00000000ed780000,0x00000000edda4bb0,0x00000000ede80000)
  to   space 7168K, 0% used [0x00000000ede80000,0x00000000ede80000,0x00000000ee580000)
 ParOldGen       total 120320K, used 16K [0x00000000c0000000, 0x00000000c7580000, 0x00000000eab00000)
  object space 120320K, 0% used [0x00000000c0000000,0x00000000c0004000,0x00000000c7580000)
 Metaspace       used 5917K, capacity 6896K, committed 7040K, reserved 1058816K
  class space    used 571K, capacity 616K, committed 640K, reserved 1048576K
}
Event: 5.301 GC heap before
{Heap before GC invocations=2 (full 0):
 PSYoungGen      total 52736K, used 51858K [0x00000000eab00000, 0x00000000ee580000, 0x0000000100000000)
  eden space 45568K, 100% used [0x00000000eab00000,0x00000000ed780000,0x00000000ed780000)
  from space 7168K, 87% used [0x00000000ed780000,0x00000000edda4bb0,0x00000000ede80000)
  to   space 7168K, 0% used [0x00000000ede80000,0x00000000ede80000,0x00000000ee580000)
 ParOldGen       total 120320K, used 16K [0x00000000c0000000, 0x00000000c7580000, 0x00000000eab00000)
  object space 120320K, 0% used [0x00000000c0000000,0x00000000c0004000,0x00000000c7580000)
 Metaspace       used 6187K, capacity 7088K, committed 7296K, reserved 1058816K
  class space    used 572K, capacity 616K, committed 640K, reserved 1048576K
Event: 5.386 GC heap after
Heap after GC invocations=2 (full 0):
 PSYoungGen      total 52736K, used 7159K [0x00000000eab00000, 0x00000000f1200000, 0x0000000100000000)
  eden space 45568K, 0% used [0x00000000eab00000,0x00000000eab00000,0x00000000ed780000)
  from space 7168K, 99% used [0x00000000ede80000,0x00000000ee57dca8,0x00000000ee580000)
  to   space 7168K, 0% used [0x00000000ed780000,0x00000000ed780000,0x00000000ede80000)
 ParOldGen       total 120320K, used 3501K [0x00000000c0000000, 0x00000000c7580000, 0x00000000eab00000)
  object space 120320K, 2% used [0x00000000c0000000,0x00000000c036b768,0x00000000c7580000)
 Metaspace       used 6187K, capacity 7088K, committed 7296K, reserved 1058816K
  class space    used 572K, capacity 616K, committed 640K, reserved 1048576K
}
Event: 5.921 GC heap before
{Heap before GC invocations=3 (full 0):
 PSYoungGen      total 52736K, used 52727K [0x00000000eab00000, 0x00000000f1200000, 0x0000000100000000)
  eden space 45568K, 100% used [0x00000000eab00000,0x00000000ed780000,0x00000000ed780000)
  from space 7168K, 99% used [0x00000000ede80000,0x00000000ee57dca8,0x00000000ee580000)
  to   space 7168K, 0% used [0x00000000ed780000,0x00000000ed780000,0x00000000ede80000)
 ParOldGen       total 120320K, used 3501K [0x00000000c0000000, 0x00000000c7580000, 0x00000000eab00000)
  object space 120320K, 2% used [0x00000000c0000000,0x00000000c036b768,0x00000000c7580000)
 Metaspace       used 6302K, capacity 7088K, committed 7296K, reserved 1058816K
  class space    used 590K, capacity 616K, committed 640K, reserved 1048576K
Event: 5.960 GC heap after
Heap after GC invocations=3 (full 0):
 PSYoungGen      total 52736K, used 7136K [0x00000000eab00000, 0x00000000f1200000, 0x0000000100000000)
  eden space 45568K, 0% used [0x00000000eab00000,0x00000000eab00000,0x00000000ed780000)
  from space 7168K, 99% used [0x00000000ed780000,0x00000000ede78048,0x00000000ede80000)
  to   space 7168K, 0% used [0x00000000f0b00000,0x00000000f0b00000,0x00000000f1200000)
 ParOldGen       total 120320K, used 10059K [0x00000000c0000000, 0x00000000c7580000, 0x00000000eab00000)
  object space 120320K, 8% used [0x00000000c0000000,0x00000000c09d2d00,0x00000000c7580000)
 Metaspace       used 6302K, capacity 7088K, committed 7296K, reserved 1058816K
  class space    used 590K, capacity 616K, committed 640K, reserved 1048576K
}
Event: 6.509 GC heap before
{Heap before GC invocations=4 (full 0):
 PSYoungGen      total 52736K, used 52704K [0x00000000eab00000, 0x00000000f1200000, 0x0000000100000000)
  eden space 45568K, 100% used [0x00000000eab00000,0x00000000ed780000,0x00000000ed780000)
  from space 7168K, 99% used [0x00000000ed780000,0x00000000ede78048,0x00000000ede80000)
  to   space 7168K, 0% used [0x00000000f0b00000,0x00000000f0b00000,0x00000000f1200000)
 ParOldGen       total 120320K, used 10059K [0x00000000c0000000, 0x00000000c7580000, 0x00000000eab00000)
  object space 120320K, 8% used [0x00000000c0000000,0x00000000c09d2d00,0x00000000c7580000)
 Metaspace       used 6397K, capacity 7152K, committed 7296K, reserved 1058816K
  class space    used 590K, capacity 616K, committed 640K, reserved 1048576K
Event: 6.540 GC heap after
Heap after GC invocations=4 (full 0):
 PSYoungGen      total 98304K, used 7136K [0x00000000eab00000, 0x00000000f1200000, 0x0000000100000000)
  eden space 91136K, 0% used [0x00000000eab00000,0x00000000eab00000,0x00000000f0400000)
  from space 7168K, 99% used [0x00000000f0b00000,0x00000000f11f8048,0x00000000f1200000)
  to   space 7168K, 0% used [0x00000000f0400000,0x00000000f0400000,0x00000000f0b00000)
 ParOldGen       total 120320K, used 16525K [0x00000000c0000000, 0x00000000c7580000, 0x00000000eab00000)
  object space 120320K, 13% used [0x00000000c0000000,0x00000000c1023568,0x00000000c7580000)
 Metaspace       used 6397K, capacity 7152K, committed 7296K, reserved 1058816K
  class space    used 590K, capacity 616K, committed 640K, reserved 1048576K
}

Deoptimization events (10 events):
Event: 5.511 Thread 0x000000001674d800 Uncommon trap: reason=unstable_if action=reinterpret pc=0x0000000002713790 method=java.util.HashMap.getNode(ILjava/lang/Object;)Ljava/util/HashMap$Node; @ 84
Event: 5.774 Thread 0x00000000167db000 Uncommon trap: reason=class_check action=maybe_recompile pc=0x0000000002a4d0cc method=com.android.dx.ssa.SCCP.simulateBranch(Lcom/android/dx/ssa/SsaInsn;)V @ 145
Event: 5.782 Thread 0x00000000167db000 Uncommon trap: reason=class_check action=maybe_recompile pc=0x00000000029931d8 method=java.util.HashMap.putVal(ILjava/lang/Object;Ljava/lang/Object;ZZ)Ljava/lang/Object; @ 203
Event: 5.782 Thread 0x00000000167db000 Uncommon trap: reason=class_check action=maybe_recompile pc=0x00000000029931d8 method=java.util.HashMap.putVal(ILjava/lang/Object;Ljava/lang/Object;ZZ)Ljava/lang/Object; @ 203
Event: 5.782 Thread 0x00000000167db000 Uncommon trap: reason=class_check action=maybe_recompile pc=0x00000000029931d8 method=java.util.HashMap.putVal(ILjava/lang/Object;Ljava/lang/Object;ZZ)Ljava/lang/Object; @ 203
Event: 5.782 Thread 0x00000000167db000 Uncommon trap: reason=class_check action=maybe_recompile pc=0x00000000029931d8 method=java.util.HashMap.putVal(ILjava/lang/Object;Ljava/lang/Object;ZZ)Ljava/lang/Object; @ 203
Event: 5.844 Thread 0x000000001674d800 Uncommon trap: reason=unstable_if action=reinterpret pc=0x0000000002b8b8b4 method=java.util.HashMap.resize()[Ljava/util/HashMap$Node; @ 206
Event: 6.567 Thread 0x0000000016c76000 Uncommon trap: reason=class_check action=maybe_recompile pc=0x0000000002a4d0cc method=com.android.dx.ssa.SCCP.simulateBranch(Lcom/android/dx/ssa/SsaInsn;)V @ 145
Event: 6.738 Thread 0x00000000167da000 Uncommon trap: reason=class_check action=maybe_recompile pc=0x0000000002a4d0cc method=com.android.dx.ssa.SCCP.simulateBranch(Lcom/android/dx/ssa/SsaInsn;)V @ 145
Event: 6.936 Thread 0x00000000167da000 Uncommon trap: reason=unstable_if action=reinterpret pc=0x0000000002bb80d4 method=com.android.dx.ssa.MoveParamCombiner$1.visitNonMoveInsn(Lcom/android/dx/ssa/NormalSsaInsn;)V @ 27

Internal exceptions (5 events):
Event: 0.169 Thread 0x00000000023e0800 Exception <a 'java/lang/NoSuchMethodError': Method sun.misc.Unsafe.defineClass(Ljava/lang/String;[BII)Ljava/lang/Class; name or signature does not match> (0x00000000eab07cc0) thrown at [C:\src\android\AOSP-openjdk\external\jetbrains\jdk\hotspot\src\share\vjäÇ§≈?
Event: 0.169 Thread 0x00000000023e0800 Exception <a 'java/lang/NoSuchMethodError': Method sun.misc.Unsafe.prefetchRead(Ljava/lang/Object;J)V name or signature does not match> (0x00000000eab07fa8) thrown at [C:\src\android\AOSP-openjdk\external\jetbrains\jdk\hotspot\src\share\vm\prims\jni.cpp, l‹∫0O@
Event: 5.503 Thread 0x000000001674d800 Exception <a 'java/lang/ArrayIndexOutOfBoundsException': 18> (0x00000000ebc236c0) thrown at [C:\src\android\AOSP-openjdk\external\jetbrains\jdk\hotspot\src\share\vm\interpreter\interpreterRuntime.cpp, line 366]
Event: 5.504 Thread 0x000000001674d800 Exception <a 'java/lang/ArrayIndexOutOfBoundsException': 145> (0x00000000ebc25240) thrown at [C:\src\android\AOSP-openjdk\external\jetbrains\jdk\hotspot\src\share\vm\interpreter\interpreterRuntime.cpp, line 366]
Event: 5.510 Thread 0x000000001674d800 Exception <a 'java/lang/ArrayIndexOutOfBoundsException'> (0x00000000ebc26528) thrown at [C:\src\android\AOSP-openjdk\external\jetbrains\jdk\hotspot\src\share\vm\runtime\sharedRuntime.cpp, line 605]

Events (10 events):
Event: 6.738 Thread 0x00000000167da000 Uncommon trap: trap_request=0xffffffde fr.pc=0x0000000002a4d0cc
Event: 6.738 Thread 0x00000000167da000 DEOPT PACKING pc=0x0000000002a4d0cc sp=0x00000000176feab0
Event: 6.738 Thread 0x00000000167da000 DEOPT UNPACKING pc=0x000000000252556a sp=0x00000000176fea78 mode 2
Event: 6.936 Thread 0x00000000167da000 Uncommon trap: trap_request=0xffffff65 fr.pc=0x0000000002bb80d4
Event: 6.936 Thread 0x00000000167da000 DEOPT PACKING pc=0x0000000002bb80d4 sp=0x00000000176febc0
Event: 6.936 Thread 0x00000000167da000 DEOPT UNPACKING pc=0x000000000252556a sp=0x00000000176feb18 mode 2
Event: 6.942 Thread 0x00000000023e0800 DEOPT PACKING pc=0x0000000002adab92 sp=0x00000000023dec10
Event: 6.942 Thread 0x00000000023e0800 DEOPT UNPACKING pc=0x00000000025271bf sp=0x00000000023dea20 mode 0
Event: 7.424 Thread 0x00000000167da000 DEOPT PACKING pc=0x0000000002ba0324 sp=0x00000000176fe9d0
Event: 7.424 Thread 0x00000000167da000 DEOPT UNPACKING pc=0x00000000025271bf sp=0x00000000176fe6c0 mode 0


Dynamic libraries:
0x00007ff68a2a0000 - 0x00007ff68a2d1000 	D:\android-studio-ide-145.3070098-windows\android-studio\jre\bin\java.exe
0x00007ffaf3b80000 - 0x00007ffaf3d51000 	C:\WINDOWS\SYSTEM32\ntdll.dll
0x00007ffaf2f70000 - 0x00007ffaf301b000 	C:\WINDOWS\System32\KERNEL32.DLL
0x00007ffaf0e40000 - 0x00007ffaf105d000 	C:\WINDOWS\System32\KERNELBASE.dll
0x00007ffaf2e50000 - 0x00007ffaf2ef2000 	C:\WINDOWS\System32\ADVAPI32.dll
0x00007ffaf2a30000 - 0x00007ffaf2ace000 	C:\WINDOWS\System32\msvcrt.dll
0x00007ffaf1220000 - 0x00007ffaf1279000 	C:\WINDOWS\System32\sechost.dll
0x00007ffaf3a50000 - 0x00007ffaf3b71000 	C:\WINDOWS\System32\RPCRT4.dll
0x00007ffaf38c0000 - 0x00007ffaf3a25000 	C:\WINDOWS\System32\USER32.dll
0x00007ffaf0180000 - 0x00007ffaf019e000 	C:\WINDOWS\System32\win32u.dll
0x00007ffaf3880000 - 0x00007ffaf38b4000 	C:\WINDOWS\System32\GDI32.dll
0x00007ffaf0b50000 - 0x00007ffaf0cd2000 	C:\WINDOWS\System32\gdi32full.dll
0x00007ffadeb00000 - 0x00007ffaded79000 	C:\WINDOWS\WinSxS\amd64_microsoft.windows.common-controls_6595b64144ccf1df_6.0.14393.0_none_2d0f50fcbdb171b8\COMCTL32.dll
0x00007ffaf2b80000 - 0x00007ffaf2e47000 	C:\WINDOWS\System32\combase.dll
0x00007ffaf0ce0000 - 0x00007ffaf0dd5000 	C:\WINDOWS\System32\ucrtbase.dll
0x00007ffaf0110000 - 0x00007ffaf017a000 	C:\WINDOWS\System32\bcryptPrimitives.dll
0x00007ffaf3730000 - 0x00007ffaf375e000 	C:\WINDOWS\System32\IMM32.DLL
0x0000000070550000 - 0x0000000070622000 	D:\android-studio-ide-145.3070098-windows\android-studio\jre\jre\bin\msvcr100.dll
0x0000000070630000 - 0x0000000070e64000 	D:\android-studio-ide-145.3070098-windows\android-studio\jre\jre\bin\server\jvm.dll
0x00007ffaf2b70000 - 0x00007ffaf2b78000 	C:\WINDOWS\System32\PSAPI.DLL
0x00007ffadb5e0000 - 0x00007ffadb5e9000 	C:\WINDOWS\SYSTEM32\WSOCK32.dll
0x00007ffaf3090000 - 0x00007ffaf30fa000 	C:\WINDOWS\System32\WS2_32.dll
0x00007ffaee550000 - 0x00007ffaee573000 	C:\WINDOWS\SYSTEM32\WINMM.dll
0x00007ffaeb6d0000 - 0x00007ffaeb6da000 	C:\WINDOWS\SYSTEM32\VERSION.dll
0x00007ffaee480000 - 0x00007ffaee4ab000 	C:\WINDOWS\SYSTEM32\WINMMBASE.dll
0x00007ffaf0b00000 - 0x00007ffaf0b42000 	C:\WINDOWS\System32\cfgmgr32.dll
0x00007ffaecb20000 - 0x00007ffaecb2f000 	D:\android-studio-ide-145.3070098-windows\android-studio\jre\jre\bin\verify.dll
0x00007ffae48d0000 - 0x00007ffae48f9000 	D:\android-studio-ide-145.3070098-windows\android-studio\jre\jre\bin\java.dll
0x00007ffaea0e0000 - 0x00007ffaea0f6000 	D:\android-studio-ide-145.3070098-windows\android-studio\jre\jre\bin\zip.dll
0x00007ffaf1280000 - 0x00007ffaf2788000 	C:\WINDOWS\System32\SHELL32.dll
0x00007ffaf0420000 - 0x00007ffaf0afa000 	C:\WINDOWS\System32\windows.storage.dll
0x00007ffaf00b0000 - 0x00007ffaf00fc000 	C:\WINDOWS\System32\powrprof.dll
0x00007ffaf3760000 - 0x00007ffaf37b2000 	C:\WINDOWS\System32\shlwapi.dll
0x00007ffaf0100000 - 0x00007ffaf010f000 	C:\WINDOWS\System32\kernel.appcore.dll
0x00007ffaf01a0000 - 0x00007ffaf0249000 	C:\WINDOWS\System32\shcore.dll
0x00007ffaf0080000 - 0x00007ffaf0094000 	C:\WINDOWS\System32\profapi.dll

VM Arguments:
jvm_args: -Djava.awt.headless=true -Xmx1024M -Dfile.encoding=windows-1252 -Duser.country=US -Duser.language=en -Duser.variant 
java_command: com.android.dx.command.Main --dex --num-threads=4 --output D:\Timeraaa3\Timeraaa2\Timeraaa\Timeraaaa\app\build\intermediates\pre-dexed\release\com.google.android.gms-play-services-ads-8.1.0_e2e6ebc8a4fcec020b8c8d4ab84b1fbe21501294.jar D:\Timeraaa3\Timeraaa2\Timeraaa\Timeraaaa\app\build\intermediates\exploded-aar\com.google.android.gms\play-services-ads\8.1.0\jars\classes.jar
java_class_path (initial): C:\Users\somai\AppData\Local\Android\Sdk\build-tools\24.0.1\lib\dx.jar
Launcher Type: SUN_STANDARD

Environment Variables:
PATH=C:\ProgramData\Oracle\Java\javapath;C:\WINDOWS\system32;C:\WINDOWS;C:\WINDOWS\System32\Wbem;C:\WINDOWS\System32\WindowsPowerShell\v1.0\;C:\Program Files (x86)\Common Files\lenovo\easyplussdk\bin;C:\Program Files (x86)\ATI Technologies\ATI.ACE\Core-Static;C:\Program Files\Git\cmd;C:\Program Files\AMI\DuOS\;C:\Users\somai\AppData\Local\Microsoft\WindowsApps;
USERNAME=somai
OS=Windows_NT
PROCESSOR_IDENTIFIER=AMD64 Family 21 Model 48 Stepping 1, AuthenticAMD



---------------  S Y S T E M  ---------------

OS: Windows 10.0 , 64 bit Build 14393 (10.0.14393.0)

CPU:total 4 (4 cores per cpu, 1 threads per core) family 21 model 48 stepping 1, cmov, cx8, fxsr, mmx, sse, sse2, sse3, ssse3, sse4.1, sse4.2, popcnt, avx, aes, clmul, mmxext, 3dnowpref, lzcnt, sse4a, tsc, tscinvbit, tscinv, bmi1

Memory: 4k page, physical 11480692k(2256044k free), swap 11480692k(3456k free)

vm_info: OpenJDK 64-Bit Server VM (25.76-b03) for windows-amd64 JRE (1.8.0_76-release-b03), built on Jun 29 2016 19:09:20 by "ralucas" with MS VC++ 10.0 (VS2010)

time: Mon Aug 22 20:49:57 2016
elapsed time: 8 seconds (0d 0h 0m 8s)

