#
# There is insufficient memory for the Java Runtime Environment to continue.
# Native memory allocation (malloc) failed to allocate 1206256 bytes for Chunk::new
# Possible reasons:
#   The system is out of physical RAM or swap space
#   In 32 bit mode, the process size limit was hit
# Possible solutions:
#   Reduce memory load on the system
#   Increase physical memory or swap space
#   Check if swap backing store is full
#   Use 64 bit Java on a 64 bit OS
#   Decrease Java heap size (-Xmx/-Xms)
#   Decrease number of Java threads
#   Decrease Java thread stack sizes (-Xss)
#   Set larger code cache with -XX:ReservedCodeCacheSize=
# This output file may be truncated or incomplete.
#
#  Out of Memory Error (allocation.cpp:390), pid=30184, tid=0x000000000000709c
#
# JRE version: OpenJDK Runtime Environment (8.0_76-b03) (build 1.8.0_76-release-b03)
# Java VM: OpenJDK 64-Bit Server VM (25.76-b03 mixed mode windows-amd64 compressed oops)
# Failed to write core dump. Minidumps are not enabled by default on client versions of Windows
#

---------------  T H R E A D  ---------------

Current thread (0x000000001504b000):  JavaThread "C2 CompilerThread0" daemon [_thread_in_native, id=28828, stack(0x00000000166a0000,0x00000000167a0000)]

Stack: [0x00000000166a0000,0x00000000167a0000]
[error occurred during error reporting (printing stack bounds), id 0xc0000005]

Native frames: (J=compiled Java code, j=interpreted, Vv=VM code, C=native code)


Current CompileTask:
C2:  12280 2639 %     4       com.android.dx.dex.code.LocalList::make @ 16 (102 bytes)


---------------  P R O C E S S  ---------------

Java Threads: ( => current thread )
  0x00000000168b3800 JavaThread "Service Thread" daemon [_thread_blocked, id=10316, stack(0x0000000016da0000,0x0000000016ea0000)]
  0x00000000168a8800 JavaThread "C1 CompilerThread2" daemon [_thread_blocked, id=30048, stack(0x0000000016ca0000,0x0000000016da0000)]
  0x000000001504e000 JavaThread "C2 CompilerThread1" daemon [_thread_in_native, id=30052, stack(0x00000000167a0000,0x00000000168a0000)]
=>0x000000001504b000 JavaThread "C2 CompilerThread0" daemon [_thread_in_native, id=28828, stack(0x00000000166a0000,0x00000000167a0000)]
  0x0000000015049000 JavaThread "Attach Listener" daemon [_thread_blocked, id=31452, stack(0x00000000165a0000,0x00000000166a0000)]
  0x0000000015048000 JavaThread "Signal Dispatcher" daemon [_thread_blocked, id=25700, stack(0x00000000164a0000,0x00000000165a0000)]
  0x0000000015038800 JavaThread "Finalizer" daemon [_thread_blocked, id=27104, stack(0x00000000162b0000,0x00000000163b0000)]
  0x000000000296f000 JavaThread "Reference Handler" daemon [_thread_blocked, id=6116, stack(0x00000000161b0000,0x00000000162b0000)]
  0x0000000002880800 JavaThread "main" [_thread_in_Java, id=31884, stack(0x0000000002780000,0x0000000002880000)]

Other Threads:
  0x0000000015014800 VMThread [stack: 0x00000000160b0000,0x00000000161b0000] [id=9452]
  0x00000000150ae800 WatcherThread [stack: 0x0000000016ea0000,0x0000000016fa0000] [id=29956]

VM state:not at safepoint (normal execution)

VM Mutex/Monitor currently owned by a thread: None

Heap:
 PSYoungGen      total 189440K, used 43514K [0x00000000eab00000, 0x0000000100000000, 0x0000000100000000)
  eden space 182272K, 19% used [0x00000000eab00000,0x00000000ece81c28,0x00000000f5d00000)
  from space 7168K, 99% used [0x00000000f5d00000,0x00000000f63fcbe8,0x00000000f6400000)
  to   space 37376K, 0% used [0x00000000fdb80000,0x00000000fdb80000,0x0000000100000000)
 ParOldGen       total 120320K, used 59152K [0x00000000c0000000, 0x00000000c7580000, 0x00000000eab00000)
  object space 120320K, 49% used [0x00000000c0000000,0x00000000c39c42d0,0x00000000c7580000)
 Metaspace       used 6792K, capacity 7478K, committed 7552K, reserved 1056768K
  class space    used 615K, capacity 622K, committed 640K, reserved 1048576K

Card table byte_map: [0x0000000011d40000,0x0000000011f50000] byte_map_base: 0x0000000011740000

Marking Bits: (ParMarkBitMap*) 0x000000006f299d00
 Begin Bits: [0x00000000124b0000, 0x00000000134b0000)
 End Bits:   [0x00000000134b0000, 0x00000000144b0000)

Polling page: 0x00000000010d0000

CodeCache: size=245760Kb used=10981Kb max_used=10981Kb free=234779Kb
 bounds [0x0000000002980000, 0x0000000003450000, 0x0000000011980000]
 total_blobs=2828 nmethods=2560 adapters=182
 compilation: enabled

Compilation events (10 events):
Event: 12.106 Thread 0x00000000168a8800 2680       2       com.android.dex.Leb128::writeUnsignedLeb128 (46 bytes)
Event: 12.107 Thread 0x00000000168a8800 nmethod 2680 0x00000000034397d0 code [0x0000000003439940, 0x0000000003439b38]
Event: 12.110 Thread 0x00000000168a8800 2681       2       com.android.dx.dex.code.form.Form22b::isCompatible (103 bytes)
Event: 12.111 Thread 0x00000000168a8800 nmethod 2681 0x0000000003438f10 code [0x00000000034390c0, 0x00000000034394d8]
Event: 12.113 Thread 0x00000000168a8800 2683       2       com.android.dx.dex.code.form.Form23x::isCompatible (68 bytes)
Event: 12.114 Thread 0x00000000168a8800 nmethod 2683 0x00000000034387d0 code [0x0000000003438960, 0x0000000003438c88]
Event: 12.270 Thread 0x00000000168a8800 2684       2       com.android.dx.ssa.RegisterMapper::map (73 bytes)
Event: 12.271 Thread 0x00000000168a8800 nmethod 2684 0x00000000034404d0 code [0x0000000003440680, 0x0000000003440b28]
Event: 12.271 Thread 0x00000000168a8800 2685       2       com.android.dx.dex.code.LocalSnapshot::withMapper (20 bytes)
Event: 12.271 Thread 0x00000000168a8800 nmethod 2685 0x0000000003440f50 code [0x00000000034410e0, 0x00000000034413e8]

GC Heap History (10 events):
Event: 2.046 GC heap before
{Heap before GC invocations=1 (full 0):
 PSYoungGen      total 52736K, used 45568K [0x00000000eab00000, 0x00000000ee580000, 0x0000000100000000)
  eden space 45568K, 100% used [0x00000000eab00000,0x00000000ed780000,0x00000000ed780000)
  from space 7168K, 0% used [0x00000000ede80000,0x00000000ede80000,0x00000000ee580000)
  to   space 7168K, 0% used [0x00000000ed780000,0x00000000ed780000,0x00000000ede80000)
 ParOldGen       total 120320K, used 0K [0x00000000c0000000, 0x00000000c7580000, 0x00000000eab00000)
  object space 120320K, 0% used [0x00000000c0000000,0x00000000c0000000,0x00000000c7580000)
 Metaspace       used 6027K, capacity 6960K, committed 7040K, reserved 1056768K
  class space    used 576K, capacity 616K, committed 640K, reserved 1048576K
Event: 2.112 GC heap after
Heap after GC invocations=1 (full 0):
 PSYoungGen      total 52736K, used 7165K [0x00000000eab00000, 0x00000000f1200000, 0x0000000100000000)
  eden space 45568K, 0% used [0x00000000eab00000,0x00000000eab00000,0x00000000ed780000)
  from space 7168K, 99% used [0x00000000ed780000,0x00000000ede7f560,0x00000000ede80000)
  to   space 7168K, 0% used [0x00000000f0b00000,0x00000000f0b00000,0x00000000f1200000)
 ParOldGen       total 120320K, used 218K [0x00000000c0000000, 0x00000000c7580000, 0x00000000eab00000)
  object space 120320K, 0% used [0x00000000c0000000,0x00000000c0036b48,0x00000000c7580000)
 Metaspace       used 6027K, capacity 6960K, committed 7040K, reserved 1056768K
  class space    used 576K, capacity 616K, committed 640K, reserved 1048576K
}
Event: 2.671 GC heap before
{Heap before GC invocations=2 (full 0):
 PSYoungGen      total 52736K, used 52733K [0x00000000eab00000, 0x00000000f1200000, 0x0000000100000000)
  eden space 45568K, 100% used [0x00000000eab00000,0x00000000ed780000,0x00000000ed780000)
  from space 7168K, 99% used [0x00000000ed780000,0x00000000ede7f560,0x00000000ede80000)
  to   space 7168K, 0% used [0x00000000f0b00000,0x00000000f0b00000,0x00000000f1200000)
 ParOldGen       total 120320K, used 218K [0x00000000c0000000, 0x00000000c7580000, 0x00000000eab00000)
  object space 120320K, 0% used [0x00000000c0000000,0x00000000c0036b48,0x00000000c7580000)
 Metaspace       used 6163K, capacity 7088K, committed 7296K, reserved 1056768K
  class space    used 577K, capacity 616K, committed 640K, reserved 1048576K
Event: 2.708 GC heap after
Heap after GC invocations=2 (full 0):
 PSYoungGen      total 98304K, used 7160K [0x00000000eab00000, 0x00000000f1200000, 0x0000000100000000)
  eden space 91136K, 0% used [0x00000000eab00000,0x00000000eab00000,0x00000000f0400000)
  from space 7168K, 99% used [0x00000000f0b00000,0x00000000f11fe3f8,0x00000000f1200000)
  to   space 7168K, 0% used [0x00000000f0400000,0x00000000f0400000,0x00000000f0b00000)
 ParOldGen       total 120320K, used 5239K [0x00000000c0000000, 0x00000000c7580000, 0x00000000eab00000)
  object space 120320K, 4% used [0x00000000c0000000,0x00000000c051dfd0,0x00000000c7580000)
 Metaspace       used 6163K, capacity 7088K, committed 7296K, reserved 1056768K
  class space    used 577K, capacity 616K, committed 640K, reserved 1048576K
}
Event: 5.396 GC heap before
{Heap before GC invocations=3 (full 0):
 PSYoungGen      total 98304K, used 98296K [0x00000000eab00000, 0x00000000f1200000, 0x0000000100000000)
  eden space 91136K, 100% used [0x00000000eab00000,0x00000000f0400000,0x00000000f0400000)
  from space 7168K, 99% used [0x00000000f0b00000,0x00000000f11fe3f8,0x00000000f1200000)
  to   space 7168K, 0% used [0x00000000f0400000,0x00000000f0400000,0x00000000f0b00000)
 ParOldGen       total 120320K, used 5239K [0x00000000c0000000, 0x00000000c7580000, 0x00000000eab00000)
  object space 120320K, 4% used [0x00000000c0000000,0x00000000c051dfd0,0x00000000c7580000)
 Metaspace       used 6247K, capacity 7152K, committed 7296K, reserved 1056768K
  class space    used 577K, capacity 616K, committed 640K, reserved 1048576K
Event: 5.499 GC heap after
Heap after GC invocations=3 (full 0):
 PSYoungGen      total 98304K, used 7164K [0x00000000eab00000, 0x00000000f6b00000, 0x0000000100000000)
  eden space 91136K, 0% used [0x00000000eab00000,0x00000000eab00000,0x00000000f0400000)
  from space 7168K, 99% used [0x00000000f0400000,0x00000000f0aff228,0x00000000f0b00000)
  to   space 7168K, 0% used [0x00000000f6400000,0x00000000f6400000,0x00000000f6b00000)
 ParOldGen       total 120320K, used 18154K [0x00000000c0000000, 0x00000000c7580000, 0x00000000eab00000)
  object space 120320K, 15% used [0x00000000c0000000,0x00000000c11ba908,0x00000000c7580000)
 Metaspace       used 6247K, capacity 7152K, committed 7296K, reserved 1056768K
  class space    used 577K, capacity 616K, committed 640K, reserved 1048576K
}
Event: 7.499 GC heap before
{Heap before GC invocations=4 (full 0):
 PSYoungGen      total 98304K, used 98300K [0x00000000eab00000, 0x00000000f6b00000, 0x0000000100000000)
  eden space 91136K, 100% used [0x00000000eab00000,0x00000000f0400000,0x00000000f0400000)
  from space 7168K, 99% used [0x00000000f0400000,0x00000000f0aff228,0x00000000f0b00000)
  to   space 7168K, 0% used [0x00000000f6400000,0x00000000f6400000,0x00000000f6b00000)
 ParOldGen       total 120320K, used 18154K [0x00000000c0000000, 0x00000000c7580000, 0x00000000eab00000)
  object space 120320K, 15% used [0x00000000c0000000,0x00000000c11ba908,0x00000000c7580000)
 Metaspace       used 6351K, capacity 7216K, committed 7296K, reserved 1056768K
  class space    used 577K, capacity 616K, committed 640K, reserved 1048576K
Event: 7.689 GC heap after
Heap after GC invocations=4 (full 0):
 PSYoungGen      total 189440K, used 7167K [0x00000000eab00000, 0x00000000f6b00000, 0x0000000100000000)
  eden space 182272K, 0% used [0x00000000eab00000,0x00000000eab00000,0x00000000f5d00000)
  from space 7168K, 99% used [0x00000000f6400000,0x00000000f6affe58,0x00000000f6b00000)
  to   space 7168K, 0% used [0x00000000f5d00000,0x00000000f5d00000,0x00000000f6400000)
 ParOldGen       total 120320K, used 32432K [0x00000000c0000000, 0x00000000c7580000, 0x00000000eab00000)
  object space 120320K, 26% used [0x00000000c0000000,0x00000000c1fac308,0x00000000c7580000)
 Metaspace       used 6351K, capacity 7216K, committed 7296K, reserved 1056768K
  class space    used 577K, capacity 616K, committed 640K, reserved 1048576K
}
Event: 9.757 GC heap before
{Heap before GC invocations=5 (full 0):
 PSYoungGen      total 189440K, used 189439K [0x00000000eab00000, 0x00000000f6b00000, 0x0000000100000000)
  eden space 182272K, 100% used [0x00000000eab00000,0x00000000f5d00000,0x00000000f5d00000)
  from space 7168K, 99% used [0x00000000f6400000,0x00000000f6affe58,0x00000000f6b00000)
  to   space 7168K, 0% used [0x00000000f5d00000,0x00000000f5d00000,0x00000000f6400000)
 ParOldGen       total 120320K, used 32432K [0x00000000c0000000, 0x00000000c7580000, 0x00000000eab00000)
  object space 120320K, 26% used [0x00000000c0000000,0x00000000c1fac308,0x00000000c7580000)
 Metaspace       used 6486K, capacity 7216K, committed 7296K, reserved 1056768K
  class space    used 597K, capacity 616K, committed 640K, reserved 1048576K
Event: 10.089 GC heap after
Heap after GC invocations=5 (full 0):
 PSYoungGen      total 189440K, used 7154K [0x00000000eab00000, 0x0000000100000000, 0x0000000100000000)
  eden space 182272K, 0% used [0x00000000eab00000,0x00000000eab00000,0x00000000f5d00000)
  from space 7168K, 99% used [0x00000000f5d00000,0x00000000f63fcbe8,0x00000000f6400000)
  to   space 37376K, 0% used [0x00000000fdb80000,0x00000000fdb80000,0x0000000100000000)
 ParOldGen       total 120320K, used 59152K [0x00000000c0000000, 0x00000000c7580000, 0x00000000eab00000)
  object space 120320K, 49% used [0x00000000c0000000,0x00000000c39c42d0,0x00000000c7580000)
 Metaspace       used 6486K, capacity 7216K, committed 7296K, reserved 1056768K
  class space    used 597K, capacity 616K, committed 640K, reserved 1048576K
}

Deoptimization events (10 events):
Event: 11.441 Thread 0x0000000002880800 Uncommon trap: reason=speculate_class_check action=maybe_recompile pc=0x0000000002d7e128 method=com.android.dx.util.FixedSizeList.equals(Ljava/lang/Object;)Z @ 25
Event: 11.441 Thread 0x0000000002880800 Uncommon trap: reason=unstable_if action=reinterpret pc=0x000000000303701c method=java.util.TreeMap.put(Ljava/lang/Object;Ljava/lang/Object;)Ljava/lang/Object; @ 163
Event: 11.554 Thread 0x0000000002880800 Uncommon trap: reason=unstable_if action=reinterpret pc=0x00000000033abc00 method=com.android.dx.dex.code.OutputFinisher.findOpcodeForInsn(Lcom/android/dx/dex/code/DalvInsn;Lcom/android/dx/dex/code/Dop;)Lcom/android/dx/dex/code/Dop; @ 1
Event: 11.593 Thread 0x0000000002880800 Uncommon trap: reason=unstable_if action=reinterpret pc=0x00000000033dc194 method=com.android.dx.rop.code.RegisterSpec.matchesVariable(Lcom/android/dx/rop/code/RegisterSpec;)Z @ 59
Event: 11.596 Thread 0x0000000002880800 Uncommon trap: reason=class_check action=maybe_recompile pc=0x00000000033afdd8 method=java.util.Arrays.equals([Ljava/lang/Object;[Ljava/lang/Object;)Z @ 62
Event: 11.596 Thread 0x0000000002880800 Uncommon trap: reason=class_check action=maybe_recompile pc=0x00000000033afdd8 method=java.util.Arrays.equals([Ljava/lang/Object;[Ljava/lang/Object;)Z @ 62
Event: 11.596 Thread 0x0000000002880800 Uncommon trap: reason=class_check action=maybe_recompile pc=0x00000000033afdd8 method=java.util.Arrays.equals([Ljava/lang/Object;[Ljava/lang/Object;)Z @ 62
Event: 11.596 Thread 0x0000000002880800 Uncommon trap: reason=class_check action=maybe_recompile pc=0x00000000033afdd8 method=java.util.Arrays.equals([Ljava/lang/Object;[Ljava/lang/Object;)Z @ 62
Event: 11.890 Thread 0x0000000002880800 Uncommon trap: reason=unstable_if action=reinterpret pc=0x00000000033ff440 method=com.android.dx.dex.code.LocalList$MakeState.snapshot(ILcom/android/dx/rop/code/RegisterSpecSet;)V @ 86
Event: 12.091 Thread 0x0000000002880800 Uncommon trap: reason=unstable_if action=reinterpret pc=0x0000000003427368 method=com.android.dx.dex.code.OutputFinisher.align64bits([Lcom/android/dx/dex/code/Dop;)V @ 205

Internal exceptions (9 events):
Event: 0.063 Thread 0x0000000002880800 Exception <a 'java/lang/NoSuchMethodError': Method sun.misc.Unsafe.defineClass(Ljava/lang/String;[BII)Ljava/lang/Class; name or signature does not match> (0x00000000eab07cc0) thrown at [C:\src\android\AOSP-openjdk\external\jetbrains\jdk\hotspot\src\share\v«™Jå4°?
Event: 0.063 Thread 0x0000000002880800 Exception <a 'java/lang/NoSuchMethodError': Method sun.misc.Unsafe.prefetchRead(Ljava/lang/Object;J)V name or signature does not match> (0x00000000eab07fa8) thrown at [C:\src\android\AOSP-openjdk\external\jetbrains\jdk\hotspot\src\share\vm\prims\jni.cpp, lÓfìéû?
Event: 1.745 Thread 0x0000000016b2c800 Implicit null exception at 0x0000000002d0e762 to 0x0000000002d0e861
Event: 2.365 Thread 0x0000000016b22800 Implicit null exception at 0x0000000002c8171e to 0x0000000002c835c1
Event: 5.576 Thread 0x0000000016b2c800 Implicit null exception at 0x0000000003003428 to 0x00000000030044b5
Event: 7.264 Thread 0x0000000016b2e000 Implicit null exception at 0x00000000031e9e6c to 0x00000000031ee429
Event: 9.130 Thread 0x0000000016b2c800 Exception <a 'java/lang/ArrayIndexOutOfBoundsException': 18> (0x00000000f362f970) thrown at [C:\src\android\AOSP-openjdk\external\jetbrains\jdk\hotspot\src\share\vm\interpreter\interpreterRuntime.cpp, line 366]
Event: 9.130 Thread 0x0000000016b2c800 Exception <a 'java/lang/ArrayIndexOutOfBoundsException': 145> (0x00000000f36314f0) thrown at [C:\src\android\AOSP-openjdk\external\jetbrains\jdk\hotspot\src\share\vm\interpreter\interpreterRuntime.cpp, line 366]
Event: 9.131 Thread 0x0000000016b2c800 Exception <a 'java/lang/ArrayIndexOutOfBoundsException'> (0x00000000f36327d8) thrown at [C:\src\android\AOSP-openjdk\external\jetbrains\jdk\hotspot\src\share\vm\runtime\sharedRuntime.cpp, line 605]

Events (10 events):
Event: 12.114 Thread 0x0000000002880800 DEOPT PACKING pc=0x000000000343f7a3 sp=0x000000000287ef70
Event: 12.114 Thread 0x0000000002880800 DEOPT UNPACKING pc=0x00000000029c71bf sp=0x000000000287ecc0 mode 0
Event: 12.266 Thread 0x0000000002880800 DEOPT PACKING pc=0x000000000343f78c sp=0x000000000287ef70
Event: 12.266 Thread 0x0000000002880800 DEOPT UNPACKING pc=0x00000000029c71bf sp=0x000000000287ecc0 mode 0
Event: 12.266 Thread 0x0000000002880800 DEOPT PACKING pc=0x00000000033c2a42 sp=0x000000000287ef50
Event: 12.266 Thread 0x0000000002880800 DEOPT UNPACKING pc=0x00000000029c71bf sp=0x000000000287ed08 mode 0
Event: 12.267 Thread 0x0000000002880800 DEOPT PACKING pc=0x00000000033ba71e sp=0x000000000287eeb0
Event: 12.267 Thread 0x0000000002880800 DEOPT UNPACKING pc=0x00000000029c71bf sp=0x000000000287ec08 mode 0
Event: 12.273 Thread 0x0000000002880800 DEOPT PACKING pc=0x000000000343f7a3 sp=0x000000000287ef70
Event: 12.273 Thread 0x0000000002880800 DEOPT UNPACKING pc=0x00000000029c71bf sp=0x000000000287ecc0 mode 0


Dynamic libraries:
0x00007ff792200000 - 0x00007ff792231000 	D:\android-studio\jre\bin\java.exe
0x00007ffadf1f0000 - 0x00007ffadf3c1000 	C:\WINDOWS\SYSTEM32\ntdll.dll
0x00007ffadc900000 - 0x00007ffadc9ab000 	C:\WINDOWS\System32\KERNEL32.DLL
0x00007ffadbcf0000 - 0x00007ffadbf0d000 	C:\WINDOWS\System32\KERNELBASE.dll
0x00007ffadec60000 - 0x00007ffaded02000 	C:\WINDOWS\System32\ADVAPI32.dll
0x00007ffade8d0000 - 0x00007ffade96e000 	C:\WINDOWS\System32\msvcrt.dll
0x00007ffade990000 - 0x00007ffade9e9000 	C:\WINDOWS\System32\sechost.dll
0x00007ffadf050000 - 0x00007ffadf171000 	C:\WINDOWS\System32\RPCRT4.dll
0x00007ffadeaf0000 - 0x00007ffadec55000 	C:\WINDOWS\System32\USER32.dll
0x00007ffadbcd0000 - 0x00007ffadbcee000 	C:\WINDOWS\System32\win32u.dll
0x00007ffadc780000 - 0x00007ffadc7b4000 	C:\WINDOWS\System32\GDI32.dll
0x00007ffadbf10000 - 0x00007ffadc092000 	C:\WINDOWS\System32\gdi32full.dll
0x00007ffac9fe0000 - 0x00007ffaca259000 	C:\WINDOWS\WinSxS\amd64_microsoft.windows.common-controls_6595b64144ccf1df_6.0.14393.0_none_2d0f50fcbdb171b8\COMCTL32.dll
0x00007ffaded10000 - 0x00007ffadefd7000 	C:\WINDOWS\System32\combase.dll
0x00007ffadba20000 - 0x00007ffadbb15000 	C:\WINDOWS\System32\ucrtbase.dll
0x00007ffadb780000 - 0x00007ffadb7ea000 	C:\WINDOWS\System32\bcryptPrimitives.dll
0x00007ffadea60000 - 0x00007ffadea8e000 	C:\WINDOWS\System32\IMM32.DLL
0x000000006ea00000 - 0x000000006ead2000 	D:\android-studio\jre\jre\bin\msvcr100.dll
0x000000006eae0000 - 0x000000006f314000 	D:\android-studio\jre\jre\bin\server\jvm.dll
0x00007ffadcb50000 - 0x00007ffadcb58000 	C:\WINDOWS\System32\PSAPI.DLL
0x00007ffac2b70000 - 0x00007ffac2b79000 	C:\WINDOWS\SYSTEM32\WSOCK32.dll
0x00007ffadf180000 - 0x00007ffadf1ea000 	C:\WINDOWS\System32\WS2_32.dll
0x00007ffad99c0000 - 0x00007ffad99e3000 	C:\WINDOWS\SYSTEM32\WINMM.dll
0x00007ffad58f0000 - 0x00007ffad58fa000 	C:\WINDOWS\SYSTEM32\VERSION.dll
0x00007ffad9810000 - 0x00007ffad983b000 	C:\WINDOWS\SYSTEM32\WINMMBASE.dll
0x00007ffadbc80000 - 0x00007ffadbcc2000 	C:\WINDOWS\System32\cfgmgr32.dll
0x00007ffad4e20000 - 0x00007ffad4e2f000 	D:\android-studio\jre\jre\bin\verify.dll
0x00007ffad3e40000 - 0x00007ffad3e69000 	D:\android-studio\jre\jre\bin\java.dll
0x00007ffad2200000 - 0x00007ffad2216000 	D:\android-studio\jre\jre\bin\zip.dll
0x00007ffadcb60000 - 0x00007ffade068000 	C:\WINDOWS\System32\SHELL32.dll
0x00007ffadc0a0000 - 0x00007ffadc77a000 	C:\WINDOWS\System32\windows.storage.dll
0x00007ffadb700000 - 0x00007ffadb74c000 	C:\WINDOWS\System32\powrprof.dll
0x00007ffadefe0000 - 0x00007ffadf032000 	C:\WINDOWS\System32\shlwapi.dll
0x00007ffadb750000 - 0x00007ffadb75f000 	C:\WINDOWS\System32\kernel.appcore.dll
0x00007ffadbb20000 - 0x00007ffadbbc9000 	C:\WINDOWS\System32\shcore.dll
0x00007ffadb760000 - 0x00007ffadb774000 	C:\WINDOWS\System32\profapi.dll

VM Arguments:
jvm_args: -Djava.awt.headless=true -Xmx1024M -Dfile.encoding=windows-1252 -Duser.country=US -Duser.language=en -Duser.variant 
java_command: com.android.dx.command.Main --dex --num-threads=4 --output D:\Timeraaa3\Timeraaa2\Timeraaa\Timeraaaa\app\build\intermediates\pre-dexed\release\com.android.support-support-v4-23.0.1_cf9d9a9c45126298a2d10b273cf95767f8fd17bc.jar D:\Timeraaa3\Timeraaa2\Timeraaa\Timeraaaa\app\build\intermediates\exploded-aar\com.android.support\support-v4\23.0.1\jars\classes.jar
java_class_path (initial): C:\Users\somai\AppData\Local\Android\Sdk\build-tools\24.0.1\lib\dx.jar
Launcher Type: SUN_STANDARD

Environment Variables:
PATH=C:\ProgramData\Oracle\Java\javapath;C:\WINDOWS\system32;C:\WINDOWS;C:\WINDOWS\System32\Wbem;C:\WINDOWS\System32\WindowsPowerShell\v1.0\;C:\Program Files (x86)\Common Files\lenovo\easyplussdk\bin;C:\Program Files (x86)\ATI Technologies\ATI.ACE\Core-Static;C:\Program Files\Git\cmd;C:\Program Files\AMI\DuOS\;C:\Users\somai\AppData\Local\Microsoft\WindowsApps;
USERNAME=somai
OS=Windows_NT
PROCESSOR_IDENTIFIER=AMD64 Family 21 Model 48 Stepping 1, AuthenticAMD



---------------  S Y S T E M  ---------------

OS: Windows 10.0 , 64 bit Build 14393 (10.0.14393.0)

CPU:total 4 (4 cores per cpu, 1 threads per core) family 21 model 48 stepping 1, cmov, cx8, fxsr, mmx, sse, sse2, sse3, ssse3, sse4.1, sse4.2, popcnt, avx, aes, clmul, mmxext, 3dnowpref, lzcnt, sse4a, tsc, tscinvbit, tscinv, bmi1

Memory: 4k page, physical 11480692k(1828696k free), swap 11480692k(25232k free)

vm_info: OpenJDK 64-Bit Server VM (25.76-b03) for windows-amd64 JRE (1.8.0_76-release-b03), built on Jun 29 2016 19:09:20 by "ralucas" with MS VC++ 10.0 (VS2010)

time: Mon Aug 15 19:31:15 2016
elapsed time: 12 seconds (0d 0h 0m 12s)

