#
# There is insufficient memory for the Java Runtime Environment to continue.
# Native memory allocation (malloc) failed to allocate 247088 bytes for Chunk::new
# Possible reasons:
#   The system is out of physical RAM or swap space
#   In 32 bit mode, the process size limit was hit
# Possible solutions:
#   Reduce memory load on the system
#   Increase physical memory or swap space
#   Check if swap backing store is full
#   Use 64 bit Java on a 64 bit OS
#   Decrease Java heap size (-Xmx/-Xms)
#   Decrease number of Java threads
#   Decrease Java thread stack sizes (-Xss)
#   Set larger code cache with -XX:ReservedCodeCacheSize=
# This output file may be truncated or incomplete.
#
#  Out of Memory Error (allocation.cpp:390), pid=106240, tid=0x0000000000004518
#
# JRE version: OpenJDK Runtime Environment (8.0_76-b03) (build 1.8.0_76-release-b03)
# Java VM: OpenJDK 64-Bit Server VM (25.76-b03 mixed mode windows-amd64 compressed oops)
# Failed to write core dump. Minidumps are not enabled by default on client versions of Windows
#

---------------  T H R E A D  ---------------

Current thread (0x00000000156ce000):  JavaThread "C2 CompilerThread1" daemon [_thread_in_native, id=17688, stack(0x0000000016e20000,0x0000000016f20000)]

Stack: [0x0000000016e20000,0x0000000016f20000]
[error occurred during error reporting (printing stack bounds), id 0xc0000005]

Native frames: (J=compiled Java code, j=interpreted, Vv=VM code, C=native code)


Current CompileTask:
C2:   8076 1727 %     4       com.android.dx.ssa.SsaConverter::placePhiFunctions @ 131 (394 bytes)


---------------  P R O C E S S  ---------------

Java Threads: ( => current thread )
  0x000000001735a000 JavaThread "pool-1-thread-4" [_thread_in_Java, id=9224, stack(0x0000000017a20000,0x0000000017b20000)]
  0x0000000017359000 JavaThread "pool-1-thread-3" [_thread_in_Java, id=124176, stack(0x0000000017920000,0x0000000017a20000)]
  0x0000000017357800 JavaThread "pool-1-thread-2" [_thread_in_Java, id=9968, stack(0x0000000017820000,0x0000000017920000)]
  0x000000001727e000 JavaThread "pool-2-thread-1" [_thread_blocked, id=133184, stack(0x0000000017720000,0x0000000017820000)]
  0x0000000017277000 JavaThread "pool-1-thread-1" [_thread_blocked, id=5056, stack(0x0000000017620000,0x0000000017720000)]
  0x000000001572e000 JavaThread "Service Thread" daemon [_thread_blocked, id=9388, stack(0x0000000017420000,0x0000000017520000)]
  0x0000000015727000 JavaThread "C1 CompilerThread2" daemon [_thread_blocked, id=17684, stack(0x0000000016f20000,0x0000000017020000)]
=>0x00000000156ce000 JavaThread "C2 CompilerThread1" daemon [_thread_in_native, id=17688, stack(0x0000000016e20000,0x0000000016f20000)]
  0x00000000156cb000 JavaThread "C2 CompilerThread0" daemon [_thread_in_native, id=9976, stack(0x0000000016d20000,0x0000000016e20000)]
  0x00000000156c9000 JavaThread "Attach Listener" daemon [_thread_blocked, id=17668, stack(0x0000000016c20000,0x0000000016d20000)]
  0x00000000156c8000 JavaThread "Signal Dispatcher" daemon [_thread_blocked, id=17680, stack(0x0000000016b20000,0x0000000016c20000)]
  0x00000000156b8800 JavaThread "Finalizer" daemon [_thread_blocked, id=134876, stack(0x0000000016930000,0x0000000016a30000)]
  0x0000000002fef000 JavaThread "Reference Handler" daemon [_thread_blocked, id=124136, stack(0x0000000016830000,0x0000000016930000)]
  0x0000000002f00800 JavaThread "main" [_thread_blocked, id=67840, stack(0x0000000002e00000,0x0000000002f00000)]

Other Threads:
  0x0000000015694800 VMThread [stack: 0x0000000016730000,0x0000000016830000] [id=10176]
  0x0000000017023800 WatcherThread [stack: 0x0000000017520000,0x0000000017620000] [id=135012]

VM state:not at safepoint (normal execution)

VM Mutex/Monitor currently owned by a thread: None

Heap:
 PSYoungGen      total 98304K, used 46975K [0x00000000eab00000, 0x00000000f1200000, 0x0000000100000000)
  eden space 91136K, 43% used [0x00000000eab00000,0x00000000ed1e4798,0x00000000f0400000)
  from space 7168K, 99% used [0x00000000f0b00000,0x00000000f11fb778,0x00000000f1200000)
  to   space 7168K, 0% used [0x00000000f0400000,0x00000000f0400000,0x00000000f0b00000)
 ParOldGen       total 120320K, used 7352K [0x00000000c0000000, 0x00000000c7580000, 0x00000000eab00000)
  object space 120320K, 6% used [0x00000000c0000000,0x00000000c072e0f0,0x00000000c7580000)
 Metaspace       used 6261K, capacity 7088K, committed 7296K, reserved 1056768K
  class space    used 594K, capacity 616K, committed 640K, reserved 1048576K

Card table byte_map: [0x00000000123c0000,0x00000000125d0000] byte_map_base: 0x0000000011dc0000

Marking Bits: (ParMarkBitMap*) 0x0000000070de9d00
 Begin Bits: [0x0000000012b30000, 0x0000000013b30000)
 End Bits:   [0x0000000013b30000, 0x0000000014b30000)

Polling page: 0x0000000001220000

CodeCache: size=245760Kb used=7589Kb max_used=7597Kb free=238170Kb
 bounds [0x0000000003000000, 0x0000000003780000, 0x0000000012000000]
 total_blobs=1988 nmethods=1720 adapters=182
 compilation: enabled

Compilation events (10 events):
Event: 7.972 Thread 0x00000000156cb000 nmethod 1730 0x0000000003570f50 code [0x0000000003571080, 0x00000000035710f8]
Event: 7.972 Thread 0x00000000156cb000 1733       4       com.android.dx.cf.code.Simulator$SimVisitor::visitLocal (329 bytes)
Event: 8.032 Thread 0x00000000156cb000 nmethod 1733 0x000000000376dcd0 code [0x000000000376dfe0, 0x000000000376fde0]
Event: 8.033 Thread 0x00000000156cb000 1734       4       com.android.dx.ssa.SsaBasicBlock::newFromRop (183 bytes)
Event: 8.061 Thread 0x0000000015727000 1745       3       com.android.dx.rop.type.Type::getComponentType (70 bytes)
Event: 8.061 Thread 0x0000000015727000 nmethod 1745 0x0000000003739cd0 code [0x0000000003739ee0, 0x000000000373aa08]
Event: 8.068 Thread 0x0000000015727000 1750       2       com.android.dx.rop.annotation.Annotations::addAll (59 bytes)
Event: 8.069 Thread 0x0000000015727000 nmethod 1750 0x000000000374add0 code [0x000000000374afa0, 0x000000000374b458]
Event: 8.072 Thread 0x0000000015727000 1751       2       java.util.HashMap::resize (359 bytes)
Event: 8.073 Thread 0x0000000015727000 nmethod 1751 0x0000000003747990 code [0x0000000003747b80, 0x00000000037483c8]

GC Heap History (4 events):
Event: 6.624 GC heap before
{Heap before GC invocations=1 (full 0):
 PSYoungGen      total 52736K, used 45568K [0x00000000eab00000, 0x00000000ee580000, 0x0000000100000000)
  eden space 45568K, 100% used [0x00000000eab00000,0x00000000ed780000,0x00000000ed780000)
  from space 7168K, 0% used [0x00000000ede80000,0x00000000ede80000,0x00000000ee580000)
  to   space 7168K, 0% used [0x00000000ed780000,0x00000000ed780000,0x00000000ede80000)
 ParOldGen       total 120320K, used 0K [0x00000000c0000000, 0x00000000c7580000, 0x00000000eab00000)
  object space 120320K, 0% used [0x00000000c0000000,0x00000000c0000000,0x00000000c7580000)
 Metaspace       used 6026K, capacity 7024K, committed 7296K, reserved 1056768K
  class space    used 572K, capacity 616K, committed 640K, reserved 1048576K
Event: 6.741 GC heap after
Heap after GC invocations=1 (full 0):
 PSYoungGen      total 52736K, used 7145K [0x00000000eab00000, 0x00000000f1200000, 0x0000000100000000)
  eden space 45568K, 0% used [0x00000000eab00000,0x00000000eab00000,0x00000000ed780000)
  from space 7168K, 99% used [0x00000000ed780000,0x00000000ede7a458,0x00000000ede80000)
  to   space 7168K, 0% used [0x00000000f0b00000,0x00000000f0b00000,0x00000000f1200000)
 ParOldGen       total 120320K, used 1334K [0x00000000c0000000, 0x00000000c7580000, 0x00000000eab00000)
  object space 120320K, 1% used [0x00000000c0000000,0x00000000c014db70,0x00000000c7580000)
 Metaspace       used 6026K, capacity 7024K, committed 7296K, reserved 1056768K
  class space    used 572K, capacity 616K, committed 640K, reserved 1048576K
}
Event: 7.327 GC heap before
{Heap before GC invocations=2 (full 0):
 PSYoungGen      total 52736K, used 52713K [0x00000000eab00000, 0x00000000f1200000, 0x0000000100000000)
  eden space 45568K, 100% used [0x00000000eab00000,0x00000000ed780000,0x00000000ed780000)
  from space 7168K, 99% used [0x00000000ed780000,0x00000000ede7a458,0x00000000ede80000)
  to   space 7168K, 0% used [0x00000000f0b00000,0x00000000f0b00000,0x00000000f1200000)
 ParOldGen       total 120320K, used 1334K [0x00000000c0000000, 0x00000000c7580000, 0x00000000eab00000)
  object space 120320K, 1% used [0x00000000c0000000,0x00000000c014db70,0x00000000c7580000)
 Metaspace       used 6242K, capacity 7088K, committed 7296K, reserved 1056768K
  class space    used 594K, capacity 616K, committed 640K, reserved 1048576K
Event: 7.434 GC heap after
Heap after GC invocations=2 (full 0):
 PSYoungGen      total 98304K, used 7149K [0x00000000eab00000, 0x00000000f1200000, 0x0000000100000000)
  eden space 91136K, 0% used [0x00000000eab00000,0x00000000eab00000,0x00000000f0400000)
  from space 7168K, 99% used [0x00000000f0b00000,0x00000000f11fb778,0x00000000f1200000)
  to   space 7168K, 0% used [0x00000000f0400000,0x00000000f0400000,0x00000000f0b00000)
 ParOldGen       total 120320K, used 7352K [0x00000000c0000000, 0x00000000c7580000, 0x00000000eab00000)
  object space 120320K, 6% used [0x00000000c0000000,0x00000000c072e0f0,0x00000000c7580000)
 Metaspace       used 6242K, capacity 7088K, committed 7296K, reserved 1056768K
  class space    used 594K, capacity 616K, committed 640K, reserved 1048576K
}

Deoptimization events (10 events):
Event: 7.190 Thread 0x000000001735a000 Uncommon trap: reason=unstable_if action=reinterpret pc=0x000000000365a4f4 method=com.android.dx.rop.code.BasicBlockList.preferredSuccessorOf(Lcom/android/dx/rop/code/BasicBlock;)Lcom/android/dx/rop/code/BasicBlock; @ 58
Event: 7.191 Thread 0x000000001735a000 Uncommon trap: reason=unstable_if action=reinterpret pc=0x000000000360248c method=com.android.dx.dex.code.RopToDop.dopFor(Lcom/android/dx/rop/code/Insn;)Lcom/android/dx/dex/code/Dop; @ 747
Event: 7.194 Thread 0x000000001735a000 Uncommon trap: reason=bimorphic action=maybe_recompile pc=0x00000000035454f4 method=com.android.dx.ssa.LiteralOpUpgrader.tryReplacingWithConstant(Lcom/android/dx/ssa/NormalSsaInsn;)Z @ 52
Event: 7.219 Thread 0x0000000017277000 Uncommon trap: reason=unstable_if action=reinterpret pc=0x00000000034b50e4 method=java.util.HashMap.putVal(ILjava/lang/Object;Ljava/lang/Object;ZZ)Ljava/lang/Object; @ 162
Event: 7.495 Thread 0x0000000002f00800 Uncommon trap: reason=class_check action=maybe_recompile pc=0x0000000003635ef4 method=com.android.dx.cf.code.RopperMachine.run(Lcom/android/dx/cf/code/Frame;II)V @ 310
Event: 7.502 Thread 0x0000000002f00800 Uncommon trap: reason=class_check action=maybe_recompile pc=0x0000000003635ef4 method=com.android.dx.cf.code.RopperMachine.run(Lcom/android/dx/cf/code/Frame;II)V @ 310
Event: 7.536 Thread 0x000000001735a000 Uncommon trap: reason=class_check action=maybe_recompile pc=0x0000000003635ef4 method=com.android.dx.cf.code.RopperMachine.run(Lcom/android/dx/cf/code/Frame;II)V @ 310
Event: 8.058 Thread 0x0000000017277000 Uncommon trap: reason=bimorphic action=maybe_recompile pc=0x0000000003766ac8 method=com.android.dx.rop.code.Rops.opMoveResultPseudo(Lcom/android/dx/rop/type/TypeBearer;)Lcom/android/dx/rop/code/Rop; @ 7
Event: 8.058 Thread 0x0000000017277000 Uncommon trap: reason=bimorphic action=maybe_recompile pc=0x00000000035454f4 method=com.android.dx.ssa.LiteralOpUpgrader.tryReplacingWithConstant(Lcom/android/dx/ssa/NormalSsaInsn;)Z @ 52
Event: 8.072 Thread 0x0000000017357800 Uncommon trap: reason=unstable_if action=reinterpret pc=0x000000000365b32c method=java.util.HashMap.resize()[Ljava/util/HashMap$Node; @ 206

Internal exceptions (7 events):
Event: 0.069 Thread 0x0000000002f00800 Exception <a 'java/lang/NoSuchMethodError': Method sun.misc.Unsafe.defineClass(Ljava/lang/String;[BII)Ljava/lang/Class; name or signature does not match> (0x00000000eab07cc0) thrown at [C:\src\android\AOSP-openjdk\external\jetbrains\jdk\hotspot\src\share\v€}³‰±›±?
Event: 0.069 Thread 0x0000000002f00800 Exception <a 'java/lang/NoSuchMethodError': Method sun.misc.Unsafe.prefetchRead(Ljava/lang/Object;J)V name or signature does not match> (0x00000000eab07fa8) thrown at [C:\src\android\AOSP-openjdk\external\jetbrains\jdk\hotspot\src\share\vm\prims\jni.cpp, l°TÙ;@
Event: 5.308 Thread 0x0000000017357800 Implicit null exception at 0x0000000003368622 to 0x0000000003368712
Event: 6.799 Thread 0x000000001735a000 Implicit null exception at 0x0000000003249f77 to 0x000000000324c4a1
Event: 6.945 Thread 0x0000000017357800 Exception <a 'java/lang/ArrayIndexOutOfBoundsException': 18> (0x00000000eb0ce9c8) thrown at [C:\src\android\AOSP-openjdk\external\jetbrains\jdk\hotspot\src\share\vm\interpreter\interpreterRuntime.cpp, line 366]
Event: 6.945 Thread 0x0000000017357800 Exception <a 'java/lang/ArrayIndexOutOfBoundsException'> (0x00000000eb0d0548) thrown at [C:\src\android\AOSP-openjdk\external\jetbrains\jdk\hotspot\src\share\vm\runtime\sharedRuntime.cpp, line 605]
Event: 7.094 Thread 0x0000000017357800 Exception <a 'java/lang/ArrayIndexOutOfBoundsException'> (0x00000000eb0d1830) thrown at [C:\src\android\AOSP-openjdk\external\jetbrains\jdk\hotspot\src\share\vm\runtime\sharedRuntime.cpp, line 605]

Events (10 events):
Event: 7.536 Thread 0x000000001735a000 DEOPT UNPACKING pc=0x000000000304556a sp=0x0000000017b1e690 mode 2
Event: 8.058 Thread 0x0000000017277000 Uncommon trap: trap_request=0xffffffc6 fr.pc=0x0000000003766ac8
Event: 8.058 Thread 0x0000000017277000 DEOPT PACKING pc=0x0000000003766ac8 sp=0x000000001771e6e0
Event: 8.058 Thread 0x0000000017277000 DEOPT UNPACKING pc=0x000000000304556a sp=0x000000001771e5f8 mode 2
Event: 8.058 Thread 0x0000000017277000 Uncommon trap: trap_request=0xffffffc6 fr.pc=0x00000000035454f4
Event: 8.058 Thread 0x0000000017277000 DEOPT PACKING pc=0x00000000035454f4 sp=0x000000001771ea70
Event: 8.058 Thread 0x0000000017277000 DEOPT UNPACKING pc=0x000000000304556a sp=0x000000001771e938 mode 2
Event: 8.072 Thread 0x0000000017357800 Uncommon trap: trap_request=0xffffff65 fr.pc=0x000000000365b32c
Event: 8.072 Thread 0x0000000017357800 DEOPT PACKING pc=0x000000000365b32c sp=0x000000001791e800
Event: 8.072 Thread 0x0000000017357800 DEOPT UNPACKING pc=0x000000000304556a sp=0x000000001791e768 mode 2


Dynamic libraries:
0x00007ff68f2c0000 - 0x00007ff68f2f1000 	D:\android-studio\jre\bin\java.exe
0x00007ffaf3b80000 - 0x00007ffaf3d51000 	C:\WINDOWS\SYSTEM32\ntdll.dll
0x00007ffaf2f70000 - 0x00007ffaf301b000 	C:\WINDOWS\System32\KERNEL32.DLL
0x00007ffaf0e40000 - 0x00007ffaf105d000 	C:\WINDOWS\System32\KERNELBASE.dll
0x00007ffaf2e50000 - 0x00007ffaf2ef2000 	C:\WINDOWS\System32\ADVAPI32.dll
0x00007ffaf2a30000 - 0x00007ffaf2ace000 	C:\WINDOWS\System32\msvcrt.dll
0x00007ffaf1220000 - 0x00007ffaf1279000 	C:\WINDOWS\System32\sechost.dll
0x00007ffaf3a50000 - 0x00007ffaf3b71000 	C:\WINDOWS\System32\RPCRT4.dll
0x00007ffaf38c0000 - 0x00007ffaf3a25000 	C:\WINDOWS\System32\USER32.dll
0x00007ffaf0180000 - 0x00007ffaf019e000 	C:\WINDOWS\System32\win32u.dll
0x00007ffaf3880000 - 0x00007ffaf38b4000 	C:\WINDOWS\System32\GDI32.dll
0x00007ffaf0b50000 - 0x00007ffaf0cd2000 	C:\WINDOWS\System32\gdi32full.dll
0x00007ffadeb00000 - 0x00007ffaded79000 	C:\WINDOWS\WinSxS\amd64_microsoft.windows.common-controls_6595b64144ccf1df_6.0.14393.0_none_2d0f50fcbdb171b8\COMCTL32.dll
0x00007ffaf2b80000 - 0x00007ffaf2e47000 	C:\WINDOWS\System32\combase.dll
0x00007ffaf0ce0000 - 0x00007ffaf0dd5000 	C:\WINDOWS\System32\ucrtbase.dll
0x00007ffaf0110000 - 0x00007ffaf017a000 	C:\WINDOWS\System32\bcryptPrimitives.dll
0x00007ffaf3730000 - 0x00007ffaf375e000 	C:\WINDOWS\System32\IMM32.DLL
0x0000000070550000 - 0x0000000070622000 	D:\android-studio\jre\jre\bin\msvcr100.dll
0x0000000070630000 - 0x0000000070e64000 	D:\android-studio\jre\jre\bin\server\jvm.dll
0x00007ffaf2b70000 - 0x00007ffaf2b78000 	C:\WINDOWS\System32\PSAPI.DLL
0x00007ffadb5e0000 - 0x00007ffadb5e9000 	C:\WINDOWS\SYSTEM32\WSOCK32.dll
0x00007ffaf3090000 - 0x00007ffaf30fa000 	C:\WINDOWS\System32\WS2_32.dll
0x00007ffaee550000 - 0x00007ffaee573000 	C:\WINDOWS\SYSTEM32\WINMM.dll
0x00007ffaeb6d0000 - 0x00007ffaeb6da000 	C:\WINDOWS\SYSTEM32\VERSION.dll
0x00007ffaee480000 - 0x00007ffaee4ab000 	C:\WINDOWS\SYSTEM32\winmmbase.dll
0x00007ffaf0b00000 - 0x00007ffaf0b42000 	C:\WINDOWS\System32\cfgmgr32.dll
0x00007ffaecb20000 - 0x00007ffaecb2f000 	D:\android-studio\jre\jre\bin\verify.dll
0x00007ffad9db0000 - 0x00007ffad9dd9000 	D:\android-studio\jre\jre\bin\java.dll
0x00007ffadc820000 - 0x00007ffadc836000 	D:\android-studio\jre\jre\bin\zip.dll
0x00007ffaf1280000 - 0x00007ffaf2788000 	C:\WINDOWS\System32\SHELL32.dll
0x00007ffaf0420000 - 0x00007ffaf0afa000 	C:\WINDOWS\System32\windows.storage.dll
0x00007ffaf00b0000 - 0x00007ffaf00fc000 	C:\WINDOWS\System32\powrprof.dll
0x00007ffaf3760000 - 0x00007ffaf37b2000 	C:\WINDOWS\System32\shlwapi.dll
0x00007ffaf0100000 - 0x00007ffaf010f000 	C:\WINDOWS\System32\kernel.appcore.dll
0x00007ffaf01a0000 - 0x00007ffaf0249000 	C:\WINDOWS\System32\shcore.dll
0x00007ffaf0080000 - 0x00007ffaf0094000 	C:\WINDOWS\System32\profapi.dll

VM Arguments:
jvm_args: -Djava.awt.headless=true -Xmx1024M -Dfile.encoding=windows-1252 -Duser.country=US -Duser.language=en -Duser.variant 
java_command: com.android.dx.command.Main --dex --num-threads=4 --output D:\Timeraaa3\Timeraaa2\Timeraaa\Timeraaaa\app\build\intermediates\pre-dexed\release\com.android.support-recyclerview-v7-23.1.1_b36eeed2a11591077f63a7573e3a6a67fdde5a37.jar D:\Timeraaa3\Timeraaa2\Timeraaa\Timeraaaa\app\build\intermediates\exploded-aar\com.android.support\recyclerview-v7\23.1.1\jars\classes.jar
java_class_path (initial): C:\Users\somai\AppData\Local\Android\Sdk\build-tools\24.0.1\lib\dx.jar
Launcher Type: SUN_STANDARD

Environment Variables:
PATH=C:\ProgramData\Oracle\Java\javapath;C:\WINDOWS\system32;C:\WINDOWS;C:\WINDOWS\System32\Wbem;C:\WINDOWS\System32\WindowsPowerShell\v1.0\;C:\Program Files (x86)\Common Files\lenovo\easyplussdk\bin;C:\Program Files (x86)\ATI Technologies\ATI.ACE\Core-Static;C:\Program Files\Git\cmd;C:\Program Files\AMI\DuOS\;C:\Users\somai\AppData\Local\Microsoft\WindowsApps;
USERNAME=somai
OS=Windows_NT
PROCESSOR_IDENTIFIER=AMD64 Family 21 Model 48 Stepping 1, AuthenticAMD



---------------  S Y S T E M  ---------------

OS: Windows 10.0 , 64 bit Build 14393 (10.0.14393.0)

CPU:total 4 (4 cores per cpu, 1 threads per core) family 21 model 48 stepping 1, cmov, cx8, fxsr, mmx, sse, sse2, sse3, ssse3, sse4.1, sse4.2, popcnt, avx, aes, clmul, mmxext, 3dnowpref, lzcnt, sse4a, tsc, tscinvbit, tscinv, bmi1

Memory: 4k page, physical 11480692k(2345908k free), swap 11480692k(5292k free)

vm_info: OpenJDK 64-Bit Server VM (25.76-b03) for windows-amd64 JRE (1.8.0_76-release-b03), built on Jun 29 2016 19:09:20 by "ralucas" with MS VC++ 10.0 (VS2010)

time: Sun Aug 21 15:25:06 2016
elapsed time: 8 seconds (0d 0h 0m 8s)

