#
# There is insufficient memory for the Java Runtime Environment to continue.
# Native memory allocation (malloc) failed to allocate 78496 bytes for Chunk::new
# Possible reasons:
#   The system is out of physical RAM or swap space
#   In 32 bit mode, the process size limit was hit
# Possible solutions:
#   Reduce memory load on the system
#   Increase physical memory or swap space
#   Check if swap backing store is full
#   Use 64 bit Java on a 64 bit OS
#   Decrease Java heap size (-Xmx/-Xms)
#   Decrease number of Java threads
#   Decrease Java thread stack sizes (-Xss)
#   Set larger code cache with -XX:ReservedCodeCacheSize=
# This output file may be truncated or incomplete.
#
#  Out of Memory Error (allocation.cpp:390), pid=132120, tid=0x0000000000020274
#
# JRE version: OpenJDK Runtime Environment (8.0_76-b03) (build 1.8.0_76-release-b03)
# Java VM: OpenJDK 64-Bit Server VM (25.76-b03 mixed mode windows-amd64 compressed oops)
# Failed to write core dump. Minidumps are not enabled by default on client versions of Windows
#

---------------  T H R E A D  ---------------

Current thread (0x0000000014d9c000):  JavaThread "C2 CompilerThread0" daemon [_thread_in_native, id=131700, stack(0x00000000163e0000,0x00000000164e0000)]

Stack: [0x00000000163e0000,0x00000000164e0000]
[error occurred during error reporting (printing stack bounds), id 0xc0000005]

Native frames: (J=compiled Java code, j=interpreted, Vv=VM code, C=native code)


Current CompileTask:
C2:    428  425       4       com.android.dx.rop.cst.CstString::utf8BytesToString (391 bytes)


---------------  P R O C E S S  ---------------

Java Threads: ( => current thread )
  0x000000001682b800 JavaThread "pool-1-thread-4" [_thread_blocked, id=130680, stack(0x00000000170e0000,0x00000000171e0000)]
  0x000000001683e800 JavaThread "pool-1-thread-3" [_thread_blocked, id=129500, stack(0x0000000016fe0000,0x00000000170e0000)]
  0x0000000016834000 JavaThread "pool-1-thread-2" [_thread_blocked, id=131528, stack(0x0000000016ee0000,0x0000000016fe0000)]
  0x0000000016825800 JavaThread "pool-2-thread-1" [_thread_blocked, id=130040, stack(0x0000000016de0000,0x0000000016ee0000)]
  0x0000000016824800 JavaThread "pool-1-thread-1" [_thread_blocked, id=129816, stack(0x0000000016ce0000,0x0000000016de0000)]
  0x0000000016708800 JavaThread "Service Thread" daemon [_thread_blocked, id=132996, stack(0x0000000016ae0000,0x0000000016be0000)]
  0x0000000014da4000 JavaThread "C1 CompilerThread2" daemon [_thread_blocked, id=132332, stack(0x00000000165e0000,0x00000000166e0000)]
  0x0000000014d9f000 JavaThread "C2 CompilerThread1" daemon [_thread_blocked, id=132896, stack(0x00000000164e0000,0x00000000165e0000)]
=>0x0000000014d9c000 JavaThread "C2 CompilerThread0" daemon [_thread_in_native, id=131700, stack(0x00000000163e0000,0x00000000164e0000)]
  0x0000000014d9a000 JavaThread "Attach Listener" daemon [_thread_blocked, id=132956, stack(0x00000000162e0000,0x00000000163e0000)]
  0x0000000014d98800 JavaThread "Signal Dispatcher" daemon [_thread_blocked, id=132104, stack(0x00000000161e0000,0x00000000162e0000)]
  0x0000000014d88000 JavaThread "Finalizer" daemon [_thread_blocked, id=132140, stack(0x0000000015ff0000,0x00000000160f0000)]
  0x00000000026bf000 JavaThread "Reference Handler" daemon [_thread_blocked, id=132100, stack(0x0000000015ef0000,0x0000000015ff0000)]
  0x00000000025d0800 JavaThread "main" [_thread_in_native, id=132828, stack(0x0000000002400000,0x0000000002500000)]

Other Threads:
  0x0000000014d64800 VMThread [stack: 0x0000000015df0000,0x0000000015ef0000] [id=132508]
  0x0000000014dfc000 WatcherThread [stack: 0x0000000016be0000,0x0000000016ce0000] [id=113032]

VM state:not at safepoint (normal execution)

VM Mutex/Monitor currently owned by a thread: None

Heap:
 PSYoungGen      total 52736K, used 11848K [0x00000000eab00000, 0x00000000ee580000, 0x0000000100000000)
  eden space 45568K, 26% used [0x00000000eab00000,0x00000000eb692228,0x00000000ed780000)
  from space 7168K, 0% used [0x00000000ede80000,0x00000000ede80000,0x00000000ee580000)
  to   space 7168K, 0% used [0x00000000ed780000,0x00000000ed780000,0x00000000ede80000)
 ParOldGen       total 120320K, used 0K [0x00000000c0000000, 0x00000000c7580000, 0x00000000eab00000)
  object space 120320K, 0% used [0x00000000c0000000,0x00000000c0000000,0x00000000c7580000)
 Metaspace       used 5181K, capacity 6448K, committed 6528K, reserved 1058816K
  class space    used 545K, capacity 616K, committed 640K, reserved 1048576K

Card table byte_map: [0x0000000011a90000,0x0000000011ca0000] byte_map_base: 0x0000000011490000

Marking Bits: (ParMarkBitMap*) 0x0000000070de9d00
 Begin Bits: [0x0000000012200000, 0x0000000013200000)
 End Bits:   [0x0000000013200000, 0x0000000014200000)

Polling page: 0x0000000000720000

CodeCache: size=245760Kb used=2017Kb max_used=2017Kb free=243742Kb
 bounds [0x00000000026d0000, 0x0000000002940000, 0x00000000116d0000]
 total_blobs=688 nmethods=429 adapters=174
 compilation: enabled

Compilation events (10 events):
Event: 0.424 Thread 0x0000000014da4000 nmethod 415 0x00000000028b5d10 code [0x00000000028b5e60, 0x00000000028b5f70]
Event: 0.424 Thread 0x0000000014da4000  416       1       com.android.dx.ssa.SsaBasicBlock::getDomChildren (5 bytes)
Event: 0.424 Thread 0x0000000014da4000 nmethod 416 0x00000000028b9490 code [0x00000000028b95e0, 0x00000000028b96f0]
Event: 0.424 Thread 0x0000000014da4000  424       1       java.util.concurrent.atomic.AtomicInteger::get (5 bytes)
Event: 0.424 Thread 0x0000000014da4000 nmethod 424 0x00000000028b9150 code [0x00000000028b92a0, 0x00000000028b93b0]
Event: 0.424 Thread 0x0000000014da4000  417       3       com.android.dx.dex.cf.AttributeTranslator::getAnnotations (22 bytes)
Event: 0.425 Thread 0x0000000014da4000 nmethod 417 0x00000000028c40d0 code [0x00000000028c42e0, 0x00000000028c4db8]
Event: 0.425 Thread 0x0000000014da4000  418       3       com.android.dx.dex.cf.AttributeTranslator::getAnnotations0 (62 bytes)
Event: 0.425 Thread 0x0000000014da4000 nmethod 418 0x00000000028c5350 code [0x00000000028c55a0, 0x00000000028c6418]
Event: 0.425 Thread 0x0000000014da4000  419       3       com.android.dx.dex.cf.AttributeTranslator::getSignature (26 bytes)

GC Heap History (0 events):
No events

Deoptimization events (1 events):
Event: 0.285 Thread 0x000000001682b800 Uncommon trap: reason=unstable_if action=reinterpret pc=0x0000000002810594 method=java.lang.String.indexOf(II)I @ 49

Internal exceptions (2 events):
Event: 0.039 Thread 0x00000000025d0800 Exception <a 'java/lang/NoSuchMethodError': Method sun.misc.Unsafe.defineClass(Ljava/lang/String;[BII)Ljava/lang/Class; name or signature does not match> (0x00000000eab07cc0) thrown at [C:\src\android\AOSP-openjdk\external\jetbrains\jdk\hotspot\src\share\vöiJÚ¤?
Event: 0.039 Thread 0x00000000025d0800 Exception <a 'java/lang/NoSuchMethodError': Method sun.misc.Unsafe.prefetchRead(Ljava/lang/Object;J)V name or signature does not match> (0x00000000eab07fa8) thrown at [C:\src\android\AOSP-openjdk\external\jetbrains\jdk\hotspot\src\share\vm\prims\jni.cpp, l

Events (10 events):
Event: 0.405 loading class java/io/PrintWriter
Event: 0.405 loading class java/io/PrintWriter done
Event: 0.405 loading class com/android/dx/dex/file/DebugInfoItem
Event: 0.405 loading class com/android/dx/dex/file/DebugInfoItem done
Event: 0.406 loading class com/android/dx/rop/annotation/AnnotationsList
Event: 0.406 loading class com/android/dx/rop/annotation/AnnotationsList done
Event: 0.406 loading class com/android/dx/dex/file/MethodIdItem
Event: 0.406 loading class com/android/dx/dex/file/MethodIdItem done
Event: 0.407 loading class com/android/dx/cf/code/BytecodeArray$ConstantParserVisitor
Event: 0.407 loading class com/android/dx/cf/code/BytecodeArray$ConstantParserVisitor done


Dynamic libraries:
0x00007ff7f37e0000 - 0x00007ff7f3811000 	D:\android-studio\jre\bin\java.exe
0x00007ffaf3b80000 - 0x00007ffaf3d51000 	C:\WINDOWS\SYSTEM32\ntdll.dll
0x00007ffaf2f70000 - 0x00007ffaf301b000 	C:\WINDOWS\System32\KERNEL32.DLL
0x00007ffaf0e40000 - 0x00007ffaf105d000 	C:\WINDOWS\System32\KERNELBASE.dll
0x00007ffaf2e50000 - 0x00007ffaf2ef2000 	C:\WINDOWS\System32\ADVAPI32.dll
0x00007ffaf2a30000 - 0x00007ffaf2ace000 	C:\WINDOWS\System32\msvcrt.dll
0x00007ffaf1220000 - 0x00007ffaf1279000 	C:\WINDOWS\System32\sechost.dll
0x00007ffaf3a50000 - 0x00007ffaf3b71000 	C:\WINDOWS\System32\RPCRT4.dll
0x00007ffaf38c0000 - 0x00007ffaf3a25000 	C:\WINDOWS\System32\USER32.dll
0x00007ffaf0180000 - 0x00007ffaf019e000 	C:\WINDOWS\System32\win32u.dll
0x00007ffaf3880000 - 0x00007ffaf38b4000 	C:\WINDOWS\System32\GDI32.dll
0x00007ffaf0b50000 - 0x00007ffaf0cd2000 	C:\WINDOWS\System32\gdi32full.dll
0x00007ffadeb00000 - 0x00007ffaded79000 	C:\WINDOWS\WinSxS\amd64_microsoft.windows.common-controls_6595b64144ccf1df_6.0.14393.0_none_2d0f50fcbdb171b8\COMCTL32.dll
0x00007ffaf2b80000 - 0x00007ffaf2e47000 	C:\WINDOWS\System32\combase.dll
0x00007ffaf0ce0000 - 0x00007ffaf0dd5000 	C:\WINDOWS\System32\ucrtbase.dll
0x00007ffaf0110000 - 0x00007ffaf017a000 	C:\WINDOWS\System32\bcryptPrimitives.dll
0x00007ffaf3730000 - 0x00007ffaf375e000 	C:\WINDOWS\System32\IMM32.DLL
0x0000000070550000 - 0x0000000070622000 	D:\android-studio\jre\jre\bin\msvcr100.dll
0x0000000070630000 - 0x0000000070e64000 	D:\android-studio\jre\jre\bin\server\jvm.dll
0x00007ffaf2b70000 - 0x00007ffaf2b78000 	C:\WINDOWS\System32\PSAPI.DLL
0x00007ffadb5e0000 - 0x00007ffadb5e9000 	C:\WINDOWS\SYSTEM32\WSOCK32.dll
0x00007ffaee550000 - 0x00007ffaee573000 	C:\WINDOWS\SYSTEM32\WINMM.dll
0x00007ffaf3090000 - 0x00007ffaf30fa000 	C:\WINDOWS\System32\WS2_32.dll
0x00007ffaeb6d0000 - 0x00007ffaeb6da000 	C:\WINDOWS\SYSTEM32\VERSION.dll
0x00007ffaee480000 - 0x00007ffaee4ab000 	C:\WINDOWS\SYSTEM32\WINMMBASE.dll
0x00007ffaf0b00000 - 0x00007ffaf0b42000 	C:\WINDOWS\System32\cfgmgr32.dll
0x00007ffaea0b0000 - 0x00007ffaea0bf000 	D:\android-studio\jre\jre\bin\verify.dll
0x00007ffae5950000 - 0x00007ffae5979000 	D:\android-studio\jre\jre\bin\java.dll
0x00007ffae6260000 - 0x00007ffae6276000 	D:\android-studio\jre\jre\bin\zip.dll
0x00007ffaf1280000 - 0x00007ffaf2788000 	C:\WINDOWS\System32\SHELL32.dll
0x00007ffaf0420000 - 0x00007ffaf0afa000 	C:\WINDOWS\System32\windows.storage.dll
0x00007ffaf00b0000 - 0x00007ffaf00fc000 	C:\WINDOWS\System32\powrprof.dll
0x00007ffaf3760000 - 0x00007ffaf37b2000 	C:\WINDOWS\System32\shlwapi.dll
0x00007ffaf0100000 - 0x00007ffaf010f000 	C:\WINDOWS\System32\kernel.appcore.dll
0x00007ffaf01a0000 - 0x00007ffaf0249000 	C:\WINDOWS\System32\shcore.dll
0x00007ffaf0080000 - 0x00007ffaf0094000 	C:\WINDOWS\System32\profapi.dll

VM Arguments:
jvm_args: -Djava.awt.headless=true -Xmx1024M -Dfile.encoding=windows-1252 -Duser.country=US -Duser.language=en -Duser.variant 
java_command: com.android.dx.command.Main --dex --num-threads=4 --output D:\Timeraaa3\Timeraaa2\Timeraaa\Timeraaaa\app\build\intermediates\pre-dexed\release\release_4f44c9b685b1be89bcad4a7b8833cfbd4547555b.jar D:\Timeraaa3\Timeraaa2\Timeraaa\Timeraaaa\app\build\intermediates\classes\release
java_class_path (initial): C:\Users\somai\AppData\Local\Android\Sdk\build-tools\24.0.1\lib\dx.jar
Launcher Type: SUN_STANDARD

Environment Variables:
PATH=C:\ProgramData\Oracle\Java\javapath;C:\WINDOWS\system32;C:\WINDOWS;C:\WINDOWS\System32\Wbem;C:\WINDOWS\System32\WindowsPowerShell\v1.0\;C:\Program Files (x86)\Common Files\lenovo\easyplussdk\bin;C:\Program Files (x86)\ATI Technologies\ATI.ACE\Core-Static;C:\Program Files\Git\cmd;C:\Program Files\AMI\DuOS\;C:\Users\somai\AppData\Local\Microsoft\WindowsApps;
USERNAME=somai
OS=Windows_NT
PROCESSOR_IDENTIFIER=AMD64 Family 21 Model 48 Stepping 1, AuthenticAMD



---------------  S Y S T E M  ---------------

OS: Windows 10.0 , 64 bit Build 14393 (10.0.14393.0)

CPU:total 4 (4 cores per cpu, 1 threads per core) family 21 model 48 stepping 1, cmov, cx8, fxsr, mmx, sse, sse2, sse3, ssse3, sse4.1, sse4.2, popcnt, avx, aes, clmul, mmxext, 3dnowpref, lzcnt, sse4a, tsc, tscinvbit, tscinv, bmi1

Memory: 4k page, physical 11480692k(1973700k free), swap 11480692k(3788k free)

vm_info: OpenJDK 64-Bit Server VM (25.76-b03) for windows-amd64 JRE (1.8.0_76-release-b03), built on Jun 29 2016 19:09:20 by "ralucas" with MS VC++ 10.0 (VS2010)

time: Mon Aug 22 19:15:07 2016
elapsed time: 0 seconds (0d 0h 0m 0s)

