#
# There is insufficient memory for the Java Runtime Environment to continue.
# Native memory allocation (malloc) failed to allocate 446736 bytes for Chunk::new
# Possible reasons:
#   The system is out of physical RAM or swap space
#   In 32 bit mode, the process size limit was hit
# Possible solutions:
#   Reduce memory load on the system
#   Increase physical memory or swap space
#   Check if swap backing store is full
#   Use 64 bit Java on a 64 bit OS
#   Decrease Java heap size (-Xmx/-Xms)
#   Decrease number of Java threads
#   Decrease Java thread stack sizes (-Xss)
#   Set larger code cache with -XX:ReservedCodeCacheSize=
# This output file may be truncated or incomplete.
#
#  Out of Memory Error (allocation.cpp:390), pid=305240, tid=0x000000000004c8d4
#
# JRE version: OpenJDK Runtime Environment (8.0_76-b03) (build 1.8.0_76-release-b03)
# Java VM: OpenJDK 64-Bit Server VM (25.76-b03 mixed mode windows-amd64 compressed oops)
# Failed to write core dump. Minidumps are not enabled by default on client versions of Windows
#

---------------  T H R E A D  ---------------

Current thread (0x000000001591d800):  JavaThread "C2 CompilerThread1" daemon [_thread_in_native, id=313556, stack(0x0000000017060000,0x0000000017160000)]

Stack: [0x0000000017060000,0x0000000017160000]
[error occurred during error reporting (printing stack bounds), id 0xc0000005]

Native frames: (J=compiled Java code, j=interpreted, Vv=VM code, C=native code)


Current CompileTask:
C2:   3822 1354   !   4       com.android.dx.cf.code.BytecodeArray::parseInstruction (2764 bytes)


---------------  P R O C E S S  ---------------

Java Threads: ( => current thread )
  0x000000001797d800 JavaThread "pool-1-thread-4" [_thread_in_vm, id=313848, stack(0x0000000018460000,0x0000000018560000)]
  0x000000001799d800 JavaThread "pool-1-thread-3" [_thread_blocked, id=313856, stack(0x0000000018360000,0x0000000018460000)]
  0x00000000175f4800 JavaThread "pool-1-thread-2" [_thread_blocked, id=313752, stack(0x0000000018260000,0x0000000018360000)]
  0x00000000175ef800 JavaThread "pool-2-thread-1" [_thread_blocked, id=313912, stack(0x0000000018160000,0x0000000018260000)]
  0x00000000175ef000 JavaThread "pool-1-thread-1" [_thread_in_Java, id=313924, stack(0x0000000018060000,0x0000000018160000)]
  0x000000001597e000 JavaThread "Service Thread" daemon [_thread_blocked, id=313500, stack(0x0000000017660000,0x0000000017760000)]
  0x000000001593c800 JavaThread "C1 CompilerThread2" daemon [_thread_blocked, id=314288, stack(0x0000000017160000,0x0000000017260000)]
=>0x000000001591d800 JavaThread "C2 CompilerThread1" daemon [_thread_in_native, id=313556, stack(0x0000000017060000,0x0000000017160000)]
  0x000000001591b800 JavaThread "C2 CompilerThread0" daemon [_thread_in_native, id=313484, stack(0x0000000016f60000,0x0000000017060000)]
  0x000000001591a000 JavaThread "Attach Listener" daemon [_thread_blocked, id=313440, stack(0x0000000016e60000,0x0000000016f60000)]
  0x0000000015918800 JavaThread "Signal Dispatcher" daemon [_thread_blocked, id=313432, stack(0x0000000016d60000,0x0000000016e60000)]
  0x0000000015908800 JavaThread "Finalizer" daemon [_thread_blocked, id=313400, stack(0x0000000016b70000,0x0000000016c70000)]
  0x000000000323f800 JavaThread "Reference Handler" daemon [_thread_blocked, id=313516, stack(0x0000000016a70000,0x0000000016b70000)]
  0x0000000003150800 JavaThread "main" [_thread_blocked, id=312964, stack(0x0000000002ff0000,0x00000000030f0000)]

Other Threads:
  0x00000000158e3800 VMThread [stack: 0x0000000016970000,0x0000000016a70000] [id=313392]
  0x000000001726a000 WatcherThread [stack: 0x0000000017760000,0x0000000017860000] [id=313616]

VM state:not at safepoint (normal execution)

VM Mutex/Monitor currently owned by a thread: None

Heap:
 PSYoungGen      total 52736K, used 11678K [0x00000000eab00000, 0x00000000f1200000, 0x0000000100000000)
  eden space 45568K, 12% used [0x00000000eab00000,0x00000000eb082ab0,0x00000000ed780000)
  from space 7168K, 84% used [0x00000000ed780000,0x00000000edd64ed8,0x00000000ede80000)
  to   space 7168K, 0% used [0x00000000f0b00000,0x00000000f0b00000,0x00000000f1200000)
 ParOldGen       total 120320K, used 16K [0x00000000c0000000, 0x00000000c7580000, 0x00000000eab00000)
  object space 120320K, 0% used [0x00000000c0000000,0x00000000c0004000,0x00000000c7580000)
 Metaspace       used 5997K, capacity 6960K, committed 7040K, reserved 1056768K
  class space    used 570K, capacity 616K, committed 640K, reserved 1048576K

Card table byte_map: [0x0000000012610000,0x0000000012820000] byte_map_base: 0x0000000012010000

Marking Bits: (ParMarkBitMap*) 0x0000000070de9d00
 Begin Bits: [0x0000000012d80000, 0x0000000013d80000)
 End Bits:   [0x0000000013d80000, 0x0000000014d80000)

Polling page: 0x00000000017b0000

CodeCache: size=245760Kb used=5524Kb max_used=5525Kb free=240235Kb
 bounds [0x0000000003250000, 0x00000000037c0000, 0x0000000012250000]
 total_blobs=1635 nmethods=1367 adapters=182
 compilation: enabled

Compilation events (10 events):
Event: 3.802 Thread 0x000000001593c800 nmethod 1364 0x00000000037b76d0 code [0x00000000037b78c0, 0x00000000037b80d8]
Event: 3.802 Thread 0x000000001593c800 1365       3       com.android.dx.rop.code.AccessFlags::isSynchronized (13 bytes)
Event: 3.802 Thread 0x000000001593c800 nmethod 1365 0x00000000037b7350 code [0x00000000037b74a0, 0x00000000037b7630]
Event: 3.803 Thread 0x000000001593c800 1367       3       com.android.dx.dex.file.EncodedMethod::<init> (68 bytes)
Event: 3.804 Thread 0x000000001593c800 nmethod 1367 0x00000000037b6b50 code [0x00000000037b6ce0, 0x00000000037b7198]
Event: 3.804 Thread 0x000000001593c800 1366       3       com.android.dx.ssa.Dominators::<init> (55 bytes)
Event: 3.804 Thread 0x000000001593c800 nmethod 1366 0x00000000037b6210 code [0x00000000037b63a0, 0x00000000037b68f0]
Event: 3.805 Thread 0x000000001593c800 1368       3       com.android.dx.rop.cst.TypedConstant::getBasicFrameType (8 bytes)
Event: 3.805 Thread 0x000000001593c800 nmethod 1368 0x00000000037b5cd0 code [0x00000000037b5e40, 0x00000000037b6118]
Event: 3.815 Thread 0x000000001591b800 1369       4       com.android.dx.ssa.back.FirstFitLocalCombiningAllocator$1::visitNonMoveInsn (6 bytes)

GC Heap History (2 events):
Event: 2.749 GC heap before
{Heap before GC invocations=1 (full 0):
 PSYoungGen      total 52736K, used 45568K [0x00000000eab00000, 0x00000000ee580000, 0x0000000100000000)
  eden space 45568K, 100% used [0x00000000eab00000,0x00000000ed780000,0x00000000ed780000)
  from space 7168K, 0% used [0x00000000ede80000,0x00000000ede80000,0x00000000ee580000)
  to   space 7168K, 0% used [0x00000000ed780000,0x00000000ed780000,0x00000000ede80000)
 ParOldGen       total 120320K, used 0K [0x00000000c0000000, 0x00000000c7580000, 0x00000000eab00000)
  object space 120320K, 0% used [0x00000000c0000000,0x00000000c0000000,0x00000000c7580000)
 Metaspace       used 5967K, capacity 6960K, committed 7040K, reserved 1056768K
  class space    used 570K, capacity 616K, committed 640K, reserved 1048576K
Event: 3.144 GC heap after
Heap after GC invocations=1 (full 0):
 PSYoungGen      total 52736K, used 6035K [0x00000000eab00000, 0x00000000f1200000, 0x0000000100000000)
  eden space 45568K, 0% used [0x00000000eab00000,0x00000000eab00000,0x00000000ed780000)
  from space 7168K, 84% used [0x00000000ed780000,0x00000000edd64ed8,0x00000000ede80000)
  to   space 7168K, 0% used [0x00000000f0b00000,0x00000000f0b00000,0x00000000f1200000)
 ParOldGen       total 120320K, used 16K [0x00000000c0000000, 0x00000000c7580000, 0x00000000eab00000)
  object space 120320K, 0% used [0x00000000c0000000,0x00000000c0004000,0x00000000c7580000)
 Metaspace       used 5967K, capacity 6960K, committed 7040K, reserved 1056768K
  class space    used 570K, capacity 616K, committed 640K, reserved 1048576K
}

Deoptimization events (8 events):
Event: 1.076 Thread 0x0000000003150800 Uncommon trap: reason=unstable_if action=reinterpret pc=0x000000000339e950 method=java.lang.String.indexOf(II)I @ 49
Event: 2.383 Thread 0x0000000003150800 Uncommon trap: reason=class_check action=maybe_recompile pc=0x00000000034a5f14 method=com.android.dx.ssa.NormalSsaInsn.accept(Lcom/android/dx/ssa/SsaInsn$Visitor;)V @ 9
Event: 2.488 Thread 0x00000000175ef000 Uncommon trap: reason=class_check action=maybe_recompile pc=0x00000000034a5f14 method=com.android.dx.ssa.NormalSsaInsn.accept(Lcom/android/dx/ssa/SsaInsn$Visitor;)V @ 9
Event: 2.488 Thread 0x00000000175ef000 Uncommon trap: reason=class_check action=maybe_recompile pc=0x000000000346a5b0 method=com.android.dx.ssa.NormalSsaInsn.accept(Lcom/android/dx/ssa/SsaInsn$Visitor;)V @ 9
Event: 2.488 Thread 0x00000000175ef000 Uncommon trap: reason=class_check action=maybe_recompile pc=0x000000000346a5b0 method=com.android.dx.ssa.NormalSsaInsn.accept(Lcom/android/dx/ssa/SsaInsn$Visitor;)V @ 9
Event: 2.493 Thread 0x00000000175ef000 Uncommon trap: reason=class_check action=maybe_recompile pc=0x00000000034a5f14 method=com.android.dx.ssa.NormalSsaInsn.accept(Lcom/android/dx/ssa/SsaInsn$Visitor;)V @ 9
Event: 2.723 Thread 0x000000001797d800 Uncommon trap: reason=unstable_if action=reinterpret pc=0x00000000036936f0 method=com.android.dx.rop.code.RegisterSpecSet.<init>(I)V @ 2
Event: 3.405 Thread 0x00000000175ef000 Uncommon trap: reason=unstable_if action=reinterpret pc=0x0000000003785f9c method=com.android.dx.ssa.SCCP.simulateStmt(Lcom/android/dx/ssa/SsaInsn;)V @ 53

Internal exceptions (2 events):
Event: 0.489 Thread 0x0000000003150800 Exception <a 'java/lang/NoSuchMethodError': Method sun.misc.Unsafe.defineClass(Ljava/lang/String;[BII)Ljava/lang/Class; name or signature does not match> (0x00000000eab07cc0) thrown at [C:\src\android\AOSP-openjdk\external\jetbrains\jdk\hotspot\src\share\vöpé%~Kß?
Event: 0.489 Thread 0x0000000003150800 Exception <a 'java/lang/NoSuchMethodError': Method sun.misc.Unsafe.prefetchRead(Ljava/lang/Object;J)V name or signature does not match> (0x00000000eab07fa8) thrown at [C:\src\android\AOSP-openjdk\external\jetbrains\jdk\hotspot\src\share\vm\prims\jni.cpp, l

Events (10 events):
Event: 2.650 loading class com/android/dx/cf/code/SwitchList
Event: 2.650 loading class com/android/dx/cf/code/SwitchList done
Event: 2.723 Thread 0x000000001797d800 Uncommon trap: trap_request=0xffffff65 fr.pc=0x00000000036936f0
Event: 2.723 Thread 0x000000001797d800 DEOPT PACKING pc=0x00000000036936f0 sp=0x000000001855ee70
Event: 2.723 Thread 0x000000001797d800 DEOPT UNPACKING pc=0x000000000329556a sp=0x000000001855eda0 mode 2
Event: 2.749 Executing VM operation: ParallelGCFailedAllocation
Event: 3.144 Executing VM operation: ParallelGCFailedAllocation done
Event: 3.405 Thread 0x00000000175ef000 Uncommon trap: trap_request=0xffffff65 fr.pc=0x0000000003785f9c
Event: 3.405 Thread 0x00000000175ef000 DEOPT PACKING pc=0x0000000003785f9c sp=0x000000001815eb70
Event: 3.405 Thread 0x00000000175ef000 DEOPT UNPACKING pc=0x000000000329556a sp=0x000000001815eb48 mode 2


Dynamic libraries:
0x00007ff699d90000 - 0x00007ff699dc1000 	D:\android-studio-ide-145.3200535-windows\android-studio\jre\bin\java.exe
0x00007ffaf3b80000 - 0x00007ffaf3d51000 	C:\WINDOWS\SYSTEM32\ntdll.dll
0x00007ffaf2f70000 - 0x00007ffaf301b000 	C:\WINDOWS\System32\KERNEL32.DLL
0x00007ffaf0e40000 - 0x00007ffaf105d000 	C:\WINDOWS\System32\KERNELBASE.dll
0x00007ffaf2e50000 - 0x00007ffaf2ef2000 	C:\WINDOWS\System32\ADVAPI32.dll
0x00007ffaf2a30000 - 0x00007ffaf2ace000 	C:\WINDOWS\System32\msvcrt.dll
0x00007ffaf1220000 - 0x00007ffaf1279000 	C:\WINDOWS\System32\sechost.dll
0x00007ffaf3a50000 - 0x00007ffaf3b71000 	C:\WINDOWS\System32\RPCRT4.dll
0x00007ffaf38c0000 - 0x00007ffaf3a25000 	C:\WINDOWS\System32\USER32.dll
0x00007ffaf0180000 - 0x00007ffaf019e000 	C:\WINDOWS\System32\win32u.dll
0x00007ffaf3880000 - 0x00007ffaf38b4000 	C:\WINDOWS\System32\GDI32.dll
0x00007ffaf0b50000 - 0x00007ffaf0cd2000 	C:\WINDOWS\System32\gdi32full.dll
0x00007ffadeb00000 - 0x00007ffaded79000 	C:\WINDOWS\WinSxS\amd64_microsoft.windows.common-controls_6595b64144ccf1df_6.0.14393.0_none_2d0f50fcbdb171b8\COMCTL32.dll
0x00007ffaf2b80000 - 0x00007ffaf2e47000 	C:\WINDOWS\System32\combase.dll
0x00007ffaf0ce0000 - 0x00007ffaf0dd5000 	C:\WINDOWS\System32\ucrtbase.dll
0x00007ffaf0110000 - 0x00007ffaf017a000 	C:\WINDOWS\System32\bcryptPrimitives.dll
0x00007ffaf3730000 - 0x00007ffaf375e000 	C:\WINDOWS\System32\IMM32.DLL
0x0000000071ea0000 - 0x0000000071f72000 	D:\android-studio-ide-145.3200535-windows\android-studio\jre\jre\bin\msvcr100.dll
0x0000000070630000 - 0x0000000070e64000 	D:\android-studio-ide-145.3200535-windows\android-studio\jre\jre\bin\server\jvm.dll
0x00007ffaf2b70000 - 0x00007ffaf2b78000 	C:\WINDOWS\System32\PSAPI.DLL
0x00007ffadb5e0000 - 0x00007ffadb5e9000 	C:\WINDOWS\SYSTEM32\WSOCK32.dll
0x00007ffaf3090000 - 0x00007ffaf30fa000 	C:\WINDOWS\System32\WS2_32.dll
0x00007ffaee550000 - 0x00007ffaee573000 	C:\WINDOWS\SYSTEM32\WINMM.dll
0x00007ffaeb6d0000 - 0x00007ffaeb6da000 	C:\WINDOWS\SYSTEM32\VERSION.dll
0x00007ffaee480000 - 0x00007ffaee4ab000 	C:\WINDOWS\SYSTEM32\WINMMBASE.dll
0x00007ffaf0b00000 - 0x00007ffaf0b42000 	C:\WINDOWS\System32\cfgmgr32.dll
0x00007ffaecb20000 - 0x00007ffaecb2f000 	D:\android-studio-ide-145.3200535-windows\android-studio\jre\jre\bin\verify.dll
0x00007ffae88f0000 - 0x00007ffae8919000 	D:\android-studio-ide-145.3200535-windows\android-studio\jre\jre\bin\java.dll
0x00007ffaea0e0000 - 0x00007ffaea0f6000 	D:\android-studio-ide-145.3200535-windows\android-studio\jre\jre\bin\zip.dll
0x00007ffaf1280000 - 0x00007ffaf2788000 	C:\WINDOWS\System32\SHELL32.dll
0x00007ffaf0420000 - 0x00007ffaf0afa000 	C:\WINDOWS\System32\windows.storage.dll
0x00007ffaf00b0000 - 0x00007ffaf00fc000 	C:\WINDOWS\System32\powrprof.dll
0x00007ffaf3760000 - 0x00007ffaf37b2000 	C:\WINDOWS\System32\shlwapi.dll
0x00007ffaf0100000 - 0x00007ffaf010f000 	C:\WINDOWS\System32\kernel.appcore.dll
0x00007ffaf01a0000 - 0x00007ffaf0249000 	C:\WINDOWS\System32\shcore.dll
0x00007ffaf0080000 - 0x00007ffaf0094000 	C:\WINDOWS\System32\profapi.dll

VM Arguments:
jvm_args: -Djava.awt.headless=true -Xmx1024M -Dfile.encoding=windows-1252 -Duser.country=US -Duser.language=en -Duser.variant 
java_command: com.android.dx.command.Main --dex --num-threads=4 --output D:\Timeraaa3\Timeraaa2\Timeraaa\Timeraaaa\app\build\intermediates\pre-dexed\release\com.google.android.gms-play-services-ads-8.1.0_e2e6ebc8a4fcec020b8c8d4ab84b1fbe21501294.jar D:\Timeraaa3\Timeraaa2\Timeraaa\Timeraaaa\app\build\intermediates\exploded-aar\com.google.android.gms\play-services-ads\8.1.0\jars\classes.jar
java_class_path (initial): C:\Users\somai\AppData\Local\Android\Sdk\build-tools\24.0.1\lib\dx.jar
Launcher Type: SUN_STANDARD

Environment Variables:
PATH=C:\ProgramData\Oracle\Java\javapath;C:\WINDOWS\system32;C:\WINDOWS;C:\WINDOWS\System32\Wbem;C:\WINDOWS\System32\WindowsPowerShell\v1.0\;C:\Program Files (x86)\Common Files\lenovo\easyplussdk\bin;C:\Program Files (x86)\ATI Technologies\ATI.ACE\Core-Static;C:\Program Files\Git\cmd;C:\Program Files\AMI\DuOS\;C:\Users\somai\AppData\Local\Microsoft\WindowsApps;
USERNAME=somai
OS=Windows_NT
PROCESSOR_IDENTIFIER=AMD64 Family 21 Model 48 Stepping 1, AuthenticAMD



---------------  S Y S T E M  ---------------

OS: Windows 10.0 , 64 bit Build 14393 (10.0.14393.0)

CPU:total 4 (4 cores per cpu, 1 threads per core) family 21 model 48 stepping 1, cmov, cx8, fxsr, mmx, sse, sse2, sse3, ssse3, sse4.1, sse4.2, popcnt, avx, aes, clmul, mmxext, 3dnowpref, lzcnt, sse4a, tsc, tscinvbit, tscinv, bmi1

Memory: 4k page, physical 11480692k(2116716k free), swap 11480692k(5948k free)

vm_info: OpenJDK 64-Bit Server VM (25.76-b03) for windows-amd64 JRE (1.8.0_76-release-b03), built on Jun 29 2016 19:09:20 by "ralucas" with MS VC++ 10.0 (VS2010)

time: Tue Aug 23 00:10:41 2016
elapsed time: 3 seconds (0d 0h 0m 3s)

