#
# There is insufficient memory for the Java Runtime Environment to continue.
# Native memory allocation (malloc) failed to allocate 177200 bytes for Chunk::new
# Possible reasons:
#   The system is out of physical RAM or swap space
#   In 32 bit mode, the process size limit was hit
# Possible solutions:
#   Reduce memory load on the system
#   Increase physical memory or swap space
#   Check if swap backing store is full
#   Use 64 bit Java on a 64 bit OS
#   Decrease Java heap size (-Xmx/-Xms)
#   Decrease number of Java threads
#   Decrease Java thread stack sizes (-Xss)
#   Set larger code cache with -XX:ReservedCodeCacheSize=
# This output file may be truncated or incomplete.
#
#  Out of Memory Error (allocation.cpp:390), pid=210384, tid=0x0000000000033838
#
# JRE version: OpenJDK Runtime Environment (8.0_76-b03) (build 1.8.0_76-release-b03)
# Java VM: OpenJDK 64-Bit Server VM (25.76-b03 mixed mode windows-amd64 compressed oops)
# Failed to write core dump. Minidumps are not enabled by default on client versions of Windows
#

---------------  T H R E A D  ---------------

Current thread (0x000000001551d800):  JavaThread "C2 CompilerThread0" daemon [_thread_in_native, id=211000, stack(0x0000000016b80000,0x0000000016c80000)]

Stack: [0x0000000016b80000,0x0000000016c80000]
[error occurred during error reporting (printing stack bounds), id 0xc0000005]

Native frames: (J=compiled Java code, j=interpreted, Vv=VM code, C=native code)


Current CompileTask:
C2:   2744 1454       4       com.android.dx.ssa.LocalVariableExtractor::processBlock (383 bytes)


---------------  P R O C E S S  ---------------

Java Threads: ( => current thread )
  0x00000000170c6000 JavaThread "pool-1-thread-4" [_thread_blocked, id=212876, stack(0x0000000017880000,0x0000000017980000)]
  0x00000000170c3800 JavaThread "pool-1-thread-3" [_thread_blocked, id=210788, stack(0x0000000017780000,0x0000000017880000)]
  0x0000000016fe1000 JavaThread "pool-1-thread-2" [_thread_blocked, id=210668, stack(0x0000000017680000,0x0000000017780000)]
  0x0000000016fd3800 JavaThread "pool-2-thread-1" [_thread_blocked, id=209032, stack(0x0000000017580000,0x0000000017680000)]
  0x0000000016fd3000 JavaThread "pool-1-thread-1" [_thread_blocked, id=202364, stack(0x0000000017480000,0x0000000017580000)]
  0x0000000016e81800 JavaThread "Service Thread" daemon [_thread_blocked, id=210968, stack(0x0000000017280000,0x0000000017380000)]
  0x0000000015579800 JavaThread "C1 CompilerThread2" daemon [_thread_blocked, id=210972, stack(0x0000000016d80000,0x0000000016e80000)]
  0x000000001551f800 JavaThread "C2 CompilerThread1" daemon [_thread_in_native, id=210720, stack(0x0000000016c80000,0x0000000016d80000)]
=>0x000000001551d800 JavaThread "C2 CompilerThread0" daemon [_thread_in_native, id=211000, stack(0x0000000016b80000,0x0000000016c80000)]
  0x000000001551c000 JavaThread "Attach Listener" daemon [_thread_blocked, id=211080, stack(0x0000000016a80000,0x0000000016b80000)]
  0x000000001551b000 JavaThread "Signal Dispatcher" daemon [_thread_blocked, id=210960, stack(0x0000000016980000,0x0000000016a80000)]
  0x0000000002e4a800 JavaThread "Finalizer" daemon [_thread_blocked, id=210068, stack(0x0000000016790000,0x0000000016890000)]
  0x0000000002e3f800 JavaThread "Reference Handler" daemon [_thread_blocked, id=168228, stack(0x0000000016690000,0x0000000016790000)]
  0x0000000002d50800 JavaThread "main" [_thread_in_native, id=210552, stack(0x0000000002c50000,0x0000000002d50000)]

Other Threads:
  0x00000000154e4000 VMThread [stack: 0x0000000016590000,0x0000000016690000] [id=211120]
  0x0000000016e83800 WatcherThread [stack: 0x0000000017380000,0x0000000017480000] [id=211008]

VM state:not at safepoint (normal execution)

VM Mutex/Monitor currently owned by a thread: None

Heap:
 PSYoungGen      total 52736K, used 46275K [0x00000000eab00000, 0x00000000f1200000, 0x0000000100000000)
  eden space 45568K, 85% used [0x00000000eab00000,0x00000000ed133fa0,0x00000000ed780000)
  from space 7168K, 99% used [0x00000000ed780000,0x00000000ede7ce48,0x00000000ede80000)
  to   space 7168K, 0% used [0x00000000f0b00000,0x00000000f0b00000,0x00000000f1200000)
 ParOldGen       total 120320K, used 1295K [0x00000000c0000000, 0x00000000c7580000, 0x00000000eab00000)
  object space 120320K, 1% used [0x00000000c0000000,0x00000000c0143e48,0x00000000c7580000)
 Metaspace       used 6068K, capacity 7024K, committed 7296K, reserved 1056768K
  class space    used 571K, capacity 616K, committed 640K, reserved 1048576K

Card table byte_map: [0x0000000012210000,0x0000000012420000] byte_map_base: 0x0000000011c10000

Marking Bits: (ParMarkBitMap*) 0x0000000070de9d00
 Begin Bits: [0x0000000012980000, 0x0000000013980000)
 End Bits:   [0x0000000013980000, 0x0000000014980000)

Polling page: 0x0000000001330000

CodeCache: size=245760Kb used=6419Kb max_used=6419Kb free=239341Kb
 bounds [0x0000000002e50000, 0x00000000034a0000, 0x0000000011e50000]
 total_blobs=1799 nmethods=1530 adapters=182
 compilation: enabled

Compilation events (10 events):
Event: 2.677 Thread 0x0000000015579800 1546       2       com.android.dx.cf.code.Ropper::addSynchExceptionHandlerBlock (206 bytes)
Event: 2.681 Thread 0x0000000015579800 nmethod 1546 0x0000000003475290 code [0x0000000003475640, 0x0000000003476c18]
Event: 2.689 Thread 0x0000000015579800 1547       2       com.android.dx.cf.code.Ropper::addSetupBlocks (535 bytes)
Event: 2.694 Thread 0x0000000015579800 nmethod 1547 0x0000000003479110 code [0x00000000034797c0, 0x000000000347c448]
Event: 2.697 Thread 0x0000000015579800 1548       2       com.android.dx.cf.code.Frame::initializeWithParameters (49 bytes)
Event: 2.697 Thread 0x0000000015579800 nmethod 1548 0x0000000003481bd0 code [0x0000000003481d60, 0x0000000003482008]
Event: 2.700 Thread 0x0000000015579800 1549       2       com.android.dx.util.ByteArray::<init> (9 bytes)
Event: 2.700 Thread 0x0000000015579800 nmethod 1549 0x0000000003482250 code [0x00000000034823c0, 0x0000000003482548]
Event: 2.705 Thread 0x0000000015579800 1550   !   2       com.android.dx.cf.code.BytecodeArray::parseInstruction (2764 bytes)
Event: 2.715 Thread 0x0000000015579800 nmethod 1550 0x0000000003482610 code [0x0000000003483540, 0x0000000003489a68]

GC Heap History (2 events):
Event: 1.949 GC heap before
{Heap before GC invocations=1 (full 0):
 PSYoungGen      total 52736K, used 45568K [0x00000000eab00000, 0x00000000ee580000, 0x0000000100000000)
  eden space 45568K, 100% used [0x00000000eab00000,0x00000000ed780000,0x00000000ed780000)
  from space 7168K, 0% used [0x00000000ede80000,0x00000000ede80000,0x00000000ee580000)
  to   space 7168K, 0% used [0x00000000ed780000,0x00000000ed780000,0x00000000ede80000)
 ParOldGen       total 120320K, used 0K [0x00000000c0000000, 0x00000000c7580000, 0x00000000eab00000)
  object space 120320K, 0% used [0x00000000c0000000,0x00000000c0000000,0x00000000c7580000)
 Metaspace       used 5943K, capacity 6960K, committed 7040K, reserved 1056768K
  class space    used 571K, capacity 616K, committed 640K, reserved 1048576K
Event: 1.972 GC heap after
Heap after GC invocations=1 (full 0):
 PSYoungGen      total 52736K, used 7155K [0x00000000eab00000, 0x00000000f1200000, 0x0000000100000000)
  eden space 45568K, 0% used [0x00000000eab00000,0x00000000eab00000,0x00000000ed780000)
  from space 7168K, 99% used [0x00000000ed780000,0x00000000ede7ce48,0x00000000ede80000)
  to   space 7168K, 0% used [0x00000000f0b00000,0x00000000f0b00000,0x00000000f1200000)
 ParOldGen       total 120320K, used 1295K [0x00000000c0000000, 0x00000000c7580000, 0x00000000eab00000)
  object space 120320K, 1% used [0x00000000c0000000,0x00000000c0143e48,0x00000000c7580000)
 Metaspace       used 5943K, capacity 6960K, committed 7040K, reserved 1056768K
  class space    used 571K, capacity 616K, committed 640K, reserved 1048576K
}

Deoptimization events (10 events):
Event: 1.442 Thread 0x0000000002d50800 Uncommon trap: reason=unstable_if action=reinterpret pc=0x000000000320797c method=com.android.dx.rop.code.RegisterSpecSet.put(Lcom/android/dx/rop/code/RegisterSpec;)V @ 77
Event: 1.458 Thread 0x00000000170c3800 Uncommon trap: reason=bimorphic action=maybe_recompile pc=0x00000000030e8a04 method=java.util.HashMap.getNode(ILjava/lang/Object;)Ljava/util/HashMap$Node; @ 126
Event: 1.592 Thread 0x0000000016fd3000 Uncommon trap: reason=unstable_if action=reinterpret pc=0x0000000003259e38 method=com.android.dx.cf.code.Ropper.labelToResultIndex(I)I @ 34
Event: 1.734 Thread 0x0000000016fe1000 Uncommon trap: reason=bimorphic action=maybe_recompile pc=0x000000000333a844 method=com.android.dx.cf.code.BytecodeArray.parseInstruction(ILcom/android/dx/cf/code/BytecodeArray$Visitor;)I @ 2281
Event: 1.734 Thread 0x0000000016fe1000 Uncommon trap: reason=bimorphic action=maybe_recompile pc=0x000000000333a844 method=com.android.dx.cf.code.BytecodeArray.parseInstruction(ILcom/android/dx/cf/code/BytecodeArray$Visitor;)I @ 2281
Event: 1.862 Thread 0x00000000170c6000 Uncommon trap: reason=unstable_if action=reinterpret pc=0x00000000032c9900 method=java.util.HashMap.putVal(ILjava/lang/Object;Ljava/lang/Object;ZZ)Ljava/lang/Object; @ 94
Event: 1.868 Thread 0x00000000170c3800 Uncommon trap: reason=unstable_if action=reinterpret pc=0x00000000030eb190 method=com.android.dx.rop.code.RegisterSpec.equals(ILcom/android/dx/rop/type/TypeBearer;Lcom/android/dx/rop/code/LocalItem;)Z @ 42
Event: 1.907 Thread 0x0000000016fe1000 Uncommon trap: reason=bimorphic action=maybe_recompile pc=0x000000000333a844 method=com.android.dx.cf.code.BytecodeArray.parseInstruction(ILcom/android/dx/cf/code/BytecodeArray$Visitor;)I @ 2281
Event: 1.910 Thread 0x0000000016fe1000 Uncommon trap: reason=bimorphic action=maybe_recompile pc=0x000000000333a844 method=com.android.dx.cf.code.BytecodeArray.parseInstruction(ILcom/android/dx/cf/code/BytecodeArray$Visitor;)I @ 2281
Event: 2.704 Thread 0x0000000016fe1000 Uncommon trap: reason=unstable_if action=reinterpret pc=0x0000000003427ed0 method=com.android.dx.cf.code.BytecodeArray.parseInstruction(ILcom/android/dx/cf/code/BytecodeArray$Visitor;)I @ 1198

Internal exceptions (2 events):
Event: 0.106 Thread 0x0000000002d50800 Exception <a 'java/lang/NoSuchMethodError': Method sun.misc.Unsafe.defineClass(Ljava/lang/String;[BII)Ljava/lang/Class; name or signature does not match> (0x00000000eab07cc0) thrown at [C:\src\android\AOSP-openjdk\external\jetbrains\jdk\hotspot\src\share\v95bu‹»?
Event: 0.106 Thread 0x0000000002d50800 Exception <a 'java/lang/NoSuchMethodError': Method sun.misc.Unsafe.prefetchRead(Ljava/lang/Object;J)V name or signature does not match> (0x00000000eab07fa8) thrown at [C:\src\android\AOSP-openjdk\external\jetbrains\jdk\hotspot\src\share\vm\prims\jni.cpp, l

Events (10 events):
Event: 2.271 Thread 0x0000000002d50800 DEOPT PACKING pc=0x00000000031711d1 sp=0x0000000002d4e480
Event: 2.271 Thread 0x0000000002d50800 DEOPT UNPACKING pc=0x0000000002e971bf sp=0x0000000002d4e248 mode 0
Event: 2.436 Thread 0x0000000002d50800 DEOPT PACKING pc=0x00000000031711d1 sp=0x0000000002d4e5b0
Event: 2.436 Thread 0x0000000002d50800 DEOPT UNPACKING pc=0x0000000002e971bf sp=0x0000000002d4e378 mode 0
Event: 2.480 Thread 0x0000000002d50800 DEOPT PACKING pc=0x0000000003403758 sp=0x0000000002d4e4f0
Event: 2.480 Thread 0x0000000002d50800 DEOPT UNPACKING pc=0x0000000002e971bf sp=0x0000000002d4e270 mode 0
Event: 2.704 Thread 0x0000000016fe1000 Uncommon trap: trap_request=0xffffff65 fr.pc=0x0000000003427ed0
Event: 2.705 Thread 0x0000000016fe1000 DEOPT PACKING pc=0x0000000003427ed0 sp=0x000000001777ebe0
Event: 2.705 Thread 0x0000000016fe1000 DEOPT UNPACKING pc=0x0000000002e9556a sp=0x000000001777eb88 mode 2
Event: 2.731 loading class java/util/HashMap$KeySet


Dynamic libraries:
0x00007ff68a2a0000 - 0x00007ff68a2d1000 	D:\android-studio-ide-145.3070098-windows\android-studio\jre\bin\java.exe
0x00007ffaf3b80000 - 0x00007ffaf3d51000 	C:\WINDOWS\SYSTEM32\ntdll.dll
0x00007ffaf2f70000 - 0x00007ffaf301b000 	C:\WINDOWS\System32\KERNEL32.DLL
0x00007ffaf0e40000 - 0x00007ffaf105d000 	C:\WINDOWS\System32\KERNELBASE.dll
0x00007ffaf2e50000 - 0x00007ffaf2ef2000 	C:\WINDOWS\System32\ADVAPI32.dll
0x00007ffaf2a30000 - 0x00007ffaf2ace000 	C:\WINDOWS\System32\msvcrt.dll
0x00007ffaf1220000 - 0x00007ffaf1279000 	C:\WINDOWS\System32\sechost.dll
0x00007ffaf3a50000 - 0x00007ffaf3b71000 	C:\WINDOWS\System32\RPCRT4.dll
0x00007ffaf38c0000 - 0x00007ffaf3a25000 	C:\WINDOWS\System32\USER32.dll
0x00007ffaf0180000 - 0x00007ffaf019e000 	C:\WINDOWS\System32\win32u.dll
0x00007ffaf3880000 - 0x00007ffaf38b4000 	C:\WINDOWS\System32\GDI32.dll
0x00007ffaf0b50000 - 0x00007ffaf0cd2000 	C:\WINDOWS\System32\gdi32full.dll
0x00007ffadeb00000 - 0x00007ffaded79000 	C:\WINDOWS\WinSxS\amd64_microsoft.windows.common-controls_6595b64144ccf1df_6.0.14393.0_none_2d0f50fcbdb171b8\COMCTL32.dll
0x00007ffaf2b80000 - 0x00007ffaf2e47000 	C:\WINDOWS\System32\combase.dll
0x00007ffaf0ce0000 - 0x00007ffaf0dd5000 	C:\WINDOWS\System32\ucrtbase.dll
0x00007ffaf0110000 - 0x00007ffaf017a000 	C:\WINDOWS\System32\bcryptPrimitives.dll
0x00007ffaf3730000 - 0x00007ffaf375e000 	C:\WINDOWS\System32\IMM32.DLL
0x0000000070550000 - 0x0000000070622000 	D:\android-studio-ide-145.3070098-windows\android-studio\jre\jre\bin\msvcr100.dll
0x0000000070630000 - 0x0000000070e64000 	D:\android-studio-ide-145.3070098-windows\android-studio\jre\jre\bin\server\jvm.dll
0x00007ffaf2b70000 - 0x00007ffaf2b78000 	C:\WINDOWS\System32\PSAPI.DLL
0x00007ffadb5e0000 - 0x00007ffadb5e9000 	C:\WINDOWS\SYSTEM32\WSOCK32.dll
0x00007ffaf3090000 - 0x00007ffaf30fa000 	C:\WINDOWS\System32\WS2_32.dll
0x00007ffaee550000 - 0x00007ffaee573000 	C:\WINDOWS\SYSTEM32\WINMM.dll
0x00007ffaeb6d0000 - 0x00007ffaeb6da000 	C:\WINDOWS\SYSTEM32\VERSION.dll
0x00007ffaee480000 - 0x00007ffaee4ab000 	C:\WINDOWS\SYSTEM32\WINMMBASE.dll
0x00007ffaf0b00000 - 0x00007ffaf0b42000 	C:\WINDOWS\System32\cfgmgr32.dll
0x00007ffaecb20000 - 0x00007ffaecb2f000 	D:\android-studio-ide-145.3070098-windows\android-studio\jre\jre\bin\verify.dll
0x00007ffae48d0000 - 0x00007ffae48f9000 	D:\android-studio-ide-145.3070098-windows\android-studio\jre\jre\bin\java.dll
0x00007ffaea0e0000 - 0x00007ffaea0f6000 	D:\android-studio-ide-145.3070098-windows\android-studio\jre\jre\bin\zip.dll
0x00007ffaf1280000 - 0x00007ffaf2788000 	C:\WINDOWS\System32\SHELL32.dll
0x00007ffaf0420000 - 0x00007ffaf0afa000 	C:\WINDOWS\System32\windows.storage.dll
0x00007ffaf00b0000 - 0x00007ffaf00fc000 	C:\WINDOWS\System32\powrprof.dll
0x00007ffaf3760000 - 0x00007ffaf37b2000 	C:\WINDOWS\System32\shlwapi.dll
0x00007ffaf0100000 - 0x00007ffaf010f000 	C:\WINDOWS\System32\kernel.appcore.dll
0x00007ffaf01a0000 - 0x00007ffaf0249000 	C:\WINDOWS\System32\shcore.dll
0x00007ffaf0080000 - 0x00007ffaf0094000 	C:\WINDOWS\System32\profapi.dll

VM Arguments:
jvm_args: -Djava.awt.headless=true -Xmx1024M -Dfile.encoding=windows-1252 -Duser.country=US -Duser.language=en -Duser.variant 
java_command: com.android.dx.command.Main --dex --num-threads=4 --output D:\Timeraaa3\Timeraaa2\Timeraaa\Timeraaaa\app\build\intermediates\pre-dexed\release\constraint-layout-solver-1.0.0-alpha1_6268080858b270433672fd82764e7ed59820939d.jar C:\Users\somai\AppData\Local\Android\Sdk\extras\android\m2repository\com\android\support\constraint\constraint-layout-solver\1.0.0-alpha1\constraint-layout-solver-1.0.0-alpha1.jar
java_class_path (initial): C:\Users\somai\AppData\Local\Android\Sdk\build-tools\24.0.1\lib\dx.jar
Launcher Type: SUN_STANDARD

Environment Variables:
PATH=C:\ProgramData\Oracle\Java\javapath;C:\WINDOWS\system32;C:\WINDOWS;C:\WINDOWS\System32\Wbem;C:\WINDOWS\System32\WindowsPowerShell\v1.0\;C:\Program Files (x86)\Common Files\lenovo\easyplussdk\bin;C:\Program Files (x86)\ATI Technologies\ATI.ACE\Core-Static;C:\Program Files\Git\cmd;C:\Program Files\AMI\DuOS\;C:\Users\somai\AppData\Local\Microsoft\WindowsApps;
USERNAME=somai
OS=Windows_NT
PROCESSOR_IDENTIFIER=AMD64 Family 21 Model 48 Stepping 1, AuthenticAMD



---------------  S Y S T E M  ---------------

OS: Windows 10.0 , 64 bit Build 14393 (10.0.14393.0)

CPU:total 4 (4 cores per cpu, 1 threads per core) family 21 model 48 stepping 1, cmov, cx8, fxsr, mmx, sse, sse2, sse3, ssse3, sse4.1, sse4.2, popcnt, avx, aes, clmul, mmxext, 3dnowpref, lzcnt, sse4a, tsc, tscinvbit, tscinv, bmi1

Memory: 4k page, physical 11480692k(2249116k free), swap 11480692k(8332k free)

vm_info: OpenJDK 64-Bit Server VM (25.76-b03) for windows-amd64 JRE (1.8.0_76-release-b03), built on Jun 29 2016 19:09:20 by "ralucas" with MS VC++ 10.0 (VS2010)

time: Mon Aug 22 20:51:19 2016
elapsed time: 2 seconds (0d 0h 0m 2s)

