#
# There is insufficient memory for the Java Runtime Environment to continue.
# Native memory allocation (malloc) failed to allocate 338336 bytes for Chunk::new
# Possible reasons:
#   The system is out of physical RAM or swap space
#   In 32 bit mode, the process size limit was hit
# Possible solutions:
#   Reduce memory load on the system
#   Increase physical memory or swap space
#   Check if swap backing store is full
#   Use 64 bit Java on a 64 bit OS
#   Decrease Java heap size (-Xmx/-Xms)
#   Decrease number of Java threads
#   Decrease Java thread stack sizes (-Xss)
#   Set larger code cache with -XX:ReservedCodeCacheSize=
# This output file may be truncated or incomplete.
#
#  Out of Memory Error (allocation.cpp:390), pid=6116, tid=0x00000000000055e0
#
# JRE version: OpenJDK Runtime Environment (8.0_76-b03) (build 1.8.0_76-release-b03)
# Java VM: OpenJDK 64-Bit Server VM (25.76-b03 mixed mode windows-amd64 compressed oops)
# Failed to write core dump. Minidumps are not enabled by default on client versions of Windows
#

---------------  T H R E A D  ---------------

Current thread (0x000000001557e000):  JavaThread "C2 CompilerThread1" daemon [_thread_in_native, id=21984, stack(0x0000000016cc0000,0x0000000016dc0000)]

Stack: [0x0000000016cc0000,0x0000000016dc0000]
[error occurred during error reporting (printing stack bounds), id 0xc0000005]

Native frames: (J=compiled Java code, j=interpreted, Vv=VM code, C=native code)


Current CompileTask:
C2:  12042 1949 %     4       com.android.dx.ssa.back.IdenticalBlockCombiner::process @ 25 (323 bytes)


---------------  P R O C E S S  ---------------

Java Threads: ( => current thread )
  0x0000000017a19000 JavaThread "pool-1-thread-4" [_thread_blocked, id=30196, stack(0x00000000180c0000,0x00000000181c0000)]
  0x0000000017a18000 JavaThread "pool-1-thread-3" [_thread_blocked, id=30412, stack(0x0000000017fc0000,0x00000000180c0000)]
  0x00000000171b2800 JavaThread "pool-1-thread-2" [_thread_blocked, id=22100, stack(0x0000000017ec0000,0x0000000017fc0000)]
  0x00000000178b4800 JavaThread "pool-2-thread-1" [_thread_blocked, id=27656, stack(0x0000000017dc0000,0x0000000017ec0000)]
  0x00000000171dd800 JavaThread "pool-1-thread-1" [_thread_blocked, id=32364, stack(0x0000000017cc0000,0x0000000017dc0000)]
  0x00000000155da800 JavaThread "Service Thread" daemon [_thread_blocked, id=32464, stack(0x00000000172c0000,0x00000000173c0000)]
  0x00000000155d6800 JavaThread "C1 CompilerThread2" daemon [_thread_in_native, id=29664, stack(0x0000000016dc0000,0x0000000016ec0000)]
=>0x000000001557e000 JavaThread "C2 CompilerThread1" daemon [_thread_in_native, id=21984, stack(0x0000000016cc0000,0x0000000016dc0000)]
  0x000000001557a800 JavaThread "C2 CompilerThread0" daemon [_thread_in_native, id=24412, stack(0x0000000016bc0000,0x0000000016cc0000)]
  0x0000000015579000 JavaThread "Attach Listener" daemon [_thread_blocked, id=30388, stack(0x0000000016ac0000,0x0000000016bc0000)]
  0x0000000015577800 JavaThread "Signal Dispatcher" daemon [_thread_blocked, id=32248, stack(0x00000000169c0000,0x0000000016ac0000)]
  0x0000000015568000 JavaThread "Finalizer" daemon [_thread_blocked, id=31936, stack(0x00000000167d0000,0x00000000168d0000)]
  0x0000000015547000 JavaThread "Reference Handler" daemon [_thread_blocked, id=31780, stack(0x00000000166d0000,0x00000000167d0000)]
  0x0000000002db0800 JavaThread "main" [_thread_in_vm, id=31796, stack(0x0000000002cb0000,0x0000000002db0000)]

Other Threads:
  0x0000000015544800 VMThread [stack: 0x00000000165d0000,0x00000000166d0000] [id=31576]
  0x00000000155dd000 WatcherThread [stack: 0x00000000173c0000,0x00000000174c0000] [id=28064]

VM state:not at safepoint (normal execution)

VM Mutex/Monitor currently owned by a thread: None

Heap:
 PSYoungGen      total 98304K, used 15051K [0x00000000eab00000, 0x00000000f1200000, 0x0000000100000000)
  eden space 91136K, 8% used [0x00000000eab00000,0x00000000eb2b5ed8,0x00000000f0400000)
  from space 7168K, 99% used [0x00000000f0400000,0x00000000f0afced8,0x00000000f0b00000)
  to   space 7168K, 0% used [0x00000000f0b00000,0x00000000f0b00000,0x00000000f1200000)
 ParOldGen       total 120320K, used 18938K [0x00000000c0000000, 0x00000000c7580000, 0x00000000eab00000)
  object space 120320K, 15% used [0x00000000c0000000,0x00000000c127e9f0,0x00000000c7580000)
 Metaspace       used 6311K, capacity 7152K, committed 7296K, reserved 1056768K
  class space    used 572K, capacity 616K, committed 640K, reserved 1048576K

Card table byte_map: [0x0000000012270000,0x0000000012480000] byte_map_base: 0x0000000011c70000

Marking Bits: (ParMarkBitMap*) 0x000000006f299d00
 Begin Bits: [0x00000000129e0000, 0x00000000139e0000)
 End Bits:   [0x00000000139e0000, 0x00000000149e0000)

Polling page: 0x0000000001150000

CodeCache: size=245760Kb used=9065Kb max_used=9065Kb free=236694Kb
 bounds [0x0000000002eb0000, 0x00000000037a0000, 0x0000000011eb0000]
 total_blobs=2193 nmethods=1925 adapters=182
 compilation: enabled

Compilation events (10 events):
Event: 12.028 Thread 0x00000000155d6800 nmethod 1960 0x000000000377f3d0 code [0x000000000377f580, 0x000000000377fca8]
Event: 12.028 Thread 0x00000000155d6800 1961   !   3       com.android.dx.command.dexer.Main::processFileBytes (265 bytes)
Event: 12.030 Thread 0x00000000155d6800 nmethod 1961 0x000000000377fed0 code [0x00000000037802c0, 0x0000000003782898]
Event: 12.030 Thread 0x00000000155d6800 1965       3       com.android.dx.dex.cf.AttributeTranslator::translateInnerClasses (356 bytes)
Event: 12.034 Thread 0x00000000155d6800 nmethod 1965 0x0000000003783f90 code [0x00000000037845a0, 0x00000000037889d8]
Event: 12.034 Thread 0x00000000155d6800 1963       3       com.android.dx.dex.file.ClassDataItem::<init> (96 bytes)
Event: 12.035 Thread 0x00000000155d6800 nmethod 1963 0x000000000378b650 code [0x000000000378b860, 0x000000000378bf08]
Event: 12.035 Thread 0x00000000155d6800 1964       3       com.android.dx.dex.cf.AttributeTranslator::translateEnclosingMethod (50 bytes)
Event: 12.036 Thread 0x00000000155d6800 nmethod 1964 0x000000000378c190 code [0x000000000378c3e0, 0x000000000378d248]
Event: 12.038 Thread 0x00000000155d6800 1969       2       com.android.dx.command.dexer.Main::checkClassName (124 bytes)

GC Heap History (6 events):
Event: 7.116 GC heap before
{Heap before GC invocations=1 (full 0):
 PSYoungGen      total 52736K, used 45568K [0x00000000eab00000, 0x00000000ee580000, 0x0000000100000000)
  eden space 45568K, 100% used [0x00000000eab00000,0x00000000ed780000,0x00000000ed780000)
  from space 7168K, 0% used [0x00000000ede80000,0x00000000ede80000,0x00000000ee580000)
  to   space 7168K, 0% used [0x00000000ed780000,0x00000000ed780000,0x00000000ede80000)
 ParOldGen       total 120320K, used 0K [0x00000000c0000000, 0x00000000c7580000, 0x00000000eab00000)
  object space 120320K, 0% used [0x00000000c0000000,0x00000000c0000000,0x00000000c7580000)
 Metaspace       used 5991K, capacity 6960K, committed 7040K, reserved 1056768K
  class space    used 571K, capacity 616K, committed 640K, reserved 1048576K
Event: 7.225 GC heap after
Heap after GC invocations=1 (full 0):
 PSYoungGen      total 52736K, used 6503K [0x00000000eab00000, 0x00000000f1200000, 0x0000000100000000)
  eden space 45568K, 0% used [0x00000000eab00000,0x00000000eab00000,0x00000000ed780000)
  from space 7168K, 90% used [0x00000000ed780000,0x00000000eddd9d18,0x00000000ede80000)
  to   space 7168K, 0% used [0x00000000f0b00000,0x00000000f0b00000,0x00000000f1200000)
 ParOldGen       total 120320K, used 16K [0x00000000c0000000, 0x00000000c7580000, 0x00000000eab00000)
  object space 120320K, 0% used [0x00000000c0000000,0x00000000c0004000,0x00000000c7580000)
 Metaspace       used 5991K, capacity 6960K, committed 7040K, reserved 1056768K
  class space    used 571K, capacity 616K, committed 640K, reserved 1048576K
}
Event: 9.014 GC heap before
{Heap before GC invocations=2 (full 0):
 PSYoungGen      total 52736K, used 52071K [0x00000000eab00000, 0x00000000f1200000, 0x0000000100000000)
  eden space 45568K, 100% used [0x00000000eab00000,0x00000000ed780000,0x00000000ed780000)
  from space 7168K, 90% used [0x00000000ed780000,0x00000000eddd9d18,0x00000000ede80000)
  to   space 7168K, 0% used [0x00000000f0b00000,0x00000000f0b00000,0x00000000f1200000)
 ParOldGen       total 120320K, used 16K [0x00000000c0000000, 0x00000000c7580000, 0x00000000eab00000)
  object space 120320K, 0% used [0x00000000c0000000,0x00000000c0004000,0x00000000c7580000)
 Metaspace       used 6172K, capacity 7088K, committed 7296K, reserved 1056768K
  class space    used 571K, capacity 616K, committed 640K, reserved 1048576K
Event: 9.141 GC heap after
Heap after GC invocations=2 (full 0):
 PSYoungGen      total 98304K, used 7146K [0x00000000eab00000, 0x00000000f1200000, 0x0000000100000000)
  eden space 91136K, 0% used [0x00000000eab00000,0x00000000eab00000,0x00000000f0400000)
  from space 7168K, 99% used [0x00000000f0b00000,0x00000000f11faab8,0x00000000f1200000)
  to   space 7168K, 0% used [0x00000000f0400000,0x00000000f0400000,0x00000000f0b00000)
 ParOldGen       total 120320K, used 4755K [0x00000000c0000000, 0x00000000c7580000, 0x00000000eab00000)
  object space 120320K, 3% used [0x00000000c0000000,0x00000000c04a4d20,0x00000000c7580000)
 Metaspace       used 6172K, capacity 7088K, committed 7296K, reserved 1056768K
  class space    used 571K, capacity 616K, committed 640K, reserved 1048576K
}
Event: 11.314 GC heap before
{Heap before GC invocations=3 (full 0):
 PSYoungGen      total 98304K, used 98282K [0x00000000eab00000, 0x00000000f1200000, 0x0000000100000000)
  eden space 91136K, 100% used [0x00000000eab00000,0x00000000f0400000,0x00000000f0400000)
  from space 7168K, 99% used [0x00000000f0b00000,0x00000000f11faab8,0x00000000f1200000)
  to   space 7168K, 0% used [0x00000000f0400000,0x00000000f0400000,0x00000000f0b00000)
 ParOldGen       total 120320K, used 4755K [0x00000000c0000000, 0x00000000c7580000, 0x00000000eab00000)
  object space 120320K, 3% used [0x00000000c0000000,0x00000000c04a4d20,0x00000000c7580000)
 Metaspace       used 6305K, capacity 7152K, committed 7296K, reserved 1056768K
  class space    used 572K, capacity 616K, committed 640K, reserved 1048576K
Event: 11.740 GC heap after
Heap after GC invocations=3 (full 0):
 PSYoungGen      total 98304K, used 7155K [0x00000000eab00000, 0x00000000f1200000, 0x0000000100000000)
  eden space 91136K, 0% used [0x00000000eab00000,0x00000000eab00000,0x00000000f0400000)
  from space 7168K, 99% used [0x00000000f0400000,0x00000000f0afced8,0x00000000f0b00000)
  to   space 7168K, 0% used [0x00000000f0b00000,0x00000000f0b00000,0x00000000f1200000)
 ParOldGen       total 120320K, used 18938K [0x00000000c0000000, 0x00000000c7580000, 0x00000000eab00000)
  object space 120320K, 15% used [0x00000000c0000000,0x00000000c127e9f0,0x00000000c7580000)
 Metaspace       used 6305K, capacity 7152K, committed 7296K, reserved 1056768K
  class space    used 572K, capacity 616K, committed 640K, reserved 1048576K
}

Deoptimization events (10 events):
Event: 10.384 Thread 0x00000000171b2800 Uncommon trap: reason=unstable_if action=reinterpret pc=0x00000000034c28d0 method=com.android.dx.ssa.SCCP.simulateBranch(Lcom/android/dx/ssa/SsaInsn;)V @ 548
Event: 10.547 Thread 0x0000000017a18000 Uncommon trap: reason=bimorphic action=maybe_recompile pc=0x000000000347c1b8 method=com.android.dx.ssa.LiteralOpUpgrader.tryReplacingWithConstant(Lcom/android/dx/ssa/NormalSsaInsn;)Z @ 62
Event: 10.598 Thread 0x0000000002db0800 Uncommon trap: reason=unstable_if action=reinterpret pc=0x00000000035fcd44 method=com.android.dx.util.BitIntSet.has(I)Z @ 8
Event: 10.598 Thread 0x0000000002db0800 Uncommon trap: reason=unstable_if action=reinterpret pc=0x0000000003640f88 method=com.android.dx.util.BitIntSet.has(I)Z @ 8
Event: 10.914 Thread 0x00000000171b2800 Uncommon trap: reason=unstable_if action=reinterpret pc=0x000000000342545c method=com.android.dx.ssa.SCCP.simulateStmt(Lcom/android/dx/ssa/SsaInsn;)V @ 53
Event: 10.923 Thread 0x0000000017a18000 Uncommon trap: reason=uninitialized action=reinterpret pc=0x00000000036e9860 method=com.android.dx.cf.code.BytecodeArray.parseInstruction(ILcom/android/dx/cf/code/BytecodeArray$Visitor;)I @ 1031
Event: 10.933 Thread 0x0000000017a18000 Uncommon trap: reason=class_check action=maybe_recompile pc=0x0000000003610954 method=com.android.dx.rop.cst.CstLiteral32.equals(Ljava/lang/Object;)Z @ 20
Event: 10.934 Thread 0x0000000017a18000 Uncommon trap: reason=class_check action=maybe_recompile pc=0x0000000003610954 method=com.android.dx.rop.cst.CstLiteral32.equals(Ljava/lang/Object;)Z @ 20
Event: 10.934 Thread 0x0000000017a18000 Uncommon trap: reason=class_check action=maybe_recompile pc=0x0000000003610954 method=com.android.dx.rop.cst.CstLiteral32.equals(Ljava/lang/Object;)Z @ 20
Event: 10.934 Thread 0x0000000017a18000 Uncommon trap: reason=class_check action=maybe_recompile pc=0x0000000003610954 method=com.android.dx.rop.cst.CstLiteral32.equals(Ljava/lang/Object;)Z @ 20

Internal exceptions (3 events):
Event: 1.758 Thread 0x0000000002db0800 Exception <a 'java/lang/NoSuchMethodError': Method sun.misc.Unsafe.defineClass(Ljava/lang/String;[BII)Ljava/lang/Class; name or signature does not match> (0x00000000eab07cc0) thrown at [C:\src\android\AOSP-openjdk\external\jetbrains\jdk\hotspot\src\share\vh&ö1Z#ü?
Event: 1.759 Thread 0x0000000002db0800 Exception <a 'java/lang/NoSuchMethodError': Method sun.misc.Unsafe.prefetchRead(Ljava/lang/Object;J)V name or signature does not match> (0x00000000eab07fa8) thrown at [C:\src\android\AOSP-openjdk\external\jetbrains\jdk\hotspot\src\share\vm\prims\jni.cpp, lã{mÅY!@
Event: 8.675 Thread 0x0000000017a19000 Implicit null exception at 0x00000000031fad22 to 0x00000000031fae12

Events (10 events):
Event: 10.934 Thread 0x0000000017a18000 DEOPT PACKING pc=0x0000000003610954 sp=0x00000000180be8b0
Event: 10.934 Thread 0x0000000017a18000 DEOPT UNPACKING pc=0x0000000002ef556a sp=0x00000000180be840 mode 2
Event: 10.934 Thread 0x0000000017a18000 Uncommon trap: trap_request=0xffffffde fr.pc=0x0000000003610954
Event: 10.934 Thread 0x0000000017a18000 DEOPT PACKING pc=0x0000000003610954 sp=0x00000000180bea40
Event: 10.934 Thread 0x0000000017a18000 DEOPT UNPACKING pc=0x0000000002ef556a sp=0x00000000180be9d0 mode 2
Event: 10.934 Thread 0x0000000017a18000 Uncommon trap: trap_request=0xffffffde fr.pc=0x0000000003610954
Event: 10.934 Thread 0x0000000017a18000 DEOPT PACKING pc=0x0000000003610954 sp=0x00000000180bea40
Event: 10.934 Thread 0x0000000017a18000 DEOPT UNPACKING pc=0x0000000002ef556a sp=0x00000000180be9d0 mode 2
Event: 11.314 Executing VM operation: ParallelGCFailedAllocation
Event: 11.740 Executing VM operation: ParallelGCFailedAllocation done


Dynamic libraries:
0x00007ff792200000 - 0x00007ff792231000 	D:\android-studio\jre\bin\java.exe
0x00007ffadf1f0000 - 0x00007ffadf3c1000 	C:\WINDOWS\SYSTEM32\ntdll.dll
0x00007ffadc900000 - 0x00007ffadc9ab000 	C:\WINDOWS\System32\KERNEL32.DLL
0x00007ffadbcf0000 - 0x00007ffadbf0d000 	C:\WINDOWS\System32\KERNELBASE.dll
0x00007ffadec60000 - 0x00007ffaded02000 	C:\WINDOWS\System32\ADVAPI32.dll
0x00007ffade8d0000 - 0x00007ffade96e000 	C:\WINDOWS\System32\msvcrt.dll
0x00007ffade990000 - 0x00007ffade9e9000 	C:\WINDOWS\System32\sechost.dll
0x00007ffadf050000 - 0x00007ffadf171000 	C:\WINDOWS\System32\RPCRT4.dll
0x00007ffadeaf0000 - 0x00007ffadec55000 	C:\WINDOWS\System32\USER32.dll
0x00007ffadbcd0000 - 0x00007ffadbcee000 	C:\WINDOWS\System32\win32u.dll
0x00007ffadc780000 - 0x00007ffadc7b4000 	C:\WINDOWS\System32\GDI32.dll
0x00007ffadbf10000 - 0x00007ffadc092000 	C:\WINDOWS\System32\gdi32full.dll
0x00007ffac9fe0000 - 0x00007ffaca259000 	C:\WINDOWS\WinSxS\amd64_microsoft.windows.common-controls_6595b64144ccf1df_6.0.14393.0_none_2d0f50fcbdb171b8\COMCTL32.dll
0x00007ffaded10000 - 0x00007ffadefd7000 	C:\WINDOWS\System32\combase.dll
0x00007ffadba20000 - 0x00007ffadbb15000 	C:\WINDOWS\System32\ucrtbase.dll
0x00007ffadb780000 - 0x00007ffadb7ea000 	C:\WINDOWS\System32\bcryptPrimitives.dll
0x00007ffadea60000 - 0x00007ffadea8e000 	C:\WINDOWS\System32\IMM32.DLL
0x000000006ea00000 - 0x000000006ead2000 	D:\android-studio\jre\jre\bin\msvcr100.dll
0x000000006eae0000 - 0x000000006f314000 	D:\android-studio\jre\jre\bin\server\jvm.dll
0x00007ffadcb50000 - 0x00007ffadcb58000 	C:\WINDOWS\System32\PSAPI.DLL
0x00007ffac2b70000 - 0x00007ffac2b79000 	C:\WINDOWS\SYSTEM32\WSOCK32.dll
0x00007ffadf180000 - 0x00007ffadf1ea000 	C:\WINDOWS\System32\WS2_32.dll
0x00007ffad99c0000 - 0x00007ffad99e3000 	C:\WINDOWS\SYSTEM32\WINMM.dll
0x00007ffad58f0000 - 0x00007ffad58fa000 	C:\WINDOWS\SYSTEM32\VERSION.dll
0x00007ffad9810000 - 0x00007ffad983b000 	C:\WINDOWS\SYSTEM32\WINMMBASE.dll
0x00007ffadbc80000 - 0x00007ffadbcc2000 	C:\WINDOWS\System32\cfgmgr32.dll
0x00007ffad4e20000 - 0x00007ffad4e2f000 	D:\android-studio\jre\jre\bin\verify.dll
0x00007ffad3e40000 - 0x00007ffad3e69000 	D:\android-studio\jre\jre\bin\java.dll
0x00007ffad2200000 - 0x00007ffad2216000 	D:\android-studio\jre\jre\bin\zip.dll
0x00007ffadcb60000 - 0x00007ffade068000 	C:\WINDOWS\System32\SHELL32.dll
0x00007ffadc0a0000 - 0x00007ffadc77a000 	C:\WINDOWS\System32\windows.storage.dll
0x00007ffadb700000 - 0x00007ffadb74c000 	C:\WINDOWS\System32\powrprof.dll
0x00007ffadefe0000 - 0x00007ffadf032000 	C:\WINDOWS\System32\shlwapi.dll
0x00007ffadb750000 - 0x00007ffadb75f000 	C:\WINDOWS\System32\kernel.appcore.dll
0x00007ffadbb20000 - 0x00007ffadbbc9000 	C:\WINDOWS\System32\shcore.dll
0x00007ffadb760000 - 0x00007ffadb774000 	C:\WINDOWS\System32\profapi.dll

VM Arguments:
jvm_args: -Djava.awt.headless=true -Xmx1024M -Dfile.encoding=windows-1252 -Duser.country=US -Duser.language=en -Duser.variant 
java_command: com.android.dx.command.Main --dex --num-threads=4 --output D:\Timeraaa3\Timeraaa2\Timeraaa\Timeraaaa\app\build\intermediates\pre-dexed\release\com.google.android.gms-play-services-basement-8.1.0_073545b89300530eb99626beb808143f2b758f55.jar D:\Timeraaa3\Timeraaa2\Timeraaa\Timeraaaa\app\build\intermediates\exploded-aar\com.google.android.gms\play-services-basement\8.1.0\jars\classes.jar
java_class_path (initial): C:\Users\somai\AppData\Local\Android\Sdk\build-tools\24.0.1\lib\dx.jar
Launcher Type: SUN_STANDARD

Environment Variables:
PATH=C:\ProgramData\Oracle\Java\javapath;C:\WINDOWS\system32;C:\WINDOWS;C:\WINDOWS\System32\Wbem;C:\WINDOWS\System32\WindowsPowerShell\v1.0\;C:\Program Files (x86)\Common Files\lenovo\easyplussdk\bin;C:\Program Files (x86)\ATI Technologies\ATI.ACE\Core-Static;C:\Program Files\Git\cmd;C:\Program Files\AMI\DuOS\;C:\Users\somai\AppData\Local\Microsoft\WindowsApps;
USERNAME=somai
OS=Windows_NT
PROCESSOR_IDENTIFIER=AMD64 Family 21 Model 48 Stepping 1, AuthenticAMD



---------------  S Y S T E M  ---------------

OS: Windows 10.0 , 64 bit Build 14393 (10.0.14393.0)

CPU:total 4 (4 cores per cpu, 1 threads per core) family 21 model 48 stepping 1, cmov, cx8, fxsr, mmx, sse, sse2, sse3, ssse3, sse4.1, sse4.2, popcnt, avx, aes, clmul, mmxext, 3dnowpref, lzcnt, sse4a, tsc, tscinvbit, tscinv, bmi1

Memory: 4k page, physical 11480692k(1585436k free), swap 11480692k(5232k free)

vm_info: OpenJDK 64-Bit Server VM (25.76-b03) for windows-amd64 JRE (1.8.0_76-release-b03), built on Jun 29 2016 19:09:20 by "ralucas" with MS VC++ 10.0 (VS2010)

time: Mon Aug 15 19:26:51 2016
elapsed time: 12 seconds (0d 0h 0m 12s)

