#
# There is insufficient memory for the Java Runtime Environment to continue.
# Native memory allocation (malloc) failed to allocate 32744 bytes for ChunkPool::allocate
# Possible reasons:
#   The system is out of physical RAM or swap space
#   In 32 bit mode, the process size limit was hit
# Possible solutions:
#   Reduce memory load on the system
#   Increase physical memory or swap space
#   Check if swap backing store is full
#   Use 64 bit Java on a 64 bit OS
#   Decrease Java heap size (-Xmx/-Xms)
#   Decrease number of Java threads
#   Decrease Java thread stack sizes (-Xss)
#   Set larger code cache with -XX:ReservedCodeCacheSize=
# This output file may be truncated or incomplete.
#
#  Out of Memory Error (allocation.cpp:273), pid=135840, tid=0x00000000000212c8
#
# JRE version: OpenJDK Runtime Environment (8.0_76-b03) (build 1.8.0_76-release-b03)
# Java VM: OpenJDK 64-Bit Server VM (25.76-b03 mixed mode windows-amd64 compressed oops)
# Failed to write core dump. Minidumps are not enabled by default on client versions of Windows
#

---------------  T H R E A D  ---------------

Current thread (0x0000000016af8800):  JavaThread "C1 CompilerThread2" daemon [_thread_in_native, id=135880, stack(0x0000000016ef0000,0x0000000016ff0000)]

Stack: [0x0000000016ef0000,0x0000000016ff0000]
[error occurred during error reporting (printing stack bounds), id 0xc0000005]

Native frames: (J=compiled Java code, j=interpreted, Vv=VM code, C=native code)


Current CompileTask:
C1:    368   82       3       sun.nio.cs.UTF_8$Decoder::decode (779 bytes)


---------------  P R O C E S S  ---------------

Java Threads: ( => current thread )
  0x00000000152fd000 JavaThread "Service Thread" daemon [_thread_blocked, id=135172, stack(0x0000000016ff0000,0x00000000170f0000)]
=>0x0000000016af8800 JavaThread "C1 CompilerThread2" daemon [_thread_in_native, id=135880, stack(0x0000000016ef0000,0x0000000016ff0000)]
  0x000000001529e000 JavaThread "C2 CompilerThread1" daemon [_thread_blocked, id=135940, stack(0x00000000169f0000,0x0000000016af0000)]
  0x000000001529b000 JavaThread "C2 CompilerThread0" daemon [_thread_blocked, id=135904, stack(0x00000000168f0000,0x00000000169f0000)]
  0x0000000015299000 JavaThread "Attach Listener" daemon [_thread_blocked, id=134864, stack(0x00000000167f0000,0x00000000168f0000)]
  0x0000000015297800 JavaThread "Signal Dispatcher" daemon [_thread_blocked, id=135836, stack(0x00000000166f0000,0x00000000167f0000)]
  0x0000000015288800 JavaThread "Finalizer" daemon [_thread_blocked, id=135320, stack(0x0000000016500000,0x0000000016600000)]
  0x0000000002bbf000 JavaThread "Reference Handler" daemon [_thread_blocked, id=135280, stack(0x0000000016400000,0x0000000016500000)]
  0x0000000002ad0800 JavaThread "main" [_thread_in_vm, id=136108, stack(0x00000000029d0000,0x0000000002ad0000)]

Other Threads:
  0x0000000015265000 VMThread [stack: 0x0000000016300000,0x0000000016400000] [id=135196]
  0x0000000016af9800 WatcherThread [stack: 0x00000000170f0000,0x00000000171f0000] [id=135208]

VM state:not at safepoint (normal execution)

VM Mutex/Monitor currently owned by a thread:  ([mutex/lock_event])
[0x0000000000bdb8a0] AdapterHandlerLibrary_lock - owner thread: 0x0000000002ad0800

Heap:
 PSYoungGen      total 52736K, used 2734K [0x00000000eab00000, 0x00000000ee580000, 0x0000000100000000)
  eden space 45568K, 6% used [0x00000000eab00000,0x00000000eadab8d0,0x00000000ed780000)
  from space 7168K, 0% used [0x00000000ede80000,0x00000000ede80000,0x00000000ee580000)
  to   space 7168K, 0% used [0x00000000ed780000,0x00000000ed780000,0x00000000ede80000)
 ParOldGen       total 120320K, used 0K [0x00000000c0000000, 0x00000000c7580000, 0x00000000eab00000)
  object space 120320K, 0% used [0x00000000c0000000,0x00000000c0000000,0x00000000c7580000)
 Metaspace       used 3188K, capacity 4720K, committed 4864K, reserved 1056768K
  class space    used 341K, capacity 424K, committed 512K, reserved 1048576K

Card table byte_map: [0x0000000011f90000,0x00000000121a0000] byte_map_base: 0x0000000011990000

Marking Bits: (ParMarkBitMap*) 0x0000000070de9d00
 Begin Bits: [0x0000000012700000, 0x0000000013700000)
 End Bits:   [0x0000000013700000, 0x0000000014700000)

Polling page: 0x0000000001130000

CodeCache: size=245760Kb used=1204Kb max_used=1211Kb free=244555Kb
 bounds [0x0000000002bd0000, 0x0000000002e40000, 0x0000000011bd0000]
 total_blobs=319 nmethods=81 adapters=153
 compilation: enabled

Compilation events (10 events):
Event: 0.355 Thread 0x000000001529e000 nmethod 76 0x0000000002cfea90 code [0x0000000002cfebe0, 0x0000000002cfec98]
Event: 0.361 Thread 0x0000000016af8800   77       3       java.util.zip.ZipFile::access$400 (5 bytes)
Event: 0.361 Thread 0x0000000016af8800 nmethod 77 0x0000000002cfe750 code [0x0000000002cfe8a0, 0x0000000002cfe9d0]
Event: 0.363 Thread 0x0000000016af8800   79       1       java.util.zip.ZipFile::access$300 (5 bytes)
Event: 0.363 Thread 0x0000000016af8800 nmethod 79 0x0000000002cfe0d0 code [0x0000000002cfe220, 0x0000000002cfe310]
Event: 0.363 Thread 0x0000000016af8800   80       3       java.util.zip.ZipFile::ensureOpen (37 bytes)
Event: 0.363 Thread 0x0000000016af8800 nmethod 80 0x0000000002cfdb50 code [0x0000000002cfdce0, 0x0000000002cfdfb8]
Event: 0.363 Thread 0x0000000016af8800   81       1       java.util.zip.ZipCoder::isUTF8 (5 bytes)
Event: 0.363 Thread 0x0000000016af8800 nmethod 81 0x0000000002cfd890 code [0x0000000002cfd9e0, 0x0000000002cfdaf0]
Event: 0.363 Thread 0x0000000016af8800   82       3       sun.nio.cs.UTF_8$Decoder::decode (779 bytes)

GC Heap History (0 events):
No events

Deoptimization events (0 events):
No events

Internal exceptions (2 events):
Event: 0.089 Thread 0x0000000002ad0800 Exception <a 'java/lang/NoSuchMethodError': Method sun.misc.Unsafe.defineClass(Ljava/lang/String;[BII)Ljava/lang/Class; name or signature does not match> (0x00000000eab07cc0) thrown at [C:\src\android\AOSP-openjdk\external\jetbrains\jdk\hotspot\src\share\vÙ»Q ð¶?
Event: 0.090 Thread 0x0000000002ad0800 Exception <a 'java/lang/NoSuchMethodError': Method sun.misc.Unsafe.prefetchRead(Ljava/lang/Object;J)V name or signature does not match> (0x00000000eab07fa8) thrown at [C:\src\android\AOSP-openjdk\external\jetbrains\jdk\hotspot\src\share\vm\prims\jni.cpp, l

Events (10 events):
Event: 0.349 loading class java/util/concurrent/LinkedBlockingQueue$Node
Event: 0.349 loading class java/util/concurrent/LinkedBlockingQueue$Node done
Event: 0.349 loading class com/android/dx/cf/direct/ClassPathOpener
Event: 0.349 loading class com/android/dx/cf/direct/ClassPathOpener done
Event: 0.352 loading class com/android/dx/cf/direct/ClassPathOpener$1
Event: 0.352 loading class com/android/dx/cf/direct/ClassPathOpener$1 done
Event: 0.353 loading class com/android/dx/command/dexer/Main$FileBytesConsumer
Event: 0.353 loading class com/android/dx/command/dexer/Main$FileBytesConsumer done
Event: 0.355 loading class java/util/zip/ZipFile$ZipEntryIterator
Event: 0.355 loading class java/util/zip/ZipFile$ZipEntryIterator done


Dynamic libraries:
0x00007ff7f37e0000 - 0x00007ff7f3811000 	D:\android-studio\jre\bin\java.exe
0x00007ffaf3b80000 - 0x00007ffaf3d51000 	C:\WINDOWS\SYSTEM32\ntdll.dll
0x00007ffaf2f70000 - 0x00007ffaf301b000 	C:\WINDOWS\System32\KERNEL32.DLL
0x00007ffaf0e40000 - 0x00007ffaf105d000 	C:\WINDOWS\System32\KERNELBASE.dll
0x00007ffaf2e50000 - 0x00007ffaf2ef2000 	C:\WINDOWS\System32\ADVAPI32.dll
0x00007ffaf2a30000 - 0x00007ffaf2ace000 	C:\WINDOWS\System32\msvcrt.dll
0x00007ffaf1220000 - 0x00007ffaf1279000 	C:\WINDOWS\System32\sechost.dll
0x00007ffaf3a50000 - 0x00007ffaf3b71000 	C:\WINDOWS\System32\RPCRT4.dll
0x00007ffaf38c0000 - 0x00007ffaf3a25000 	C:\WINDOWS\System32\USER32.dll
0x00007ffaf0180000 - 0x00007ffaf019e000 	C:\WINDOWS\System32\win32u.dll
0x00007ffaf3880000 - 0x00007ffaf38b4000 	C:\WINDOWS\System32\GDI32.dll
0x00007ffaf0b50000 - 0x00007ffaf0cd2000 	C:\WINDOWS\System32\gdi32full.dll
0x00007ffadeb00000 - 0x00007ffaded79000 	C:\WINDOWS\WinSxS\amd64_microsoft.windows.common-controls_6595b64144ccf1df_6.0.14393.0_none_2d0f50fcbdb171b8\COMCTL32.dll
0x00007ffaf2b80000 - 0x00007ffaf2e47000 	C:\WINDOWS\System32\combase.dll
0x00007ffaf0ce0000 - 0x00007ffaf0dd5000 	C:\WINDOWS\System32\ucrtbase.dll
0x00007ffaf0110000 - 0x00007ffaf017a000 	C:\WINDOWS\System32\bcryptPrimitives.dll
0x00007ffaf3730000 - 0x00007ffaf375e000 	C:\WINDOWS\System32\IMM32.DLL
0x0000000070550000 - 0x0000000070622000 	D:\android-studio\jre\jre\bin\msvcr100.dll
0x0000000070630000 - 0x0000000070e64000 	D:\android-studio\jre\jre\bin\server\jvm.dll
0x00007ffaf2b70000 - 0x00007ffaf2b78000 	C:\WINDOWS\System32\PSAPI.DLL
0x00007ffadb5e0000 - 0x00007ffadb5e9000 	C:\WINDOWS\SYSTEM32\WSOCK32.dll
0x00007ffaf3090000 - 0x00007ffaf30fa000 	C:\WINDOWS\System32\WS2_32.dll
0x00007ffaee550000 - 0x00007ffaee573000 	C:\WINDOWS\SYSTEM32\WINMM.dll
0x00007ffaeb6d0000 - 0x00007ffaeb6da000 	C:\WINDOWS\SYSTEM32\VERSION.dll
0x00007ffaee480000 - 0x00007ffaee4ab000 	C:\WINDOWS\SYSTEM32\WINMMBASE.dll
0x00007ffaf0b00000 - 0x00007ffaf0b42000 	C:\WINDOWS\System32\cfgmgr32.dll
0x00007ffaea0f0000 - 0x00007ffaea0ff000 	D:\android-studio\jre\jre\bin\verify.dll
0x00007ffae8740000 - 0x00007ffae8769000 	D:\android-studio\jre\jre\bin\java.dll
0x00007ffae88d0000 - 0x00007ffae88e6000 	D:\android-studio\jre\jre\bin\zip.dll
0x00007ffaf1280000 - 0x00007ffaf2788000 	C:\WINDOWS\System32\SHELL32.dll
0x00007ffaf0420000 - 0x00007ffaf0afa000 	C:\WINDOWS\System32\windows.storage.dll
0x00007ffaf00b0000 - 0x00007ffaf00fc000 	C:\WINDOWS\System32\powrprof.dll
0x00007ffaf3760000 - 0x00007ffaf37b2000 	C:\WINDOWS\System32\shlwapi.dll
0x00007ffaf0100000 - 0x00007ffaf010f000 	C:\WINDOWS\System32\kernel.appcore.dll
0x00007ffaf01a0000 - 0x00007ffaf0249000 	C:\WINDOWS\System32\shcore.dll
0x00007ffaf0080000 - 0x00007ffaf0094000 	C:\WINDOWS\System32\profapi.dll

VM Arguments:
jvm_args: -Djava.awt.headless=true -Xmx1024M -Dfile.encoding=windows-1252 -Duser.country=US -Duser.language=en -Duser.variant 
java_command: com.android.dx.command.Main --dex --num-threads=4 --output D:\Timeraaa3\Timeraaa2\Timeraaa\Timeraaaa\app\build\intermediates\pre-dexed\release\com.android.support-design-23.0.1_7ae656da0d68ab34267ada6941659287b46867eb.jar D:\Timeraaa3\Timeraaa2\Timeraaa\Timeraaaa\app\build\intermediates\exploded-aar\com.android.support\design\23.0.1\jars\classes.jar
java_class_path (initial): C:\Users\somai\AppData\Local\Android\Sdk\build-tools\24.0.1\lib\dx.jar
Launcher Type: SUN_STANDARD

Environment Variables:
PATH=C:\ProgramData\Oracle\Java\javapath;C:\WINDOWS\system32;C:\WINDOWS;C:\WINDOWS\System32\Wbem;C:\WINDOWS\System32\WindowsPowerShell\v1.0\;C:\Program Files (x86)\Common Files\lenovo\easyplussdk\bin;C:\Program Files (x86)\ATI Technologies\ATI.ACE\Core-Static;C:\Program Files\Git\cmd;C:\Program Files\AMI\DuOS\;C:\Users\somai\AppData\Local\Microsoft\WindowsApps;
USERNAME=somai
OS=Windows_NT
PROCESSOR_IDENTIFIER=AMD64 Family 21 Model 48 Stepping 1, AuthenticAMD



---------------  S Y S T E M  ---------------

OS: Windows 10.0 , 64 bit Build 14393 (10.0.14393.0)

CPU:total 4 (4 cores per cpu, 1 threads per core) family 21 model 48 stepping 1, cmov, cx8, fxsr, mmx, sse, sse2, sse3, ssse3, sse4.1, sse4.2, popcnt, avx, aes, clmul, mmxext, 3dnowpref, lzcnt, sse4a, tsc, tscinvbit, tscinv, bmi1

Memory: 4k page, physical 11480692k(2070380k free), swap 11480692k(3792k free)

vm_info: OpenJDK 64-Bit Server VM (25.76-b03) for windows-amd64 JRE (1.8.0_76-release-b03), built on Jun 29 2016 19:09:20 by "ralucas" with MS VC++ 10.0 (VS2010)

time: Mon Aug 22 19:18:05 2016
elapsed time: 0 seconds (0d 0h 0m 0s)

