#
# There is insufficient memory for the Java Runtime Environment to continue.
# Native memory allocation (malloc) failed to allocate 65552 bytes for Chunk::new
# Possible reasons:
#   The system is out of physical RAM or swap space
#   In 32 bit mode, the process size limit was hit
# Possible solutions:
#   Reduce memory load on the system
#   Increase physical memory or swap space
#   Check if swap backing store is full
#   Use 64 bit Java on a 64 bit OS
#   Decrease Java heap size (-Xmx/-Xms)
#   Decrease number of Java threads
#   Decrease Java thread stack sizes (-Xss)
#   Set larger code cache with -XX:ReservedCodeCacheSize=
# This output file may be truncated or incomplete.
#
#  Out of Memory Error (allocation.cpp:390), pid=134892, tid=0x000000000001f6dc
#
# JRE version: OpenJDK Runtime Environment (8.0_76-b03) (build 1.8.0_76-release-b03)
# Java VM: OpenJDK 64-Bit Server VM (25.76-b03 mixed mode windows-amd64 compressed oops)
# Failed to write core dump. Minidumps are not enabled by default on client versions of Windows
#

---------------  T H R E A D  ---------------

Current thread (0x000000001509c000):  JavaThread "C2 CompilerThread0" daemon [_thread_in_native, id=128732, stack(0x00000000165f0000,0x00000000166f0000)]

Stack: [0x00000000165f0000,0x00000000166f0000]
[error occurred during error reporting (printing stack bounds), id 0xc0000005]

Native frames: (J=compiled Java code, j=interpreted, Vv=VM code, C=native code)


Current CompileTask:
C2:   1877 1414   !   4       com.android.dx.cf.cst.ConstantPoolParser::parse0 (731 bytes)


---------------  P R O C E S S  ---------------

Java Threads: ( => current thread )
  0x0000000016c22000 JavaThread "pool-1-thread-4" [_thread_in_Java, id=135472, stack(0x00000000172f0000,0x00000000173f0000)]
  0x0000000016c21800 JavaThread "pool-1-thread-3" [_thread_in_Java, id=135732, stack(0x00000000171f0000,0x00000000172f0000)]
  0x0000000016c20800 JavaThread "pool-1-thread-2" [_thread_in_Java, id=135632, stack(0x00000000170f0000,0x00000000171f0000)]
  0x0000000016b4c800 JavaThread "pool-2-thread-1" [_thread_blocked, id=135720, stack(0x0000000016ff0000,0x00000000170f0000)]
  0x0000000016b31000 JavaThread "pool-1-thread-1" [_thread_in_Java, id=135676, stack(0x0000000016ef0000,0x0000000016ff0000)]
  0x00000000150fb800 JavaThread "Service Thread" daemon [_thread_blocked, id=135244, stack(0x0000000016cf0000,0x0000000016df0000)]
  0x00000000150f8000 JavaThread "C1 CompilerThread2" daemon [_thread_blocked, id=135256, stack(0x00000000167f0000,0x00000000168f0000)]
  0x000000001509f000 JavaThread "C2 CompilerThread1" daemon [_thread_in_native, id=135276, stack(0x00000000166f0000,0x00000000167f0000)]
=>0x000000001509c000 JavaThread "C2 CompilerThread0" daemon [_thread_in_native, id=128732, stack(0x00000000165f0000,0x00000000166f0000)]
  0x000000001509a000 JavaThread "Attach Listener" daemon [_thread_blocked, id=135368, stack(0x00000000164f0000,0x00000000165f0000)]
  0x0000000015099000 JavaThread "Signal Dispatcher" daemon [_thread_blocked, id=135344, stack(0x00000000163f0000,0x00000000164f0000)]
  0x00000000029ca800 JavaThread "Finalizer" daemon [_thread_blocked, id=135400, stack(0x00000000162f0000,0x00000000163f0000)]
  0x00000000029bf000 JavaThread "Reference Handler" daemon [_thread_blocked, id=134208, stack(0x00000000161f0000,0x00000000162f0000)]
  0x00000000028d0800 JavaThread "main" [_thread_in_Java, id=135408, stack(0x00000000027d0000,0x00000000028d0000)]

Other Threads:
  0x0000000015064800 VMThread [stack: 0x00000000160f0000,0x00000000161f0000] [id=127776]
  0x00000000150fe000 WatcherThread [stack: 0x0000000016df0000,0x0000000016ef0000] [id=135268]

VM state:not at safepoint (normal execution)

VM Mutex/Monitor currently owned by a thread: None

Heap:
 PSYoungGen      total 52736K, used 16570K [0x00000000eab00000, 0x00000000ee580000, 0x0000000100000000)
  eden space 45568K, 20% used [0x00000000eab00000,0x00000000eb4361d8,0x00000000ed780000)
  from space 7168K, 99% used [0x00000000ed780000,0x00000000ede788a0,0x00000000ede80000)
  to   space 7168K, 0% used [0x00000000ede80000,0x00000000ede80000,0x00000000ee580000)
 ParOldGen       total 120320K, used 92K [0x00000000c0000000, 0x00000000c7580000, 0x00000000eab00000)
  object space 120320K, 0% used [0x00000000c0000000,0x00000000c00171c8,0x00000000c7580000)
 Metaspace       used 6112K, capacity 7024K, committed 7296K, reserved 1056768K
  class space    used 574K, capacity 616K, committed 640K, reserved 1048576K

Card table byte_map: [0x0000000011d90000,0x0000000011fa0000] byte_map_base: 0x0000000011790000

Marking Bits: (ParMarkBitMap*) 0x0000000070de9d00
 Begin Bits: [0x0000000012500000, 0x0000000013500000)
 End Bits:   [0x0000000013500000, 0x0000000014500000)

Polling page: 0x0000000002600000

CodeCache: size=245760Kb used=5868Kb max_used=5868Kb free=239891Kb
 bounds [0x00000000029d0000, 0x0000000002f90000, 0x00000000119d0000]
 total_blobs=1739 nmethods=1471 adapters=182
 compilation: disabled (not enough contiguous free space left)

Compilation events (10 events):
Event: 1.870 Thread 0x00000000150f8000 1478   !   3       java.lang.Class::getEnumConstantsShared (73 bytes)
Event: 1.871 Thread 0x00000000150f8000 nmethod 1478 0x0000000002f8c110 code [0x0000000002f8c300, 0x0000000002f8cd28]
Event: 1.871 Thread 0x00000000150f8000 1482       3       com.android.dx.cf.code.Frame::initializeWithParameters (49 bytes)
Event: 1.871 Thread 0x00000000150f8000 nmethod 1482 0x0000000002f8d090 code [0x0000000002f8d240, 0x0000000002f8d968]
Event: 1.871 Thread 0x00000000150f8000 1479       3       java.util.EnumSet::<init> (15 bytes)
Event: 1.871 Thread 0x00000000150f8000 nmethod 1479 0x0000000002f8dc50 code [0x0000000002f8ddc0, 0x0000000002f8e050]
Event: 1.871 Thread 0x00000000150f8000 1480   !   3       com.android.dx.cf.code.Ropper::convert (52 bytes)
Event: 1.872 Thread 0x00000000150f8000 nmethod 1480 0x0000000002f8e190 code [0x0000000002f8e3c0, 0x0000000002f8ef48]
Event: 1.872 Thread 0x00000000150f8000 1486       3       java.util.TimSort::sort (229 bytes)
Event: 1.874 Thread 0x00000000150f8000 


GC Heap History (2 events):
Event: 1.721 GC heap before
{Heap before GC invocations=1 (full 0):
 PSYoungGen      total 52736K, used 45568K [0x00000000eab00000, 0x00000000ee580000, 0x0000000100000000)
  eden space 45568K, 100% used [0x00000000eab00000,0x00000000ed780000,0x00000000ed780000)
  from space 7168K, 0% used [0x00000000ede80000,0x00000000ede80000,0x00000000ee580000)
  to   space 7168K, 0% used [0x00000000ed780000,0x00000000ed780000,0x00000000ede80000)
 ParOldGen       total 120320K, used 0K [0x00000000c0000000, 0x00000000c7580000, 0x00000000eab00000)
  object space 120320K, 0% used [0x00000000c0000000,0x00000000c0000000,0x00000000c7580000)
 Metaspace       used 6023K, capacity 7024K, committed 7296K, reserved 1056768K
  class space    used 570K, capacity 616K, committed 640K, reserved 1048576K
Event: 1.748 GC heap after
Heap after GC invocations=1 (full 0):
 PSYoungGen      total 52736K, used 7138K [0x00000000eab00000, 0x00000000ee580000, 0x0000000100000000)
  eden space 45568K, 0% used [0x00000000eab00000,0x00000000eab00000,0x00000000ed780000)
  from space 7168K, 99% used [0x00000000ed780000,0x00000000ede788a0,0x00000000ede80000)
  to   space 7168K, 0% used [0x00000000ede80000,0x00000000ede80000,0x00000000ee580000)
 ParOldGen       total 120320K, used 92K [0x00000000c0000000, 0x00000000c7580000, 0x00000000eab00000)
  object space 120320K, 0% used [0x00000000c0000000,0x00000000c00171c8,0x00000000c7580000)
 Metaspace       used 6023K, capacity 7024K, committed 7296K, reserved 1056768K
  class space    used 570K, capacity 616K, committed 640K, reserved 1048576K
}

Deoptimization events (10 events):
Event: 1.105 Thread 0x0000000016c20800 Uncommon trap: reason=unstable_if action=reinterpret pc=0x0000000002bfc0b0 method=java.util.BitSet.nextSetBit(I)I @ 87
Event: 1.115 Thread 0x0000000016c20800 Uncommon trap: reason=unstable_if action=reinterpret pc=0x0000000002bfe97c method=java.util.HashMap.getNode(ILjava/lang/Object;)Ljava/util/HashMap$Node; @ 129
Event: 1.189 Thread 0x0000000016c22000 Uncommon trap: reason=class_check action=maybe_recompile pc=0x0000000002c2b26c method=com.android.dx.ssa.NormalSsaInsn.accept(Lcom/android/dx/ssa/SsaInsn$Visitor;)V @ 9
Event: 1.206 Thread 0x0000000016c22000 Uncommon trap: reason=class_check action=maybe_recompile pc=0x0000000002c2b26c method=com.android.dx.ssa.NormalSsaInsn.accept(Lcom/android/dx/ssa/SsaInsn$Visitor;)V @ 9
Event: 1.219 Thread 0x0000000016b31000 Uncommon trap: reason=class_check action=maybe_recompile pc=0x0000000002c2b26c method=com.android.dx.ssa.NormalSsaInsn.accept(Lcom/android/dx/ssa/SsaInsn$Visitor;)V @ 9
Event: 1.219 Thread 0x0000000016b31000 Uncommon trap: reason=class_check action=maybe_recompile pc=0x0000000002c2b26c method=com.android.dx.ssa.NormalSsaInsn.accept(Lcom/android/dx/ssa/SsaInsn$Visitor;)V @ 9
Event: 1.219 Thread 0x0000000016b31000 Uncommon trap: reason=class_check action=maybe_recompile pc=0x0000000002c242f0 method=com.android.dx.ssa.NormalSsaInsn.accept(Lcom/android/dx/ssa/SsaInsn$Visitor;)V @ 9
Event: 1.220 Thread 0x0000000016c22000 Uncommon trap: reason=unstable_if action=reinterpret pc=0x0000000002caeff8 method=com.android.dx.rop.code.LocalItem.hashCode()I @ 25
Event: 1.330 Thread 0x0000000016c22000 Uncommon trap: reason=unstable_if action=reinterpret pc=0x0000000002cadd1c method=com.android.dx.rop.cst.Constant.compareTo(Lcom/android/dx/rop/cst/Constant;)I @ 12
Event: 1.862 Thread 0x0000000016c21800 Uncommon trap: reason=unstable_if action=reinterpret pc=0x0000000002f3b280 method=com.android.dx.ssa.SCCP.simulateStmt(Lcom/android/dx/ssa/SsaInsn;)V @ 53

Internal exceptions (2 events):
Event: 0.174 Thread 0x00000000028d0800 Exception <a 'java/lang/NoSuchMethodError': Method sun.misc.Unsafe.defineClass(Ljava/lang/String;[BII)Ljava/lang/Class; name or signature does not match> (0x00000000eab07cc0) thrown at [C:\src\android\AOSP-openjdk\external\jetbrains\jdk\hotspot\src\share\v9œH½9Æ?
Event: 0.174 Thread 0x00000000028d0800 Exception <a 'java/lang/NoSuchMethodError': Method sun.misc.Unsafe.prefetchRead(Ljava/lang/Object;J)V name or signature does not match> (0x00000000eab07fa8) thrown at [C:\src\android\AOSP-openjdk\external\jetbrains\jdk\hotspot\src\share\vm\prims\jni.cpp, l

Events (10 events):
Event: 1.790 loading class com/android/dx/dex/file/UniformListItem done
Event: 1.790 loading class com/android/dx/dex/file/AnnotationSetRefItem
Event: 1.790 loading class com/android/dx/dex/file/AnnotationSetRefItem done
Event: 1.791 loading class com/android/dx/cf/attrib/AttExceptions
Event: 1.791 loading class com/android/dx/cf/attrib/AttExceptions done
Event: 1.805 Thread 0x0000000016c21800 DEOPT PACKING pc=0x0000000002ceb4bc sp=0x00000000172ee460
Event: 1.805 Thread 0x0000000016c21800 DEOPT UNPACKING pc=0x0000000002a171bf sp=0x00000000172ee228 mode 0
Event: 1.862 Thread 0x0000000016c21800 Uncommon trap: trap_request=0xffffff65 fr.pc=0x0000000002f3b280
Event: 1.862 Thread 0x0000000016c21800 DEOPT PACKING pc=0x0000000002f3b280 sp=0x00000000172ee500
Event: 1.862 Thread 0x0000000016c21800 DEOPT UNPACKING pc=0x0000000002a1556a sp=0x00000000172ee4d8 mode 2


Dynamic libraries:
0x00007ff7f37e0000 - 0x00007ff7f3811000 	D:\android-studio\jre\bin\java.exe
0x00007ffaf3b80000 - 0x00007ffaf3d51000 	C:\WINDOWS\SYSTEM32\ntdll.dll
0x00007ffaf2f70000 - 0x00007ffaf301b000 	C:\WINDOWS\System32\KERNEL32.DLL
0x00007ffaf0e40000 - 0x00007ffaf105d000 	C:\WINDOWS\System32\KERNELBASE.dll
0x00007ffaf2e50000 - 0x00007ffaf2ef2000 	C:\WINDOWS\System32\ADVAPI32.dll
0x00007ffaf2a30000 - 0x00007ffaf2ace000 	C:\WINDOWS\System32\msvcrt.dll
0x00007ffaf1220000 - 0x00007ffaf1279000 	C:\WINDOWS\System32\sechost.dll
0x00007ffaf3a50000 - 0x00007ffaf3b71000 	C:\WINDOWS\System32\RPCRT4.dll
0x00007ffaf38c0000 - 0x00007ffaf3a25000 	C:\WINDOWS\System32\USER32.dll
0x00007ffaf0180000 - 0x00007ffaf019e000 	C:\WINDOWS\System32\win32u.dll
0x00007ffaf3880000 - 0x00007ffaf38b4000 	C:\WINDOWS\System32\GDI32.dll
0x00007ffaf0b50000 - 0x00007ffaf0cd2000 	C:\WINDOWS\System32\gdi32full.dll
0x00007ffadeb00000 - 0x00007ffaded79000 	C:\WINDOWS\WinSxS\amd64_microsoft.windows.common-controls_6595b64144ccf1df_6.0.14393.0_none_2d0f50fcbdb171b8\COMCTL32.dll
0x00007ffaf2b80000 - 0x00007ffaf2e47000 	C:\WINDOWS\System32\combase.dll
0x00007ffaf0ce0000 - 0x00007ffaf0dd5000 	C:\WINDOWS\System32\ucrtbase.dll
0x00007ffaf0110000 - 0x00007ffaf017a000 	C:\WINDOWS\System32\bcryptPrimitives.dll
0x00007ffaf3730000 - 0x00007ffaf375e000 	C:\WINDOWS\System32\IMM32.DLL
0x0000000070550000 - 0x0000000070622000 	D:\android-studio\jre\jre\bin\msvcr100.dll
0x0000000070630000 - 0x0000000070e64000 	D:\android-studio\jre\jre\bin\server\jvm.dll
0x00007ffaf2b70000 - 0x00007ffaf2b78000 	C:\WINDOWS\System32\PSAPI.DLL
0x00007ffadb5e0000 - 0x00007ffadb5e9000 	C:\WINDOWS\SYSTEM32\WSOCK32.dll
0x00007ffaf3090000 - 0x00007ffaf30fa000 	C:\WINDOWS\System32\WS2_32.dll
0x00007ffaee550000 - 0x00007ffaee573000 	C:\WINDOWS\SYSTEM32\WINMM.dll
0x00007ffaeb6d0000 - 0x00007ffaeb6da000 	C:\WINDOWS\SYSTEM32\VERSION.dll
0x00007ffaee480000 - 0x00007ffaee4ab000 	C:\WINDOWS\SYSTEM32\WINMMBASE.dll
0x00007ffaf0b00000 - 0x00007ffaf0b42000 	C:\WINDOWS\System32\cfgmgr32.dll
0x00007ffaea0f0000 - 0x00007ffaea0ff000 	D:\android-studio\jre\jre\bin\verify.dll
0x00007ffae8740000 - 0x00007ffae8769000 	D:\android-studio\jre\jre\bin\java.dll
0x00007ffae88d0000 - 0x00007ffae88e6000 	D:\android-studio\jre\jre\bin\zip.dll
0x00007ffaf1280000 - 0x00007ffaf2788000 	C:\WINDOWS\System32\SHELL32.dll
0x00007ffaf0420000 - 0x00007ffaf0afa000 	C:\WINDOWS\System32\windows.storage.dll
0x00007ffaf00b0000 - 0x00007ffaf00fc000 	C:\WINDOWS\System32\powrprof.dll
0x00007ffaf3760000 - 0x00007ffaf37b2000 	C:\WINDOWS\System32\shlwapi.dll
0x00007ffaf0100000 - 0x00007ffaf010f000 	C:\WINDOWS\System32\kernel.appcore.dll
0x00007ffaf01a0000 - 0x00007ffaf0249000 	C:\WINDOWS\System32\shcore.dll
0x00007ffaf0080000 - 0x00007ffaf0094000 	C:\WINDOWS\System32\profapi.dll

VM Arguments:
jvm_args: -Djava.awt.headless=true -Xmx1024M -Dfile.encoding=windows-1252 -Duser.country=US -Duser.language=en -Duser.variant 
java_command: com.android.dx.command.Main --dex --num-threads=4 --output D:\Timeraaa3\Timeraaa2\Timeraaa\Timeraaaa\app\build\intermediates\pre-dexed\release\internal_impl-23.0.1_27218bce83afc97e7a0a5cff5e8f717f9b427edd.jar D:\Timeraaa3\Timeraaa2\Timeraaa\Timeraaaa\app\build\intermediates\exploded-aar\com.android.support\support-v4\23.0.1\jars\libs\internal_impl-23.0.1.jar
java_class_path (initial): C:\Users\somai\AppData\Local\Android\Sdk\build-tools\24.0.1\lib\dx.jar
Launcher Type: SUN_STANDARD

Environment Variables:
PATH=C:\ProgramData\Oracle\Java\javapath;C:\WINDOWS\system32;C:\WINDOWS;C:\WINDOWS\System32\Wbem;C:\WINDOWS\System32\WindowsPowerShell\v1.0\;C:\Program Files (x86)\Common Files\lenovo\easyplussdk\bin;C:\Program Files (x86)\ATI Technologies\ATI.ACE\Core-Static;C:\Program Files\Git\cmd;C:\Program Files\AMI\DuOS\;C:\Users\somai\AppData\Local\Microsoft\WindowsApps;
USERNAME=somai
OS=Windows_NT
PROCESSOR_IDENTIFIER=AMD64 Family 21 Model 48 Stepping 1, AuthenticAMD



---------------  S Y S T E M  ---------------

OS: Windows 10.0 , 64 bit Build 14393 (10.0.14393.0)

CPU:total 4 (4 cores per cpu, 1 threads per core) family 21 model 48 stepping 1, cmov, cx8, fxsr, mmx, sse, sse2, sse3, ssse3, sse4.1, sse4.2, popcnt, avx, aes, clmul, mmxext, 3dnowpref, lzcnt, sse4a, tsc, tscinvbit, tscinv, bmi1

Memory: 4k page, physical 11480692k(2034104k free), swap 11480692k(4288k free)

vm_info: OpenJDK 64-Bit Server VM (25.76-b03) for windows-amd64 JRE (1.8.0_76-release-b03), built on Jun 29 2016 19:09:20 by "ralucas" with MS VC++ 10.0 (VS2010)

time: Mon Aug 22 19:18:05 2016
elapsed time: 1 seconds (0d 0h 0m 1s)

