#
# There is insufficient memory for the Java Runtime Environment to continue.
# Native memory allocation (malloc) failed to allocate 715808 bytes for Chunk::new
# Possible reasons:
#   The system is out of physical RAM or swap space
#   In 32 bit mode, the process size limit was hit
# Possible solutions:
#   Reduce memory load on the system
#   Increase physical memory or swap space
#   Check if swap backing store is full
#   Use 64 bit Java on a 64 bit OS
#   Decrease Java heap size (-Xmx/-Xms)
#   Decrease number of Java threads
#   Decrease Java thread stack sizes (-Xss)
#   Set larger code cache with -XX:ReservedCodeCacheSize=
# This output file may be truncated or incomplete.
#
#  Out of Memory Error (allocation.cpp:390), pid=128260, tid=0x0000000000002070
#
# JRE version: OpenJDK Runtime Environment (8.0_76-b03) (build 1.8.0_76-release-b03)
# Java VM: OpenJDK 64-Bit Server VM (25.76-b03 mixed mode windows-amd64 compressed oops)
# Failed to write core dump. Minidumps are not enabled by default on client versions of Windows
#

---------------  T H R E A D  ---------------

Current thread (0x000000001560e000):  JavaThread "C2 CompilerThread1" daemon [_thread_in_native, id=8304, stack(0x0000000016d60000,0x0000000016e60000)]

Stack: [0x0000000016d60000,0x0000000016e60000]
[error occurred during error reporting (printing stack bounds), id 0xc0000005]

Native frames: (J=compiled Java code, j=interpreted, Vv=VM code, C=native code)


Current CompileTask:
C2:   8027 1875   !   4       com.android.dx.cf.code.BytecodeArray::parseInstruction (2764 bytes)


---------------  P R O C E S S  ---------------

Java Threads: ( => current thread )
  0x00000000171d1000 JavaThread "pool-1-thread-4" [_thread_in_vm, id=2504, stack(0x0000000017960000,0x0000000017a60000)]
  0x00000000171d0000 JavaThread "pool-1-thread-3" [_thread_blocked, id=4668, stack(0x0000000017860000,0x0000000017960000)]
  0x00000000171ce800 JavaThread "pool-1-thread-2" [_thread_blocked, id=134644, stack(0x0000000017760000,0x0000000017860000)]
  0x00000000171c9800 JavaThread "pool-2-thread-1" [_thread_blocked, id=128508, stack(0x0000000017660000,0x0000000017760000)]
  0x00000000171c2000 JavaThread "pool-1-thread-1" [_thread_in_Java, id=1680, stack(0x0000000017560000,0x0000000017660000)]
  0x000000001566e000 JavaThread "Service Thread" daemon [_thread_blocked, id=128068, stack(0x0000000017360000,0x0000000017460000)]
  0x0000000015667000 JavaThread "C1 CompilerThread2" daemon [_thread_blocked, id=8848, stack(0x0000000016e60000,0x0000000016f60000)]
=>0x000000001560e000 JavaThread "C2 CompilerThread1" daemon [_thread_in_native, id=8304, stack(0x0000000016d60000,0x0000000016e60000)]
  0x000000001560a800 JavaThread "C2 CompilerThread0" daemon [_thread_in_native, id=76, stack(0x0000000016c60000,0x0000000016d60000)]
  0x0000000015609000 JavaThread "Attach Listener" daemon [_thread_blocked, id=9260, stack(0x0000000016b60000,0x0000000016c60000)]
  0x0000000015607800 JavaThread "Signal Dispatcher" daemon [_thread_blocked, id=123948, stack(0x0000000016a60000,0x0000000016b60000)]
  0x00000000155f8000 JavaThread "Finalizer" daemon [_thread_blocked, id=130668, stack(0x0000000016870000,0x0000000016970000)]
  0x00000000155d7000 JavaThread "Reference Handler" daemon [_thread_blocked, id=3592, stack(0x0000000016770000,0x0000000016870000)]
  0x0000000002e40800 JavaThread "main" [_thread_in_Java, id=67648, stack(0x0000000002d40000,0x0000000002e40000)]

Other Threads:
  0x00000000155d4800 VMThread [stack: 0x0000000016670000,0x0000000016770000] [id=106980]
  0x0000000016f63800 WatcherThread [stack: 0x0000000017460000,0x0000000017560000] [id=132916]

VM state:not at safepoint (normal execution)

VM Mutex/Monitor currently owned by a thread:  ([mutex/lock_event])
[0x0000000002cac850] MethodCompileQueue_lock - owner thread: 0x00000000171d1000

Heap:
 PSYoungGen      total 98304K, used 36788K [0x00000000eab00000, 0x00000000f1200000, 0x0000000100000000)
  eden space 91136K, 32% used [0x00000000eab00000,0x00000000ec7ed0a0,0x00000000f0400000)
  from space 7168K, 100% used [0x00000000f0400000,0x00000000f0b00000,0x00000000f0b00000)
  to   space 7168K, 0% used [0x00000000f0b00000,0x00000000f0b00000,0x00000000f1200000)
 ParOldGen       total 120320K, used 18548K [0x00000000c0000000, 0x00000000c7580000, 0x00000000eab00000)
  object space 120320K, 15% used [0x00000000c0000000,0x00000000c121d1a8,0x00000000c7580000)
 Metaspace       used 6293K, capacity 7088K, committed 7296K, reserved 1056768K
  class space    used 589K, capacity 616K, committed 640K, reserved 1048576K

Card table byte_map: [0x0000000012300000,0x0000000012510000] byte_map_base: 0x0000000011d00000

Marking Bits: (ParMarkBitMap*) 0x0000000070de9d00
 Begin Bits: [0x0000000012a70000, 0x0000000013a70000)
 End Bits:   [0x0000000013a70000, 0x0000000014a70000)

Polling page: 0x0000000001450000

CodeCache: size=245760Kb used=8568Kb max_used=8568Kb free=237191Kb
 bounds [0x0000000002f40000, 0x00000000037b0000, 0x0000000011f40000]
 total_blobs=2125 nmethods=1857 adapters=182
 compilation: enabled

Compilation events (10 events):
Event: 7.924 Thread 0x0000000015667000 1913       2       java.util.Date::normalize (269 bytes)
Event: 7.926 Thread 0x0000000015667000 nmethod 1913 0x00000000037a0810 code [0x00000000037a0b00, 0x00000000037a1d08]
Event: 7.926 Thread 0x0000000015667000 1914       2       java.util.Date::getCalendarSystem (25 bytes)
Event: 7.926 Thread 0x0000000015667000 nmethod 1914 0x00000000037a2a10 code [0x00000000037a2b60, 0x00000000037a2cf0]
Event: 7.926 Thread 0x0000000015667000 1915       2       sun.util.calendar.AbstractCalendar::getTime (174 bytes)
Event: 7.927 Thread 0x0000000015667000 nmethod 1915 0x00000000037a2d90 code [0x00000000037a2f80, 0x00000000037a3568]
Event: 7.927 Thread 0x0000000015667000 1916       2       com.android.dx.dex.cf.OptimizerOptions::loadOptimizeLists (52 bytes)
Event: 7.927 Thread 0x0000000015667000 nmethod 1916 0x00000000037a3950 code [0x00000000037a3ae0, 0x00000000037a3d88]
Event: 7.928 Thread 0x0000000015667000 1917       2       com.android.dx.rop.cst.CstArray$List::<init> (6 bytes)
Event: 7.928 Thread 0x0000000015667000 nmethod 1917 0x00000000037a3e90 code [0x00000000037a4000, 0x00000000037a4168]

GC Heap History (6 events):
Event: 2.794 GC heap before
{Heap before GC invocations=1 (full 0):
 PSYoungGen      total 52736K, used 45568K [0x00000000eab00000, 0x00000000ee580000, 0x0000000100000000)
  eden space 45568K, 100% used [0x00000000eab00000,0x00000000ed780000,0x00000000ed780000)
  from space 7168K, 0% used [0x00000000ede80000,0x00000000ede80000,0x00000000ee580000)
  to   space 7168K, 0% used [0x00000000ed780000,0x00000000ed780000,0x00000000ede80000)
 ParOldGen       total 120320K, used 0K [0x00000000c0000000, 0x00000000c7580000, 0x00000000eab00000)
  object space 120320K, 0% used [0x00000000c0000000,0x00000000c0000000,0x00000000c7580000)
 Metaspace       used 6037K, capacity 7024K, committed 7296K, reserved 1056768K
  class space    used 570K, capacity 616K, committed 640K, reserved 1048576K
Event: 2.902 GC heap after
Heap after GC invocations=1 (full 0):
 PSYoungGen      total 52736K, used 7159K [0x00000000eab00000, 0x00000000f1200000, 0x0000000100000000)
  eden space 45568K, 0% used [0x00000000eab00000,0x00000000eab00000,0x00000000ed780000)
  from space 7168K, 99% used [0x00000000ed780000,0x00000000ede7de98,0x00000000ede80000)
  to   space 7168K, 0% used [0x00000000f0b00000,0x00000000f0b00000,0x00000000f1200000)
 ParOldGen       total 120320K, used 399K [0x00000000c0000000, 0x00000000c7580000, 0x00000000eab00000)
  object space 120320K, 0% used [0x00000000c0000000,0x00000000c0063f00,0x00000000c7580000)
 Metaspace       used 6037K, capacity 7024K, committed 7296K, reserved 1056768K
  class space    used 570K, capacity 616K, committed 640K, reserved 1048576K
}
Event: 4.704 GC heap before
{Heap before GC invocations=2 (full 0):
 PSYoungGen      total 52736K, used 52727K [0x00000000eab00000, 0x00000000f1200000, 0x0000000100000000)
  eden space 45568K, 100% used [0x00000000eab00000,0x00000000ed780000,0x00000000ed780000)
  from space 7168K, 99% used [0x00000000ed780000,0x00000000ede7de98,0x00000000ede80000)
  to   space 7168K, 0% used [0x00000000f0b00000,0x00000000f0b00000,0x00000000f1200000)
 ParOldGen       total 120320K, used 399K [0x00000000c0000000, 0x00000000c7580000, 0x00000000eab00000)
  object space 120320K, 0% used [0x00000000c0000000,0x00000000c0063f00,0x00000000c7580000)
 Metaspace       used 6107K, capacity 7088K, committed 7296K, reserved 1056768K
  class space    used 571K, capacity 616K, committed 640K, reserved 1048576K
Event: 4.968 GC heap after
Heap after GC invocations=2 (full 0):
 PSYoungGen      total 98304K, used 7159K [0x00000000eab00000, 0x00000000f1200000, 0x0000000100000000)
  eden space 91136K, 0% used [0x00000000eab00000,0x00000000eab00000,0x00000000f0400000)
  from space 7168K, 99% used [0x00000000f0b00000,0x00000000f11fdc88,0x00000000f1200000)
  to   space 7168K, 0% used [0x00000000f0400000,0x00000000f0400000,0x00000000f0b00000)
 ParOldGen       total 120320K, used 5016K [0x00000000c0000000, 0x00000000c7580000, 0x00000000eab00000)
  object space 120320K, 4% used [0x00000000c0000000,0x00000000c04e6020,0x00000000c7580000)
 Metaspace       used 6107K, capacity 7088K, committed 7296K, reserved 1056768K
  class space    used 571K, capacity 616K, committed 640K, reserved 1048576K
}
Event: 7.043 GC heap before
{Heap before GC invocations=3 (full 0):
 PSYoungGen      total 98304K, used 98295K [0x00000000eab00000, 0x00000000f1200000, 0x0000000100000000)
  eden space 91136K, 100% used [0x00000000eab00000,0x00000000f0400000,0x00000000f0400000)
  from space 7168K, 99% used [0x00000000f0b00000,0x00000000f11fdc88,0x00000000f1200000)
  to   space 7168K, 0% used [0x00000000f0400000,0x00000000f0400000,0x00000000f0b00000)
 ParOldGen       total 120320K, used 5016K [0x00000000c0000000, 0x00000000c7580000, 0x00000000eab00000)
  object space 120320K, 4% used [0x00000000c0000000,0x00000000c04e6020,0x00000000c7580000)
 Metaspace       used 6168K, capacity 7088K, committed 7296K, reserved 1056768K
  class space    used 571K, capacity 616K, committed 640K, reserved 1048576K
Event: 7.355 GC heap after
Heap after GC invocations=3 (full 0):
 PSYoungGen      total 98304K, used 7168K [0x00000000eab00000, 0x00000000f1200000, 0x0000000100000000)
  eden space 91136K, 0% used [0x00000000eab00000,0x00000000eab00000,0x00000000f0400000)
  from space 7168K, 100% used [0x00000000f0400000,0x00000000f0b00000,0x00000000f0b00000)
  to   space 7168K, 0% used [0x00000000f0b00000,0x00000000f0b00000,0x00000000f1200000)
 ParOldGen       total 120320K, used 18548K [0x00000000c0000000, 0x00000000c7580000, 0x00000000eab00000)
  object space 120320K, 15% used [0x00000000c0000000,0x00000000c121d1a8,0x00000000c7580000)
 Metaspace       used 6168K, capacity 7088K, committed 7296K, reserved 1056768K
  class space    used 571K, capacity 616K, committed 640K, reserved 1048576K
}

Deoptimization events (10 events):
Event: 6.350 Thread 0x00000000171ce800 Uncommon trap: reason=unstable_if action=reinterpret pc=0x00000000033a7694 method=com.android.dx.ssa.SsaRenamer$BlockRenamer.addMapping(ILcom/android/dx/rop/code/RegisterSpec;)V @ 120
Event: 6.399 Thread 0x0000000002e40800 Uncommon trap: reason=unstable_if action=reinterpret pc=0x000000000367d598 method=com.android.dx.cf.code.BaseMachine.popArgs(Lcom/android/dx/cf/code/Frame;I)V @ 15
Event: 7.374 Thread 0x00000000171ce800 Uncommon trap: reason=bimorphic action=maybe_recompile pc=0x0000000003248138 method=java.util.HashMap.getNode(ILjava/lang/Object;)Ljava/util/HashMap$Node; @ 126
Event: 7.374 Thread 0x00000000171ce800 Uncommon trap: reason=class_check action=maybe_recompile pc=0x000000000333373c method=java.util.HashMap.putVal(ILjava/lang/Object;Ljava/lang/Object;ZZ)Ljava/lang/Object; @ 203
Event: 7.374 Thread 0x00000000171ce800 Uncommon trap: reason=class_check action=maybe_recompile pc=0x000000000333373c method=java.util.HashMap.putVal(ILjava/lang/Object;Ljava/lang/Object;ZZ)Ljava/lang/Object; @ 203
Event: 7.411 Thread 0x00000000171d0000 Uncommon trap: reason=bimorphic action=maybe_recompile pc=0x0000000003172490 method=java.util.HashMap.getNode(ILjava/lang/Object;)Ljava/util/HashMap$Node; @ 126
Event: 7.604 Thread 0x00000000171c2000 Uncommon trap: reason=bimorphic action=maybe_recompile pc=0x000000000374b0a4 method=com.android.dx.cf.code.BytecodeArray.parseInstruction(ILcom/android/dx/cf/code/BytecodeArray$Visitor;)I @ 2281
Event: 7.604 Thread 0x00000000171c2000 Uncommon trap: reason=bimorphic action=maybe_recompile pc=0x000000000374b0a4 method=com.android.dx.cf.code.BytecodeArray.parseInstruction(ILcom/android/dx/cf/code/BytecodeArray$Visitor;)I @ 2281
Event: 7.885 Thread 0x00000000171d1000 Uncommon trap: reason=unstable_if action=reinterpret pc=0x00000000032c530c method=java.util.HashMap.putVal(ILjava/lang/Object;Ljava/lang/Object;ZZ)Ljava/lang/Object; @ 162
Event: 7.909 Thread 0x00000000171d1000 Uncommon trap: reason=unstable_if action=reinterpret pc=0x00000000036586f4 method=com.android.dx.cf.code.Merger.mergeType(Lcom/android/dx/rop/type/TypeBearer;Lcom/android/dx/rop/type/TypeBearer;)Lcom/android/dx/rop/type/TypeBearer; @ 52

Internal exceptions (5 events):
Event: 0.061 Thread 0x0000000002e40800 Exception <a 'java/lang/NoSuchMethodError': Method sun.misc.Unsafe.defineClass(Ljava/lang/String;[BII)Ljava/lang/Class; name or signature does not match> (0x00000000eab07cc0) thrown at [C:\src\android\AOSP-openjdk\external\jetbrains\jdk\hotspot\src\share\v™yŒû÷{¯?
Event: 0.061 Thread 0x0000000002e40800 Exception <a 'java/lang/NoSuchMethodError': Method sun.misc.Unsafe.prefetchRead(Ljava/lang/Object;J)V name or signature does not match> (0x00000000eab07fa8) thrown at [C:\src\android\AOSP-openjdk\external\jetbrains\jdk\hotspot\src\share\vm\prims\jni.cpp, l:1SO‘@
Event: 7.892 Thread 0x00000000171d1000 Exception <a 'java/lang/ArrayIndexOutOfBoundsException': 18> (0x00000000ec176e70) thrown at [C:\src\android\AOSP-openjdk\external\jetbrains\jdk\hotspot\src\share\vm\interpreter\interpreterRuntime.cpp, line 366]
Event: 7.893 Thread 0x00000000171d1000 Exception <a 'java/lang/ArrayIndexOutOfBoundsException'> (0x00000000ec1789f0) thrown at [C:\src\android\AOSP-openjdk\external\jetbrains\jdk\hotspot\src\share\vm\runtime\sharedRuntime.cpp, line 605]
Event: 7.894 Thread 0x00000000171d1000 Exception <a 'java/lang/ArrayIndexOutOfBoundsException'> (0x00000000ec179cd8) thrown at [C:\src\android\AOSP-openjdk\external\jetbrains\jdk\hotspot\src\share\vm\runtime\sharedRuntime.cpp, line 605]

Events (10 events):
Event: 7.894 loading class java/lang/reflect/TypeVariable done
Event: 7.894 loading class sun/reflect/generics/reflectiveObjects/TypeVariableImpl
Event: 7.894 loading class sun/reflect/generics/reflectiveObjects/LazyReflectiveObjectGenerator
Event: 7.894 loading class sun/reflect/generics/reflectiveObjects/LazyReflectiveObjectGenerator done
Event: 7.894 loading class sun/reflect/generics/reflectiveObjects/TypeVariableImpl done
Event: 7.906 Thread 0x00000000171d1000 DEOPT PACKING pc=0x00000000032ba183 sp=0x0000000017a5e890
Event: 7.906 Thread 0x00000000171d1000 DEOPT UNPACKING pc=0x0000000002f871bf sp=0x0000000017a5e610 mode 0
Event: 7.909 Thread 0x00000000171d1000 Uncommon trap: trap_request=0xffffff65 fr.pc=0x00000000036586f4
Event: 7.909 Thread 0x00000000171d1000 DEOPT PACKING pc=0x00000000036586f4 sp=0x0000000017a5e450
Event: 7.909 Thread 0x00000000171d1000 DEOPT UNPACKING pc=0x0000000002f8556a sp=0x0000000017a5e3e0 mode 2


Dynamic libraries:
0x00007ff68f2c0000 - 0x00007ff68f2f1000 	D:\android-studio\jre\bin\java.exe
0x00007ffaf3b80000 - 0x00007ffaf3d51000 	C:\WINDOWS\SYSTEM32\ntdll.dll
0x00007ffaf2f70000 - 0x00007ffaf301b000 	C:\WINDOWS\System32\KERNEL32.DLL
0x00007ffaf0e40000 - 0x00007ffaf105d000 	C:\WINDOWS\System32\KERNELBASE.dll
0x00007ffaf2e50000 - 0x00007ffaf2ef2000 	C:\WINDOWS\System32\ADVAPI32.dll
0x00007ffaf2a30000 - 0x00007ffaf2ace000 	C:\WINDOWS\System32\msvcrt.dll
0x00007ffaf1220000 - 0x00007ffaf1279000 	C:\WINDOWS\System32\sechost.dll
0x00007ffaf3a50000 - 0x00007ffaf3b71000 	C:\WINDOWS\System32\RPCRT4.dll
0x00007ffaf38c0000 - 0x00007ffaf3a25000 	C:\WINDOWS\System32\USER32.dll
0x00007ffaf0180000 - 0x00007ffaf019e000 	C:\WINDOWS\System32\win32u.dll
0x00007ffaf3880000 - 0x00007ffaf38b4000 	C:\WINDOWS\System32\GDI32.dll
0x00007ffaf0b50000 - 0x00007ffaf0cd2000 	C:\WINDOWS\System32\gdi32full.dll
0x00007ffadeb00000 - 0x00007ffaded79000 	C:\WINDOWS\WinSxS\amd64_microsoft.windows.common-controls_6595b64144ccf1df_6.0.14393.0_none_2d0f50fcbdb171b8\COMCTL32.dll
0x00007ffaf2b80000 - 0x00007ffaf2e47000 	C:\WINDOWS\System32\combase.dll
0x00007ffaf0ce0000 - 0x00007ffaf0dd5000 	C:\WINDOWS\System32\ucrtbase.dll
0x00007ffaf0110000 - 0x00007ffaf017a000 	C:\WINDOWS\System32\bcryptPrimitives.dll
0x00007ffaf3730000 - 0x00007ffaf375e000 	C:\WINDOWS\System32\IMM32.DLL
0x0000000070550000 - 0x0000000070622000 	D:\android-studio\jre\jre\bin\msvcr100.dll
0x0000000070630000 - 0x0000000070e64000 	D:\android-studio\jre\jre\bin\server\jvm.dll
0x00007ffaf2b70000 - 0x00007ffaf2b78000 	C:\WINDOWS\System32\PSAPI.DLL
0x00007ffadb5e0000 - 0x00007ffadb5e9000 	C:\WINDOWS\SYSTEM32\WSOCK32.dll
0x00007ffaf3090000 - 0x00007ffaf30fa000 	C:\WINDOWS\System32\WS2_32.dll
0x00007ffaee550000 - 0x00007ffaee573000 	C:\WINDOWS\SYSTEM32\WINMM.dll
0x00007ffaeb6d0000 - 0x00007ffaeb6da000 	C:\WINDOWS\SYSTEM32\VERSION.dll
0x00007ffaee480000 - 0x00007ffaee4ab000 	C:\WINDOWS\SYSTEM32\WINMMBASE.dll
0x00007ffaf0b00000 - 0x00007ffaf0b42000 	C:\WINDOWS\System32\cfgmgr32.dll
0x00007ffaecb20000 - 0x00007ffaecb2f000 	D:\android-studio\jre\jre\bin\verify.dll
0x00007ffad9db0000 - 0x00007ffad9dd9000 	D:\android-studio\jre\jre\bin\java.dll
0x00007ffadc820000 - 0x00007ffadc836000 	D:\android-studio\jre\jre\bin\zip.dll
0x00007ffaf1280000 - 0x00007ffaf2788000 	C:\WINDOWS\System32\SHELL32.dll
0x00007ffaf0420000 - 0x00007ffaf0afa000 	C:\WINDOWS\System32\windows.storage.dll
0x00007ffaf00b0000 - 0x00007ffaf00fc000 	C:\WINDOWS\System32\powrprof.dll
0x00007ffaf3760000 - 0x00007ffaf37b2000 	C:\WINDOWS\System32\shlwapi.dll
0x00007ffaf0100000 - 0x00007ffaf010f000 	C:\WINDOWS\System32\kernel.appcore.dll
0x00007ffaf01a0000 - 0x00007ffaf0249000 	C:\WINDOWS\System32\shcore.dll
0x00007ffaf0080000 - 0x00007ffaf0094000 	C:\WINDOWS\System32\profapi.dll

VM Arguments:
jvm_args: -Djava.awt.headless=true -Xmx1024M -Dfile.encoding=windows-1252 -Duser.country=US -Duser.language=en -Duser.variant 
java_command: com.android.dx.command.Main --dex --num-threads=4 --output D:\Timeraaa3\Timeraaa2\Timeraaa\Timeraaaa\app\build\intermediates\pre-dexed\release\com.google.android.gms-play-services-analytics-8.1.0_bbdff907cff40a200e7ab246e0ff8820040380c7.jar D:\Timeraaa3\Timeraaa2\Timeraaa\Timeraaaa\app\build\intermediates\exploded-aar\com.google.android.gms\play-services-analytics\8.1.0\jars\classes.jar
java_class_path (initial): C:\Users\somai\AppData\Local\Android\Sdk\build-tools\24.0.1\lib\dx.jar
Launcher Type: SUN_STANDARD

Environment Variables:
PATH=C:\ProgramData\Oracle\Java\javapath;C:\WINDOWS\system32;C:\WINDOWS;C:\WINDOWS\System32\Wbem;C:\WINDOWS\System32\WindowsPowerShell\v1.0\;C:\Program Files (x86)\Common Files\lenovo\easyplussdk\bin;C:\Program Files (x86)\ATI Technologies\ATI.ACE\Core-Static;C:\Program Files\Git\cmd;C:\Program Files\AMI\DuOS\;C:\Users\somai\AppData\Local\Microsoft\WindowsApps;
USERNAME=somai
OS=Windows_NT
PROCESSOR_IDENTIFIER=AMD64 Family 21 Model 48 Stepping 1, AuthenticAMD



---------------  S Y S T E M  ---------------

OS: Windows 10.0 , 64 bit Build 14393 (10.0.14393.0)

CPU:total 4 (4 cores per cpu, 1 threads per core) family 21 model 48 stepping 1, cmov, cx8, fxsr, mmx, sse, sse2, sse3, ssse3, sse4.1, sse4.2, popcnt, avx, aes, clmul, mmxext, 3dnowpref, lzcnt, sse4a, tsc, tscinvbit, tscinv, bmi1

Memory: 4k page, physical 11480692k(2346444k free), swap 11480692k(5628k free)

vm_info: OpenJDK 64-Bit Server VM (25.76-b03) for windows-amd64 JRE (1.8.0_76-release-b03), built on Jun 29 2016 19:09:20 by "ralucas" with MS VC++ 10.0 (VS2010)

time: Sun Aug 21 15:25:06 2016
elapsed time: 8 seconds (0d 0h 0m 8s)

